[1.319s] Invoking command in '/home/shiva/ros2_playground/workspace2/src/python_pkgs': PYTHONPATH=/home/shiva/ros2_playground/workspace2/build/python_pkgs/prefix_override:/usr/lib/python3/dist-packages/colcon_core/task/python/colcon_distutils_commands:/home/shiva/ros2_playground/workspace2/install/python_pkgs/lib/python3.10/site-packages:${PYTHONPATH} /usr/bin/python3 -W ignore:setup.py install is deprecated setup.py egg_info --egg-base ../../build/python_pkgs build --build-base /home/shiva/ros2_playground/workspace2/build/python_pkgs/build install --record /home/shiva/ros2_playground/workspace2/build/python_pkgs/install.log --single-version-externally-managed install_data
[1.628s] running egg_info
[1.629s] writing ../../build/python_pkgs/python_pkgs.egg-info/PKG-INFO
[1.630s] writing dependency_links to ../../build/python_pkgs/python_pkgs.egg-info/dependency_links.txt
[1.630s] writing entry points to ../../build/python_pkgs/python_pkgs.egg-info/entry_points.txt
[1.640s] writing requirements to ../../build/python_pkgs/python_pkgs.egg-info/requires.txt
[1.640s] writing top-level names to ../../build/python_pkgs/python_pkgs.egg-info/top_level.txt
[1.641s] reading manifest file '../../build/python_pkgs/python_pkgs.egg-info/SOURCES.txt'
[1.642s] writing manifest file '../../build/python_pkgs/python_pkgs.egg-info/SOURCES.txt'
[1.643s] running build
[1.643s] running build_py
[1.644s] running install
[1.644s] running install_lib
[1.645s] running install_data
[1.645s] running install_egg_info
[1.648s] removing '/home/shiva/ros2_playground/workspace2/install/python_pkgs/lib/python3.10/site-packages/python_pkgs-0.0.0-py3.10.egg-info' (and everything under it)
[1.651s] Copying ../../build/python_pkgs/python_pkgs.egg-info to /home/shiva/ros2_playground/workspace2/install/python_pkgs/lib/python3.10/site-packages/python_pkgs-0.0.0-py3.10.egg-info
[1.652s] running install_scripts
[1.671s] Installing drone_image script to /home/shiva/ros2_playground/workspace2/install/python_pkgs/lib/python_pkgs
[1.672s] writing list of installed files to '/home/shiva/ros2_playground/workspace2/build/python_pkgs/install.log'
[1.697s] Invoked command in '/home/shiva/ros2_playground/workspace2/src/python_pkgs' returned '0': PYTHONPATH=/home/shiva/ros2_playground/workspace2/build/python_pkgs/prefix_override:/usr/lib/python3/dist-packages/colcon_core/task/python/colcon_distutils_commands:/home/shiva/ros2_playground/workspace2/install/python_pkgs/lib/python3.10/site-packages:${PYTHONPATH} /usr/bin/python3 -W ignore:setup.py install is deprecated setup.py egg_info --egg-base ../../build/python_pkgs build --build-base /home/shiva/ros2_playground/workspace2/build/python_pkgs/build install --record /home/shiva/ros2_playground/workspace2/build/python_pkgs/install.log --single-version-externally-managed install_data
