[0.210s] Invoking command in '/home/shiva/ros2_playground/workspace2/build/descriptions_package': CMAKE_PREFIX_PATH=/opt/ros/humble /usr/bin/cmake --build /home/shiva/ros2_playground/workspace2/build/descriptions_package -- -j8 -l8
[0.776s] Invoked command in '/home/shiva/ros2_playground/workspace2/build/descriptions_package' returned '0': CMAKE_PREFIX_PATH=/opt/ros/humble /usr/bin/cmake --build /home/shiva/ros2_playground/workspace2/build/descriptions_package -- -j8 -l8
[0.937s] Invoking command in '/home/shiva/ros2_playground/workspace2/build/descriptions_package': CMAKE_PREFIX_PATH=/opt/ros/humble /usr/bin/cmake --install /home/shiva/ros2_playground/workspace2/build/descriptions_package
[0.976s] -- Install configuration: ""
[0.976s] -- Up-to-date: /home/shiva/ros2_playground/workspace2/install/descriptions_package/share/descriptions_package/meshes
[0.976s] -- Installing: /home/shiva/ros2_playground/workspace2/install/descriptions_package/share/descriptions_package/meshes/base_link.STL
[0.999s] -- Installing: /home/shiva/ros2_playground/workspace2/install/descriptions_package/share/descriptions_package/meshes/rear_right_wheel_link.STL
[0.999s] -- Installing: /home/shiva/ros2_playground/workspace2/install/descriptions_package/share/descriptions_package/meshes/front_left_wheel_link.STL
[1.001s] -- Installing: /home/shiva/ros2_playground/workspace2/install/descriptions_package/share/descriptions_package/meshes/front_right_wheel_link.STL
[1.001s] -- Installing: /home/shiva/ros2_playground/workspace2/install/descriptions_package/share/descriptions_package/meshes/rear_left_wheel_link.STL
[1.008s] -- Up-to-date: /home/shiva/ros2_playground/workspace2/install/descriptions_package/share/descriptions_package/urdf
[1.008s] -- Up-to-date: /home/shiva/ros2_playground/workspace2/install/descriptions_package/share/descriptions_package/urdf/bot2_ext_info.xacro
[1.008s] -- Installing: /home/shiva/ros2_playground/workspace2/install/descriptions_package/share/descriptions_package/urdf/bot2.urdf.xacro
[1.008s] -- Up-to-date: /home/shiva/ros2_playground/workspace2/install/descriptions_package/share/descriptions_package/urdf/bot2_control.xacro
[1.008s] -- Up-to-date: /home/shiva/ros2_playground/workspace2/install/descriptions_package/share/descriptions_package/launch
[1.008s] -- Up-to-date: /home/shiva/ros2_playground/workspace2/install/descriptions_package/share/descriptions_package/launch/gazebo.launch.py
[1.012s] -- Up-to-date: /home/shiva/ros2_playground/workspace2/install/descriptions_package/share/descriptions_package/launch/display.launch.py
[1.013s] -- Up-to-date: /home/shiva/ros2_playground/workspace2/install/descriptions_package/share/descriptions_package/rviz_configs
[1.013s] -- Up-to-date: /home/shiva/ros2_playground/workspace2/install/descriptions_package/share/descriptions_package/rviz_configs/display.rviz
[1.013s] -- Up-to-date: /home/shiva/ros2_playground/workspace2/install/descriptions_package/share/descriptions_package/models
[1.013s] -- Up-to-date: /home/shiva/ros2_playground/workspace2/install/descriptions_package/share/descriptions_package/models/models
[1.013s] -- Up-to-date: /home/shiva/ros2_playground/workspace2/install/descriptions_package/share/descriptions_package/models/models/ground_plane
[1.013s] -- Up-to-date: /home/shiva/ros2_playground/workspace2/install/descriptions_package/share/descriptions_package/models/models/ground_plane/model.config
[1.013s] -- Up-to-date: /home/shiva/ros2_playground/workspace2/install/descriptions_package/share/descriptions_package/models/models/ground_plane/model-1_4.sdf
[1.013s] -- Up-to-date: /home/shiva/ros2_playground/workspace2/install/descriptions_package/share/descriptions_package/models/models/ground_plane/model-1_2.sdf
[1.013s] -- Up-to-date: /home/shiva/ros2_playground/workspace2/install/descriptions_package/share/descriptions_package/models/models/ground_plane/model.sdf
[1.013s] -- Up-to-date: /home/shiva/ros2_playground/workspace2/install/descriptions_package/share/descriptions_package/models/models/ground_plane/model-1_3.sdf
[1.013s] -- Up-to-date: /home/shiva/ros2_playground/workspace2/install/descriptions_package/share/descriptions_package/models/models/sun
[1.013s] -- Up-to-date: /home/shiva/ros2_playground/workspace2/install/descriptions_package/share/descriptions_package/models/models/sun/model.config
[1.014s] -- Up-to-date: /home/shiva/ros2_playground/workspace2/install/descriptions_package/share/descriptions_package/models/models/sun/model-1_4.sdf
[1.014s] -- Up-to-date: /home/shiva/ros2_playground/workspace2/install/descriptions_package/share/descriptions_package/models/models/sun/model-1_2.sdf
[1.014s] -- Up-to-date: /home/shiva/ros2_playground/workspace2/install/descriptions_package/share/descriptions_package/models/models/sun/model.sdf
[1.014s] -- Up-to-date: /home/shiva/ros2_playground/workspace2/install/descriptions_package/share/descriptions_package/models/models/sun/model-1_3.sdf
[1.014s] -- Up-to-date: /home/shiva/ros2_playground/workspace2/install/descriptions_package/share/ament_index/resource_index/package_run_dependencies/descriptions_package
[1.014s] -- Up-to-date: /home/shiva/ros2_playground/workspace2/install/descriptions_package/share/ament_index/resource_index/parent_prefix_path/descriptions_package
[1.014s] -- Up-to-date: /home/shiva/ros2_playground/workspace2/install/descriptions_package/share/descriptions_package/environment/ament_prefix_path.sh
[1.015s] -- Up-to-date: /home/shiva/ros2_playground/workspace2/install/descriptions_package/share/descriptions_package/environment/ament_prefix_path.dsv
[1.015s] -- Up-to-date: /home/shiva/ros2_playground/workspace2/install/descriptions_package/share/descriptions_package/environment/path.sh
[1.015s] -- Up-to-date: /home/shiva/ros2_playground/workspace2/install/descriptions_package/share/descriptions_package/environment/path.dsv
[1.015s] -- Up-to-date: /home/shiva/ros2_playground/workspace2/install/descriptions_package/share/descriptions_package/local_setup.bash
[1.015s] -- Up-to-date: /home/shiva/ros2_playground/workspace2/install/descriptions_package/share/descriptions_package/local_setup.sh
[1.016s] -- Up-to-date: /home/shiva/ros2_playground/workspace2/install/descriptions_package/share/descriptions_package/local_setup.zsh
[1.019s] -- Up-to-date: /home/shiva/ros2_playground/workspace2/install/descriptions_package/share/descriptions_package/local_setup.dsv
[1.019s] -- Installing: /home/shiva/ros2_playground/workspace2/install/descriptions_package/share/descriptions_package/package.dsv
[1.019s] -- Up-to-date: /home/shiva/ros2_playground/workspace2/install/descriptions_package/share/ament_index/resource_index/packages/descriptions_package
[1.019s] -- Up-to-date: /home/shiva/ros2_playground/workspace2/install/descriptions_package/share/descriptions_package/cmake/descriptions_packageConfig.cmake
[1.019s] -- Up-to-date: /home/shiva/ros2_playground/workspace2/install/descriptions_package/share/descriptions_package/cmake/descriptions_packageConfig-version.cmake
[1.019s] -- Up-to-date: /home/shiva/ros2_playground/workspace2/install/descriptions_package/share/descriptions_package/package.xml
[1.067s] Invoked command in '/home/shiva/ros2_playground/workspace2/build/descriptions_package' returned '0': CMAKE_PREFIX_PATH=/opt/ros/humble /usr/bin/cmake --install /home/shiva/ros2_playground/workspace2/build/descriptions_package
