[0.073s] DEBUG:colcon:Command line arguments: ['/usr/bin/colcon', 'build']
[0.073s] DEBUG:colcon:Parsed command line arguments: Namespace(log_base=None, log_level=None, verb_name='build', build_base='build', install_base='install', merge_install=False, symlink_install=False, test_result_base=None, continue_on_error=False, executor='parallel', parallel_workers=16, event_handlers=None, ignore_user_meta=False, metas=['./colcon.meta'], base_paths=['.'], packages_ignore=None, packages_ignore_regex=None, paths=None, packages_up_to=None, packages_up_to_regex=None, packages_above=None, packages_above_and_dependencies=None, packages_above_depth=None, packages_select_by_dep=None, packages_skip_by_dep=None, packages_skip_up_to=None, packages_select_build_failed=False, packages_skip_build_finished=False, packages_select_test_failures=False, packages_skip_test_passed=False, packages_select=None, packages_skip=None, packages_select_regex=None, packages_skip_regex=None, packages_start=None, packages_end=None, allow_overriding=[], cmake_args=None, cmake_target=None, cmake_target_skip_unavailable=False, cmake_clean_cache=False, cmake_clean_first=False, cmake_force_configure=False, ament_cmake_args=None, catkin_cmake_args=None, catkin_skip_building_tests=False, mixin_files=None, mixin=None, verb_parser=<colcon_mixin.mixin.mixin_argument.MixinArgumentDecorator object at 0x7cd6d6d4b400>, verb_extension=<colcon_core.verb.build.BuildVerb object at 0x7cd6d6d4ada0>, main=<bound method BuildVerb.main of <colcon_core.verb.build.BuildVerb object at 0x7cd6d6d4ada0>>, mixin_verb=('build',))
[0.192s] Level 1:colcon.colcon_core.package_discovery:discover_packages(colcon_meta) check parameters
[0.192s] Level 1:colcon.colcon_core.package_discovery:discover_packages(recursive) check parameters
[0.192s] Level 1:colcon.colcon_core.package_discovery:discover_packages(ignore) check parameters
[0.192s] Level 1:colcon.colcon_core.package_discovery:discover_packages(path) check parameters
[0.192s] Level 1:colcon.colcon_core.package_discovery:discover_packages(colcon_meta) discover
[0.192s] Level 1:colcon.colcon_core.package_discovery:discover_packages(recursive) discover
[0.192s] INFO:colcon.colcon_core.package_discovery:Crawling recursively for packages in '/home/shiva16/ros2_playground/patrol_bot'
[0.192s] Level 1:colcon.colcon_core.package_identification:_identify(.) by extensions ['ignore', 'ignore_ament_install']
[0.193s] Level 1:colcon.colcon_core.package_identification:_identify(.) by extension 'ignore'
[0.193s] Level 1:colcon.colcon_core.package_identification:_identify(.) by extension 'ignore_ament_install'
[0.193s] Level 1:colcon.colcon_core.package_identification:_identify(.) by extensions ['colcon_pkg']
[0.193s] Level 1:colcon.colcon_core.package_identification:_identify(.) by extension 'colcon_pkg'
[0.193s] Level 1:colcon.colcon_core.package_identification:_identify(.) by extensions ['colcon_meta']
[0.193s] Level 1:colcon.colcon_core.package_identification:_identify(.) by extension 'colcon_meta'
[0.193s] Level 1:colcon.colcon_core.package_identification:_identify(.) by extensions ['ros']
[0.193s] Level 1:colcon.colcon_core.package_identification:_identify(.) by extension 'ros'
[0.200s] Level 1:colcon.colcon_core.package_identification:_identify(.) by extensions ['cmake', 'python']
[0.200s] Level 1:colcon.colcon_core.package_identification:_identify(.) by extension 'cmake'
[0.200s] Level 1:colcon.colcon_core.package_identification:_identify(.) by extension 'python'
[0.200s] Level 1:colcon.colcon_core.package_identification:_identify(.) by extensions ['python_setup_py']
[0.200s] Level 1:colcon.colcon_core.package_identification:_identify(.) by extension 'python_setup_py'
[0.200s] Level 1:colcon.colcon_core.package_identification:_identify(build) by extensions ['ignore', 'ignore_ament_install']
[0.200s] Level 1:colcon.colcon_core.package_identification:_identify(build) by extension 'ignore'
[0.200s] Level 1:colcon.colcon_core.package_identification:_identify(build) ignored
[0.200s] Level 1:colcon.colcon_core.package_identification:_identify(install) by extensions ['ignore', 'ignore_ament_install']
[0.200s] Level 1:colcon.colcon_core.package_identification:_identify(install) by extension 'ignore'
[0.200s] Level 1:colcon.colcon_core.package_identification:_identify(install) ignored
[0.200s] Level 1:colcon.colcon_core.package_identification:_identify(log) by extensions ['ignore', 'ignore_ament_install']
[0.200s] Level 1:colcon.colcon_core.package_identification:_identify(log) by extension 'ignore'
[0.200s] Level 1:colcon.colcon_core.package_identification:_identify(log) ignored
[0.200s] Level 1:colcon.colcon_core.package_identification:_identify(src) by extensions ['ignore', 'ignore_ament_install']
[0.201s] Level 1:colcon.colcon_core.package_identification:_identify(src) by extension 'ignore'
[0.201s] Level 1:colcon.colcon_core.package_identification:_identify(src) by extension 'ignore_ament_install'
[0.201s] Level 1:colcon.colcon_core.package_identification:_identify(src) by extensions ['colcon_pkg']
[0.201s] Level 1:colcon.colcon_core.package_identification:_identify(src) by extension 'colcon_pkg'
[0.201s] Level 1:colcon.colcon_core.package_identification:_identify(src) by extensions ['colcon_meta']
[0.201s] Level 1:colcon.colcon_core.package_identification:_identify(src) by extension 'colcon_meta'
[0.201s] Level 1:colcon.colcon_core.package_identification:_identify(src) by extensions ['ros']
[0.201s] Level 1:colcon.colcon_core.package_identification:_identify(src) by extension 'ros'
[0.201s] Level 1:colcon.colcon_core.package_identification:_identify(src) by extensions ['cmake', 'python']
[0.201s] Level 1:colcon.colcon_core.package_identification:_identify(src) by extension 'cmake'
[0.201s] Level 1:colcon.colcon_core.package_identification:_identify(src) by extension 'python'
[0.201s] Level 1:colcon.colcon_core.package_identification:_identify(src) by extensions ['python_setup_py']
[0.201s] Level 1:colcon.colcon_core.package_identification:_identify(src) by extension 'python_setup_py'
[0.201s] Level 1:colcon.colcon_core.package_identification:_identify(src/bot3_controllers) by extensions ['ignore', 'ignore_ament_install']
[0.201s] Level 1:colcon.colcon_core.package_identification:_identify(src/bot3_controllers) by extension 'ignore'
[0.201s] Level 1:colcon.colcon_core.package_identification:_identify(src/bot3_controllers) by extension 'ignore_ament_install'
[0.201s] Level 1:colcon.colcon_core.package_identification:_identify(src/bot3_controllers) by extensions ['colcon_pkg']
[0.201s] Level 1:colcon.colcon_core.package_identification:_identify(src/bot3_controllers) by extension 'colcon_pkg'
[0.201s] Level 1:colcon.colcon_core.package_identification:_identify(src/bot3_controllers) by extensions ['colcon_meta']
[0.201s] Level 1:colcon.colcon_core.package_identification:_identify(src/bot3_controllers) by extension 'colcon_meta'
[0.201s] Level 1:colcon.colcon_core.package_identification:_identify(src/bot3_controllers) by extensions ['ros']
[0.201s] Level 1:colcon.colcon_core.package_identification:_identify(src/bot3_controllers) by extension 'ros'
[0.203s] DEBUG:colcon.colcon_core.package_identification:Package 'src/bot3_controllers' with type 'ros.ament_cmake' and name 'bot3_controllers'
[0.203s] Level 1:colcon.colcon_core.package_identification:_identify(src/custome_launches) by extensions ['ignore', 'ignore_ament_install']
[0.203s] Level 1:colcon.colcon_core.package_identification:_identify(src/custome_launches) by extension 'ignore'
[0.203s] Level 1:colcon.colcon_core.package_identification:_identify(src/custome_launches) by extension 'ignore_ament_install'
[0.203s] Level 1:colcon.colcon_core.package_identification:_identify(src/custome_launches) by extensions ['colcon_pkg']
[0.203s] Level 1:colcon.colcon_core.package_identification:_identify(src/custome_launches) by extension 'colcon_pkg'
[0.203s] Level 1:colcon.colcon_core.package_identification:_identify(src/custome_launches) by extensions ['colcon_meta']
[0.203s] Level 1:colcon.colcon_core.package_identification:_identify(src/custome_launches) by extension 'colcon_meta'
[0.203s] Level 1:colcon.colcon_core.package_identification:_identify(src/custome_launches) by extensions ['ros']
[0.203s] Level 1:colcon.colcon_core.package_identification:_identify(src/custome_launches) by extension 'ros'
[0.203s] DEBUG:colcon.colcon_core.package_identification:Package 'src/custome_launches' with type 'ros.ament_cmake' and name 'custome_launches'
[0.203s] Level 1:colcon.colcon_core.package_identification:_identify(src/descriptions_package) by extensions ['ignore', 'ignore_ament_install']
[0.203s] Level 1:colcon.colcon_core.package_identification:_identify(src/descriptions_package) by extension 'ignore'
[0.203s] Level 1:colcon.colcon_core.package_identification:_identify(src/descriptions_package) by extension 'ignore_ament_install'
[0.203s] Level 1:colcon.colcon_core.package_identification:_identify(src/descriptions_package) by extensions ['colcon_pkg']
[0.203s] Level 1:colcon.colcon_core.package_identification:_identify(src/descriptions_package) by extension 'colcon_pkg'
[0.204s] Level 1:colcon.colcon_core.package_identification:_identify(src/descriptions_package) by extensions ['colcon_meta']
[0.204s] Level 1:colcon.colcon_core.package_identification:_identify(src/descriptions_package) by extension 'colcon_meta'
[0.204s] Level 1:colcon.colcon_core.package_identification:_identify(src/descriptions_package) by extensions ['ros']
[0.204s] Level 1:colcon.colcon_core.package_identification:_identify(src/descriptions_package) by extension 'ros'
[0.204s] DEBUG:colcon.colcon_core.package_identification:Package 'src/descriptions_package' with type 'ros.ament_cmake' and name 'descriptions_package'
[0.204s] Level 1:colcon.colcon_core.package_identification:_identify(src/localization_package) by extensions ['ignore', 'ignore_ament_install']
[0.204s] Level 1:colcon.colcon_core.package_identification:_identify(src/localization_package) by extension 'ignore'
[0.204s] Level 1:colcon.colcon_core.package_identification:_identify(src/localization_package) by extension 'ignore_ament_install'
[0.204s] Level 1:colcon.colcon_core.package_identification:_identify(src/localization_package) by extensions ['colcon_pkg']
[0.204s] Level 1:colcon.colcon_core.package_identification:_identify(src/localization_package) by extension 'colcon_pkg'
[0.204s] Level 1:colcon.colcon_core.package_identification:_identify(src/localization_package) by extensions ['colcon_meta']
[0.204s] Level 1:colcon.colcon_core.package_identification:_identify(src/localization_package) by extension 'colcon_meta'
[0.204s] Level 1:colcon.colcon_core.package_identification:_identify(src/localization_package) by extensions ['ros']
[0.204s] Level 1:colcon.colcon_core.package_identification:_identify(src/localization_package) by extension 'ros'
[0.205s] DEBUG:colcon.colcon_core.package_identification:Package 'src/localization_package' with type 'ros.ament_cmake' and name 'localization_package'
[0.205s] Level 1:colcon.colcon_core.package_identification:_identify(src/mapping_pkg) by extensions ['ignore', 'ignore_ament_install']
[0.205s] Level 1:colcon.colcon_core.package_identification:_identify(src/mapping_pkg) by extension 'ignore'
[0.205s] Level 1:colcon.colcon_core.package_identification:_identify(src/mapping_pkg) by extension 'ignore_ament_install'
[0.205s] Level 1:colcon.colcon_core.package_identification:_identify(src/mapping_pkg) by extensions ['colcon_pkg']
[0.205s] Level 1:colcon.colcon_core.package_identification:_identify(src/mapping_pkg) by extension 'colcon_pkg'
[0.205s] Level 1:colcon.colcon_core.package_identification:_identify(src/mapping_pkg) by extensions ['colcon_meta']
[0.205s] Level 1:colcon.colcon_core.package_identification:_identify(src/mapping_pkg) by extension 'colcon_meta'
[0.205s] Level 1:colcon.colcon_core.package_identification:_identify(src/mapping_pkg) by extensions ['ros']
[0.205s] Level 1:colcon.colcon_core.package_identification:_identify(src/mapping_pkg) by extension 'ros'
[0.205s] DEBUG:colcon.colcon_core.package_identification:Package 'src/mapping_pkg' with type 'ros.ament_cmake' and name 'mapping_pkg'
[0.205s] Level 1:colcon.colcon_core.package_discovery:discover_packages(recursive) using defaults
[0.206s] Level 1:colcon.colcon_core.package_discovery:discover_packages(ignore) discover
[0.206s] Level 1:colcon.colcon_core.package_discovery:discover_packages(ignore) using defaults
[0.206s] Level 1:colcon.colcon_core.package_discovery:discover_packages(path) discover
[0.206s] Level 1:colcon.colcon_core.package_discovery:discover_packages(path) using defaults
[0.227s] Level 1:colcon.colcon_core.package_discovery:discover_packages(prefix_path) check parameters
[0.227s] Level 1:colcon.colcon_core.package_discovery:discover_packages(prefix_path) discover
[0.229s] DEBUG:colcon.colcon_installed_package_information.package_discovery:Found 407 installed packages in /opt/ros/humble
[0.230s] Level 1:colcon.colcon_core.package_discovery:discover_packages(prefix_path) using defaults
[0.262s] Level 5:colcon.colcon_core.verb:set package 'bot3_controllers' build argument 'cmake_args' from command line to 'None'
[0.262s] Level 5:colcon.colcon_core.verb:set package 'bot3_controllers' build argument 'cmake_target' from command line to 'None'
[0.262s] Level 5:colcon.colcon_core.verb:set package 'bot3_controllers' build argument 'cmake_target_skip_unavailable' from command line to 'False'
[0.262s] Level 5:colcon.colcon_core.verb:set package 'bot3_controllers' build argument 'cmake_clean_cache' from command line to 'False'
[0.262s] Level 5:colcon.colcon_core.verb:set package 'bot3_controllers' build argument 'cmake_clean_first' from command line to 'False'
[0.262s] Level 5:colcon.colcon_core.verb:set package 'bot3_controllers' build argument 'cmake_force_configure' from command line to 'False'
[0.262s] Level 5:colcon.colcon_core.verb:set package 'bot3_controllers' build argument 'ament_cmake_args' from command line to 'None'
[0.262s] Level 5:colcon.colcon_core.verb:set package 'bot3_controllers' build argument 'catkin_cmake_args' from command line to 'None'
[0.262s] Level 5:colcon.colcon_core.verb:set package 'bot3_controllers' build argument 'catkin_skip_building_tests' from command line to 'False'
[0.262s] DEBUG:colcon.colcon_core.verb:Building package 'bot3_controllers' with the following arguments: {'ament_cmake_args': None, 'build_base': '/home/shiva16/ros2_playground/patrol_bot/build/bot3_controllers', 'catkin_cmake_args': None, 'catkin_skip_building_tests': False, 'cmake_args': None, 'cmake_clean_cache': False, 'cmake_clean_first': False, 'cmake_force_configure': False, 'cmake_target': None, 'cmake_target_skip_unavailable': False, 'install_base': '/home/shiva16/ros2_playground/patrol_bot/install/bot3_controllers', 'merge_install': False, 'path': '/home/shiva16/ros2_playground/patrol_bot/src/bot3_controllers', 'symlink_install': False, 'test_result_base': None}
[0.263s] Level 5:colcon.colcon_core.verb:set package 'custome_launches' build argument 'cmake_args' from command line to 'None'
[0.263s] Level 5:colcon.colcon_core.verb:set package 'custome_launches' build argument 'cmake_target' from command line to 'None'
[0.263s] Level 5:colcon.colcon_core.verb:set package 'custome_launches' build argument 'cmake_target_skip_unavailable' from command line to 'False'
[0.263s] Level 5:colcon.colcon_core.verb:set package 'custome_launches' build argument 'cmake_clean_cache' from command line to 'False'
[0.263s] Level 5:colcon.colcon_core.verb:set package 'custome_launches' build argument 'cmake_clean_first' from command line to 'False'
[0.263s] Level 5:colcon.colcon_core.verb:set package 'custome_launches' build argument 'cmake_force_configure' from command line to 'False'
[0.263s] Level 5:colcon.colcon_core.verb:set package 'custome_launches' build argument 'ament_cmake_args' from command line to 'None'
[0.263s] Level 5:colcon.colcon_core.verb:set package 'custome_launches' build argument 'catkin_cmake_args' from command line to 'None'
[0.263s] Level 5:colcon.colcon_core.verb:set package 'custome_launches' build argument 'catkin_skip_building_tests' from command line to 'False'
[0.263s] DEBUG:colcon.colcon_core.verb:Building package 'custome_launches' with the following arguments: {'ament_cmake_args': None, 'build_base': '/home/shiva16/ros2_playground/patrol_bot/build/custome_launches', 'catkin_cmake_args': None, 'catkin_skip_building_tests': False, 'cmake_args': None, 'cmake_clean_cache': False, 'cmake_clean_first': False, 'cmake_force_configure': False, 'cmake_target': None, 'cmake_target_skip_unavailable': False, 'install_base': '/home/shiva16/ros2_playground/patrol_bot/install/custome_launches', 'merge_install': False, 'path': '/home/shiva16/ros2_playground/patrol_bot/src/custome_launches', 'symlink_install': False, 'test_result_base': None}
[0.263s] Level 5:colcon.colcon_core.verb:set package 'descriptions_package' build argument 'cmake_args' from command line to 'None'
[0.263s] Level 5:colcon.colcon_core.verb:set package 'descriptions_package' build argument 'cmake_target' from command line to 'None'
[0.263s] Level 5:colcon.colcon_core.verb:set package 'descriptions_package' build argument 'cmake_target_skip_unavailable' from command line to 'False'
[0.263s] Level 5:colcon.colcon_core.verb:set package 'descriptions_package' build argument 'cmake_clean_cache' from command line to 'False'
[0.263s] Level 5:colcon.colcon_core.verb:set package 'descriptions_package' build argument 'cmake_clean_first' from command line to 'False'
[0.263s] Level 5:colcon.colcon_core.verb:set package 'descriptions_package' build argument 'cmake_force_configure' from command line to 'False'
[0.263s] Level 5:colcon.colcon_core.verb:set package 'descriptions_package' build argument 'ament_cmake_args' from command line to 'None'
[0.263s] Level 5:colcon.colcon_core.verb:set package 'descriptions_package' build argument 'catkin_cmake_args' from command line to 'None'
[0.263s] Level 5:colcon.colcon_core.verb:set package 'descriptions_package' build argument 'catkin_skip_building_tests' from command line to 'False'
[0.263s] DEBUG:colcon.colcon_core.verb:Building package 'descriptions_package' with the following arguments: {'ament_cmake_args': None, 'build_base': '/home/shiva16/ros2_playground/patrol_bot/build/descriptions_package', 'catkin_cmake_args': None, 'catkin_skip_building_tests': False, 'cmake_args': None, 'cmake_clean_cache': False, 'cmake_clean_first': False, 'cmake_force_configure': False, 'cmake_target': None, 'cmake_target_skip_unavailable': False, 'install_base': '/home/shiva16/ros2_playground/patrol_bot/install/descriptions_package', 'merge_install': False, 'path': '/home/shiva16/ros2_playground/patrol_bot/src/descriptions_package', 'symlink_install': False, 'test_result_base': None}
[0.263s] Level 5:colcon.colcon_core.verb:set package 'localization_package' build argument 'cmake_args' from command line to 'None'
[0.263s] Level 5:colcon.colcon_core.verb:set package 'localization_package' build argument 'cmake_target' from command line to 'None'
[0.264s] Level 5:colcon.colcon_core.verb:set package 'localization_package' build argument 'cmake_target_skip_unavailable' from command line to 'False'
[0.264s] Level 5:colcon.colcon_core.verb:set package 'localization_package' build argument 'cmake_clean_cache' from command line to 'False'
[0.264s] Level 5:colcon.colcon_core.verb:set package 'localization_package' build argument 'cmake_clean_first' from command line to 'False'
[0.264s] Level 5:colcon.colcon_core.verb:set package 'localization_package' build argument 'cmake_force_configure' from command line to 'False'
[0.264s] Level 5:colcon.colcon_core.verb:set package 'localization_package' build argument 'ament_cmake_args' from command line to 'None'
[0.264s] Level 5:colcon.colcon_core.verb:set package 'localization_package' build argument 'catkin_cmake_args' from command line to 'None'
[0.264s] Level 5:colcon.colcon_core.verb:set package 'localization_package' build argument 'catkin_skip_building_tests' from command line to 'False'
[0.264s] DEBUG:colcon.colcon_core.verb:Building package 'localization_package' with the following arguments: {'ament_cmake_args': None, 'build_base': '/home/shiva16/ros2_playground/patrol_bot/build/localization_package', 'catkin_cmake_args': None, 'catkin_skip_building_tests': False, 'cmake_args': None, 'cmake_clean_cache': False, 'cmake_clean_first': False, 'cmake_force_configure': False, 'cmake_target': None, 'cmake_target_skip_unavailable': False, 'install_base': '/home/shiva16/ros2_playground/patrol_bot/install/localization_package', 'merge_install': False, 'path': '/home/shiva16/ros2_playground/patrol_bot/src/localization_package', 'symlink_install': False, 'test_result_base': None}
[0.264s] Level 5:colcon.colcon_core.verb:set package 'mapping_pkg' build argument 'cmake_args' from command line to 'None'
[0.264s] Level 5:colcon.colcon_core.verb:set package 'mapping_pkg' build argument 'cmake_target' from command line to 'None'
[0.264s] Level 5:colcon.colcon_core.verb:set package 'mapping_pkg' build argument 'cmake_target_skip_unavailable' from command line to 'False'
[0.264s] Level 5:colcon.colcon_core.verb:set package 'mapping_pkg' build argument 'cmake_clean_cache' from command line to 'False'
[0.264s] Level 5:colcon.colcon_core.verb:set package 'mapping_pkg' build argument 'cmake_clean_first' from command line to 'False'
[0.264s] Level 5:colcon.colcon_core.verb:set package 'mapping_pkg' build argument 'cmake_force_configure' from command line to 'False'
[0.264s] Level 5:colcon.colcon_core.verb:set package 'mapping_pkg' build argument 'ament_cmake_args' from command line to 'None'
[0.264s] Level 5:colcon.colcon_core.verb:set package 'mapping_pkg' build argument 'catkin_cmake_args' from command line to 'None'
[0.264s] Level 5:colcon.colcon_core.verb:set package 'mapping_pkg' build argument 'catkin_skip_building_tests' from command line to 'False'
[0.264s] DEBUG:colcon.colcon_core.verb:Building package 'mapping_pkg' with the following arguments: {'ament_cmake_args': None, 'build_base': '/home/shiva16/ros2_playground/patrol_bot/build/mapping_pkg', 'catkin_cmake_args': None, 'catkin_skip_building_tests': False, 'cmake_args': None, 'cmake_clean_cache': False, 'cmake_clean_first': False, 'cmake_force_configure': False, 'cmake_target': None, 'cmake_target_skip_unavailable': False, 'install_base': '/home/shiva16/ros2_playground/patrol_bot/install/mapping_pkg', 'merge_install': False, 'path': '/home/shiva16/ros2_playground/patrol_bot/src/mapping_pkg', 'symlink_install': False, 'test_result_base': None}
[0.264s] INFO:colcon.colcon_core.executor:Executing jobs using 'parallel' executor
[0.265s] DEBUG:colcon.colcon_parallel_executor.executor.parallel:run_until_complete
[0.265s] INFO:colcon.colcon_ros.task.ament_cmake.build:Building ROS package in '/home/shiva16/ros2_playground/patrol_bot/src/bot3_controllers' with build type 'ament_cmake'
[0.265s] INFO:colcon.colcon_cmake.task.cmake.build:Building CMake package in '/home/shiva16/ros2_playground/patrol_bot/src/bot3_controllers'
[0.267s] INFO:colcon.colcon_core.plugin_system:Skipping extension 'colcon_core.shell.bat': Not used on non-Windows systems
[0.267s] INFO:colcon.colcon_core.shell:Skip shell extension 'powershell' for command environment: Not usable outside of PowerShell
[0.267s] DEBUG:colcon.colcon_core.shell:Skip shell extension 'dsv' for command environment
[0.269s] INFO:colcon.colcon_ros.task.ament_cmake.build:Building ROS package in '/home/shiva16/ros2_playground/patrol_bot/src/custome_launches' with build type 'ament_cmake'
[0.269s] INFO:colcon.colcon_cmake.task.cmake.build:Building CMake package in '/home/shiva16/ros2_playground/patrol_bot/src/custome_launches'
[0.270s] INFO:colcon.colcon_core.shell:Skip shell extension 'powershell' for command environment: Not usable outside of PowerShell
[0.270s] DEBUG:colcon.colcon_core.shell:Skip shell extension 'dsv' for command environment
[0.272s] INFO:colcon.colcon_ros.task.ament_cmake.build:Building ROS package in '/home/shiva16/ros2_playground/patrol_bot/src/descriptions_package' with build type 'ament_cmake'
[0.272s] INFO:colcon.colcon_cmake.task.cmake.build:Building CMake package in '/home/shiva16/ros2_playground/patrol_bot/src/descriptions_package'
[0.272s] INFO:colcon.colcon_core.shell:Skip shell extension 'powershell' for command environment: Not usable outside of PowerShell
[0.272s] DEBUG:colcon.colcon_core.shell:Skip shell extension 'dsv' for command environment
[0.274s] INFO:colcon.colcon_ros.task.ament_cmake.build:Building ROS package in '/home/shiva16/ros2_playground/patrol_bot/src/localization_package' with build type 'ament_cmake'
[0.275s] INFO:colcon.colcon_cmake.task.cmake.build:Building CMake package in '/home/shiva16/ros2_playground/patrol_bot/src/localization_package'
[0.275s] INFO:colcon.colcon_core.shell:Skip shell extension 'powershell' for command environment: Not usable outside of PowerShell
[0.275s] DEBUG:colcon.colcon_core.shell:Skip shell extension 'dsv' for command environment
[0.277s] INFO:colcon.colcon_ros.task.ament_cmake.build:Building ROS package in '/home/shiva16/ros2_playground/patrol_bot/src/mapping_pkg' with build type 'ament_cmake'
[0.277s] INFO:colcon.colcon_cmake.task.cmake.build:Building CMake package in '/home/shiva16/ros2_playground/patrol_bot/src/mapping_pkg'
[0.277s] INFO:colcon.colcon_core.shell:Skip shell extension 'powershell' for command environment: Not usable outside of PowerShell
[0.277s] DEBUG:colcon.colcon_core.shell:Skip shell extension 'dsv' for command environment
[0.283s] DEBUG:colcon.colcon_core.event_handler.log_command:Invoking command in '/home/shiva16/ros2_playground/patrol_bot/build/bot3_controllers': CMAKE_PREFIX_PATH=/opt/ros/humble /usr/bin/cmake --build /home/shiva16/ros2_playground/patrol_bot/build/bot3_controllers -- -j16 -l16
[0.295s] DEBUG:colcon.colcon_core.event_handler.log_command:Invoking command in '/home/shiva16/ros2_playground/patrol_bot/build/custome_launches': CMAKE_PREFIX_PATH=/opt/ros/humble /usr/bin/cmake --build /home/shiva16/ros2_playground/patrol_bot/build/custome_launches -- -j16 -l16
[0.296s] DEBUG:colcon.colcon_core.event_handler.log_command:Invoking command in '/home/shiva16/ros2_playground/patrol_bot/build/descriptions_package': CMAKE_PREFIX_PATH=/opt/ros/humble /usr/bin/cmake --build /home/shiva16/ros2_playground/patrol_bot/build/descriptions_package -- -j16 -l16
[0.298s] DEBUG:colcon.colcon_core.event_handler.log_command:Invoking command in '/home/shiva16/ros2_playground/patrol_bot/build/localization_package': CMAKE_PREFIX_PATH=/opt/ros/humble /usr/bin/cmake --build /home/shiva16/ros2_playground/patrol_bot/build/localization_package -- -j16 -l16
[0.301s] DEBUG:colcon.colcon_core.event_handler.log_command:Invoking command in '/home/shiva16/ros2_playground/patrol_bot/build/mapping_pkg': CMAKE_PREFIX_PATH=/opt/ros/humble /usr/bin/cmake --build /home/shiva16/ros2_playground/patrol_bot/build/mapping_pkg -- -j16 -l16
[0.315s] DEBUG:colcon.colcon_core.event_handler.log_command:Invoked command in '/home/shiva16/ros2_playground/patrol_bot/build/bot3_controllers' returned '0': CMAKE_PREFIX_PATH=/opt/ros/humble /usr/bin/cmake --build /home/shiva16/ros2_playground/patrol_bot/build/bot3_controllers -- -j16 -l16
[0.328s] DEBUG:colcon.colcon_core.event_handler.log_command:Invoking command in '/home/shiva16/ros2_playground/patrol_bot/build/bot3_controllers': CMAKE_PREFIX_PATH=/opt/ros/humble /usr/bin/cmake --install /home/shiva16/ros2_playground/patrol_bot/build/bot3_controllers
[0.335s] DEBUG:colcon.colcon_core.event_handler.log_command:Invoked command in '/home/shiva16/ros2_playground/patrol_bot/build/custome_launches' returned '0': CMAKE_PREFIX_PATH=/opt/ros/humble /usr/bin/cmake --build /home/shiva16/ros2_playground/patrol_bot/build/custome_launches -- -j16 -l16
[0.335s] DEBUG:colcon.colcon_core.event_handler.log_command:Invoking command in '/home/shiva16/ros2_playground/patrol_bot/build/custome_launches': CMAKE_PREFIX_PATH=/opt/ros/humble /usr/bin/cmake --install /home/shiva16/ros2_playground/patrol_bot/build/custome_launches
[0.342s] DEBUG:colcon.colcon_core.event_handler.log_command:Invoked command in '/home/shiva16/ros2_playground/patrol_bot/build/descriptions_package' returned '0': CMAKE_PREFIX_PATH=/opt/ros/humble /usr/bin/cmake --build /home/shiva16/ros2_playground/patrol_bot/build/descriptions_package -- -j16 -l16
[0.345s] Level 1:colcon.colcon_core.environment:create_environment_scripts_only(bot3_controllers)
[0.346s] DEBUG:colcon.colcon_core.event_handler.log_command:Invoking command in '/home/shiva16/ros2_playground/patrol_bot/build/descriptions_package': CMAKE_PREFIX_PATH=/opt/ros/humble /usr/bin/cmake --install /home/shiva16/ros2_playground/patrol_bot/build/descriptions_package
[0.346s] DEBUG:colcon.colcon_core.event_handler.log_command:Invoked command in '/home/shiva16/ros2_playground/patrol_bot/build/bot3_controllers' returned '0': CMAKE_PREFIX_PATH=/opt/ros/humble /usr/bin/cmake --install /home/shiva16/ros2_playground/patrol_bot/build/bot3_controllers
[0.347s] Level 1:colcon.colcon_core.environment:checking '/home/shiva16/ros2_playground/patrol_bot/install/bot3_controllers' for CMake module files
[0.347s] Level 1:colcon.colcon_core.environment:checking '/home/shiva16/ros2_playground/patrol_bot/install/bot3_controllers' for CMake config files
[0.347s] Level 1:colcon.colcon_core.shell:create_environment_hook('bot3_controllers', 'cmake_prefix_path')
[0.348s] INFO:colcon.colcon_core.shell:Creating environment hook '/home/shiva16/ros2_playground/patrol_bot/install/bot3_controllers/share/bot3_controllers/hook/cmake_prefix_path.ps1'
[0.348s] INFO:colcon.colcon_core.shell:Creating environment descriptor '/home/shiva16/ros2_playground/patrol_bot/install/bot3_controllers/share/bot3_controllers/hook/cmake_prefix_path.dsv'
[0.349s] INFO:colcon.colcon_core.shell:Creating environment hook '/home/shiva16/ros2_playground/patrol_bot/install/bot3_controllers/share/bot3_controllers/hook/cmake_prefix_path.sh'
[0.349s] Level 1:colcon.colcon_core.environment:checking '/home/shiva16/ros2_playground/patrol_bot/install/bot3_controllers/bin'
[0.349s] Level 1:colcon.colcon_core.environment:checking '/home/shiva16/ros2_playground/patrol_bot/install/bot3_controllers/lib/pkgconfig/bot3_controllers.pc'
[0.350s] Level 1:colcon.colcon_core.environment:checking '/home/shiva16/ros2_playground/patrol_bot/install/bot3_controllers/lib/python3.10/site-packages'
[0.350s] Level 1:colcon.colcon_core.environment:checking '/home/shiva16/ros2_playground/patrol_bot/install/bot3_controllers/bin'
[0.351s] INFO:colcon.colcon_core.shell:Creating package script '/home/shiva16/ros2_playground/patrol_bot/install/bot3_controllers/share/bot3_controllers/package.ps1'
[0.352s] INFO:colcon.colcon_core.shell:Creating package descriptor '/home/shiva16/ros2_playground/patrol_bot/install/bot3_controllers/share/bot3_controllers/package.dsv'
[0.352s] INFO:colcon.colcon_core.shell:Creating package script '/home/shiva16/ros2_playground/patrol_bot/install/bot3_controllers/share/bot3_controllers/package.sh'
[0.354s] INFO:colcon.colcon_core.shell:Creating package script '/home/shiva16/ros2_playground/patrol_bot/install/bot3_controllers/share/bot3_controllers/package.bash'
[0.355s] INFO:colcon.colcon_core.shell:Creating package script '/home/shiva16/ros2_playground/patrol_bot/install/bot3_controllers/share/bot3_controllers/package.zsh'
[0.356s] Level 1:colcon.colcon_core.environment:create_file_with_runtime_dependencies(/home/shiva16/ros2_playground/patrol_bot/install/bot3_controllers/share/colcon-core/packages/bot3_controllers)
[0.358s] Level 1:colcon.colcon_core.environment:create_environment_scripts_only(bot3_controllers)
[0.358s] Level 1:colcon.colcon_core.environment:checking '/home/shiva16/ros2_playground/patrol_bot/install/bot3_controllers' for CMake module files
[0.360s] Level 1:colcon.colcon_core.environment:checking '/home/shiva16/ros2_playground/patrol_bot/install/bot3_controllers' for CMake config files
[0.364s] Level 1:colcon.colcon_core.shell:create_environment_hook('bot3_controllers', 'cmake_prefix_path')
[0.365s] INFO:colcon.colcon_core.shell:Creating environment hook '/home/shiva16/ros2_playground/patrol_bot/install/bot3_controllers/share/bot3_controllers/hook/cmake_prefix_path.ps1'
[0.366s] INFO:colcon.colcon_core.shell:Creating environment descriptor '/home/shiva16/ros2_playground/patrol_bot/install/bot3_controllers/share/bot3_controllers/hook/cmake_prefix_path.dsv'
[0.367s] INFO:colcon.colcon_core.shell:Creating environment hook '/home/shiva16/ros2_playground/patrol_bot/install/bot3_controllers/share/bot3_controllers/hook/cmake_prefix_path.sh'
[0.369s] Level 1:colcon.colcon_core.environment:checking '/home/shiva16/ros2_playground/patrol_bot/install/bot3_controllers/bin'
[0.369s] Level 1:colcon.colcon_core.environment:checking '/home/shiva16/ros2_playground/patrol_bot/install/bot3_controllers/lib/pkgconfig/bot3_controllers.pc'
[0.369s] Level 1:colcon.colcon_core.environment:checking '/home/shiva16/ros2_playground/patrol_bot/install/bot3_controllers/lib/python3.10/site-packages'
[0.369s] Level 1:colcon.colcon_core.environment:checking '/home/shiva16/ros2_playground/patrol_bot/install/bot3_controllers/bin'
[0.369s] INFO:colcon.colcon_core.shell:Creating package script '/home/shiva16/ros2_playground/patrol_bot/install/bot3_controllers/share/bot3_controllers/package.ps1'
[0.370s] INFO:colcon.colcon_core.shell:Creating package descriptor '/home/shiva16/ros2_playground/patrol_bot/install/bot3_controllers/share/bot3_controllers/package.dsv'
[0.372s] INFO:colcon.colcon_core.shell:Creating package script '/home/shiva16/ros2_playground/patrol_bot/install/bot3_controllers/share/bot3_controllers/package.sh'
[0.374s] INFO:colcon.colcon_core.shell:Creating package script '/home/shiva16/ros2_playground/patrol_bot/install/bot3_controllers/share/bot3_controllers/package.bash'
[0.375s] INFO:colcon.colcon_core.shell:Creating package script '/home/shiva16/ros2_playground/patrol_bot/install/bot3_controllers/share/bot3_controllers/package.zsh'
[0.376s] Level 1:colcon.colcon_core.environment:create_file_with_runtime_dependencies(/home/shiva16/ros2_playground/patrol_bot/install/bot3_controllers/share/colcon-core/packages/bot3_controllers)
[0.377s] Level 1:colcon.colcon_core.environment:create_environment_scripts_only(custome_launches)
[0.377s] Level 1:colcon.colcon_core.environment:checking '/home/shiva16/ros2_playground/patrol_bot/install/custome_launches' for CMake module files
[0.379s] Level 1:colcon.colcon_core.environment:checking '/home/shiva16/ros2_playground/patrol_bot/install/custome_launches' for CMake config files
[0.383s] Level 1:colcon.colcon_core.shell:create_environment_hook('custome_launches', 'cmake_prefix_path')
[0.383s] INFO:colcon.colcon_core.shell:Creating environment hook '/home/shiva16/ros2_playground/patrol_bot/install/custome_launches/share/custome_launches/hook/cmake_prefix_path.ps1'
[0.385s] INFO:colcon.colcon_core.shell:Creating environment descriptor '/home/shiva16/ros2_playground/patrol_bot/install/custome_launches/share/custome_launches/hook/cmake_prefix_path.dsv'
[0.385s] INFO:colcon.colcon_core.shell:Creating environment hook '/home/shiva16/ros2_playground/patrol_bot/install/custome_launches/share/custome_launches/hook/cmake_prefix_path.sh'
[0.386s] Level 1:colcon.colcon_core.environment:checking '/home/shiva16/ros2_playground/patrol_bot/install/custome_launches/bin'
[0.386s] Level 1:colcon.colcon_core.environment:checking '/home/shiva16/ros2_playground/patrol_bot/install/custome_launches/lib/pkgconfig/custome_launches.pc'
[0.386s] Level 1:colcon.colcon_core.environment:checking '/home/shiva16/ros2_playground/patrol_bot/install/custome_launches/lib/python3.10/site-packages'
[0.386s] Level 1:colcon.colcon_core.environment:checking '/home/shiva16/ros2_playground/patrol_bot/install/custome_launches/bin'
[0.386s] INFO:colcon.colcon_core.shell:Creating package script '/home/shiva16/ros2_playground/patrol_bot/install/custome_launches/share/custome_launches/package.ps1'
[0.387s] INFO:colcon.colcon_core.shell:Creating package descriptor '/home/shiva16/ros2_playground/patrol_bot/install/custome_launches/share/custome_launches/package.dsv'
[0.387s] INFO:colcon.colcon_core.shell:Creating package script '/home/shiva16/ros2_playground/patrol_bot/install/custome_launches/share/custome_launches/package.sh'
[0.387s] INFO:colcon.colcon_core.shell:Creating package script '/home/shiva16/ros2_playground/patrol_bot/install/custome_launches/share/custome_launches/package.bash'
[0.388s] INFO:colcon.colcon_core.shell:Creating package script '/home/shiva16/ros2_playground/patrol_bot/install/custome_launches/share/custome_launches/package.zsh'
[0.388s] Level 1:colcon.colcon_core.environment:create_file_with_runtime_dependencies(/home/shiva16/ros2_playground/patrol_bot/install/custome_launches/share/colcon-core/packages/custome_launches)
[0.392s] Level 1:colcon.colcon_core.environment:create_environment_scripts_only(custome_launches)
[0.393s] Level 1:colcon.colcon_core.environment:checking '/home/shiva16/ros2_playground/patrol_bot/install/custome_launches' for CMake module files
[0.393s] Level 1:colcon.colcon_core.environment:checking '/home/shiva16/ros2_playground/patrol_bot/install/custome_launches' for CMake config files
[0.393s] Level 1:colcon.colcon_core.shell:create_environment_hook('custome_launches', 'cmake_prefix_path')
[0.393s] INFO:colcon.colcon_core.shell:Creating environment hook '/home/shiva16/ros2_playground/patrol_bot/install/custome_launches/share/custome_launches/hook/cmake_prefix_path.ps1'
[0.394s] INFO:colcon.colcon_core.shell:Creating environment descriptor '/home/shiva16/ros2_playground/patrol_bot/install/custome_launches/share/custome_launches/hook/cmake_prefix_path.dsv'
[0.394s] INFO:colcon.colcon_core.shell:Creating environment hook '/home/shiva16/ros2_playground/patrol_bot/install/custome_launches/share/custome_launches/hook/cmake_prefix_path.sh'
[0.394s] Level 1:colcon.colcon_core.environment:checking '/home/shiva16/ros2_playground/patrol_bot/install/custome_launches/bin'
[0.394s] Level 1:colcon.colcon_core.environment:checking '/home/shiva16/ros2_playground/patrol_bot/install/custome_launches/lib/pkgconfig/custome_launches.pc'
[0.395s] Level 1:colcon.colcon_core.environment:checking '/home/shiva16/ros2_playground/patrol_bot/install/custome_launches/lib/python3.10/site-packages'
[0.395s] Level 1:colcon.colcon_core.environment:checking '/home/shiva16/ros2_playground/patrol_bot/install/custome_launches/bin'
[0.395s] INFO:colcon.colcon_core.shell:Creating package script '/home/shiva16/ros2_playground/patrol_bot/install/custome_launches/share/custome_launches/package.ps1'
[0.395s] INFO:colcon.colcon_core.shell:Creating package descriptor '/home/shiva16/ros2_playground/patrol_bot/install/custome_launches/share/custome_launches/package.dsv'
[0.396s] INFO:colcon.colcon_core.shell:Creating package script '/home/shiva16/ros2_playground/patrol_bot/install/custome_launches/share/custome_launches/package.sh'
[0.396s] INFO:colcon.colcon_core.shell:Creating package script '/home/shiva16/ros2_playground/patrol_bot/install/custome_launches/share/custome_launches/package.bash'
[0.400s] INFO:colcon.colcon_core.shell:Creating package script '/home/shiva16/ros2_playground/patrol_bot/install/custome_launches/share/custome_launches/package.zsh'
[0.401s] Level 1:colcon.colcon_core.environment:create_file_with_runtime_dependencies(/home/shiva16/ros2_playground/patrol_bot/install/custome_launches/share/colcon-core/packages/custome_launches)
[0.403s] Level 1:colcon.colcon_core.environment:create_environment_scripts_only(descriptions_package)
[0.404s] Level 1:colcon.colcon_core.environment:checking '/home/shiva16/ros2_playground/patrol_bot/install/descriptions_package' for CMake module files
[0.404s] Level 1:colcon.colcon_core.environment:checking '/home/shiva16/ros2_playground/patrol_bot/install/descriptions_package' for CMake config files
[0.414s] Level 1:colcon.colcon_core.shell:create_environment_hook('descriptions_package', 'cmake_prefix_path')
[0.415s] INFO:colcon.colcon_core.shell:Creating environment hook '/home/shiva16/ros2_playground/patrol_bot/install/descriptions_package/share/descriptions_package/hook/cmake_prefix_path.ps1'
[0.417s] DEBUG:colcon.colcon_core.event_handler.log_command:Invoked command in '/home/shiva16/ros2_playground/patrol_bot/build/custome_launches' returned '0': CMAKE_PREFIX_PATH=/opt/ros/humble /usr/bin/cmake --install /home/shiva16/ros2_playground/patrol_bot/build/custome_launches
[0.417s] DEBUG:colcon.colcon_core.event_handler.log_command:Invoked command in '/home/shiva16/ros2_playground/patrol_bot/build/descriptions_package' returned '0': CMAKE_PREFIX_PATH=/opt/ros/humble /usr/bin/cmake --install /home/shiva16/ros2_playground/patrol_bot/build/descriptions_package
[0.417s] INFO:colcon.colcon_core.shell:Creating environment descriptor '/home/shiva16/ros2_playground/patrol_bot/install/descriptions_package/share/descriptions_package/hook/cmake_prefix_path.dsv'
[0.418s] INFO:colcon.colcon_core.shell:Creating environment hook '/home/shiva16/ros2_playground/patrol_bot/install/descriptions_package/share/descriptions_package/hook/cmake_prefix_path.sh'
[0.418s] Level 1:colcon.colcon_core.environment:checking '/home/shiva16/ros2_playground/patrol_bot/install/descriptions_package/bin'
[0.418s] Level 1:colcon.colcon_core.environment:checking '/home/shiva16/ros2_playground/patrol_bot/install/descriptions_package/lib/pkgconfig/descriptions_package.pc'
[0.418s] Level 1:colcon.colcon_core.environment:checking '/home/shiva16/ros2_playground/patrol_bot/install/descriptions_package/lib/python3.10/site-packages'
[0.418s] Level 1:colcon.colcon_core.environment:checking '/home/shiva16/ros2_playground/patrol_bot/install/descriptions_package/bin'
[0.419s] INFO:colcon.colcon_core.shell:Creating package script '/home/shiva16/ros2_playground/patrol_bot/install/descriptions_package/share/descriptions_package/package.ps1'
[0.419s] INFO:colcon.colcon_core.shell:Creating package descriptor '/home/shiva16/ros2_playground/patrol_bot/install/descriptions_package/share/descriptions_package/package.dsv'
[0.419s] INFO:colcon.colcon_core.shell:Creating package script '/home/shiva16/ros2_playground/patrol_bot/install/descriptions_package/share/descriptions_package/package.sh'
[0.420s] INFO:colcon.colcon_core.shell:Creating package script '/home/shiva16/ros2_playground/patrol_bot/install/descriptions_package/share/descriptions_package/package.bash'
[0.420s] INFO:colcon.colcon_core.shell:Creating package script '/home/shiva16/ros2_playground/patrol_bot/install/descriptions_package/share/descriptions_package/package.zsh'
[0.420s] Level 1:colcon.colcon_core.environment:create_file_with_runtime_dependencies(/home/shiva16/ros2_playground/patrol_bot/install/descriptions_package/share/colcon-core/packages/descriptions_package)
[0.421s] Level 1:colcon.colcon_core.environment:create_environment_scripts_only(descriptions_package)
[0.421s] Level 1:colcon.colcon_core.environment:checking '/home/shiva16/ros2_playground/patrol_bot/install/descriptions_package' for CMake module files
[0.421s] Level 1:colcon.colcon_core.environment:checking '/home/shiva16/ros2_playground/patrol_bot/install/descriptions_package' for CMake config files
[0.427s] Level 1:colcon.colcon_core.shell:create_environment_hook('descriptions_package', 'cmake_prefix_path')
[0.427s] INFO:colcon.colcon_core.shell:Creating environment hook '/home/shiva16/ros2_playground/patrol_bot/install/descriptions_package/share/descriptions_package/hook/cmake_prefix_path.ps1'
[0.428s] INFO:colcon.colcon_core.shell:Creating environment descriptor '/home/shiva16/ros2_playground/patrol_bot/install/descriptions_package/share/descriptions_package/hook/cmake_prefix_path.dsv'
[0.428s] INFO:colcon.colcon_core.shell:Creating environment hook '/home/shiva16/ros2_playground/patrol_bot/install/descriptions_package/share/descriptions_package/hook/cmake_prefix_path.sh'
[0.428s] Level 1:colcon.colcon_core.environment:checking '/home/shiva16/ros2_playground/patrol_bot/install/descriptions_package/bin'
[0.429s] Level 1:colcon.colcon_core.environment:checking '/home/shiva16/ros2_playground/patrol_bot/install/descriptions_package/lib/pkgconfig/descriptions_package.pc'
[0.429s] Level 1:colcon.colcon_core.environment:checking '/home/shiva16/ros2_playground/patrol_bot/install/descriptions_package/lib/python3.10/site-packages'
[0.429s] Level 1:colcon.colcon_core.environment:checking '/home/shiva16/ros2_playground/patrol_bot/install/descriptions_package/bin'
[0.429s] INFO:colcon.colcon_core.shell:Creating package script '/home/shiva16/ros2_playground/patrol_bot/install/descriptions_package/share/descriptions_package/package.ps1'
[0.429s] INFO:colcon.colcon_core.shell:Creating package descriptor '/home/shiva16/ros2_playground/patrol_bot/install/descriptions_package/share/descriptions_package/package.dsv'
[0.430s] INFO:colcon.colcon_core.shell:Creating package script '/home/shiva16/ros2_playground/patrol_bot/install/descriptions_package/share/descriptions_package/package.sh'
[0.430s] INFO:colcon.colcon_core.shell:Creating package script '/home/shiva16/ros2_playground/patrol_bot/install/descriptions_package/share/descriptions_package/package.bash'
[0.430s] INFO:colcon.colcon_core.shell:Creating package script '/home/shiva16/ros2_playground/patrol_bot/install/descriptions_package/share/descriptions_package/package.zsh'
[0.431s] Level 1:colcon.colcon_core.environment:create_file_with_runtime_dependencies(/home/shiva16/ros2_playground/patrol_bot/install/descriptions_package/share/colcon-core/packages/descriptions_package)
[0.619s] DEBUG:colcon.colcon_core.event_handler.log_command:Invoked command in '/home/shiva16/ros2_playground/patrol_bot/build/localization_package' returned '0': CMAKE_PREFIX_PATH=/opt/ros/humble /usr/bin/cmake --build /home/shiva16/ros2_playground/patrol_bot/build/localization_package -- -j16 -l16
[0.621s] DEBUG:colcon.colcon_core.event_handler.log_command:Invoking command in '/home/shiva16/ros2_playground/patrol_bot/build/localization_package': CMAKE_PREFIX_PATH=/opt/ros/humble /usr/bin/cmake --install /home/shiva16/ros2_playground/patrol_bot/build/localization_package
[0.622s] DEBUG:colcon.colcon_core.event_handler.log_command:Invoked command in '/home/shiva16/ros2_playground/patrol_bot/build/mapping_pkg' returned '0': CMAKE_PREFIX_PATH=/opt/ros/humble /usr/bin/cmake --build /home/shiva16/ros2_playground/patrol_bot/build/mapping_pkg -- -j16 -l16
[0.623s] DEBUG:colcon.colcon_core.event_handler.log_command:Invoking command in '/home/shiva16/ros2_playground/patrol_bot/build/mapping_pkg': CMAKE_PREFIX_PATH=/opt/ros/humble /usr/bin/cmake --install /home/shiva16/ros2_playground/patrol_bot/build/mapping_pkg
[0.655s] Level 1:colcon.colcon_core.environment:create_environment_scripts_only(localization_package)
[0.655s] Level 1:colcon.colcon_core.environment:checking '/home/shiva16/ros2_playground/patrol_bot/install/localization_package' for CMake module files
[0.656s] DEBUG:colcon.colcon_core.event_handler.log_command:Invoked command in '/home/shiva16/ros2_playground/patrol_bot/build/localization_package' returned '0': CMAKE_PREFIX_PATH=/opt/ros/humble /usr/bin/cmake --install /home/shiva16/ros2_playground/patrol_bot/build/localization_package
[0.656s] Level 1:colcon.colcon_core.environment:checking '/home/shiva16/ros2_playground/patrol_bot/install/localization_package' for CMake config files
[0.656s] Level 1:colcon.colcon_core.shell:create_environment_hook('localization_package', 'cmake_prefix_path')
[0.656s] INFO:colcon.colcon_core.shell:Creating environment hook '/home/shiva16/ros2_playground/patrol_bot/install/localization_package/share/localization_package/hook/cmake_prefix_path.ps1'
[0.657s] INFO:colcon.colcon_core.shell:Creating environment descriptor '/home/shiva16/ros2_playground/patrol_bot/install/localization_package/share/localization_package/hook/cmake_prefix_path.dsv'
[0.657s] INFO:colcon.colcon_core.shell:Creating environment hook '/home/shiva16/ros2_playground/patrol_bot/install/localization_package/share/localization_package/hook/cmake_prefix_path.sh'
[0.657s] Level 1:colcon.colcon_core.environment:checking '/home/shiva16/ros2_playground/patrol_bot/install/localization_package/lib'
[0.657s] Level 1:colcon.colcon_core.environment:checking '/home/shiva16/ros2_playground/patrol_bot/install/localization_package/bin'
[0.657s] Level 1:colcon.colcon_core.environment:checking '/home/shiva16/ros2_playground/patrol_bot/install/localization_package/lib/pkgconfig/localization_package.pc'
[0.658s] Level 1:colcon.colcon_core.environment:checking '/home/shiva16/ros2_playground/patrol_bot/install/localization_package/lib/python3.10/site-packages'
[0.658s] Level 1:colcon.colcon_core.environment:checking '/home/shiva16/ros2_playground/patrol_bot/install/localization_package/bin'
[0.658s] INFO:colcon.colcon_core.shell:Creating package script '/home/shiva16/ros2_playground/patrol_bot/install/localization_package/share/localization_package/package.ps1'
[0.658s] INFO:colcon.colcon_core.shell:Creating package descriptor '/home/shiva16/ros2_playground/patrol_bot/install/localization_package/share/localization_package/package.dsv'
[0.658s] INFO:colcon.colcon_core.shell:Creating package script '/home/shiva16/ros2_playground/patrol_bot/install/localization_package/share/localization_package/package.sh'
[0.659s] INFO:colcon.colcon_core.shell:Creating package script '/home/shiva16/ros2_playground/patrol_bot/install/localization_package/share/localization_package/package.bash'
[0.659s] INFO:colcon.colcon_core.shell:Creating package script '/home/shiva16/ros2_playground/patrol_bot/install/localization_package/share/localization_package/package.zsh'
[0.659s] Level 1:colcon.colcon_core.environment:create_file_with_runtime_dependencies(/home/shiva16/ros2_playground/patrol_bot/install/localization_package/share/colcon-core/packages/localization_package)
[0.659s] Level 1:colcon.colcon_core.environment:create_environment_scripts_only(localization_package)
[0.660s] Level 1:colcon.colcon_core.environment:checking '/home/shiva16/ros2_playground/patrol_bot/install/localization_package' for CMake module files
[0.660s] Level 1:colcon.colcon_core.environment:checking '/home/shiva16/ros2_playground/patrol_bot/install/localization_package' for CMake config files
[0.660s] Level 1:colcon.colcon_core.shell:create_environment_hook('localization_package', 'cmake_prefix_path')
[0.660s] INFO:colcon.colcon_core.shell:Creating environment hook '/home/shiva16/ros2_playground/patrol_bot/install/localization_package/share/localization_package/hook/cmake_prefix_path.ps1'
[0.660s] INFO:colcon.colcon_core.shell:Creating environment descriptor '/home/shiva16/ros2_playground/patrol_bot/install/localization_package/share/localization_package/hook/cmake_prefix_path.dsv'
[0.661s] INFO:colcon.colcon_core.shell:Creating environment hook '/home/shiva16/ros2_playground/patrol_bot/install/localization_package/share/localization_package/hook/cmake_prefix_path.sh'
[0.661s] Level 1:colcon.colcon_core.environment:checking '/home/shiva16/ros2_playground/patrol_bot/install/localization_package/lib'
[0.661s] Level 1:colcon.colcon_core.environment:checking '/home/shiva16/ros2_playground/patrol_bot/install/localization_package/bin'
[0.661s] Level 1:colcon.colcon_core.environment:checking '/home/shiva16/ros2_playground/patrol_bot/install/localization_package/lib/pkgconfig/localization_package.pc'
[0.661s] Level 1:colcon.colcon_core.environment:checking '/home/shiva16/ros2_playground/patrol_bot/install/localization_package/lib/python3.10/site-packages'
[0.661s] Level 1:colcon.colcon_core.environment:checking '/home/shiva16/ros2_playground/patrol_bot/install/localization_package/bin'
[0.661s] INFO:colcon.colcon_core.shell:Creating package script '/home/shiva16/ros2_playground/patrol_bot/install/localization_package/share/localization_package/package.ps1'
[0.662s] INFO:colcon.colcon_core.shell:Creating package descriptor '/home/shiva16/ros2_playground/patrol_bot/install/localization_package/share/localization_package/package.dsv'
[0.662s] INFO:colcon.colcon_core.shell:Creating package script '/home/shiva16/ros2_playground/patrol_bot/install/localization_package/share/localization_package/package.sh'
[0.662s] INFO:colcon.colcon_core.shell:Creating package script '/home/shiva16/ros2_playground/patrol_bot/install/localization_package/share/localization_package/package.bash'
[0.663s] INFO:colcon.colcon_core.shell:Creating package script '/home/shiva16/ros2_playground/patrol_bot/install/localization_package/share/localization_package/package.zsh'
[0.663s] Level 1:colcon.colcon_core.environment:create_file_with_runtime_dependencies(/home/shiva16/ros2_playground/patrol_bot/install/localization_package/share/colcon-core/packages/localization_package)
[0.664s] Level 1:colcon.colcon_core.environment:create_environment_scripts_only(mapping_pkg)
[0.664s] Level 1:colcon.colcon_core.environment:checking '/home/shiva16/ros2_playground/patrol_bot/install/mapping_pkg' for CMake module files
[0.665s] DEBUG:colcon.colcon_core.event_handler.log_command:Invoked command in '/home/shiva16/ros2_playground/patrol_bot/build/mapping_pkg' returned '0': CMAKE_PREFIX_PATH=/opt/ros/humble /usr/bin/cmake --install /home/shiva16/ros2_playground/patrol_bot/build/mapping_pkg
[0.665s] Level 1:colcon.colcon_core.environment:checking '/home/shiva16/ros2_playground/patrol_bot/install/mapping_pkg' for CMake config files
[0.665s] Level 1:colcon.colcon_core.shell:create_environment_hook('mapping_pkg', 'cmake_prefix_path')
[0.665s] INFO:colcon.colcon_core.shell:Creating environment hook '/home/shiva16/ros2_playground/patrol_bot/install/mapping_pkg/share/mapping_pkg/hook/cmake_prefix_path.ps1'
[0.666s] INFO:colcon.colcon_core.shell:Creating environment descriptor '/home/shiva16/ros2_playground/patrol_bot/install/mapping_pkg/share/mapping_pkg/hook/cmake_prefix_path.dsv'
[0.666s] INFO:colcon.colcon_core.shell:Creating environment hook '/home/shiva16/ros2_playground/patrol_bot/install/mapping_pkg/share/mapping_pkg/hook/cmake_prefix_path.sh'
[0.666s] Level 1:colcon.colcon_core.environment:checking '/home/shiva16/ros2_playground/patrol_bot/install/mapping_pkg/bin'
[0.666s] Level 1:colcon.colcon_core.environment:checking '/home/shiva16/ros2_playground/patrol_bot/install/mapping_pkg/lib/pkgconfig/mapping_pkg.pc'
[0.666s] Level 1:colcon.colcon_core.environment:checking '/home/shiva16/ros2_playground/patrol_bot/install/mapping_pkg/lib/python3.10/site-packages'
[0.667s] Level 1:colcon.colcon_core.environment:checking '/home/shiva16/ros2_playground/patrol_bot/install/mapping_pkg/bin'
[0.667s] INFO:colcon.colcon_core.shell:Creating package script '/home/shiva16/ros2_playground/patrol_bot/install/mapping_pkg/share/mapping_pkg/package.ps1'
[0.667s] INFO:colcon.colcon_core.shell:Creating package descriptor '/home/shiva16/ros2_playground/patrol_bot/install/mapping_pkg/share/mapping_pkg/package.dsv'
[0.667s] INFO:colcon.colcon_core.shell:Creating package script '/home/shiva16/ros2_playground/patrol_bot/install/mapping_pkg/share/mapping_pkg/package.sh'
[0.668s] INFO:colcon.colcon_core.shell:Creating package script '/home/shiva16/ros2_playground/patrol_bot/install/mapping_pkg/share/mapping_pkg/package.bash'
[0.668s] INFO:colcon.colcon_core.shell:Creating package script '/home/shiva16/ros2_playground/patrol_bot/install/mapping_pkg/share/mapping_pkg/package.zsh'
[0.668s] Level 1:colcon.colcon_core.environment:create_file_with_runtime_dependencies(/home/shiva16/ros2_playground/patrol_bot/install/mapping_pkg/share/colcon-core/packages/mapping_pkg)
[0.668s] Level 1:colcon.colcon_core.environment:create_environment_scripts_only(mapping_pkg)
[0.668s] Level 1:colcon.colcon_core.environment:checking '/home/shiva16/ros2_playground/patrol_bot/install/mapping_pkg' for CMake module files
[0.669s] Level 1:colcon.colcon_core.environment:checking '/home/shiva16/ros2_playground/patrol_bot/install/mapping_pkg' for CMake config files
[0.669s] Level 1:colcon.colcon_core.shell:create_environment_hook('mapping_pkg', 'cmake_prefix_path')
[0.669s] INFO:colcon.colcon_core.shell:Creating environment hook '/home/shiva16/ros2_playground/patrol_bot/install/mapping_pkg/share/mapping_pkg/hook/cmake_prefix_path.ps1'
[0.669s] INFO:colcon.colcon_core.shell:Creating environment descriptor '/home/shiva16/ros2_playground/patrol_bot/install/mapping_pkg/share/mapping_pkg/hook/cmake_prefix_path.dsv'
[0.670s] INFO:colcon.colcon_core.shell:Creating environment hook '/home/shiva16/ros2_playground/patrol_bot/install/mapping_pkg/share/mapping_pkg/hook/cmake_prefix_path.sh'
[0.670s] Level 1:colcon.colcon_core.environment:checking '/home/shiva16/ros2_playground/patrol_bot/install/mapping_pkg/bin'
[0.670s] Level 1:colcon.colcon_core.environment:checking '/home/shiva16/ros2_playground/patrol_bot/install/mapping_pkg/lib/pkgconfig/mapping_pkg.pc'
[0.670s] Level 1:colcon.colcon_core.environment:checking '/home/shiva16/ros2_playground/patrol_bot/install/mapping_pkg/lib/python3.10/site-packages'
[0.670s] Level 1:colcon.colcon_core.environment:checking '/home/shiva16/ros2_playground/patrol_bot/install/mapping_pkg/bin'
[0.670s] INFO:colcon.colcon_core.shell:Creating package script '/home/shiva16/ros2_playground/patrol_bot/install/mapping_pkg/share/mapping_pkg/package.ps1'
[0.671s] INFO:colcon.colcon_core.shell:Creating package descriptor '/home/shiva16/ros2_playground/patrol_bot/install/mapping_pkg/share/mapping_pkg/package.dsv'
[0.671s] INFO:colcon.colcon_core.shell:Creating package script '/home/shiva16/ros2_playground/patrol_bot/install/mapping_pkg/share/mapping_pkg/package.sh'
[0.671s] INFO:colcon.colcon_core.shell:Creating package script '/home/shiva16/ros2_playground/patrol_bot/install/mapping_pkg/share/mapping_pkg/package.bash'
[0.671s] INFO:colcon.colcon_core.shell:Creating package script '/home/shiva16/ros2_playground/patrol_bot/install/mapping_pkg/share/mapping_pkg/package.zsh'
[0.672s] Level 1:colcon.colcon_core.environment:create_file_with_runtime_dependencies(/home/shiva16/ros2_playground/patrol_bot/install/mapping_pkg/share/colcon-core/packages/mapping_pkg)
[0.672s] DEBUG:colcon.colcon_parallel_executor.executor.parallel:closing loop
[0.672s] DEBUG:colcon.colcon_parallel_executor.executor.parallel:loop closed
[0.672s] DEBUG:colcon.colcon_parallel_executor.executor.parallel:run_until_complete finished with '0'
[0.672s] DEBUG:colcon.colcon_core.event_reactor:joining thread
[0.677s] INFO:colcon.colcon_core.plugin_system:Skipping extension 'colcon_notification.desktop_notification.terminal_notifier': Not used on non-Darwin systems
[0.677s] INFO:colcon.colcon_core.plugin_system:Skipping extension 'colcon_notification.desktop_notification.win32': Not used on non-Windows systems
[0.677s] INFO:colcon.colcon_notification.desktop_notification:Sending desktop notification using 'notify2'
[0.689s] DEBUG:colcon.colcon_core.event_reactor:joined thread
[0.689s] INFO:colcon.colcon_core.shell:Creating prefix script '/home/shiva16/ros2_playground/patrol_bot/install/local_setup.ps1'
[0.690s] INFO:colcon.colcon_core.shell:Creating prefix util module '/home/shiva16/ros2_playground/patrol_bot/install/_local_setup_util_ps1.py'
[0.692s] INFO:colcon.colcon_core.shell:Creating prefix chain script '/home/shiva16/ros2_playground/patrol_bot/install/setup.ps1'
[0.692s] INFO:colcon.colcon_core.shell:Creating prefix script '/home/shiva16/ros2_playground/patrol_bot/install/local_setup.sh'
[0.693s] INFO:colcon.colcon_core.shell:Creating prefix util module '/home/shiva16/ros2_playground/patrol_bot/install/_local_setup_util_sh.py'
[0.693s] INFO:colcon.colcon_core.shell:Creating prefix chain script '/home/shiva16/ros2_playground/patrol_bot/install/setup.sh'
[0.694s] INFO:colcon.colcon_core.shell:Creating prefix script '/home/shiva16/ros2_playground/patrol_bot/install/local_setup.bash'
[0.695s] INFO:colcon.colcon_core.shell:Creating prefix chain script '/home/shiva16/ros2_playground/patrol_bot/install/setup.bash'
[0.695s] INFO:colcon.colcon_core.shell:Creating prefix script '/home/shiva16/ros2_playground/patrol_bot/install/local_setup.zsh'
[0.696s] INFO:colcon.colcon_core.shell:Creating prefix chain script '/home/shiva16/ros2_playground/patrol_bot/install/setup.zsh'
