[0.086s] Invoking command in '/home/shiva/ros2_playground/patrol_bot/build/descriptions_package': CMAKE_PREFIX_PATH=/opt/ros/humble /usr/bin/cmake --build /home/shiva/ros2_playground/patrol_bot/build/descriptions_package -- -j8 -l8
[0.196s] Invoked command in '/home/shiva/ros2_playground/patrol_bot/build/descriptions_package' returned '0': CMAKE_PREFIX_PATH=/opt/ros/humble /usr/bin/cmake --build /home/shiva/ros2_playground/patrol_bot/build/descriptions_package -- -j8 -l8
[0.436s] Invoking command in '/home/shiva/ros2_playground/patrol_bot/build/descriptions_package': CMAKE_PREFIX_PATH=/opt/ros/humble /usr/bin/cmake --install /home/shiva/ros2_playground/patrol_bot/build/descriptions_package
[0.452s] -- Install configuration: ""
[0.539s] -- Up-to-date: /home/shiva/ros2_playground/patrol_bot/install/descriptions_package/share/descriptions_package/meshes
[0.550s] -- Up-to-date: /home/shiva/ros2_playground/patrol_bot/install/descriptions_package/share/descriptions_package/meshes/base_link.STL
[0.550s] -- Up-to-date: /home/shiva/ros2_playground/patrol_bot/install/descriptions_package/share/descriptions_package/meshes/rear_right_wheel_link.STL
[0.550s] -- Up-to-date: /home/shiva/ros2_playground/patrol_bot/install/descriptions_package/share/descriptions_package/meshes/front_left_wheel_link.STL
[0.550s] -- Up-to-date: /home/shiva/ros2_playground/patrol_bot/install/descriptions_package/share/descriptions_package/meshes/front_right_wheel_link.STL
[0.550s] -- Up-to-date: /home/shiva/ros2_playground/patrol_bot/install/descriptions_package/share/descriptions_package/meshes/rear_left_wheel_link.STL
[0.550s] -- Up-to-date: /home/shiva/ros2_playground/patrol_bot/install/descriptions_package/share/descriptions_package/urdf
[0.550s] -- Up-to-date: /home/shiva/ros2_playground/patrol_bot/install/descriptions_package/share/descriptions_package/urdf/bot3_control.xacro
[0.550s] -- Up-to-date: /home/shiva/ros2_playground/patrol_bot/install/descriptions_package/share/descriptions_package/urdf/bot3.urdf.xacro
[0.552s] -- Up-to-date: /home/shiva/ros2_playground/patrol_bot/install/descriptions_package/share/descriptions_package/urdf/bot3_ext_info.xacro
[0.552s] -- Up-to-date: /home/shiva/ros2_playground/patrol_bot/install/descriptions_package/share/descriptions_package/launch
[0.552s] -- Installing: /home/shiva/ros2_playground/patrol_bot/install/descriptions_package/share/descriptions_package/launch/gazebo.launch.py
[0.552s] -- Up-to-date: /home/shiva/ros2_playground/patrol_bot/install/descriptions_package/share/descriptions_package/launch/display.launch.py
[0.552s] -- Up-to-date: /home/shiva/ros2_playground/patrol_bot/install/descriptions_package/share/descriptions_package/rviz_configs
[0.552s] -- Up-to-date: /home/shiva/ros2_playground/patrol_bot/install/descriptions_package/share/descriptions_package/rviz_configs/display.rviz
[0.552s] -- Up-to-date: /home/shiva/ros2_playground/patrol_bot/install/descriptions_package/share/descriptions_package/models
[0.552s] -- Up-to-date: /home/shiva/ros2_playground/patrol_bot/install/descriptions_package/share/descriptions_package/models/models
[0.552s] -- Up-to-date: /home/shiva/ros2_playground/patrol_bot/install/descriptions_package/share/descriptions_package/models/models/ground_plane
[0.552s] -- Up-to-date: /home/shiva/ros2_playground/patrol_bot/install/descriptions_package/share/descriptions_package/models/models/ground_plane/model.config
[0.552s] -- Up-to-date: /home/shiva/ros2_playground/patrol_bot/install/descriptions_package/share/descriptions_package/models/models/ground_plane/model-1_4.sdf
[0.552s] -- Up-to-date: /home/shiva/ros2_playground/patrol_bot/install/descriptions_package/share/descriptions_package/models/models/ground_plane/model-1_2.sdf
[0.552s] -- Up-to-date: /home/shiva/ros2_playground/patrol_bot/install/descriptions_package/share/descriptions_package/models/models/ground_plane/model.sdf
[0.552s] -- Up-to-date: /home/shiva/ros2_playground/patrol_bot/install/descriptions_package/share/descriptions_package/models/models/ground_plane/model-1_3.sdf
[0.572s] -- Up-to-date: /home/shiva/ros2_playground/patrol_bot/install/descriptions_package/share/descriptions_package/models/models/sun
[0.573s] -- Up-to-date: /home/shiva/ros2_playground/patrol_bot/install/descriptions_package/share/descriptions_package/models/models/sun/model.config
[0.574s] -- Up-to-date: /home/shiva/ros2_playground/patrol_bot/install/descriptions_package/share/descriptions_package/models/models/sun/model-1_4.sdf
[0.574s] -- Up-to-date: /home/shiva/ros2_playground/patrol_bot/install/descriptions_package/share/descriptions_package/models/models/sun/model-1_2.sdf
[0.574s] -- Up-to-date: /home/shiva/ros2_playground/patrol_bot/install/descriptions_package/share/descriptions_package/models/models/sun/model.sdf
[0.574s] -- Up-to-date: /home/shiva/ros2_playground/patrol_bot/install/descriptions_package/share/descriptions_package/models/models/sun/model-1_3.sdf
[0.574s] -- Up-to-date: /home/shiva/ros2_playground/patrol_bot/install/descriptions_package/share/ament_index/resource_index/package_run_dependencies/descriptions_package
[0.575s] -- Up-to-date: /home/shiva/ros2_playground/patrol_bot/install/descriptions_package/share/ament_index/resource_index/parent_prefix_path/descriptions_package
[0.575s] -- Up-to-date: /home/shiva/ros2_playground/patrol_bot/install/descriptions_package/share/descriptions_package/environment/ament_prefix_path.sh
[0.575s] -- Up-to-date: /home/shiva/ros2_playground/patrol_bot/install/descriptions_package/share/descriptions_package/environment/ament_prefix_path.dsv
[0.575s] -- Up-to-date: /home/shiva/ros2_playground/patrol_bot/install/descriptions_package/share/descriptions_package/environment/path.sh
[0.575s] -- Up-to-date: /home/shiva/ros2_playground/patrol_bot/install/descriptions_package/share/descriptions_package/environment/path.dsv
[0.575s] -- Up-to-date: /home/shiva/ros2_playground/patrol_bot/install/descriptions_package/share/descriptions_package/local_setup.bash
[0.575s] -- Up-to-date: /home/shiva/ros2_playground/patrol_bot/install/descriptions_package/share/descriptions_package/local_setup.sh
[0.575s] -- Up-to-date: /home/shiva/ros2_playground/patrol_bot/install/descriptions_package/share/descriptions_package/local_setup.zsh
[0.575s] -- Up-to-date: /home/shiva/ros2_playground/patrol_bot/install/descriptions_package/share/descriptions_package/local_setup.dsv
[0.575s] -- Installing: /home/shiva/ros2_playground/patrol_bot/install/descriptions_package/share/descriptions_package/package.dsv
[0.575s] -- Up-to-date: /home/shiva/ros2_playground/patrol_bot/install/descriptions_package/share/ament_index/resource_index/packages/descriptions_package
[0.575s] -- Up-to-date: /home/shiva/ros2_playground/patrol_bot/install/descriptions_package/share/descriptions_package/cmake/descriptions_packageConfig.cmake
[0.575s] -- Up-to-date: /home/shiva/ros2_playground/patrol_bot/install/descriptions_package/share/descriptions_package/cmake/descriptions_packageConfig-version.cmake
[0.575s] -- Up-to-date: /home/shiva/ros2_playground/patrol_bot/install/descriptions_package/share/descriptions_package/package.xml
[0.576s] Invoked command in '/home/shiva/ros2_playground/patrol_bot/build/descriptions_package' returned '0': CMAKE_PREFIX_PATH=/opt/ros/humble /usr/bin/cmake --install /home/shiva/ros2_playground/patrol_bot/build/descriptions_package
