[0.105s] Invoking command in '/home/shiva/ros2_playground/workspace3/build/bot3_controllers': CMAKE_PREFIX_PATH=/opt/ros/humble /usr/bin/cmake /home/shiva/ros2_playground/workspace3/src/bot3_controllers -DCMAKE_INSTALL_PREFIX=/home/shiva/ros2_playground/workspace3/install/bot3_controllers
[0.930s] -- The C compiler identification is GNU 11.4.0
[1.278s] -- The CXX compiler identification is GNU 11.4.0
[1.364s] -- Detecting C compiler ABI info
[1.643s] -- Detecting C compiler ABI info - done
[1.660s] -- Check for working C compiler: /usr/bin/cc - skipped
[1.691s] -- Detecting C compile features
[1.691s] -- Detecting C compile features - done
[1.712s] -- Detecting CXX compiler ABI info
[2.205s] -- Detecting CXX compiler ABI info - done
[2.238s] -- Check for working CXX compiler: /usr/bin/c++ - skipped
[2.238s] -- Detecting CXX compile features
[2.238s] -- Detecting CXX compile features - done
[2.331s] -- Found ament_cmake: 1.3.10 (/opt/ros/humble/share/ament_cmake/cmake)
[3.134s] -- Found Python3: /usr/bin/python3 (found version "3.10.12") found components: Interpreter 
[4.223s] -- Found ament_lint_auto: 0.12.11 (/opt/ros/humble/share/ament_lint_auto/cmake)
[4.915s] -- Added test 'lint_cmake' to check CMake code style
[4.939s] -- Added test 'xmllint' to check XML markup files
[4.974s] -- Configuring done
[5.008s] -- Generating done
[5.008s] -- Build files have been written to: /home/shiva/ros2_playground/workspace3/build/bot3_controllers
[5.039s] Invoked command in '/home/shiva/ros2_playground/workspace3/build/bot3_controllers' returned '0': CMAKE_PREFIX_PATH=/opt/ros/humble /usr/bin/cmake /home/shiva/ros2_playground/workspace3/src/bot3_controllers -DCMAKE_INSTALL_PREFIX=/home/shiva/ros2_playground/workspace3/install/bot3_controllers
[5.039s] Invoking command in '/home/shiva/ros2_playground/workspace3/build/bot3_controllers': CMAKE_PREFIX_PATH=/opt/ros/humble /usr/bin/cmake --build /home/shiva/ros2_playground/workspace3/build/bot3_controllers -- -j8 -l8
[5.230s] Invoked command in '/home/shiva/ros2_playground/workspace3/build/bot3_controllers' returned '0': CMAKE_PREFIX_PATH=/opt/ros/humble /usr/bin/cmake --build /home/shiva/ros2_playground/workspace3/build/bot3_controllers -- -j8 -l8
[5.379s] Invoking command in '/home/shiva/ros2_playground/workspace3/build/bot3_controllers': CMAKE_PREFIX_PATH=/opt/ros/humble /usr/bin/cmake --install /home/shiva/ros2_playground/workspace3/build/bot3_controllers
[5.386s] -- Install configuration: ""
[5.387s] -- Installing: /home/shiva/ros2_playground/workspace3/install/bot3_controllers/share/ament_index/resource_index/package_run_dependencies/bot3_controllers
[5.397s] -- Installing: /home/shiva/ros2_playground/workspace3/install/bot3_controllers/share/ament_index/resource_index/parent_prefix_path/bot3_controllers
[5.397s] -- Installing: /home/shiva/ros2_playground/workspace3/install/bot3_controllers/share/bot3_controllers/environment/ament_prefix_path.sh
[5.401s] -- Installing: /home/shiva/ros2_playground/workspace3/install/bot3_controllers/share/bot3_controllers/environment/ament_prefix_path.dsv
[5.401s] -- Installing: /home/shiva/ros2_playground/workspace3/install/bot3_controllers/share/bot3_controllers/environment/path.sh
[5.401s] -- Installing: /home/shiva/ros2_playground/workspace3/install/bot3_controllers/share/bot3_controllers/environment/path.dsv
[5.407s] -- Installing: /home/shiva/ros2_playground/workspace3/install/bot3_controllers/share/bot3_controllers/local_setup.bash
[5.407s] -- Installing: /home/shiva/ros2_playground/workspace3/install/bot3_controllers/share/bot3_controllers/local_setup.sh
[5.407s] -- Installing: /home/shiva/ros2_playground/workspace3/install/bot3_controllers/share/bot3_controllers/local_setup.zsh
[5.407s] -- Installing: /home/shiva/ros2_playground/workspace3/install/bot3_controllers/share/bot3_controllers/local_setup.dsv
[5.407s] -- Installing: /home/shiva/ros2_playground/workspace3/install/bot3_controllers/share/bot3_controllers/package.dsv
[5.407s] -- Installing: /home/shiva/ros2_playground/workspace3/install/bot3_controllers/share/ament_index/resource_index/packages/bot3_controllers
[5.407s] -- Installing: /home/shiva/ros2_playground/workspace3/install/bot3_controllers/share/bot3_controllers/cmake/bot3_controllersConfig.cmake
[5.407s] -- Installing: /home/shiva/ros2_playground/workspace3/install/bot3_controllers/share/bot3_controllers/cmake/bot3_controllersConfig-version.cmake
[5.407s] -- Installing: /home/shiva/ros2_playground/workspace3/install/bot3_controllers/share/bot3_controllers/package.xml
[5.425s] Invoked command in '/home/shiva/ros2_playground/workspace3/build/bot3_controllers' returned '0': CMAKE_PREFIX_PATH=/opt/ros/humble /usr/bin/cmake --install /home/shiva/ros2_playground/workspace3/build/bot3_controllers
