-- Found ament_cmake: 1.3.11 (/opt/ros/humble/share/ament_cmake/cmake)
-- Found rclpy: 3.3.15 (/opt/ros/humble/share/rclpy/cmake)
-- Found nav_msgs: 4.2.4 (/opt/ros/humble/share/nav_msgs/cmake)
-- Found rosidl_generator_c: 3.1.6 (/opt/ros/humble/share/rosidl_generator_c/cmake)
-- Found rosidl_adapter: 3.1.6 (/opt/ros/humble/share/rosidl_adapter/cmake)
-- Found rosidl_generator_cpp: 3.1.6 (/opt/ros/humble/share/rosidl_generator_cpp/cmake)
-- Using all available rosidl_typesupport_c: rosidl_typesupport_fastrtps_c;rosidl_typesupport_introspection_c
-- Using all available rosidl_typesupport_cpp: rosidl_typesupport_fastrtps_cpp;rosidl_typesupport_introspection_cpp
-- Found sensor_msgs: 4.2.4 (/opt/ros/humble/share/sensor_msgs/cmake)
-- Found ament_lint_auto: 0.12.11 (/opt/ros/humble/share/ament_lint_auto/cmake)
-- Added test 'flake8' to check Python code syntax and style conventions
-- Added test 'lint_cmake' to check CMake code style
-- Added test 'pep257' to check Python code against some of the docstring style conventions in PEP 257
-- Added test 'xmllint' to check XML markup files
-- Configuring done
-- Generating done
-- Build files have been written to: /home/shiva16/ros2_playground/patrol_bot/build/localization_package
Built target ament_cmake_python_copy_localization_package
running egg_info
writing localization_package.egg-info/PKG-INFO
writing dependency_links to localization_package.egg-info/dependency_links.txt
writing top-level names to localization_package.egg-info/top_level.txt
reading manifest file 'localization_package.egg-info/SOURCES.txt'
writing manifest file 'localization_package.egg-info/SOURCES.txt'
Built target ament_cmake_python_build_localization_package_egg
-- Install configuration: ""
-- Up-to-date: /home/shiva16/ros2_playground/patrol_bot/install/localization_package/share/localization_package/environment/pythonpath.sh
-- Installing: /home/shiva16/ros2_playground/patrol_bot/install/localization_package/share/localization_package/environment/pythonpath.dsv
-- Up-to-date: /home/shiva16/ros2_playground/patrol_bot/install/localization_package/local/lib/python3.10/dist-packages/localization_package-0.0.0-py3.10.egg-info
-- Installing: /home/shiva16/ros2_playground/patrol_bot/install/localization_package/local/lib/python3.10/dist-packages/localization_package-0.0.0-py3.10.egg-info/dependency_links.txt
-- Installing: /home/shiva16/ros2_playground/patrol_bot/install/localization_package/local/lib/python3.10/dist-packages/localization_package-0.0.0-py3.10.egg-info/top_level.txt
-- Installing: /home/shiva16/ros2_playground/patrol_bot/install/localization_package/local/lib/python3.10/dist-packages/localization_package-0.0.0-py3.10.egg-info/SOURCES.txt
-- Installing: /home/shiva16/ros2_playground/patrol_bot/install/localization_package/local/lib/python3.10/dist-packages/localization_package-0.0.0-py3.10.egg-info/PKG-INFO
-- Up-to-date: /home/shiva16/ros2_playground/patrol_bot/install/localization_package/local/lib/python3.10/dist-packages/localization_package
-- Up-to-date: /home/shiva16/ros2_playground/patrol_bot/install/localization_package/local/lib/python3.10/dist-packages/localization_package/__init__.py
Listing '/home/shiva16/ros2_playground/patrol_bot/install/localization_package/local/lib/python3.10/dist-packages/localization_package'...
-- Installing: /home/shiva16/ros2_playground/patrol_bot/install/localization_package/share/localization_package/launch
-- Installing: /home/shiva16/ros2_playground/patrol_bot/install/localization_package/share/localization_package/launch/global_localization.launch.py
-- Installing: /home/shiva16/ros2_playground/patrol_bot/install/localization_package/share/localization_package/config
-- Installing: /home/shiva16/ros2_playground/patrol_bot/install/localization_package/share/localization_package/config/amcl.yaml
-- Installing: /home/shiva16/ros2_playground/patrol_bot/install/localization_package/share/ament_index/resource_index/package_run_dependencies/localization_package
-- Up-to-date: /home/shiva16/ros2_playground/patrol_bot/install/localization_package/share/ament_index/resource_index/parent_prefix_path/localization_package
-- Up-to-date: /home/shiva16/ros2_playground/patrol_bot/install/localization_package/share/localization_package/environment/ament_prefix_path.sh
-- Installing: /home/shiva16/ros2_playground/patrol_bot/install/localization_package/share/localization_package/environment/ament_prefix_path.dsv
-- Up-to-date: /home/shiva16/ros2_playground/patrol_bot/install/localization_package/share/localization_package/environment/path.sh
-- Installing: /home/shiva16/ros2_playground/patrol_bot/install/localization_package/share/localization_package/environment/path.dsv
-- Up-to-date: /home/shiva16/ros2_playground/patrol_bot/install/localization_package/share/localization_package/local_setup.bash
-- Installing: /home/shiva16/ros2_playground/patrol_bot/install/localization_package/share/localization_package/local_setup.sh
-- Up-to-date: /home/shiva16/ros2_playground/patrol_bot/install/localization_package/share/localization_package/local_setup.zsh
-- Installing: /home/shiva16/ros2_playground/patrol_bot/install/localization_package/share/localization_package/local_setup.dsv
-- Installing: /home/shiva16/ros2_playground/patrol_bot/install/localization_package/share/localization_package/package.dsv
-- Up-to-date: /home/shiva16/ros2_playground/patrol_bot/install/localization_package/share/ament_index/resource_index/packages/localization_package
-- Up-to-date: /home/shiva16/ros2_playground/patrol_bot/install/localization_package/share/localization_package/cmake/localization_packageConfig.cmake
-- Up-to-date: /home/shiva16/ros2_playground/patrol_bot/install/localization_package/share/localization_package/cmake/localization_packageConfig-version.cmake
-- Installing: /home/shiva16/ros2_playground/patrol_bot/install/localization_package/share/localization_package/package.xml
