[0.013s] Invoking command in '/home/shiva16/ros2_playground/patrol_bot/build/localization_package': CMAKE_PREFIX_PATH=/opt/ros/humble /usr/bin/cmake --build /home/shiva16/ros2_playground/patrol_bot/build/localization_package -- -j16 -l16
[0.030s] -- Found ament_cmake: 1.3.11 (/opt/ros/humble/share/ament_cmake/cmake)
[0.119s] -- Found rclpy: 3.3.15 (/opt/ros/humble/share/rclpy/cmake)
[0.119s] -- Found nav_msgs: 4.2.4 (/opt/ros/humble/share/nav_msgs/cmake)
[0.137s] -- Found rosidl_generator_c: 3.1.6 (/opt/ros/humble/share/rosidl_generator_c/cmake)
[0.139s] -- Found rosidl_adapter: 3.1.6 (/opt/ros/humble/share/rosidl_adapter/cmake)
[0.143s] -- Found rosidl_generator_cpp: 3.1.6 (/opt/ros/humble/share/rosidl_generator_cpp/cmake)
[0.149s] -- Using all available rosidl_typesupport_c: rosidl_typesupport_fastrtps_c;rosidl_typesupport_introspection_c
[0.157s] -- Using all available rosidl_typesupport_cpp: rosidl_typesupport_fastrtps_cpp;rosidl_typesupport_introspection_cpp
[0.193s] -- Found sensor_msgs: 4.2.4 (/opt/ros/humble/share/sensor_msgs/cmake)
[0.247s] -- Found ament_lint_auto: 0.12.11 (/opt/ros/humble/share/ament_lint_auto/cmake)
[0.296s] -- Added test 'flake8' to check Python code syntax and style conventions
[0.296s] -- Added test 'lint_cmake' to check CMake code style
[0.296s] -- Added test 'pep257' to check Python code against some of the docstring style conventions in PEP 257
[0.297s] -- Added test 'xmllint' to check XML markup files
[0.298s] -- Configuring done
[0.302s] -- Generating done
[0.304s] -- Build files have been written to: /home/shiva16/ros2_playground/patrol_bot/build/localization_package
[0.341s] Built target ament_cmake_python_copy_localization_package
[0.515s] running egg_info
[0.515s] writing localization_package.egg-info/PKG-INFO
[0.515s] writing dependency_links to localization_package.egg-info/dependency_links.txt
[0.515s] writing top-level names to localization_package.egg-info/top_level.txt
[0.517s] reading manifest file 'localization_package.egg-info/SOURCES.txt'
[0.517s] writing manifest file 'localization_package.egg-info/SOURCES.txt'
[0.545s] Built target ament_cmake_python_build_localization_package_egg
[0.555s] Invoked command in '/home/shiva16/ros2_playground/patrol_bot/build/localization_package' returned '0': CMAKE_PREFIX_PATH=/opt/ros/humble /usr/bin/cmake --build /home/shiva16/ros2_playground/patrol_bot/build/localization_package -- -j16 -l16
[0.556s] Invoking command in '/home/shiva16/ros2_playground/patrol_bot/build/localization_package': CMAKE_PREFIX_PATH=/opt/ros/humble /usr/bin/cmake --install /home/shiva16/ros2_playground/patrol_bot/build/localization_package
[0.563s] -- Install configuration: ""
[0.563s] -- Up-to-date: /home/shiva16/ros2_playground/patrol_bot/install/localization_package/share/localization_package/environment/pythonpath.sh
[0.563s] -- Installing: /home/shiva16/ros2_playground/patrol_bot/install/localization_package/share/localization_package/environment/pythonpath.dsv
[0.563s] -- Up-to-date: /home/shiva16/ros2_playground/patrol_bot/install/localization_package/local/lib/python3.10/dist-packages/localization_package-0.0.0-py3.10.egg-info
[0.563s] -- Installing: /home/shiva16/ros2_playground/patrol_bot/install/localization_package/local/lib/python3.10/dist-packages/localization_package-0.0.0-py3.10.egg-info/dependency_links.txt
[0.563s] -- Installing: /home/shiva16/ros2_playground/patrol_bot/install/localization_package/local/lib/python3.10/dist-packages/localization_package-0.0.0-py3.10.egg-info/top_level.txt
[0.563s] -- Installing: /home/shiva16/ros2_playground/patrol_bot/install/localization_package/local/lib/python3.10/dist-packages/localization_package-0.0.0-py3.10.egg-info/SOURCES.txt
[0.563s] -- Installing: /home/shiva16/ros2_playground/patrol_bot/install/localization_package/local/lib/python3.10/dist-packages/localization_package-0.0.0-py3.10.egg-info/PKG-INFO
[0.563s] -- Up-to-date: /home/shiva16/ros2_playground/patrol_bot/install/localization_package/local/lib/python3.10/dist-packages/localization_package
[0.563s] -- Up-to-date: /home/shiva16/ros2_playground/patrol_bot/install/localization_package/local/lib/python3.10/dist-packages/localization_package/__init__.py
[0.584s] Listing '/home/shiva16/ros2_playground/patrol_bot/install/localization_package/local/lib/python3.10/dist-packages/localization_package'...
[0.587s] -- Installing: /home/shiva16/ros2_playground/patrol_bot/install/localization_package/share/localization_package/launch
[0.587s] -- Installing: /home/shiva16/ros2_playground/patrol_bot/install/localization_package/share/localization_package/launch/global_localization.launch.py
[0.587s] -- Installing: /home/shiva16/ros2_playground/patrol_bot/install/localization_package/share/localization_package/config
[0.588s] -- Installing: /home/shiva16/ros2_playground/patrol_bot/install/localization_package/share/localization_package/config/amcl.yaml
[0.588s] -- Installing: /home/shiva16/ros2_playground/patrol_bot/install/localization_package/share/ament_index/resource_index/package_run_dependencies/localization_package
[0.588s] -- Up-to-date: /home/shiva16/ros2_playground/patrol_bot/install/localization_package/share/ament_index/resource_index/parent_prefix_path/localization_package
[0.588s] -- Up-to-date: /home/shiva16/ros2_playground/patrol_bot/install/localization_package/share/localization_package/environment/ament_prefix_path.sh
[0.588s] -- Installing: /home/shiva16/ros2_playground/patrol_bot/install/localization_package/share/localization_package/environment/ament_prefix_path.dsv
[0.588s] -- Up-to-date: /home/shiva16/ros2_playground/patrol_bot/install/localization_package/share/localization_package/environment/path.sh
[0.588s] -- Installing: /home/shiva16/ros2_playground/patrol_bot/install/localization_package/share/localization_package/environment/path.dsv
[0.589s] -- Up-to-date: /home/shiva16/ros2_playground/patrol_bot/install/localization_package/share/localization_package/local_setup.bash
[0.589s] -- Installing: /home/shiva16/ros2_playground/patrol_bot/install/localization_package/share/localization_package/local_setup.sh
[0.589s] -- Up-to-date: /home/shiva16/ros2_playground/patrol_bot/install/localization_package/share/localization_package/local_setup.zsh
[0.589s] -- Installing: /home/shiva16/ros2_playground/patrol_bot/install/localization_package/share/localization_package/local_setup.dsv
[0.589s] -- Installing: /home/shiva16/ros2_playground/patrol_bot/install/localization_package/share/localization_package/package.dsv
[0.589s] -- Up-to-date: /home/shiva16/ros2_playground/patrol_bot/install/localization_package/share/ament_index/resource_index/packages/localization_package
[0.589s] -- Up-to-date: /home/shiva16/ros2_playground/patrol_bot/install/localization_package/share/localization_package/cmake/localization_packageConfig.cmake
[0.589s] -- Up-to-date: /home/shiva16/ros2_playground/patrol_bot/install/localization_package/share/localization_package/cmake/localization_packageConfig-version.cmake
[0.589s] -- Installing: /home/shiva16/ros2_playground/patrol_bot/install/localization_package/share/localization_package/package.xml
[0.591s] Invoked command in '/home/shiva16/ros2_playground/patrol_bot/build/localization_package' returned '0': CMAKE_PREFIX_PATH=/opt/ros/humble /usr/bin/cmake --install /home/shiva16/ros2_playground/patrol_bot/build/localization_package
