[0.099s] DEBUG:colcon:Command line arguments: ['/usr/bin/colcon', 'build']
[0.099s] DEBUG:colcon:Parsed command line arguments: Namespace(log_base=None, log_level=None, verb_name='build', build_base='build', install_base='install', merge_install=False, symlink_install=False, test_result_base=None, continue_on_error=False, executor='parallel', parallel_workers=8, event_handlers=None, ignore_user_meta=False, metas=['./colcon.meta'], base_paths=['.'], packages_ignore=None, packages_ignore_regex=None, paths=None, packages_up_to=None, packages_up_to_regex=None, packages_above=None, packages_above_and_dependencies=None, packages_above_depth=None, packages_select_by_dep=None, packages_skip_by_dep=None, packages_skip_up_to=None, packages_select_build_failed=False, packages_skip_build_finished=False, packages_select_test_failures=False, packages_skip_test_passed=False, packages_select=None, packages_skip=None, packages_select_regex=None, packages_skip_regex=None, packages_start=None, packages_end=None, allow_overriding=[], cmake_args=None, cmake_target=None, cmake_target_skip_unavailable=False, cmake_clean_cache=False, cmake_clean_first=False, cmake_force_configure=False, ament_cmake_args=None, catkin_cmake_args=None, catkin_skip_building_tests=False, mixin_files=None, mixin=None, verb_parser=<colcon_mixin.mixin.mixin_argument.MixinArgumentDecorator object at 0x722d5f3fb2e0>, verb_extension=<colcon_core.verb.build.BuildVerb object at 0x722d5f3fad70>, main=<bound method BuildVerb.main of <colcon_core.verb.build.BuildVerb object at 0x722d5f3fad70>>, mixin_verb=('build',))
[0.252s] Level 1:colcon.colcon_core.package_discovery:discover_packages(colcon_meta) check parameters
[0.252s] Level 1:colcon.colcon_core.package_discovery:discover_packages(recursive) check parameters
[0.252s] Level 1:colcon.colcon_core.package_discovery:discover_packages(ignore) check parameters
[0.252s] Level 1:colcon.colcon_core.package_discovery:discover_packages(path) check parameters
[0.252s] Level 1:colcon.colcon_core.package_discovery:discover_packages(colcon_meta) discover
[0.252s] Level 1:colcon.colcon_core.package_discovery:discover_packages(recursive) discover
[0.252s] INFO:colcon.colcon_core.package_discovery:Crawling recursively for packages in '/home/shiva/ros2_playground/workspace3'
[0.252s] Level 1:colcon.colcon_core.package_identification:_identify(.) by extensions ['ignore', 'ignore_ament_install']
[0.252s] Level 1:colcon.colcon_core.package_identification:_identify(.) by extension 'ignore'
[0.253s] Level 1:colcon.colcon_core.package_identification:_identify(.) by extension 'ignore_ament_install'
[0.253s] Level 1:colcon.colcon_core.package_identification:_identify(.) by extensions ['colcon_pkg']
[0.253s] Level 1:colcon.colcon_core.package_identification:_identify(.) by extension 'colcon_pkg'
[0.253s] Level 1:colcon.colcon_core.package_identification:_identify(.) by extensions ['colcon_meta']
[0.253s] Level 1:colcon.colcon_core.package_identification:_identify(.) by extension 'colcon_meta'
[0.253s] Level 1:colcon.colcon_core.package_identification:_identify(.) by extensions ['ros']
[0.253s] Level 1:colcon.colcon_core.package_identification:_identify(.) by extension 'ros'
[0.261s] Level 1:colcon.colcon_core.package_identification:_identify(.) by extensions ['cmake', 'python']
[0.261s] Level 1:colcon.colcon_core.package_identification:_identify(.) by extension 'cmake'
[0.262s] Level 1:colcon.colcon_core.package_identification:_identify(.) by extension 'python'
[0.262s] Level 1:colcon.colcon_core.package_identification:_identify(.) by extensions ['python_setup_py']
[0.262s] Level 1:colcon.colcon_core.package_identification:_identify(.) by extension 'python_setup_py'
[0.262s] Level 1:colcon.colcon_core.package_identification:_identify(build) by extensions ['ignore', 'ignore_ament_install']
[0.262s] Level 1:colcon.colcon_core.package_identification:_identify(build) by extension 'ignore'
[0.263s] Level 1:colcon.colcon_core.package_identification:_identify(build) ignored
[0.263s] Level 1:colcon.colcon_core.package_identification:_identify(install) by extensions ['ignore', 'ignore_ament_install']
[0.264s] Level 1:colcon.colcon_core.package_identification:_identify(install) by extension 'ignore'
[0.264s] Level 1:colcon.colcon_core.package_identification:_identify(install) ignored
[0.264s] Level 1:colcon.colcon_core.package_identification:_identify(log) by extensions ['ignore', 'ignore_ament_install']
[0.264s] Level 1:colcon.colcon_core.package_identification:_identify(log) by extension 'ignore'
[0.264s] Level 1:colcon.colcon_core.package_identification:_identify(log) ignored
[0.264s] Level 1:colcon.colcon_core.package_identification:_identify(src) by extensions ['ignore', 'ignore_ament_install']
[0.264s] Level 1:colcon.colcon_core.package_identification:_identify(src) by extension 'ignore'
[0.264s] Level 1:colcon.colcon_core.package_identification:_identify(src) by extension 'ignore_ament_install'
[0.264s] Level 1:colcon.colcon_core.package_identification:_identify(src) by extensions ['colcon_pkg']
[0.264s] Level 1:colcon.colcon_core.package_identification:_identify(src) by extension 'colcon_pkg'
[0.264s] Level 1:colcon.colcon_core.package_identification:_identify(src) by extensions ['colcon_meta']
[0.264s] Level 1:colcon.colcon_core.package_identification:_identify(src) by extension 'colcon_meta'
[0.264s] Level 1:colcon.colcon_core.package_identification:_identify(src) by extensions ['ros']
[0.264s] Level 1:colcon.colcon_core.package_identification:_identify(src) by extension 'ros'
[0.264s] Level 1:colcon.colcon_core.package_identification:_identify(src) by extensions ['cmake', 'python']
[0.264s] Level 1:colcon.colcon_core.package_identification:_identify(src) by extension 'cmake'
[0.264s] Level 1:colcon.colcon_core.package_identification:_identify(src) by extension 'python'
[0.265s] Level 1:colcon.colcon_core.package_identification:_identify(src) by extensions ['python_setup_py']
[0.265s] Level 1:colcon.colcon_core.package_identification:_identify(src) by extension 'python_setup_py'
[0.265s] Level 1:colcon.colcon_core.package_identification:_identify(src/bot3_controllers) by extensions ['ignore', 'ignore_ament_install']
[0.265s] Level 1:colcon.colcon_core.package_identification:_identify(src/bot3_controllers) by extension 'ignore'
[0.265s] Level 1:colcon.colcon_core.package_identification:_identify(src/bot3_controllers) by extension 'ignore_ament_install'
[0.265s] Level 1:colcon.colcon_core.package_identification:_identify(src/bot3_controllers) by extensions ['colcon_pkg']
[0.265s] Level 1:colcon.colcon_core.package_identification:_identify(src/bot3_controllers) by extension 'colcon_pkg'
[0.265s] Level 1:colcon.colcon_core.package_identification:_identify(src/bot3_controllers) by extensions ['colcon_meta']
[0.265s] Level 1:colcon.colcon_core.package_identification:_identify(src/bot3_controllers) by extension 'colcon_meta'
[0.265s] Level 1:colcon.colcon_core.package_identification:_identify(src/bot3_controllers) by extensions ['ros']
[0.265s] Level 1:colcon.colcon_core.package_identification:_identify(src/bot3_controllers) by extension 'ros'
[0.267s] DEBUG:colcon.colcon_core.package_identification:Package 'src/bot3_controllers' with type 'ros.ament_cmake' and name 'bot3_controllers'
[0.267s] Level 1:colcon.colcon_core.package_identification:_identify(src/descriptions_package) by extensions ['ignore', 'ignore_ament_install']
[0.267s] Level 1:colcon.colcon_core.package_identification:_identify(src/descriptions_package) by extension 'ignore'
[0.267s] Level 1:colcon.colcon_core.package_identification:_identify(src/descriptions_package) by extension 'ignore_ament_install'
[0.267s] Level 1:colcon.colcon_core.package_identification:_identify(src/descriptions_package) by extensions ['colcon_pkg']
[0.267s] Level 1:colcon.colcon_core.package_identification:_identify(src/descriptions_package) by extension 'colcon_pkg'
[0.267s] Level 1:colcon.colcon_core.package_identification:_identify(src/descriptions_package) by extensions ['colcon_meta']
[0.267s] Level 1:colcon.colcon_core.package_identification:_identify(src/descriptions_package) by extension 'colcon_meta'
[0.267s] Level 1:colcon.colcon_core.package_identification:_identify(src/descriptions_package) by extensions ['ros']
[0.268s] Level 1:colcon.colcon_core.package_identification:_identify(src/descriptions_package) by extension 'ros'
[0.268s] DEBUG:colcon.colcon_core.package_identification:Package 'src/descriptions_package' with type 'ros.ament_cmake' and name 'descriptions_package'
[0.268s] Level 1:colcon.colcon_core.package_discovery:discover_packages(recursive) using defaults
[0.268s] Level 1:colcon.colcon_core.package_discovery:discover_packages(ignore) discover
[0.268s] Level 1:colcon.colcon_core.package_discovery:discover_packages(ignore) using defaults
[0.268s] Level 1:colcon.colcon_core.package_discovery:discover_packages(path) discover
[0.268s] Level 1:colcon.colcon_core.package_discovery:discover_packages(path) using defaults
[0.293s] Level 1:colcon.colcon_core.package_discovery:discover_packages(prefix_path) check parameters
[0.293s] Level 1:colcon.colcon_core.package_discovery:discover_packages(prefix_path) discover
[0.295s] DEBUG:colcon.colcon_installed_package_information.package_discovery:Found 362 installed packages in /opt/ros/humble
[0.296s] Level 1:colcon.colcon_core.package_discovery:discover_packages(prefix_path) using defaults
[0.333s] Level 5:colcon.colcon_core.verb:set package 'bot3_controllers' build argument 'cmake_args' from command line to 'None'
[0.333s] Level 5:colcon.colcon_core.verb:set package 'bot3_controllers' build argument 'cmake_target' from command line to 'None'
[0.333s] Level 5:colcon.colcon_core.verb:set package 'bot3_controllers' build argument 'cmake_target_skip_unavailable' from command line to 'False'
[0.333s] Level 5:colcon.colcon_core.verb:set package 'bot3_controllers' build argument 'cmake_clean_cache' from command line to 'False'
[0.333s] Level 5:colcon.colcon_core.verb:set package 'bot3_controllers' build argument 'cmake_clean_first' from command line to 'False'
[0.333s] Level 5:colcon.colcon_core.verb:set package 'bot3_controllers' build argument 'cmake_force_configure' from command line to 'False'
[0.334s] Level 5:colcon.colcon_core.verb:set package 'bot3_controllers' build argument 'ament_cmake_args' from command line to 'None'
[0.334s] Level 5:colcon.colcon_core.verb:set package 'bot3_controllers' build argument 'catkin_cmake_args' from command line to 'None'
[0.334s] Level 5:colcon.colcon_core.verb:set package 'bot3_controllers' build argument 'catkin_skip_building_tests' from command line to 'False'
[0.334s] DEBUG:colcon.colcon_core.verb:Building package 'bot3_controllers' with the following arguments: {'ament_cmake_args': None, 'build_base': '/home/shiva/ros2_playground/workspace3/build/bot3_controllers', 'catkin_cmake_args': None, 'catkin_skip_building_tests': False, 'cmake_args': None, 'cmake_clean_cache': False, 'cmake_clean_first': False, 'cmake_force_configure': False, 'cmake_target': None, 'cmake_target_skip_unavailable': False, 'install_base': '/home/shiva/ros2_playground/workspace3/install/bot3_controllers', 'merge_install': False, 'path': '/home/shiva/ros2_playground/workspace3/src/bot3_controllers', 'symlink_install': False, 'test_result_base': None}
[0.334s] Level 5:colcon.colcon_core.verb:set package 'descriptions_package' build argument 'cmake_args' from command line to 'None'
[0.335s] Level 5:colcon.colcon_core.verb:set package 'descriptions_package' build argument 'cmake_target' from command line to 'None'
[0.335s] Level 5:colcon.colcon_core.verb:set package 'descriptions_package' build argument 'cmake_target_skip_unavailable' from command line to 'False'
[0.335s] Level 5:colcon.colcon_core.verb:set package 'descriptions_package' build argument 'cmake_clean_cache' from command line to 'False'
[0.335s] Level 5:colcon.colcon_core.verb:set package 'descriptions_package' build argument 'cmake_clean_first' from command line to 'False'
[0.335s] Level 5:colcon.colcon_core.verb:set package 'descriptions_package' build argument 'cmake_force_configure' from command line to 'False'
[0.335s] Level 5:colcon.colcon_core.verb:set package 'descriptions_package' build argument 'ament_cmake_args' from command line to 'None'
[0.335s] Level 5:colcon.colcon_core.verb:set package 'descriptions_package' build argument 'catkin_cmake_args' from command line to 'None'
[0.335s] Level 5:colcon.colcon_core.verb:set package 'descriptions_package' build argument 'catkin_skip_building_tests' from command line to 'False'
[0.335s] DEBUG:colcon.colcon_core.verb:Building package 'descriptions_package' with the following arguments: {'ament_cmake_args': None, 'build_base': '/home/shiva/ros2_playground/workspace3/build/descriptions_package', 'catkin_cmake_args': None, 'catkin_skip_building_tests': False, 'cmake_args': None, 'cmake_clean_cache': False, 'cmake_clean_first': False, 'cmake_force_configure': False, 'cmake_target': None, 'cmake_target_skip_unavailable': False, 'install_base': '/home/shiva/ros2_playground/workspace3/install/descriptions_package', 'merge_install': False, 'path': '/home/shiva/ros2_playground/workspace3/src/descriptions_package', 'symlink_install': False, 'test_result_base': None}
[0.335s] INFO:colcon.colcon_core.executor:Executing jobs using 'parallel' executor
[0.336s] DEBUG:colcon.colcon_parallel_executor.executor.parallel:run_until_complete
[0.337s] INFO:colcon.colcon_ros.task.ament_cmake.build:Building ROS package in '/home/shiva/ros2_playground/workspace3/src/bot3_controllers' with build type 'ament_cmake'
[0.337s] INFO:colcon.colcon_cmake.task.cmake.build:Building CMake package in '/home/shiva/ros2_playground/workspace3/src/bot3_controllers'
[0.341s] INFO:colcon.colcon_core.plugin_system:Skipping extension 'colcon_core.shell.bat': Not used on non-Windows systems
[0.341s] INFO:colcon.colcon_core.shell:Skip shell extension 'powershell' for command environment: Not usable outside of PowerShell
[0.341s] DEBUG:colcon.colcon_core.shell:Skip shell extension 'dsv' for command environment
[0.345s] INFO:colcon.colcon_ros.task.ament_cmake.build:Building ROS package in '/home/shiva/ros2_playground/workspace3/src/descriptions_package' with build type 'ament_cmake'
[0.346s] INFO:colcon.colcon_cmake.task.cmake.build:Building CMake package in '/home/shiva/ros2_playground/workspace3/src/descriptions_package'
[0.346s] INFO:colcon.colcon_core.shell:Skip shell extension 'powershell' for command environment: Not usable outside of PowerShell
[0.349s] DEBUG:colcon.colcon_core.shell:Skip shell extension 'dsv' for command environment
[0.416s] DEBUG:colcon.colcon_core.event_handler.log_command:Invoking command in '/home/shiva/ros2_playground/workspace3/build/bot3_controllers': CMAKE_PREFIX_PATH=/opt/ros/humble /usr/bin/cmake --build /home/shiva/ros2_playground/workspace3/build/bot3_controllers -- -j8 -l8
[0.502s] DEBUG:colcon.colcon_core.event_handler.log_command:Invoking command in '/home/shiva/ros2_playground/workspace3/build/descriptions_package': CMAKE_PREFIX_PATH=/opt/ros/humble /usr/bin/cmake --build /home/shiva/ros2_playground/workspace3/build/descriptions_package -- -j8 -l8
[0.581s] DEBUG:colcon.colcon_core.event_handler.log_command:Invoked command in '/home/shiva/ros2_playground/workspace3/build/bot3_controllers' returned '0': CMAKE_PREFIX_PATH=/opt/ros/humble /usr/bin/cmake --build /home/shiva/ros2_playground/workspace3/build/bot3_controllers -- -j8 -l8
[0.624s] DEBUG:colcon.colcon_core.event_handler.log_command:Invoked command in '/home/shiva/ros2_playground/workspace3/build/descriptions_package' returned '0': CMAKE_PREFIX_PATH=/opt/ros/humble /usr/bin/cmake --build /home/shiva/ros2_playground/workspace3/build/descriptions_package -- -j8 -l8
[0.730s] DEBUG:colcon.colcon_core.event_handler.log_command:Invoking command in '/home/shiva/ros2_playground/workspace3/build/bot3_controllers': CMAKE_PREFIX_PATH=/opt/ros/humble /usr/bin/cmake --install /home/shiva/ros2_playground/workspace3/build/bot3_controllers
[0.732s] DEBUG:colcon.colcon_core.event_handler.log_command:Invoking command in '/home/shiva/ros2_playground/workspace3/build/descriptions_package': CMAKE_PREFIX_PATH=/opt/ros/humble /usr/bin/cmake --install /home/shiva/ros2_playground/workspace3/build/descriptions_package
[0.837s] Level 1:colcon.colcon_core.environment:create_environment_scripts_only(bot3_controllers)
[0.843s] Level 1:colcon.colcon_core.environment:checking '/home/shiva/ros2_playground/workspace3/install/bot3_controllers' for CMake module files
[0.847s] Level 1:colcon.colcon_core.environment:checking '/home/shiva/ros2_playground/workspace3/install/bot3_controllers' for CMake config files
[0.850s] Level 1:colcon.colcon_core.shell:create_environment_hook('bot3_controllers', 'cmake_prefix_path')
[0.851s] INFO:colcon.colcon_core.shell:Creating environment hook '/home/shiva/ros2_playground/workspace3/install/bot3_controllers/share/bot3_controllers/hook/cmake_prefix_path.ps1'
[0.852s] DEBUG:colcon.colcon_core.event_handler.log_command:Invoked command in '/home/shiva/ros2_playground/workspace3/build/bot3_controllers' returned '0': CMAKE_PREFIX_PATH=/opt/ros/humble /usr/bin/cmake --install /home/shiva/ros2_playground/workspace3/build/bot3_controllers
[0.852s] INFO:colcon.colcon_core.shell:Creating environment descriptor '/home/shiva/ros2_playground/workspace3/install/bot3_controllers/share/bot3_controllers/hook/cmake_prefix_path.dsv'
[0.853s] INFO:colcon.colcon_core.shell:Creating environment hook '/home/shiva/ros2_playground/workspace3/install/bot3_controllers/share/bot3_controllers/hook/cmake_prefix_path.sh'
[0.854s] Level 1:colcon.colcon_core.environment:checking '/home/shiva/ros2_playground/workspace3/install/bot3_controllers/bin'
[0.854s] Level 1:colcon.colcon_core.environment:checking '/home/shiva/ros2_playground/workspace3/install/bot3_controllers/lib/pkgconfig/bot3_controllers.pc'
[0.854s] Level 1:colcon.colcon_core.environment:checking '/home/shiva/ros2_playground/workspace3/install/bot3_controllers/lib/python3.10/site-packages'
[0.855s] Level 1:colcon.colcon_core.environment:checking '/home/shiva/ros2_playground/workspace3/install/bot3_controllers/bin'
[0.855s] INFO:colcon.colcon_core.shell:Creating package script '/home/shiva/ros2_playground/workspace3/install/bot3_controllers/share/bot3_controllers/package.ps1'
[0.856s] INFO:colcon.colcon_core.shell:Creating package descriptor '/home/shiva/ros2_playground/workspace3/install/bot3_controllers/share/bot3_controllers/package.dsv'
[0.857s] INFO:colcon.colcon_core.shell:Creating package script '/home/shiva/ros2_playground/workspace3/install/bot3_controllers/share/bot3_controllers/package.sh'
[0.857s] INFO:colcon.colcon_core.shell:Creating package script '/home/shiva/ros2_playground/workspace3/install/bot3_controllers/share/bot3_controllers/package.bash'
[0.858s] INFO:colcon.colcon_core.shell:Creating package script '/home/shiva/ros2_playground/workspace3/install/bot3_controllers/share/bot3_controllers/package.zsh'
[0.859s] Level 1:colcon.colcon_core.environment:create_file_with_runtime_dependencies(/home/shiva/ros2_playground/workspace3/install/bot3_controllers/share/colcon-core/packages/bot3_controllers)
[0.861s] Level 1:colcon.colcon_core.environment:create_environment_scripts_only(descriptions_package)
[0.862s] Level 1:colcon.colcon_core.environment:checking '/home/shiva/ros2_playground/workspace3/install/descriptions_package' for CMake module files
[0.863s] DEBUG:colcon.colcon_core.event_handler.log_command:Invoked command in '/home/shiva/ros2_playground/workspace3/build/descriptions_package' returned '0': CMAKE_PREFIX_PATH=/opt/ros/humble /usr/bin/cmake --install /home/shiva/ros2_playground/workspace3/build/descriptions_package
[0.863s] Level 1:colcon.colcon_core.environment:checking '/home/shiva/ros2_playground/workspace3/install/descriptions_package' for CMake config files
[0.863s] Level 1:colcon.colcon_core.shell:create_environment_hook('descriptions_package', 'cmake_prefix_path')
[0.864s] INFO:colcon.colcon_core.shell:Creating environment hook '/home/shiva/ros2_playground/workspace3/install/descriptions_package/share/descriptions_package/hook/cmake_prefix_path.ps1'
[0.864s] INFO:colcon.colcon_core.shell:Creating environment descriptor '/home/shiva/ros2_playground/workspace3/install/descriptions_package/share/descriptions_package/hook/cmake_prefix_path.dsv'
[0.865s] INFO:colcon.colcon_core.shell:Creating environment hook '/home/shiva/ros2_playground/workspace3/install/descriptions_package/share/descriptions_package/hook/cmake_prefix_path.sh'
[0.866s] Level 1:colcon.colcon_core.environment:checking '/home/shiva/ros2_playground/workspace3/install/descriptions_package/bin'
[0.866s] Level 1:colcon.colcon_core.environment:checking '/home/shiva/ros2_playground/workspace3/install/descriptions_package/lib/pkgconfig/descriptions_package.pc'
[0.866s] Level 1:colcon.colcon_core.environment:checking '/home/shiva/ros2_playground/workspace3/install/descriptions_package/lib/python3.10/site-packages'
[0.866s] Level 1:colcon.colcon_core.environment:checking '/home/shiva/ros2_playground/workspace3/install/descriptions_package/bin'
[0.866s] INFO:colcon.colcon_core.shell:Creating package script '/home/shiva/ros2_playground/workspace3/install/descriptions_package/share/descriptions_package/package.ps1'
[0.867s] INFO:colcon.colcon_core.shell:Creating package descriptor '/home/shiva/ros2_playground/workspace3/install/descriptions_package/share/descriptions_package/package.dsv'
[0.868s] INFO:colcon.colcon_core.shell:Creating package script '/home/shiva/ros2_playground/workspace3/install/descriptions_package/share/descriptions_package/package.sh'
[0.868s] INFO:colcon.colcon_core.shell:Creating package script '/home/shiva/ros2_playground/workspace3/install/descriptions_package/share/descriptions_package/package.bash'
[0.870s] INFO:colcon.colcon_core.shell:Creating package script '/home/shiva/ros2_playground/workspace3/install/descriptions_package/share/descriptions_package/package.zsh'
[0.873s] Level 1:colcon.colcon_core.environment:create_file_with_runtime_dependencies(/home/shiva/ros2_playground/workspace3/install/descriptions_package/share/colcon-core/packages/descriptions_package)
[1.064s] Level 1:colcon.colcon_core.environment:create_environment_scripts_only(bot3_controllers)
[1.070s] Level 1:colcon.colcon_core.environment:checking '/home/shiva/ros2_playground/workspace3/install/bot3_controllers' for CMake module files
[1.073s] Level 1:colcon.colcon_core.environment:checking '/home/shiva/ros2_playground/workspace3/install/bot3_controllers' for CMake config files
[1.074s] Level 1:colcon.colcon_core.shell:create_environment_hook('bot3_controllers', 'cmake_prefix_path')
[1.078s] INFO:colcon.colcon_core.shell:Creating environment hook '/home/shiva/ros2_playground/workspace3/install/bot3_controllers/share/bot3_controllers/hook/cmake_prefix_path.ps1'
[1.086s] INFO:colcon.colcon_core.shell:Creating environment descriptor '/home/shiva/ros2_playground/workspace3/install/bot3_controllers/share/bot3_controllers/hook/cmake_prefix_path.dsv'
[1.088s] INFO:colcon.colcon_core.shell:Creating environment hook '/home/shiva/ros2_playground/workspace3/install/bot3_controllers/share/bot3_controllers/hook/cmake_prefix_path.sh'
[1.091s] Level 1:colcon.colcon_core.environment:checking '/home/shiva/ros2_playground/workspace3/install/bot3_controllers/bin'
[1.091s] Level 1:colcon.colcon_core.environment:checking '/home/shiva/ros2_playground/workspace3/install/bot3_controllers/lib/pkgconfig/bot3_controllers.pc'
[1.091s] Level 1:colcon.colcon_core.environment:checking '/home/shiva/ros2_playground/workspace3/install/bot3_controllers/lib/python3.10/site-packages'
[1.091s] Level 1:colcon.colcon_core.environment:checking '/home/shiva/ros2_playground/workspace3/install/bot3_controllers/bin'
[1.091s] INFO:colcon.colcon_core.shell:Creating package script '/home/shiva/ros2_playground/workspace3/install/bot3_controllers/share/bot3_controllers/package.ps1'
[1.093s] INFO:colcon.colcon_core.shell:Creating package descriptor '/home/shiva/ros2_playground/workspace3/install/bot3_controllers/share/bot3_controllers/package.dsv'
[1.094s] INFO:colcon.colcon_core.shell:Creating package script '/home/shiva/ros2_playground/workspace3/install/bot3_controllers/share/bot3_controllers/package.sh'
[1.095s] INFO:colcon.colcon_core.shell:Creating package script '/home/shiva/ros2_playground/workspace3/install/bot3_controllers/share/bot3_controllers/package.bash'
[1.095s] INFO:colcon.colcon_core.shell:Creating package script '/home/shiva/ros2_playground/workspace3/install/bot3_controllers/share/bot3_controllers/package.zsh'
[1.096s] Level 1:colcon.colcon_core.environment:create_file_with_runtime_dependencies(/home/shiva/ros2_playground/workspace3/install/bot3_controllers/share/colcon-core/packages/bot3_controllers)
[1.097s] Level 1:colcon.colcon_core.environment:create_environment_scripts_only(descriptions_package)
[1.097s] Level 1:colcon.colcon_core.environment:checking '/home/shiva/ros2_playground/workspace3/install/descriptions_package' for CMake module files
[1.100s] Level 1:colcon.colcon_core.environment:checking '/home/shiva/ros2_playground/workspace3/install/descriptions_package' for CMake config files
[1.105s] Level 1:colcon.colcon_core.shell:create_environment_hook('descriptions_package', 'cmake_prefix_path')
[1.106s] INFO:colcon.colcon_core.shell:Creating environment hook '/home/shiva/ros2_playground/workspace3/install/descriptions_package/share/descriptions_package/hook/cmake_prefix_path.ps1'
[1.114s] INFO:colcon.colcon_core.shell:Creating environment descriptor '/home/shiva/ros2_playground/workspace3/install/descriptions_package/share/descriptions_package/hook/cmake_prefix_path.dsv'
[1.116s] INFO:colcon.colcon_core.shell:Creating environment hook '/home/shiva/ros2_playground/workspace3/install/descriptions_package/share/descriptions_package/hook/cmake_prefix_path.sh'
[1.125s] Level 1:colcon.colcon_core.environment:checking '/home/shiva/ros2_playground/workspace3/install/descriptions_package/bin'
[1.125s] Level 1:colcon.colcon_core.environment:checking '/home/shiva/ros2_playground/workspace3/install/descriptions_package/lib/pkgconfig/descriptions_package.pc'
[1.125s] Level 1:colcon.colcon_core.environment:checking '/home/shiva/ros2_playground/workspace3/install/descriptions_package/lib/python3.10/site-packages'
[1.127s] Level 1:colcon.colcon_core.environment:checking '/home/shiva/ros2_playground/workspace3/install/descriptions_package/bin'
[1.127s] INFO:colcon.colcon_core.shell:Creating package script '/home/shiva/ros2_playground/workspace3/install/descriptions_package/share/descriptions_package/package.ps1'
[1.131s] INFO:colcon.colcon_core.shell:Creating package descriptor '/home/shiva/ros2_playground/workspace3/install/descriptions_package/share/descriptions_package/package.dsv'
[1.133s] INFO:colcon.colcon_core.shell:Creating package script '/home/shiva/ros2_playground/workspace3/install/descriptions_package/share/descriptions_package/package.sh'
[1.139s] INFO:colcon.colcon_core.shell:Creating package script '/home/shiva/ros2_playground/workspace3/install/descriptions_package/share/descriptions_package/package.bash'
[1.142s] INFO:colcon.colcon_core.shell:Creating package script '/home/shiva/ros2_playground/workspace3/install/descriptions_package/share/descriptions_package/package.zsh'
[1.146s] Level 1:colcon.colcon_core.environment:create_file_with_runtime_dependencies(/home/shiva/ros2_playground/workspace3/install/descriptions_package/share/colcon-core/packages/descriptions_package)
[1.150s] DEBUG:colcon.colcon_parallel_executor.executor.parallel:closing loop
[1.153s] DEBUG:colcon.colcon_parallel_executor.executor.parallel:loop closed
[1.153s] DEBUG:colcon.colcon_parallel_executor.executor.parallel:run_until_complete finished with '0'
[1.153s] DEBUG:colcon.colcon_core.event_reactor:joining thread
[1.175s] INFO:colcon.colcon_core.plugin_system:Skipping extension 'colcon_notification.desktop_notification.terminal_notifier': Not used on non-Darwin systems
[1.177s] INFO:colcon.colcon_core.plugin_system:Skipping extension 'colcon_notification.desktop_notification.win32': Not used on non-Windows systems
[1.177s] INFO:colcon.colcon_notification.desktop_notification:Sending desktop notification using 'notify2'
[1.215s] DEBUG:colcon.colcon_core.event_reactor:joined thread
[1.215s] INFO:colcon.colcon_core.shell:Creating prefix script '/home/shiva/ros2_playground/workspace3/install/local_setup.ps1'
[1.218s] INFO:colcon.colcon_core.shell:Creating prefix util module '/home/shiva/ros2_playground/workspace3/install/_local_setup_util_ps1.py'
[1.220s] INFO:colcon.colcon_core.shell:Creating prefix chain script '/home/shiva/ros2_playground/workspace3/install/setup.ps1'
[1.222s] INFO:colcon.colcon_core.shell:Creating prefix script '/home/shiva/ros2_playground/workspace3/install/local_setup.sh'
[1.225s] INFO:colcon.colcon_core.shell:Creating prefix util module '/home/shiva/ros2_playground/workspace3/install/_local_setup_util_sh.py'
[1.226s] INFO:colcon.colcon_core.shell:Creating prefix chain script '/home/shiva/ros2_playground/workspace3/install/setup.sh'
[1.228s] INFO:colcon.colcon_core.shell:Creating prefix script '/home/shiva/ros2_playground/workspace3/install/local_setup.bash'
[1.229s] INFO:colcon.colcon_core.shell:Creating prefix chain script '/home/shiva/ros2_playground/workspace3/install/setup.bash'
[1.231s] INFO:colcon.colcon_core.shell:Creating prefix script '/home/shiva/ros2_playground/workspace3/install/local_setup.zsh'
[1.232s] INFO:colcon.colcon_core.shell:Creating prefix chain script '/home/shiva/ros2_playground/workspace3/install/setup.zsh'
