[19.035s] Invoking command in '/home/shiva/ros2_playground/workspace2/src/python_pkgs': PYTHONPATH=/home/shiva/ros2_playground/workspace2/build/python_pkgs/prefix_override:/usr/lib/python3/dist-packages/colcon_core/task/python/colcon_distutils_commands:/home/shiva/ros2_playground/workspace2/install/python_pkgs/lib/python3.10/site-packages:${PYTHONPATH} /usr/bin/python3 -W ignore:setup.py install is deprecated setup.py egg_info --egg-base ../../build/python_pkgs build --build-base /home/shiva/ros2_playground/workspace2/build/python_pkgs/build install --record /home/shiva/ros2_playground/workspace2/build/python_pkgs/install.log --single-version-externally-managed install_data
[20.985s] running egg_info
[20.988s] writing ../../build/python_pkgs/python_pkgs.egg-info/PKG-INFO
[21.034s] writing dependency_links to ../../build/python_pkgs/python_pkgs.egg-info/dependency_links.txt
[21.042s] writing entry points to ../../build/python_pkgs/python_pkgs.egg-info/entry_points.txt
[21.065s] writing requirements to ../../build/python_pkgs/python_pkgs.egg-info/requires.txt
[21.121s] writing top-level names to ../../build/python_pkgs/python_pkgs.egg-info/top_level.txt
[21.123s] reading manifest file '../../build/python_pkgs/python_pkgs.egg-info/SOURCES.txt'
[21.163s] writing manifest file '../../build/python_pkgs/python_pkgs.egg-info/SOURCES.txt'
[21.185s] running build
[21.188s] running build_py
[21.188s] running install
[21.188s] running install_lib
[21.192s] running install_data
[21.192s] running install_egg_info
[21.225s] removing '/home/shiva/ros2_playground/workspace2/install/python_pkgs/lib/python3.10/site-packages/python_pkgs-0.0.0-py3.10.egg-info' (and everything under it)
[21.225s] Copying ../../build/python_pkgs/python_pkgs.egg-info to /home/shiva/ros2_playground/workspace2/install/python_pkgs/lib/python3.10/site-packages/python_pkgs-0.0.0-py3.10.egg-info
[21.250s] running install_scripts
[21.421s] Installing drone_image script to /home/shiva/ros2_playground/workspace2/install/python_pkgs/lib/python_pkgs
[21.742s] writing list of installed files to '/home/shiva/ros2_playground/workspace2/build/python_pkgs/install.log'
[21.930s] Invoked command in '/home/shiva/ros2_playground/workspace2/src/python_pkgs' returned '0': PYTHONPATH=/home/shiva/ros2_playground/workspace2/build/python_pkgs/prefix_override:/usr/lib/python3/dist-packages/colcon_core/task/python/colcon_distutils_commands:/home/shiva/ros2_playground/workspace2/install/python_pkgs/lib/python3.10/site-packages:${PYTHONPATH} /usr/bin/python3 -W ignore:setup.py install is deprecated setup.py egg_info --egg-base ../../build/python_pkgs build --build-base /home/shiva/ros2_playground/workspace2/build/python_pkgs/build install --record /home/shiva/ros2_playground/workspace2/build/python_pkgs/install.log --single-version-externally-managed install_data
