-- Install configuration: ""
-- Up-to-date: /home/shiva/ros2_playground/patrol_bot/install/descriptions_package/share/descriptions_package/meshes
-- Up-to-date: /home/shiva/ros2_playground/patrol_bot/install/descriptions_package/share/descriptions_package/meshes/base_link.STL
-- Up-to-date: /home/shiva/ros2_playground/patrol_bot/install/descriptions_package/share/descriptions_package/meshes/rear_right_wheel_link.STL
-- Up-to-date: /home/shiva/ros2_playground/patrol_bot/install/descriptions_package/share/descriptions_package/meshes/front_left_wheel_link.STL
-- Up-to-date: /home/shiva/ros2_playground/patrol_bot/install/descriptions_package/share/descriptions_package/meshes/front_right_wheel_link.STL
-- Up-to-date: /home/shiva/ros2_playground/patrol_bot/install/descriptions_package/share/descriptions_package/meshes/rear_left_wheel_link.STL
-- Up-to-date: /home/shiva/ros2_playground/patrol_bot/install/descriptions_package/share/descriptions_package/urdf
-- Up-to-date: /home/shiva/ros2_playground/patrol_bot/install/descriptions_package/share/descriptions_package/urdf/bot3_control.xacro
-- Up-to-date: /home/shiva/ros2_playground/patrol_bot/install/descriptions_package/share/descriptions_package/urdf/bot3.urdf.xacro
-- Up-to-date: /home/shiva/ros2_playground/patrol_bot/install/descriptions_package/share/descriptions_package/urdf/bot3_ext_info.xacro
-- Up-to-date: /home/shiva/ros2_playground/patrol_bot/install/descriptions_package/share/descriptions_package/launch
-- Installing: /home/shiva/ros2_playground/patrol_bot/install/descriptions_package/share/descriptions_package/launch/gazebo.launch.py
-- Installing: /home/shiva/ros2_playground/patrol_bot/install/descriptions_package/share/descriptions_package/launch/display.launch.py
-- Up-to-date: /home/shiva/ros2_playground/patrol_bot/install/descriptions_package/share/descriptions_package/rviz_configs
-- Up-to-date: /home/shiva/ros2_playground/patrol_bot/install/descriptions_package/share/descriptions_package/rviz_configs/display.rviz
-- Up-to-date: /home/shiva/ros2_playground/patrol_bot/install/descriptions_package/share/descriptions_package/models
-- Up-to-date: /home/shiva/ros2_playground/patrol_bot/install/descriptions_package/share/descriptions_package/models/models
-- Up-to-date: /home/shiva/ros2_playground/patrol_bot/install/descriptions_package/share/descriptions_package/models/models/ground_plane
-- Up-to-date: /home/shiva/ros2_playground/patrol_bot/install/descriptions_package/share/descriptions_package/models/models/ground_plane/model.config
-- Up-to-date: /home/shiva/ros2_playground/patrol_bot/install/descriptions_package/share/descriptions_package/models/models/ground_plane/model-1_4.sdf
-- Up-to-date: /home/shiva/ros2_playground/patrol_bot/install/descriptions_package/share/descriptions_package/models/models/ground_plane/model-1_2.sdf
-- Up-to-date: /home/shiva/ros2_playground/patrol_bot/install/descriptions_package/share/descriptions_package/models/models/ground_plane/model.sdf
-- Up-to-date: /home/shiva/ros2_playground/patrol_bot/install/descriptions_package/share/descriptions_package/models/models/ground_plane/model-1_3.sdf
-- Up-to-date: /home/shiva/ros2_playground/patrol_bot/install/descriptions_package/share/descriptions_package/models/models/sun
-- Up-to-date: /home/shiva/ros2_playground/patrol_bot/install/descriptions_package/share/descriptions_package/models/models/sun/model.config
-- Up-to-date: /home/shiva/ros2_playground/patrol_bot/install/descriptions_package/share/descriptions_package/models/models/sun/model-1_4.sdf
-- Up-to-date: /home/shiva/ros2_playground/patrol_bot/install/descriptions_package/share/descriptions_package/models/models/sun/model-1_2.sdf
-- Up-to-date: /home/shiva/ros2_playground/patrol_bot/install/descriptions_package/share/descriptions_package/models/models/sun/model.sdf
-- Up-to-date: /home/shiva/ros2_playground/patrol_bot/install/descriptions_package/share/descriptions_package/models/models/sun/model-1_3.sdf
-- Up-to-date: /home/shiva/ros2_playground/patrol_bot/install/descriptions_package/share/ament_index/resource_index/package_run_dependencies/descriptions_package
-- Up-to-date: /home/shiva/ros2_playground/patrol_bot/install/descriptions_package/share/ament_index/resource_index/parent_prefix_path/descriptions_package
-- Up-to-date: /home/shiva/ros2_playground/patrol_bot/install/descriptions_package/share/descriptions_package/environment/ament_prefix_path.sh
-- Up-to-date: /home/shiva/ros2_playground/patrol_bot/install/descriptions_package/share/descriptions_package/environment/ament_prefix_path.dsv
-- Up-to-date: /home/shiva/ros2_playground/patrol_bot/install/descriptions_package/share/descriptions_package/environment/path.sh
-- Up-to-date: /home/shiva/ros2_playground/patrol_bot/install/descriptions_package/share/descriptions_package/environment/path.dsv
-- Up-to-date: /home/shiva/ros2_playground/patrol_bot/install/descriptions_package/share/descriptions_package/local_setup.bash
-- Up-to-date: /home/shiva/ros2_playground/patrol_bot/install/descriptions_package/share/descriptions_package/local_setup.sh
-- Up-to-date: /home/shiva/ros2_playground/patrol_bot/install/descriptions_package/share/descriptions_package/local_setup.zsh
-- Up-to-date: /home/shiva/ros2_playground/patrol_bot/install/descriptions_package/share/descriptions_package/local_setup.dsv
-- Installing: /home/shiva/ros2_playground/patrol_bot/install/descriptions_package/share/descriptions_package/package.dsv
-- Up-to-date: /home/shiva/ros2_playground/patrol_bot/install/descriptions_package/share/ament_index/resource_index/packages/descriptions_package
-- Up-to-date: /home/shiva/ros2_playground/patrol_bot/install/descriptions_package/share/descriptions_package/cmake/descriptions_packageConfig.cmake
-- Up-to-date: /home/shiva/ros2_playground/patrol_bot/install/descriptions_package/share/descriptions_package/cmake/descriptions_packageConfig-version.cmake
-- Up-to-date: /home/shiva/ros2_playground/patrol_bot/install/descriptions_package/share/descriptions_package/package.xml
