[0.459s] Invoking command in '/home/shiva/ros2_playground/workspace3/build/descriptions_package': CMAKE_PREFIX_PATH=/opt/ros/humble /usr/bin/cmake /home/shiva/ros2_playground/workspace3/src/descriptions_package -DCMAKE_INSTALL_PREFIX=/home/shiva/ros2_playground/workspace3/install/descriptions_package
[1.145s] -- The C compiler identification is GNU 11.4.0
[1.761s] -- The CXX compiler identification is GNU 11.4.0
[1.879s] -- Detecting C compiler ABI info
[2.646s] -- Detecting C compiler ABI info - done
[2.713s] -- Check for working C compiler: /usr/bin/cc - skipped
[2.713s] -- Detecting C compile features
[2.736s] -- Detecting C compile features - done
[2.756s] -- Detecting CXX compiler ABI info
[3.458s] -- Detecting CXX compiler ABI info - done
[3.502s] -- Check for working CXX compiler: /usr/bin/c++ - skipped
[3.502s] -- Detecting CXX compile features
[3.511s] -- Detecting CXX compile features - done
[3.624s] -- Found ament_cmake: 1.3.10 (/opt/ros/humble/share/ament_cmake/cmake)
[4.291s] -- Found Python3: /usr/bin/python3 (found version "3.10.12") found components: Interpreter 
[5.859s] -- Found ament_lint_auto: 0.12.11 (/opt/ros/humble/share/ament_lint_auto/cmake)
[6.271s] -- Added test 'flake8' to check Python code syntax and style conventions
[6.274s] -- Added test 'lint_cmake' to check CMake code style
[6.275s] -- Added test 'pep257' to check Python code against some of the docstring style conventions in PEP 257
[6.281s] -- Added test 'xmllint' to check XML markup files
[6.286s] -- Configuring done
[6.294s] -- Generating done
[6.296s] -- Build files have been written to: /home/shiva/ros2_playground/workspace3/build/descriptions_package
