[5.581s] Invoking command in '/home/shiva/ros2_playground/workspace2/src/python_pkgs': PYTHONPATH=/home/shiva/ros2_playground/workspace2/build/python_pkgs/prefix_override:/usr/lib/python3/dist-packages/colcon_core/task/python/colcon_distutils_commands:/home/shiva/ros2_playground/workspace2/install/python_pkgs/lib/python3.10/site-packages:${PYTHONPATH} /usr/bin/python3 -W ignore:setup.py install is deprecated setup.py egg_info --egg-base ../../build/python_pkgs build --build-base /home/shiva/ros2_playground/workspace2/build/python_pkgs/build install --record /home/shiva/ros2_playground/workspace2/build/python_pkgs/install.log --single-version-externally-managed install_data
[5.989s] running egg_info
[5.989s] writing ../../build/python_pkgs/python_pkgs.egg-info/PKG-INFO
[5.990s] writing dependency_links to ../../build/python_pkgs/python_pkgs.egg-info/dependency_links.txt
[6.013s] writing entry points to ../../build/python_pkgs/python_pkgs.egg-info/entry_points.txt
[6.014s] writing requirements to ../../build/python_pkgs/python_pkgs.egg-info/requires.txt
[6.014s] writing top-level names to ../../build/python_pkgs/python_pkgs.egg-info/top_level.txt
[6.014s] reading manifest file '../../build/python_pkgs/python_pkgs.egg-info/SOURCES.txt'
[6.014s] writing manifest file '../../build/python_pkgs/python_pkgs.egg-info/SOURCES.txt'
[6.017s] running build
[6.017s] running build_py
[6.017s] running install
[6.017s] running install_lib
[6.021s] running install_data
[6.032s] running install_egg_info
[6.036s] removing '/home/shiva/ros2_playground/workspace2/install/python_pkgs/lib/python3.10/site-packages/python_pkgs-0.0.0-py3.10.egg-info' (and everything under it)
[6.037s] Copying ../../build/python_pkgs/python_pkgs.egg-info to /home/shiva/ros2_playground/workspace2/install/python_pkgs/lib/python3.10/site-packages/python_pkgs-0.0.0-py3.10.egg-info
[6.039s] running install_scripts
[6.069s] Installing drone_image script to /home/shiva/ros2_playground/workspace2/install/python_pkgs/lib/python_pkgs
[6.070s] writing list of installed files to '/home/shiva/ros2_playground/workspace2/build/python_pkgs/install.log'
[6.099s] Invoked command in '/home/shiva/ros2_playground/workspace2/src/python_pkgs' returned '0': PYTHONPATH=/home/shiva/ros2_playground/workspace2/build/python_pkgs/prefix_override:/usr/lib/python3/dist-packages/colcon_core/task/python/colcon_distutils_commands:/home/shiva/ros2_playground/workspace2/install/python_pkgs/lib/python3.10/site-packages:${PYTHONPATH} /usr/bin/python3 -W ignore:setup.py install is deprecated setup.py egg_info --egg-base ../../build/python_pkgs build --build-base /home/shiva/ros2_playground/workspace2/build/python_pkgs/build install --record /home/shiva/ros2_playground/workspace2/build/python_pkgs/install.log --single-version-externally-managed install_data
