[0.040s] Invoking command in '/home/shiva16/ros2_playground/patrol_bot/build/navigation_package': CMAKE_PREFIX_PATH=/opt/ros/humble /usr/bin/cmake --build /home/shiva16/ros2_playground/patrol_bot/build/navigation_package -- -j16 -l16
[0.140s] Invoked command in '/home/shiva16/ros2_playground/patrol_bot/build/navigation_package' returned '0': CMAKE_PREFIX_PATH=/opt/ros/humble /usr/bin/cmake --build /home/shiva16/ros2_playground/patrol_bot/build/navigation_package -- -j16 -l16
[0.141s] Invoking command in '/home/shiva16/ros2_playground/patrol_bot/build/navigation_package': CMAKE_PREFIX_PATH=/opt/ros/humble /usr/bin/cmake --install /home/shiva16/ros2_playground/patrol_bot/build/navigation_package
[0.141s] -- Install configuration: ""
[0.141s] -- Up-to-date: /home/shiva16/ros2_playground/patrol_bot/install/navigation_package/share/navigation_package/launch
[0.141s] -- Up-to-date: /home/shiva16/ros2_playground/patrol_bot/install/navigation_package/share/navigation_package/launch/navigation2.launch.py
[0.141s] -- Up-to-date: /home/shiva16/ros2_playground/patrol_bot/install/navigation_package/share/navigation_package/config
[0.141s] -- Up-to-date: /home/shiva16/ros2_playground/patrol_bot/install/navigation_package/share/navigation_package/config/nav2_params.yaml
[0.141s] -- Up-to-date: /home/shiva16/ros2_playground/patrol_bot/install/navigation_package/share/ament_index/resource_index/package_run_dependencies/navigation_package
[0.141s] -- Up-to-date: /home/shiva16/ros2_playground/patrol_bot/install/navigation_package/share/ament_index/resource_index/parent_prefix_path/navigation_package
[0.141s] -- Up-to-date: /home/shiva16/ros2_playground/patrol_bot/install/navigation_package/share/navigation_package/environment/ament_prefix_path.sh
[0.142s] -- Up-to-date: /home/shiva16/ros2_playground/patrol_bot/install/navigation_package/share/navigation_package/environment/ament_prefix_path.dsv
[0.142s] -- Up-to-date: /home/shiva16/ros2_playground/patrol_bot/install/navigation_package/share/navigation_package/environment/path.sh
[0.142s] -- Up-to-date: /home/shiva16/ros2_playground/patrol_bot/install/navigation_package/share/navigation_package/environment/path.dsv
[0.142s] -- Up-to-date: /home/shiva16/ros2_playground/patrol_bot/install/navigation_package/share/navigation_package/local_setup.bash
[0.142s] -- Up-to-date: /home/shiva16/ros2_playground/patrol_bot/install/navigation_package/share/navigation_package/local_setup.sh
[0.142s] -- Up-to-date: /home/shiva16/ros2_playground/patrol_bot/install/navigation_package/share/navigation_package/local_setup.zsh
[0.142s] -- Up-to-date: /home/shiva16/ros2_playground/patrol_bot/install/navigation_package/share/navigation_package/local_setup.dsv
[0.142s] -- Installing: /home/shiva16/ros2_playground/patrol_bot/install/navigation_package/share/navigation_package/package.dsv
[0.142s] -- Up-to-date: /home/shiva16/ros2_playground/patrol_bot/install/navigation_package/share/ament_index/resource_index/packages/navigation_package
[0.142s] -- Up-to-date: /home/shiva16/ros2_playground/patrol_bot/install/navigation_package/share/navigation_package/cmake/navigation_packageConfig.cmake
[0.142s] -- Up-to-date: /home/shiva16/ros2_playground/patrol_bot/install/navigation_package/share/navigation_package/cmake/navigation_packageConfig-version.cmake
[0.142s] -- Up-to-date: /home/shiva16/ros2_playground/patrol_bot/install/navigation_package/share/navigation_package/package.xml
[0.162s] Invoked command in '/home/shiva16/ros2_playground/patrol_bot/build/navigation_package' returned '0': CMAKE_PREFIX_PATH=/opt/ros/humble /usr/bin/cmake --install /home/shiva16/ros2_playground/patrol_bot/build/navigation_package
