[0.163s] DEBUG:colcon:Command line arguments: ['/usr/bin/colcon', 'build']
[0.164s] DEBUG:colcon:Parsed command line arguments: Namespace(log_base=None, log_level=None, verb_name='build', build_base='build', install_base='install', merge_install=False, symlink_install=False, test_result_base=None, continue_on_error=False, executor='parallel', parallel_workers=8, event_handlers=None, ignore_user_meta=False, metas=['./colcon.meta'], base_paths=['.'], packages_ignore=None, packages_ignore_regex=None, paths=None, packages_up_to=None, packages_up_to_regex=None, packages_above=None, packages_above_and_dependencies=None, packages_above_depth=None, packages_select_by_dep=None, packages_skip_by_dep=None, packages_skip_up_to=None, packages_select_build_failed=False, packages_skip_build_finished=False, packages_select_test_failures=False, packages_skip_test_passed=False, packages_select=None, packages_skip=None, packages_select_regex=None, packages_skip_regex=None, packages_start=None, packages_end=None, allow_overriding=[], cmake_args=None, cmake_target=None, cmake_target_skip_unavailable=False, cmake_clean_cache=False, cmake_clean_first=False, cmake_force_configure=False, ament_cmake_args=None, catkin_cmake_args=None, catkin_skip_building_tests=False, mixin_files=None, mixin=None, verb_parser=<colcon_mixin.mixin.mixin_argument.MixinArgumentDecorator object at 0x72a24654f5e0>, verb_extension=<colcon_core.verb.build.BuildVerb object at 0x72a24654ef50>, main=<bound method BuildVerb.main of <colcon_core.verb.build.BuildVerb object at 0x72a24654ef50>>, mixin_verb=('build',))
[0.363s] Level 1:colcon.colcon_core.package_discovery:discover_packages(colcon_meta) check parameters
[0.364s] Level 1:colcon.colcon_core.package_discovery:discover_packages(recursive) check parameters
[0.364s] Level 1:colcon.colcon_core.package_discovery:discover_packages(ignore) check parameters
[0.364s] Level 1:colcon.colcon_core.package_discovery:discover_packages(path) check parameters
[0.364s] Level 1:colcon.colcon_core.package_discovery:discover_packages(colcon_meta) discover
[0.364s] Level 1:colcon.colcon_core.package_discovery:discover_packages(recursive) discover
[0.364s] INFO:colcon.colcon_core.package_discovery:Crawling recursively for packages in '/home/shiva/ros2_playground/patrol_bot'
[0.364s] Level 1:colcon.colcon_core.package_identification:_identify(.) by extensions ['ignore', 'ignore_ament_install']
[0.364s] Level 1:colcon.colcon_core.package_identification:_identify(.) by extension 'ignore'
[0.364s] Level 1:colcon.colcon_core.package_identification:_identify(.) by extension 'ignore_ament_install'
[0.364s] Level 1:colcon.colcon_core.package_identification:_identify(.) by extensions ['colcon_pkg']
[0.364s] Level 1:colcon.colcon_core.package_identification:_identify(.) by extension 'colcon_pkg'
[0.364s] Level 1:colcon.colcon_core.package_identification:_identify(.) by extensions ['colcon_meta']
[0.364s] Level 1:colcon.colcon_core.package_identification:_identify(.) by extension 'colcon_meta'
[0.364s] Level 1:colcon.colcon_core.package_identification:_identify(.) by extensions ['ros']
[0.364s] Level 1:colcon.colcon_core.package_identification:_identify(.) by extension 'ros'
[0.375s] Level 1:colcon.colcon_core.package_identification:_identify(.) by extensions ['cmake', 'python']
[0.375s] Level 1:colcon.colcon_core.package_identification:_identify(.) by extension 'cmake'
[0.375s] Level 1:colcon.colcon_core.package_identification:_identify(.) by extension 'python'
[0.375s] Level 1:colcon.colcon_core.package_identification:_identify(.) by extensions ['python_setup_py']
[0.375s] Level 1:colcon.colcon_core.package_identification:_identify(.) by extension 'python_setup_py'
[0.376s] Level 1:colcon.colcon_core.package_identification:_identify(build) by extensions ['ignore', 'ignore_ament_install']
[0.377s] Level 1:colcon.colcon_core.package_identification:_identify(build) by extension 'ignore'
[0.377s] Level 1:colcon.colcon_core.package_identification:_identify(build) ignored
[0.377s] Level 1:colcon.colcon_core.package_identification:_identify(install) by extensions ['ignore', 'ignore_ament_install']
[0.377s] Level 1:colcon.colcon_core.package_identification:_identify(install) by extension 'ignore'
[0.377s] Level 1:colcon.colcon_core.package_identification:_identify(install) ignored
[0.377s] Level 1:colcon.colcon_core.package_identification:_identify(log) by extensions ['ignore', 'ignore_ament_install']
[0.378s] Level 1:colcon.colcon_core.package_identification:_identify(log) by extension 'ignore'
[0.378s] Level 1:colcon.colcon_core.package_identification:_identify(log) ignored
[0.379s] Level 1:colcon.colcon_core.package_identification:_identify(src) by extensions ['ignore', 'ignore_ament_install']
[0.379s] Level 1:colcon.colcon_core.package_identification:_identify(src) by extension 'ignore'
[0.379s] Level 1:colcon.colcon_core.package_identification:_identify(src) by extension 'ignore_ament_install'
[0.379s] Level 1:colcon.colcon_core.package_identification:_identify(src) by extensions ['colcon_pkg']
[0.379s] Level 1:colcon.colcon_core.package_identification:_identify(src) by extension 'colcon_pkg'
[0.379s] Level 1:colcon.colcon_core.package_identification:_identify(src) by extensions ['colcon_meta']
[0.379s] Level 1:colcon.colcon_core.package_identification:_identify(src) by extension 'colcon_meta'
[0.379s] Level 1:colcon.colcon_core.package_identification:_identify(src) by extensions ['ros']
[0.379s] Level 1:colcon.colcon_core.package_identification:_identify(src) by extension 'ros'
[0.379s] Level 1:colcon.colcon_core.package_identification:_identify(src) by extensions ['cmake', 'python']
[0.379s] Level 1:colcon.colcon_core.package_identification:_identify(src) by extension 'cmake'
[0.379s] Level 1:colcon.colcon_core.package_identification:_identify(src) by extension 'python'
[0.379s] Level 1:colcon.colcon_core.package_identification:_identify(src) by extensions ['python_setup_py']
[0.379s] Level 1:colcon.colcon_core.package_identification:_identify(src) by extension 'python_setup_py'
[0.379s] Level 1:colcon.colcon_core.package_identification:_identify(src/bot3_controllers) by extensions ['ignore', 'ignore_ament_install']
[0.379s] Level 1:colcon.colcon_core.package_identification:_identify(src/bot3_controllers) by extension 'ignore'
[0.379s] Level 1:colcon.colcon_core.package_identification:_identify(src/bot3_controllers) by extension 'ignore_ament_install'
[0.379s] Level 1:colcon.colcon_core.package_identification:_identify(src/bot3_controllers) by extensions ['colcon_pkg']
[0.379s] Level 1:colcon.colcon_core.package_identification:_identify(src/bot3_controllers) by extension 'colcon_pkg'
[0.379s] Level 1:colcon.colcon_core.package_identification:_identify(src/bot3_controllers) by extensions ['colcon_meta']
[0.380s] Level 1:colcon.colcon_core.package_identification:_identify(src/bot3_controllers) by extension 'colcon_meta'
[0.380s] Level 1:colcon.colcon_core.package_identification:_identify(src/bot3_controllers) by extensions ['ros']
[0.380s] Level 1:colcon.colcon_core.package_identification:_identify(src/bot3_controllers) by extension 'ros'
[0.382s] DEBUG:colcon.colcon_core.package_identification:Package 'src/bot3_controllers' with type 'ros.ament_cmake' and name 'bot3_controllers'
[0.383s] Level 1:colcon.colcon_core.package_identification:_identify(src/descriptions_package) by extensions ['ignore', 'ignore_ament_install']
[0.383s] Level 1:colcon.colcon_core.package_identification:_identify(src/descriptions_package) by extension 'ignore'
[0.383s] Level 1:colcon.colcon_core.package_identification:_identify(src/descriptions_package) by extension 'ignore_ament_install'
[0.383s] Level 1:colcon.colcon_core.package_identification:_identify(src/descriptions_package) by extensions ['colcon_pkg']
[0.383s] Level 1:colcon.colcon_core.package_identification:_identify(src/descriptions_package) by extension 'colcon_pkg'
[0.383s] Level 1:colcon.colcon_core.package_identification:_identify(src/descriptions_package) by extensions ['colcon_meta']
[0.383s] Level 1:colcon.colcon_core.package_identification:_identify(src/descriptions_package) by extension 'colcon_meta'
[0.383s] Level 1:colcon.colcon_core.package_identification:_identify(src/descriptions_package) by extensions ['ros']
[0.383s] Level 1:colcon.colcon_core.package_identification:_identify(src/descriptions_package) by extension 'ros'
[0.384s] DEBUG:colcon.colcon_core.package_identification:Package 'src/descriptions_package' with type 'ros.ament_cmake' and name 'descriptions_package'
[0.384s] Level 1:colcon.colcon_core.package_discovery:discover_packages(recursive) using defaults
[0.384s] Level 1:colcon.colcon_core.package_discovery:discover_packages(ignore) discover
[0.384s] Level 1:colcon.colcon_core.package_discovery:discover_packages(ignore) using defaults
[0.384s] Level 1:colcon.colcon_core.package_discovery:discover_packages(path) discover
[0.384s] Level 1:colcon.colcon_core.package_discovery:discover_packages(path) using defaults
[0.473s] Level 1:colcon.colcon_core.package_discovery:discover_packages(prefix_path) check parameters
[0.476s] Level 1:colcon.colcon_core.package_discovery:discover_packages(prefix_path) discover
[0.488s] DEBUG:colcon.colcon_installed_package_information.package_discovery:Found 374 installed packages in /opt/ros/humble
[0.494s] Level 1:colcon.colcon_core.package_discovery:discover_packages(prefix_path) using defaults
[0.586s] Level 5:colcon.colcon_core.verb:set package 'bot3_controllers' build argument 'cmake_args' from command line to 'None'
[0.588s] Level 5:colcon.colcon_core.verb:set package 'bot3_controllers' build argument 'cmake_target' from command line to 'None'
[0.589s] Level 5:colcon.colcon_core.verb:set package 'bot3_controllers' build argument 'cmake_target_skip_unavailable' from command line to 'False'
[0.589s] Level 5:colcon.colcon_core.verb:set package 'bot3_controllers' build argument 'cmake_clean_cache' from command line to 'False'
[0.589s] Level 5:colcon.colcon_core.verb:set package 'bot3_controllers' build argument 'cmake_clean_first' from command line to 'False'
[0.589s] Level 5:colcon.colcon_core.verb:set package 'bot3_controllers' build argument 'cmake_force_configure' from command line to 'False'
[0.589s] Level 5:colcon.colcon_core.verb:set package 'bot3_controllers' build argument 'ament_cmake_args' from command line to 'None'
[0.589s] Level 5:colcon.colcon_core.verb:set package 'bot3_controllers' build argument 'catkin_cmake_args' from command line to 'None'
[0.589s] Level 5:colcon.colcon_core.verb:set package 'bot3_controllers' build argument 'catkin_skip_building_tests' from command line to 'False'
[0.589s] DEBUG:colcon.colcon_core.verb:Building package 'bot3_controllers' with the following arguments: {'ament_cmake_args': None, 'build_base': '/home/shiva/ros2_playground/patrol_bot/build/bot3_controllers', 'catkin_cmake_args': None, 'catkin_skip_building_tests': False, 'cmake_args': None, 'cmake_clean_cache': False, 'cmake_clean_first': False, 'cmake_force_configure': False, 'cmake_target': None, 'cmake_target_skip_unavailable': False, 'install_base': '/home/shiva/ros2_playground/patrol_bot/install/bot3_controllers', 'merge_install': False, 'path': '/home/shiva/ros2_playground/patrol_bot/src/bot3_controllers', 'symlink_install': False, 'test_result_base': None}
[0.589s] Level 5:colcon.colcon_core.verb:set package 'descriptions_package' build argument 'cmake_args' from command line to 'None'
[0.589s] Level 5:colcon.colcon_core.verb:set package 'descriptions_package' build argument 'cmake_target' from command line to 'None'
[0.589s] Level 5:colcon.colcon_core.verb:set package 'descriptions_package' build argument 'cmake_target_skip_unavailable' from command line to 'False'
[0.589s] Level 5:colcon.colcon_core.verb:set package 'descriptions_package' build argument 'cmake_clean_cache' from command line to 'False'
[0.589s] Level 5:colcon.colcon_core.verb:set package 'descriptions_package' build argument 'cmake_clean_first' from command line to 'False'
[0.589s] Level 5:colcon.colcon_core.verb:set package 'descriptions_package' build argument 'cmake_force_configure' from command line to 'False'
[0.589s] Level 5:colcon.colcon_core.verb:set package 'descriptions_package' build argument 'ament_cmake_args' from command line to 'None'
[0.589s] Level 5:colcon.colcon_core.verb:set package 'descriptions_package' build argument 'catkin_cmake_args' from command line to 'None'
[0.589s] Level 5:colcon.colcon_core.verb:set package 'descriptions_package' build argument 'catkin_skip_building_tests' from command line to 'False'
[0.589s] DEBUG:colcon.colcon_core.verb:Building package 'descriptions_package' with the following arguments: {'ament_cmake_args': None, 'build_base': '/home/shiva/ros2_playground/patrol_bot/build/descriptions_package', 'catkin_cmake_args': None, 'catkin_skip_building_tests': False, 'cmake_args': None, 'cmake_clean_cache': False, 'cmake_clean_first': False, 'cmake_force_configure': False, 'cmake_target': None, 'cmake_target_skip_unavailable': False, 'install_base': '/home/shiva/ros2_playground/patrol_bot/install/descriptions_package', 'merge_install': False, 'path': '/home/shiva/ros2_playground/patrol_bot/src/descriptions_package', 'symlink_install': False, 'test_result_base': None}
[0.589s] INFO:colcon.colcon_core.executor:Executing jobs using 'parallel' executor
[0.598s] DEBUG:colcon.colcon_parallel_executor.executor.parallel:run_until_complete
[0.598s] INFO:colcon.colcon_ros.task.ament_cmake.build:Building ROS package in '/home/shiva/ros2_playground/patrol_bot/src/bot3_controllers' with build type 'ament_cmake'
[0.598s] INFO:colcon.colcon_cmake.task.cmake.build:Building CMake package in '/home/shiva/ros2_playground/patrol_bot/src/bot3_controllers'
[0.608s] INFO:colcon.colcon_core.plugin_system:Skipping extension 'colcon_core.shell.bat': Not used on non-Windows systems
[0.611s] INFO:colcon.colcon_core.shell:Skip shell extension 'powershell' for command environment: Not usable outside of PowerShell
[0.613s] DEBUG:colcon.colcon_core.shell:Skip shell extension 'dsv' for command environment
[0.623s] INFO:colcon.colcon_ros.task.ament_cmake.build:Building ROS package in '/home/shiva/ros2_playground/patrol_bot/src/descriptions_package' with build type 'ament_cmake'
[0.624s] INFO:colcon.colcon_cmake.task.cmake.build:Building CMake package in '/home/shiva/ros2_playground/patrol_bot/src/descriptions_package'
[0.637s] INFO:colcon.colcon_core.shell:Skip shell extension 'powershell' for command environment: Not usable outside of PowerShell
[0.637s] DEBUG:colcon.colcon_core.shell:Skip shell extension 'dsv' for command environment
[0.743s] DEBUG:colcon.colcon_core.event_handler.log_command:Invoking command in '/home/shiva/ros2_playground/patrol_bot/build/bot3_controllers': CMAKE_PREFIX_PATH=/opt/ros/humble /usr/bin/cmake --build /home/shiva/ros2_playground/patrol_bot/build/bot3_controllers -- -j8 -l8
[0.795s] DEBUG:colcon.colcon_core.event_handler.log_command:Invoking command in '/home/shiva/ros2_playground/patrol_bot/build/descriptions_package': CMAKE_PREFIX_PATH=/opt/ros/humble /usr/bin/cmake --build /home/shiva/ros2_playground/patrol_bot/build/descriptions_package -- -j8 -l8
[0.984s] DEBUG:colcon.colcon_core.event_handler.log_command:Invoked command in '/home/shiva/ros2_playground/patrol_bot/build/descriptions_package' returned '0': CMAKE_PREFIX_PATH=/opt/ros/humble /usr/bin/cmake --build /home/shiva/ros2_playground/patrol_bot/build/descriptions_package -- -j8 -l8
[1.016s] DEBUG:colcon.colcon_core.event_handler.log_command:Invoked command in '/home/shiva/ros2_playground/patrol_bot/build/bot3_controllers' returned '0': CMAKE_PREFIX_PATH=/opt/ros/humble /usr/bin/cmake --build /home/shiva/ros2_playground/patrol_bot/build/bot3_controllers -- -j8 -l8
[1.333s] DEBUG:colcon.colcon_core.event_handler.log_command:Invoking command in '/home/shiva/ros2_playground/patrol_bot/build/descriptions_package': CMAKE_PREFIX_PATH=/opt/ros/humble /usr/bin/cmake --install /home/shiva/ros2_playground/patrol_bot/build/descriptions_package
[1.372s] DEBUG:colcon.colcon_core.event_handler.log_command:Invoking command in '/home/shiva/ros2_playground/patrol_bot/build/bot3_controllers': CMAKE_PREFIX_PATH=/opt/ros/humble /usr/bin/cmake --install /home/shiva/ros2_playground/patrol_bot/build/bot3_controllers
[1.439s] Level 1:colcon.colcon_core.environment:create_environment_scripts_only(descriptions_package)
[1.452s] Level 1:colcon.colcon_core.environment:checking '/home/shiva/ros2_playground/patrol_bot/install/descriptions_package' for CMake module files
[1.456s] Level 1:colcon.colcon_core.environment:checking '/home/shiva/ros2_playground/patrol_bot/install/descriptions_package' for CMake config files
[1.461s] Level 1:colcon.colcon_core.shell:create_environment_hook('descriptions_package', 'cmake_prefix_path')
[1.462s] INFO:colcon.colcon_core.shell:Creating environment hook '/home/shiva/ros2_playground/patrol_bot/install/descriptions_package/share/descriptions_package/hook/cmake_prefix_path.ps1'
[1.466s] DEBUG:colcon.colcon_core.event_handler.log_command:Invoked command in '/home/shiva/ros2_playground/patrol_bot/build/descriptions_package' returned '0': CMAKE_PREFIX_PATH=/opt/ros/humble /usr/bin/cmake --install /home/shiva/ros2_playground/patrol_bot/build/descriptions_package
[1.479s] INFO:colcon.colcon_core.shell:Creating environment descriptor '/home/shiva/ros2_playground/patrol_bot/install/descriptions_package/share/descriptions_package/hook/cmake_prefix_path.dsv'
[1.483s] INFO:colcon.colcon_core.shell:Creating environment hook '/home/shiva/ros2_playground/patrol_bot/install/descriptions_package/share/descriptions_package/hook/cmake_prefix_path.sh'
[1.487s] Level 1:colcon.colcon_core.environment:checking '/home/shiva/ros2_playground/patrol_bot/install/descriptions_package/bin'
[1.487s] Level 1:colcon.colcon_core.environment:checking '/home/shiva/ros2_playground/patrol_bot/install/descriptions_package/lib/pkgconfig/descriptions_package.pc'
[1.487s] Level 1:colcon.colcon_core.environment:checking '/home/shiva/ros2_playground/patrol_bot/install/descriptions_package/lib/python3.10/site-packages'
[1.487s] Level 1:colcon.colcon_core.environment:checking '/home/shiva/ros2_playground/patrol_bot/install/descriptions_package/bin'
[1.490s] INFO:colcon.colcon_core.shell:Creating package script '/home/shiva/ros2_playground/patrol_bot/install/descriptions_package/share/descriptions_package/package.ps1'
[1.493s] INFO:colcon.colcon_core.shell:Creating package descriptor '/home/shiva/ros2_playground/patrol_bot/install/descriptions_package/share/descriptions_package/package.dsv'
[1.495s] INFO:colcon.colcon_core.shell:Creating package script '/home/shiva/ros2_playground/patrol_bot/install/descriptions_package/share/descriptions_package/package.sh'
[1.500s] INFO:colcon.colcon_core.shell:Creating package script '/home/shiva/ros2_playground/patrol_bot/install/descriptions_package/share/descriptions_package/package.bash'
[1.506s] INFO:colcon.colcon_core.shell:Creating package script '/home/shiva/ros2_playground/patrol_bot/install/descriptions_package/share/descriptions_package/package.zsh'
[1.510s] Level 1:colcon.colcon_core.environment:create_file_with_runtime_dependencies(/home/shiva/ros2_playground/patrol_bot/install/descriptions_package/share/colcon-core/packages/descriptions_package)
[1.531s] Level 1:colcon.colcon_core.environment:create_environment_scripts_only(bot3_controllers)
[1.536s] Level 1:colcon.colcon_core.environment:checking '/home/shiva/ros2_playground/patrol_bot/install/bot3_controllers' for CMake module files
[1.539s] Level 1:colcon.colcon_core.environment:checking '/home/shiva/ros2_playground/patrol_bot/install/bot3_controllers' for CMake config files
[1.540s] Level 1:colcon.colcon_core.shell:create_environment_hook('bot3_controllers', 'cmake_prefix_path')
[1.542s] INFO:colcon.colcon_core.shell:Creating environment hook '/home/shiva/ros2_playground/patrol_bot/install/bot3_controllers/share/bot3_controllers/hook/cmake_prefix_path.ps1'
[1.550s] DEBUG:colcon.colcon_core.event_handler.log_command:Invoked command in '/home/shiva/ros2_playground/patrol_bot/build/bot3_controllers' returned '0': CMAKE_PREFIX_PATH=/opt/ros/humble /usr/bin/cmake --install /home/shiva/ros2_playground/patrol_bot/build/bot3_controllers
[1.558s] INFO:colcon.colcon_core.shell:Creating environment descriptor '/home/shiva/ros2_playground/patrol_bot/install/bot3_controllers/share/bot3_controllers/hook/cmake_prefix_path.dsv'
[1.566s] INFO:colcon.colcon_core.shell:Creating environment hook '/home/shiva/ros2_playground/patrol_bot/install/bot3_controllers/share/bot3_controllers/hook/cmake_prefix_path.sh'
[1.574s] Level 1:colcon.colcon_core.environment:checking '/home/shiva/ros2_playground/patrol_bot/install/bot3_controllers/bin'
[1.577s] Level 1:colcon.colcon_core.environment:checking '/home/shiva/ros2_playground/patrol_bot/install/bot3_controllers/lib/pkgconfig/bot3_controllers.pc'
[1.577s] Level 1:colcon.colcon_core.environment:checking '/home/shiva/ros2_playground/patrol_bot/install/bot3_controllers/lib/python3.10/site-packages'
[1.577s] Level 1:colcon.colcon_core.environment:checking '/home/shiva/ros2_playground/patrol_bot/install/bot3_controllers/bin'
[1.579s] INFO:colcon.colcon_core.shell:Creating package script '/home/shiva/ros2_playground/patrol_bot/install/bot3_controllers/share/bot3_controllers/package.ps1'
[1.584s] INFO:colcon.colcon_core.shell:Creating package descriptor '/home/shiva/ros2_playground/patrol_bot/install/bot3_controllers/share/bot3_controllers/package.dsv'
[1.586s] INFO:colcon.colcon_core.shell:Creating package script '/home/shiva/ros2_playground/patrol_bot/install/bot3_controllers/share/bot3_controllers/package.sh'
[1.591s] INFO:colcon.colcon_core.shell:Creating package script '/home/shiva/ros2_playground/patrol_bot/install/bot3_controllers/share/bot3_controllers/package.bash'
[1.604s] INFO:colcon.colcon_core.shell:Creating package script '/home/shiva/ros2_playground/patrol_bot/install/bot3_controllers/share/bot3_controllers/package.zsh'
[1.607s] Level 1:colcon.colcon_core.environment:create_file_with_runtime_dependencies(/home/shiva/ros2_playground/patrol_bot/install/bot3_controllers/share/colcon-core/packages/bot3_controllers)
[1.745s] Level 1:colcon.colcon_core.environment:create_environment_scripts_only(descriptions_package)
[1.755s] Level 1:colcon.colcon_core.environment:checking '/home/shiva/ros2_playground/patrol_bot/install/descriptions_package' for CMake module files
[1.758s] Level 1:colcon.colcon_core.environment:checking '/home/shiva/ros2_playground/patrol_bot/install/descriptions_package' for CMake config files
[1.761s] Level 1:colcon.colcon_core.shell:create_environment_hook('descriptions_package', 'cmake_prefix_path')
[1.761s] INFO:colcon.colcon_core.shell:Creating environment hook '/home/shiva/ros2_playground/patrol_bot/install/descriptions_package/share/descriptions_package/hook/cmake_prefix_path.ps1'
[1.764s] INFO:colcon.colcon_core.shell:Creating environment descriptor '/home/shiva/ros2_playground/patrol_bot/install/descriptions_package/share/descriptions_package/hook/cmake_prefix_path.dsv'
[1.777s] INFO:colcon.colcon_core.shell:Creating environment hook '/home/shiva/ros2_playground/patrol_bot/install/descriptions_package/share/descriptions_package/hook/cmake_prefix_path.sh'
[1.785s] Level 1:colcon.colcon_core.environment:checking '/home/shiva/ros2_playground/patrol_bot/install/descriptions_package/bin'
[1.785s] Level 1:colcon.colcon_core.environment:checking '/home/shiva/ros2_playground/patrol_bot/install/descriptions_package/lib/pkgconfig/descriptions_package.pc'
[1.787s] Level 1:colcon.colcon_core.environment:checking '/home/shiva/ros2_playground/patrol_bot/install/descriptions_package/lib/python3.10/site-packages'
[1.787s] Level 1:colcon.colcon_core.environment:checking '/home/shiva/ros2_playground/patrol_bot/install/descriptions_package/bin'
[1.787s] INFO:colcon.colcon_core.shell:Creating package script '/home/shiva/ros2_playground/patrol_bot/install/descriptions_package/share/descriptions_package/package.ps1'
[1.792s] INFO:colcon.colcon_core.shell:Creating package descriptor '/home/shiva/ros2_playground/patrol_bot/install/descriptions_package/share/descriptions_package/package.dsv'
[1.800s] INFO:colcon.colcon_core.shell:Creating package script '/home/shiva/ros2_playground/patrol_bot/install/descriptions_package/share/descriptions_package/package.sh'
[1.800s] INFO:colcon.colcon_core.shell:Creating package script '/home/shiva/ros2_playground/patrol_bot/install/descriptions_package/share/descriptions_package/package.bash'
[1.806s] INFO:colcon.colcon_core.shell:Creating package script '/home/shiva/ros2_playground/patrol_bot/install/descriptions_package/share/descriptions_package/package.zsh'
[1.809s] Level 1:colcon.colcon_core.environment:create_file_with_runtime_dependencies(/home/shiva/ros2_playground/patrol_bot/install/descriptions_package/share/colcon-core/packages/descriptions_package)
[1.905s] Level 1:colcon.colcon_core.environment:create_environment_scripts_only(bot3_controllers)
[1.905s] Level 1:colcon.colcon_core.environment:checking '/home/shiva/ros2_playground/patrol_bot/install/bot3_controllers' for CMake module files
[1.912s] Level 1:colcon.colcon_core.environment:checking '/home/shiva/ros2_playground/patrol_bot/install/bot3_controllers' for CMake config files
[1.915s] Level 1:colcon.colcon_core.shell:create_environment_hook('bot3_controllers', 'cmake_prefix_path')
[1.915s] INFO:colcon.colcon_core.shell:Creating environment hook '/home/shiva/ros2_playground/patrol_bot/install/bot3_controllers/share/bot3_controllers/hook/cmake_prefix_path.ps1'
[1.926s] INFO:colcon.colcon_core.shell:Creating environment descriptor '/home/shiva/ros2_playground/patrol_bot/install/bot3_controllers/share/bot3_controllers/hook/cmake_prefix_path.dsv'
[1.932s] INFO:colcon.colcon_core.shell:Creating environment hook '/home/shiva/ros2_playground/patrol_bot/install/bot3_controllers/share/bot3_controllers/hook/cmake_prefix_path.sh'
[1.943s] Level 1:colcon.colcon_core.environment:checking '/home/shiva/ros2_playground/patrol_bot/install/bot3_controllers/bin'
[1.943s] Level 1:colcon.colcon_core.environment:checking '/home/shiva/ros2_playground/patrol_bot/install/bot3_controllers/lib/pkgconfig/bot3_controllers.pc'
[1.943s] Level 1:colcon.colcon_core.environment:checking '/home/shiva/ros2_playground/patrol_bot/install/bot3_controllers/lib/python3.10/site-packages'
[1.944s] Level 1:colcon.colcon_core.environment:checking '/home/shiva/ros2_playground/patrol_bot/install/bot3_controllers/bin'
[1.946s] INFO:colcon.colcon_core.shell:Creating package script '/home/shiva/ros2_playground/patrol_bot/install/bot3_controllers/share/bot3_controllers/package.ps1'
[1.953s] INFO:colcon.colcon_core.shell:Creating package descriptor '/home/shiva/ros2_playground/patrol_bot/install/bot3_controllers/share/bot3_controllers/package.dsv'
[1.959s] INFO:colcon.colcon_core.shell:Creating package script '/home/shiva/ros2_playground/patrol_bot/install/bot3_controllers/share/bot3_controllers/package.sh'
[1.966s] INFO:colcon.colcon_core.shell:Creating package script '/home/shiva/ros2_playground/patrol_bot/install/bot3_controllers/share/bot3_controllers/package.bash'
[1.968s] INFO:colcon.colcon_core.shell:Creating package script '/home/shiva/ros2_playground/patrol_bot/install/bot3_controllers/share/bot3_controllers/package.zsh'
[1.969s] Level 1:colcon.colcon_core.environment:create_file_with_runtime_dependencies(/home/shiva/ros2_playground/patrol_bot/install/bot3_controllers/share/colcon-core/packages/bot3_controllers)
[1.971s] DEBUG:colcon.colcon_parallel_executor.executor.parallel:closing loop
[1.977s] DEBUG:colcon.colcon_parallel_executor.executor.parallel:loop closed
[1.980s] DEBUG:colcon.colcon_parallel_executor.executor.parallel:run_until_complete finished with '0'
[1.980s] DEBUG:colcon.colcon_core.event_reactor:joining thread
[2.022s] INFO:colcon.colcon_core.plugin_system:Skipping extension 'colcon_notification.desktop_notification.terminal_notifier': Not used on non-Darwin systems
[2.025s] INFO:colcon.colcon_core.plugin_system:Skipping extension 'colcon_notification.desktop_notification.win32': Not used on non-Windows systems
[2.025s] INFO:colcon.colcon_notification.desktop_notification:Sending desktop notification using 'notify2'
[2.156s] DEBUG:colcon.colcon_core.event_reactor:joined thread
[2.167s] INFO:colcon.colcon_core.shell:Creating prefix script '/home/shiva/ros2_playground/patrol_bot/install/local_setup.ps1'
[2.178s] INFO:colcon.colcon_core.shell:Creating prefix util module '/home/shiva/ros2_playground/patrol_bot/install/_local_setup_util_ps1.py'
[2.196s] INFO:colcon.colcon_core.shell:Creating prefix chain script '/home/shiva/ros2_playground/patrol_bot/install/setup.ps1'
[2.202s] INFO:colcon.colcon_core.shell:Creating prefix script '/home/shiva/ros2_playground/patrol_bot/install/local_setup.sh'
[2.206s] INFO:colcon.colcon_core.shell:Creating prefix util module '/home/shiva/ros2_playground/patrol_bot/install/_local_setup_util_sh.py'
[2.210s] INFO:colcon.colcon_core.shell:Creating prefix chain script '/home/shiva/ros2_playground/patrol_bot/install/setup.sh'
[2.214s] INFO:colcon.colcon_core.shell:Creating prefix script '/home/shiva/ros2_playground/patrol_bot/install/local_setup.bash'
[2.215s] INFO:colcon.colcon_core.shell:Creating prefix chain script '/home/shiva/ros2_playground/patrol_bot/install/setup.bash'
[2.222s] INFO:colcon.colcon_core.shell:Creating prefix script '/home/shiva/ros2_playground/patrol_bot/install/local_setup.zsh'
[2.229s] INFO:colcon.colcon_core.shell:Creating prefix chain script '/home/shiva/ros2_playground/patrol_bot/install/setup.zsh'
