[2.498s] Invoking command in '/home/shiva/ros2_playground/workspace2/src/python_pkgs': PYTHONPATH=/home/shiva/ros2_playground/workspace2/build/python_pkgs/prefix_override:/usr/lib/python3/dist-packages/colcon_core/task/python/colcon_distutils_commands:/home/shiva/ros2_playground/workspace2/install/python_pkgs/lib/python3.10/site-packages:${PYTHONPATH} /usr/bin/python3 -W ignore:setup.py install is deprecated setup.py egg_info --egg-base ../../build/python_pkgs build --build-base /home/shiva/ros2_playground/workspace2/build/python_pkgs/build install --record /home/shiva/ros2_playground/workspace2/build/python_pkgs/install.log --single-version-externally-managed install_data
[3.049s] running egg_info
[3.076s] writing ../../build/python_pkgs/python_pkgs.egg-info/PKG-INFO
[3.076s] writing dependency_links to ../../build/python_pkgs/python_pkgs.egg-info/dependency_links.txt
[3.076s] writing entry points to ../../build/python_pkgs/python_pkgs.egg-info/entry_points.txt
[3.076s] writing requirements to ../../build/python_pkgs/python_pkgs.egg-info/requires.txt
[3.076s] writing top-level names to ../../build/python_pkgs/python_pkgs.egg-info/top_level.txt
[3.089s] reading manifest file '../../build/python_pkgs/python_pkgs.egg-info/SOURCES.txt'
[3.099s] writing manifest file '../../build/python_pkgs/python_pkgs.egg-info/SOURCES.txt'
[3.099s] running build
[3.099s] running build_py
[3.099s] running install
[3.118s] running install_lib
[3.118s] running install_data
[3.119s] running install_egg_info
[3.124s] removing '/home/shiva/ros2_playground/workspace2/install/python_pkgs/lib/python3.10/site-packages/python_pkgs-0.0.0-py3.10.egg-info' (and everything under it)
[3.124s] Copying ../../build/python_pkgs/python_pkgs.egg-info to /home/shiva/ros2_playground/workspace2/install/python_pkgs/lib/python3.10/site-packages/python_pkgs-0.0.0-py3.10.egg-info
[3.124s] running install_scripts
[3.142s] Installing drone_image script to /home/shiva/ros2_playground/workspace2/install/python_pkgs/lib/python_pkgs
[3.154s] writing list of installed files to '/home/shiva/ros2_playground/workspace2/build/python_pkgs/install.log'
[3.284s] Invoked command in '/home/shiva/ros2_playground/workspace2/src/python_pkgs' returned '0': PYTHONPATH=/home/shiva/ros2_playground/workspace2/build/python_pkgs/prefix_override:/usr/lib/python3/dist-packages/colcon_core/task/python/colcon_distutils_commands:/home/shiva/ros2_playground/workspace2/install/python_pkgs/lib/python3.10/site-packages:${PYTHONPATH} /usr/bin/python3 -W ignore:setup.py install is deprecated setup.py egg_info --egg-base ../../build/python_pkgs build --build-base /home/shiva/ros2_playground/workspace2/build/python_pkgs/build install --record /home/shiva/ros2_playground/workspace2/build/python_pkgs/install.log --single-version-externally-managed install_data
