[0.684s] Invoking command in '/home/shiva/ros2_playground/workspace2/src/python_pkgs': PYTHONPATH=/home/shiva/ros2_playground/workspace2/build/python_pkgs/prefix_override:/home/shiva/ros2_playground/workspace2/install/python_pkgs/lib/python3.10/site-packages:${PYTHONPATH} /usr/bin/python3 -W ignore:setup.py install is deprecated setup.py egg_info --egg-base ../../build/python_pkgs build --build-base /home/shiva/ros2_playground/workspace2/build/python_pkgs/build install --record /home/shiva/ros2_playground/workspace2/build/python_pkgs/install.log --single-version-externally-managed install_data
[0.923s] running egg_info
[0.924s] writing ../../build/python_pkgs/python_pkgs.egg-info/PKG-INFO
[0.925s] writing dependency_links to ../../build/python_pkgs/python_pkgs.egg-info/dependency_links.txt
[0.925s] writing entry points to ../../build/python_pkgs/python_pkgs.egg-info/entry_points.txt
[0.929s] writing requirements to ../../build/python_pkgs/python_pkgs.egg-info/requires.txt
[0.933s] writing top-level names to ../../build/python_pkgs/python_pkgs.egg-info/top_level.txt
[0.938s] reading manifest file '../../build/python_pkgs/python_pkgs.egg-info/SOURCES.txt'
[0.939s] writing manifest file '../../build/python_pkgs/python_pkgs.egg-info/SOURCES.txt'
[0.940s] running build
[0.940s] running build_py
[0.940s] copying python_pkgs/rough.py -> /home/shiva/ros2_playground/workspace2/build/python_pkgs/build/lib/python_pkgs
[0.941s] running install
[0.941s] running install_lib
[0.942s] copying /home/shiva/ros2_playground/workspace2/build/python_pkgs/build/lib/python_pkgs/rough.py -> /home/shiva/ros2_playground/workspace2/install/python_pkgs/lib/python3.10/site-packages/python_pkgs
[0.943s] byte-compiling /home/shiva/ros2_playground/workspace2/install/python_pkgs/lib/python3.10/site-packages/python_pkgs/rough.py to rough.cpython-310.pyc
[0.944s] running install_data
[0.944s] running install_egg_info
[0.946s] removing '/home/shiva/ros2_playground/workspace2/install/python_pkgs/lib/python3.10/site-packages/python_pkgs-0.0.0-py3.10.egg-info' (and everything under it)
[0.946s] Copying ../../build/python_pkgs/python_pkgs.egg-info to /home/shiva/ros2_playground/workspace2/install/python_pkgs/lib/python3.10/site-packages/python_pkgs-0.0.0-py3.10.egg-info
[0.950s] running install_scripts
[0.972s] Installing drone_image script to /home/shiva/ros2_playground/workspace2/install/python_pkgs/lib/python_pkgs
[0.983s] writing list of installed files to '/home/shiva/ros2_playground/workspace2/build/python_pkgs/install.log'
[1.078s] Invoked command in '/home/shiva/ros2_playground/workspace2/src/python_pkgs' returned '0': PYTHONPATH=/home/shiva/ros2_playground/workspace2/build/python_pkgs/prefix_override:/home/shiva/ros2_playground/workspace2/install/python_pkgs/lib/python3.10/site-packages:${PYTHONPATH} /usr/bin/python3 -W ignore:setup.py install is deprecated setup.py egg_info --egg-base ../../build/python_pkgs build --build-base /home/shiva/ros2_playground/workspace2/build/python_pkgs/build install --record /home/shiva/ros2_playground/workspace2/build/python_pkgs/install.log --single-version-externally-managed install_data
