[0.011s] Invoking command in '/home/shiva16/ros2_playground/patrol_bot/build/localization_package': CMAKE_PREFIX_PATH=/opt/ros/humble /usr/bin/cmake /home/shiva16/ros2_playground/patrol_bot/src/localization_package -DCMAKE_INSTALL_PREFIX=/home/shiva16/ros2_playground/patrol_bot/install/localization_package
[0.125s] -- The C compiler identification is GNU 11.4.0
[0.144s] -- The CXX compiler identification is GNU 11.4.0
[0.151s] -- Detecting C compiler ABI info
[0.210s] -- Detecting C compiler ABI info - done
[0.215s] -- Check for working C compiler: /usr/bin/cc - skipped
[0.215s] -- Detecting C compile features
[0.215s] -- Detecting C compile features - done
[0.217s] -- Detecting CXX compiler ABI info
[0.282s] -- Detecting CXX compiler ABI info - done
[0.290s] -- Check for working CXX compiler: /usr/bin/c++ - skipped
[0.291s] -- Detecting CXX compile features
[0.291s] -- Detecting CXX compile features - done
[0.295s] -- Found ament_cmake: 1.3.11 (/opt/ros/humble/share/ament_cmake/cmake)
[0.403s] -- Found Python3: /usr/bin/python3 (found version "3.10.12") found components: Interpreter 
[0.467s] -- Found ament_lint_auto: 0.12.11 (/opt/ros/humble/share/ament_lint_auto/cmake)
[0.526s] -- Added test 'lint_cmake' to check CMake code style
[0.526s] -- Added test 'xmllint' to check XML markup files
[0.527s] -- Configuring done
[0.530s] -- Generating done
[0.531s] -- Build files have been written to: /home/shiva16/ros2_playground/patrol_bot/build/localization_package
[0.536s] Invoked command in '/home/shiva16/ros2_playground/patrol_bot/build/localization_package' returned '0': CMAKE_PREFIX_PATH=/opt/ros/humble /usr/bin/cmake /home/shiva16/ros2_playground/patrol_bot/src/localization_package -DCMAKE_INSTALL_PREFIX=/home/shiva16/ros2_playground/patrol_bot/install/localization_package
[0.537s] Invoking command in '/home/shiva16/ros2_playground/patrol_bot/build/localization_package': CMAKE_PREFIX_PATH=/opt/ros/humble /usr/bin/cmake --build /home/shiva16/ros2_playground/patrol_bot/build/localization_package -- -j16 -l16
[0.571s] Invoked command in '/home/shiva16/ros2_playground/patrol_bot/build/localization_package' returned '0': CMAKE_PREFIX_PATH=/opt/ros/humble /usr/bin/cmake --build /home/shiva16/ros2_playground/patrol_bot/build/localization_package -- -j16 -l16
[0.572s] Invoking command in '/home/shiva16/ros2_playground/patrol_bot/build/localization_package': CMAKE_PREFIX_PATH=/opt/ros/humble /usr/bin/cmake --install /home/shiva16/ros2_playground/patrol_bot/build/localization_package
[0.579s] -- Install configuration: ""
[0.579s] -- Installing: /home/shiva16/ros2_playground/patrol_bot/install/localization_package/share/ament_index/resource_index/package_run_dependencies/localization_package
[0.579s] -- Installing: /home/shiva16/ros2_playground/patrol_bot/install/localization_package/share/ament_index/resource_index/parent_prefix_path/localization_package
[0.579s] -- Installing: /home/shiva16/ros2_playground/patrol_bot/install/localization_package/share/localization_package/environment/ament_prefix_path.sh
[0.579s] -- Installing: /home/shiva16/ros2_playground/patrol_bot/install/localization_package/share/localization_package/environment/ament_prefix_path.dsv
[0.579s] -- Installing: /home/shiva16/ros2_playground/patrol_bot/install/localization_package/share/localization_package/environment/path.sh
[0.580s] -- Installing: /home/shiva16/ros2_playground/patrol_bot/install/localization_package/share/localization_package/environment/path.dsv
[0.580s] -- Installing: /home/shiva16/ros2_playground/patrol_bot/install/localization_package/share/localization_package/local_setup.bash
[0.580s] -- Installing: /home/shiva16/ros2_playground/patrol_bot/install/localization_package/share/localization_package/local_setup.sh
[0.580s] -- Installing: /home/shiva16/ros2_playground/patrol_bot/install/localization_package/share/localization_package/local_setup.zsh
[0.580s] -- Installing: /home/shiva16/ros2_playground/patrol_bot/install/localization_package/share/localization_package/local_setup.dsv
[0.580s] -- Installing: /home/shiva16/ros2_playground/patrol_bot/install/localization_package/share/localization_package/package.dsv
[0.580s] -- Installing: /home/shiva16/ros2_playground/patrol_bot/install/localization_package/share/ament_index/resource_index/packages/localization_package
[0.580s] -- Installing: /home/shiva16/ros2_playground/patrol_bot/install/localization_package/share/localization_package/cmake/localization_packageConfig.cmake
[0.580s] -- Installing: /home/shiva16/ros2_playground/patrol_bot/install/localization_package/share/localization_package/cmake/localization_packageConfig-version.cmake
[0.581s] -- Installing: /home/shiva16/ros2_playground/patrol_bot/install/localization_package/share/localization_package/package.xml
[0.582s] Invoked command in '/home/shiva16/ros2_playground/patrol_bot/build/localization_package' returned '0': CMAKE_PREFIX_PATH=/opt/ros/humble /usr/bin/cmake --install /home/shiva16/ros2_playground/patrol_bot/build/localization_package
