[0.070s] Invoking command in '/home/shiva/ros2_playground/patrol_bot/build/bot3_controllers': CMAKE_PREFIX_PATH=/opt/ros/humble /usr/bin/cmake --build /home/shiva/ros2_playground/patrol_bot/build/bot3_controllers -- -j8 -l8
[0.187s] Invoked command in '/home/shiva/ros2_playground/patrol_bot/build/bot3_controllers' returned '0': CMAKE_PREFIX_PATH=/opt/ros/humble /usr/bin/cmake --build /home/shiva/ros2_playground/patrol_bot/build/bot3_controllers -- -j8 -l8
[0.440s] Invoking command in '/home/shiva/ros2_playground/patrol_bot/build/bot3_controllers': CMAKE_PREFIX_PATH=/opt/ros/humble /usr/bin/cmake --install /home/shiva/ros2_playground/patrol_bot/build/bot3_controllers
[0.457s] -- Install configuration: ""
[0.457s] -- Up-to-date: /home/shiva/ros2_playground/patrol_bot/install/bot3_controllers/share/bot3_controllers/config
[0.469s] -- Up-to-date: /home/shiva/ros2_playground/patrol_bot/install/bot3_controllers/share/bot3_controllers/config/joystick_config_bot3.yaml
[0.469s] -- Up-to-date: /home/shiva/ros2_playground/patrol_bot/install/bot3_controllers/share/bot3_controllers/config/joystick_teleop_config_bot3.yaml
[0.469s] -- Up-to-date: /home/shiva/ros2_playground/patrol_bot/install/bot3_controllers/share/bot3_controllers/config/bot3_controller.yaml
[0.470s] -- Up-to-date: /home/shiva/ros2_playground/patrol_bot/install/bot3_controllers/share/bot3_controllers/launch
[0.470s] -- Up-to-date: /home/shiva/ros2_playground/patrol_bot/install/bot3_controllers/share/bot3_controllers/launch/joystick_teleop_bot3.launch.py
[0.470s] -- Up-to-date: /home/shiva/ros2_playground/patrol_bot/install/bot3_controllers/share/bot3_controllers/launch/bot3_control.launch.py
[0.470s] -- Up-to-date: /home/shiva/ros2_playground/patrol_bot/install/bot3_controllers/share/ament_index/resource_index/package_run_dependencies/bot3_controllers
[0.470s] -- Up-to-date: /home/shiva/ros2_playground/patrol_bot/install/bot3_controllers/share/ament_index/resource_index/parent_prefix_path/bot3_controllers
[0.470s] -- Up-to-date: /home/shiva/ros2_playground/patrol_bot/install/bot3_controllers/share/bot3_controllers/environment/ament_prefix_path.sh
[0.470s] -- Up-to-date: /home/shiva/ros2_playground/patrol_bot/install/bot3_controllers/share/bot3_controllers/environment/ament_prefix_path.dsv
[0.470s] -- Up-to-date: /home/shiva/ros2_playground/patrol_bot/install/bot3_controllers/share/bot3_controllers/environment/path.sh
[0.471s] -- Up-to-date: /home/shiva/ros2_playground/patrol_bot/install/bot3_controllers/share/bot3_controllers/environment/path.dsv
[0.471s] -- Up-to-date: /home/shiva/ros2_playground/patrol_bot/install/bot3_controllers/share/bot3_controllers/local_setup.bash
[0.471s] -- Up-to-date: /home/shiva/ros2_playground/patrol_bot/install/bot3_controllers/share/bot3_controllers/local_setup.sh
[0.472s] -- Up-to-date: /home/shiva/ros2_playground/patrol_bot/install/bot3_controllers/share/bot3_controllers/local_setup.zsh
[0.472s] -- Up-to-date: /home/shiva/ros2_playground/patrol_bot/install/bot3_controllers/share/bot3_controllers/local_setup.dsv
[0.472s] -- Installing: /home/shiva/ros2_playground/patrol_bot/install/bot3_controllers/share/bot3_controllers/package.dsv
[0.472s] -- Up-to-date: /home/shiva/ros2_playground/patrol_bot/install/bot3_controllers/share/ament_index/resource_index/packages/bot3_controllers
[0.474s] -- Up-to-date: /home/shiva/ros2_playground/patrol_bot/install/bot3_controllers/share/bot3_controllers/cmake/bot3_controllersConfig.cmake
[0.474s] -- Up-to-date: /home/shiva/ros2_playground/patrol_bot/install/bot3_controllers/share/bot3_controllers/cmake/bot3_controllersConfig-version.cmake
[0.477s] -- Up-to-date: /home/shiva/ros2_playground/patrol_bot/install/bot3_controllers/share/bot3_controllers/package.xml
[0.499s] Invoked command in '/home/shiva/ros2_playground/patrol_bot/build/bot3_controllers' returned '0': CMAKE_PREFIX_PATH=/opt/ros/humble /usr/bin/cmake --install /home/shiva/ros2_playground/patrol_bot/build/bot3_controllers
