[0.022s] Invoking command in '/home/shiva16/ros2_playground/patrol_bot/build/mapping_pkg': CMAKE_PREFIX_PATH=/opt/ros/humble /usr/bin/cmake /home/shiva16/ros2_playground/patrol_bot/src/mapping_pkg -DCMAKE_INSTALL_PREFIX=/home/shiva16/ros2_playground/patrol_bot/install/mapping_pkg
[0.088s] -- The C compiler identification is GNU 11.4.0
[0.108s] -- The CXX compiler identification is GNU 11.4.0
[0.113s] -- Detecting C compiler ABI info
[0.171s] -- Detecting C compiler ABI info - done
[0.177s] -- Check for working C compiler: /usr/bin/cc - skipped
[0.177s] -- Detecting C compile features
[0.177s] -- Detecting C compile features - done
[0.179s] -- Detecting CXX compiler ABI info
[0.247s] -- Detecting CXX compiler ABI info - done
[0.252s] -- Check for working CXX compiler: /usr/bin/c++ - skipped
[0.252s] -- Detecting CXX compile features
[0.252s] -- Detecting CXX compile features - done
[0.255s] -- Found ament_cmake: 1.3.11 (/opt/ros/humble/share/ament_cmake/cmake)
[0.359s] -- Found Python3: /usr/bin/python3 (found version "3.10.12") found components: Interpreter 
[0.424s] -- Found ament_lint_auto: 0.12.11 (/opt/ros/humble/share/ament_lint_auto/cmake)
[0.477s] -- Added test 'lint_cmake' to check CMake code style
[0.477s] -- Added test 'xmllint' to check XML markup files
[0.478s] -- Configuring done
[0.480s] -- Generating done
[0.482s] -- Build files have been written to: /home/shiva16/ros2_playground/patrol_bot/build/mapping_pkg
