[0.024s] Invoking command in '/home/shiva16/ros2_playground/patrol_bot/build/mapping_pkg': CMAKE_PREFIX_PATH=/opt/ros/humble /usr/bin/cmake --build /home/shiva16/ros2_playground/patrol_bot/build/mapping_pkg -- -j16 -l16
[0.040s] -- Found ament_cmake: 1.3.11 (/opt/ros/humble/share/ament_cmake/cmake)
[0.129s] -- Found rclpy: 3.3.15 (/opt/ros/humble/share/rclpy/cmake)
[0.131s] -- Found sensor_msgs: 4.2.4 (/opt/ros/humble/share/sensor_msgs/cmake)
[0.158s] -- Found rosidl_generator_c: 3.1.6 (/opt/ros/humble/share/rosidl_generator_c/cmake)
[0.162s] -- Found rosidl_adapter: 3.1.6 (/opt/ros/humble/share/rosidl_adapter/cmake)
[0.169s] -- Found rosidl_generator_cpp: 3.1.6 (/opt/ros/humble/share/rosidl_generator_cpp/cmake)
[0.177s] -- Using all available rosidl_typesupport_c: rosidl_typesupport_fastrtps_c;rosidl_typesupport_introspection_c
[0.189s] -- Using all available rosidl_typesupport_cpp: rosidl_typesupport_fastrtps_cpp;rosidl_typesupport_introspection_cpp
[0.232s] -- Found nav_msgs: 4.2.4 (/opt/ros/humble/share/nav_msgs/cmake)
[0.246s] -- Found tf2_ros: 0.25.9 (/opt/ros/humble/share/tf2_ros/cmake)
[0.331s] -- Found rmw_implementation_cmake: 6.1.2 (/opt/ros/humble/share/rmw_implementation_cmake/cmake)
[0.334s] -- Found rmw_fastrtps_cpp: 6.2.7 (/opt/ros/humble/share/rmw_fastrtps_cpp/cmake)
[0.417s] -- Found OpenSSL: /usr/lib/x86_64-linux-gnu/libcrypto.so (found version "3.0.2")  
[0.441s] -- Found FastRTPS: /opt/ros/humble/include  
[0.478s] -- Using RMW implementation 'rmw_fastrtps_cpp' as default
[0.487s] -- Looking for pthread.h
[0.547s] -- Looking for pthread.h - found
[0.547s] -- Performing Test CMAKE_HAVE_LIBC_PTHREAD
[0.610s] -- Performing Test CMAKE_HAVE_LIBC_PTHREAD - Success
[0.610s] -- Found Threads: TRUE  
[0.761s] -- Found ament_lint_auto: 0.12.11 (/opt/ros/humble/share/ament_lint_auto/cmake)
[0.810s] -- Added test 'flake8' to check Python code syntax and style conventions
[0.810s] -- Added test 'lint_cmake' to check CMake code style
[0.811s] -- Added test 'pep257' to check Python code against some of the docstring style conventions in PEP 257
[0.811s] -- Added test 'xmllint' to check XML markup files
[0.812s] -- Configuring done
[0.817s] -- Generating done
[0.820s] -- Build files have been written to: /home/shiva16/ros2_playground/patrol_bot/build/mapping_pkg
[0.859s] Built target ament_cmake_python_copy_mapping_pkg
[1.028s] running egg_info
[1.028s] creating mapping_pkg.egg-info
[1.028s] writing mapping_pkg.egg-info/PKG-INFO
[1.028s] writing dependency_links to mapping_pkg.egg-info/dependency_links.txt
[1.028s] writing top-level names to mapping_pkg.egg-info/top_level.txt
[1.029s] writing manifest file 'mapping_pkg.egg-info/SOURCES.txt'
[1.030s] reading manifest file 'mapping_pkg.egg-info/SOURCES.txt'
[1.030s] writing manifest file 'mapping_pkg.egg-info/SOURCES.txt'
[1.051s] Built target ament_cmake_python_build_mapping_pkg_egg
[1.060s] Invoked command in '/home/shiva16/ros2_playground/patrol_bot/build/mapping_pkg' returned '0': CMAKE_PREFIX_PATH=/opt/ros/humble /usr/bin/cmake --build /home/shiva16/ros2_playground/patrol_bot/build/mapping_pkg -- -j16 -l16
[1.061s] Invoking command in '/home/shiva16/ros2_playground/patrol_bot/build/mapping_pkg': CMAKE_PREFIX_PATH=/opt/ros/humble /usr/bin/cmake --install /home/shiva16/ros2_playground/patrol_bot/build/mapping_pkg
[1.067s] -- Install configuration: ""
[1.067s] -- Installing: /home/shiva16/ros2_playground/patrol_bot/install/mapping_pkg/share/mapping_pkg/environment/pythonpath.sh
[1.067s] -- Installing: /home/shiva16/ros2_playground/patrol_bot/install/mapping_pkg/share/mapping_pkg/environment/pythonpath.dsv
[1.067s] -- Installing: /home/shiva16/ros2_playground/patrol_bot/install/mapping_pkg/local/lib/python3.10/dist-packages/mapping_pkg-0.0.0-py3.10.egg-info
[1.067s] -- Installing: /home/shiva16/ros2_playground/patrol_bot/install/mapping_pkg/local/lib/python3.10/dist-packages/mapping_pkg-0.0.0-py3.10.egg-info/dependency_links.txt
[1.067s] -- Installing: /home/shiva16/ros2_playground/patrol_bot/install/mapping_pkg/local/lib/python3.10/dist-packages/mapping_pkg-0.0.0-py3.10.egg-info/top_level.txt
[1.067s] -- Installing: /home/shiva16/ros2_playground/patrol_bot/install/mapping_pkg/local/lib/python3.10/dist-packages/mapping_pkg-0.0.0-py3.10.egg-info/SOURCES.txt
[1.067s] -- Installing: /home/shiva16/ros2_playground/patrol_bot/install/mapping_pkg/local/lib/python3.10/dist-packages/mapping_pkg-0.0.0-py3.10.egg-info/PKG-INFO
[1.068s] -- Installing: /home/shiva16/ros2_playground/patrol_bot/install/mapping_pkg/local/lib/python3.10/dist-packages/mapping_pkg
[1.068s] -- Installing: /home/shiva16/ros2_playground/patrol_bot/install/mapping_pkg/local/lib/python3.10/dist-packages/mapping_pkg/__init__.py
[1.088s] Listing '/home/shiva16/ros2_playground/patrol_bot/install/mapping_pkg/local/lib/python3.10/dist-packages/mapping_pkg'...
[1.088s] Compiling '/home/shiva16/ros2_playground/patrol_bot/install/mapping_pkg/local/lib/python3.10/dist-packages/mapping_pkg/__init__.py'...
[1.091s] [31mCMake Error at cmake_install.cmake:70 (file):
[1.091s]   file INSTALL cannot find
[1.091s]   "/home/shiva16/ros2_playground/patrol_bot/src/mapping_pkg/maps": No such
[1.091s]   file or directory.
[1.091s] 
[1.091s] [0m
[1.093s] Invoked command in '/home/shiva16/ros2_playground/patrol_bot/build/mapping_pkg' returned '1': CMAKE_PREFIX_PATH=/opt/ros/humble /usr/bin/cmake --install /home/shiva16/ros2_playground/patrol_bot/build/mapping_pkg
