[0.569s] Invoking command in '/home/shiva/ros2_playground/workspace2/src/python_pkgs': PYTHONPATH=/home/shiva/ros2_playground/workspace2/build/python_pkgs/prefix_override:/home/shiva/ros2_playground/workspace2/install/python_pkgs/lib/python3.10/site-packages:${PYTHONPATH} /usr/bin/python3 -W ignore:setup.py install is deprecated setup.py egg_info --egg-base ../../build/python_pkgs build --build-base /home/shiva/ros2_playground/workspace2/build/python_pkgs/build install --record /home/shiva/ros2_playground/workspace2/build/python_pkgs/install.log --single-version-externally-managed install_data
[0.782s] running egg_info
[0.783s] writing ../../build/python_pkgs/python_pkgs.egg-info/PKG-INFO
[0.788s] writing dependency_links to ../../build/python_pkgs/python_pkgs.egg-info/dependency_links.txt
[0.789s] writing entry points to ../../build/python_pkgs/python_pkgs.egg-info/entry_points.txt
[0.790s] writing requirements to ../../build/python_pkgs/python_pkgs.egg-info/requires.txt
[0.790s] writing top-level names to ../../build/python_pkgs/python_pkgs.egg-info/top_level.txt
[0.791s] reading manifest file '../../build/python_pkgs/python_pkgs.egg-info/SOURCES.txt'
[0.796s] writing manifest file '../../build/python_pkgs/python_pkgs.egg-info/SOURCES.txt'
[0.799s] running build
[0.799s] running build_py
[0.799s] copying python_pkgs/drone_image.py -> /home/shiva/ros2_playground/workspace2/build/python_pkgs/build/lib/python_pkgs
[0.799s] running install
[0.799s] running install_lib
[0.799s] copying /home/shiva/ros2_playground/workspace2/build/python_pkgs/build/lib/python_pkgs/drone_image.py -> /home/shiva/ros2_playground/workspace2/install/python_pkgs/lib/python3.10/site-packages/python_pkgs
[0.800s] byte-compiling /home/shiva/ros2_playground/workspace2/install/python_pkgs/lib/python3.10/site-packages/python_pkgs/drone_image.py to drone_image.cpython-310.pyc
[0.802s] running install_data
[0.803s] running install_egg_info
[0.804s] removing '/home/shiva/ros2_playground/workspace2/install/python_pkgs/lib/python3.10/site-packages/python_pkgs-0.0.0-py3.10.egg-info' (and everything under it)
[0.804s] Copying ../../build/python_pkgs/python_pkgs.egg-info to /home/shiva/ros2_playground/workspace2/install/python_pkgs/lib/python3.10/site-packages/python_pkgs-0.0.0-py3.10.egg-info
[0.805s] running install_scripts
[0.834s] Installing drone_image script to /home/shiva/ros2_playground/workspace2/install/python_pkgs/lib/python_pkgs
[0.834s] writing list of installed files to '/home/shiva/ros2_playground/workspace2/build/python_pkgs/install.log'
[0.928s] Invoked command in '/home/shiva/ros2_playground/workspace2/src/python_pkgs' returned '0': PYTHONPATH=/home/shiva/ros2_playground/workspace2/build/python_pkgs/prefix_override:/home/shiva/ros2_playground/workspace2/install/python_pkgs/lib/python3.10/site-packages:${PYTHONPATH} /usr/bin/python3 -W ignore:setup.py install is deprecated setup.py egg_info --egg-base ../../build/python_pkgs build --build-base /home/shiva/ros2_playground/workspace2/build/python_pkgs/build install --record /home/shiva/ros2_playground/workspace2/build/python_pkgs/install.log --single-version-externally-managed install_data
