running egg_info
creating ../../build/python_pkgs/python_pkgs.egg-info
writing ../../build/python_pkgs/python_pkgs.egg-info/PKG-INFO
writing dependency_links to ../../build/python_pkgs/python_pkgs.egg-info/dependency_links.txt
writing entry points to ../../build/python_pkgs/python_pkgs.egg-info/entry_points.txt
writing requirements to ../../build/python_pkgs/python_pkgs.egg-info/requires.txt
writing top-level names to ../../build/python_pkgs/python_pkgs.egg-info/top_level.txt
writing manifest file '../../build/python_pkgs/python_pkgs.egg-info/SOURCES.txt'
reading manifest file '../../build/python_pkgs/python_pkgs.egg-info/SOURCES.txt'
writing manifest file '../../build/python_pkgs/python_pkgs.egg-info/SOURCES.txt'
running build
running build_py
creating /home/shiva/ros2_playground/workspace2/build/python_pkgs/build
creating /home/shiva/ros2_playground/workspace2/build/python_pkgs/build/lib
creating /home/shiva/ros2_playground/workspace2/build/python_pkgs/build/lib/python_pkgs
copying python_pkgs/__init__.py -> /home/shiva/ros2_playground/workspace2/build/python_pkgs/build/lib/python_pkgs
running install
running install_lib
creating /home/shiva/ros2_playground/workspace2/install/python_pkgs/lib/python3.10/site-packages/python_pkgs
copying /home/shiva/ros2_playground/workspace2/build/python_pkgs/build/lib/python_pkgs/__init__.py -> /home/shiva/ros2_playground/workspace2/install/python_pkgs/lib/python3.10/site-packages/python_pkgs
byte-compiling /home/shiva/ros2_playground/workspace2/install/python_pkgs/lib/python3.10/site-packages/python_pkgs/__init__.py to __init__.cpython-310.pyc
running install_data
creating /home/shiva/ros2_playground/workspace2/install/python_pkgs/share/ament_index
creating /home/shiva/ros2_playground/workspace2/install/python_pkgs/share/ament_index/resource_index
creating /home/shiva/ros2_playground/workspace2/install/python_pkgs/share/ament_index/resource_index/packages
copying resource/python_pkgs -> /home/shiva/ros2_playground/workspace2/install/python_pkgs/share/ament_index/resource_index/packages
copying package.xml -> /home/shiva/ros2_playground/workspace2/install/python_pkgs/share/python_pkgs
running install_egg_info
Copying ../../build/python_pkgs/python_pkgs.egg-info to /home/shiva/ros2_playground/workspace2/install/python_pkgs/lib/python3.10/site-packages/python_pkgs-0.0.0-py3.10.egg-info
running install_scripts
writing list of installed files to '/home/shiva/ros2_playground/workspace2/build/python_pkgs/install.log'
