[0.016s] Invoking command in '/home/shiva16/ros2_playground/patrol_bot/build/custome_launches': CMAKE_PREFIX_PATH=/opt/ros/humble /usr/bin/cmake --build /home/shiva16/ros2_playground/patrol_bot/build/custome_launches -- -j16 -l16
[0.060s] Invoked command in '/home/shiva16/ros2_playground/patrol_bot/build/custome_launches' returned '0': CMAKE_PREFIX_PATH=/opt/ros/humble /usr/bin/cmake --build /home/shiva16/ros2_playground/patrol_bot/build/custome_launches -- -j16 -l16
[0.061s] Invoking command in '/home/shiva16/ros2_playground/patrol_bot/build/custome_launches': CMAKE_PREFIX_PATH=/opt/ros/humble /usr/bin/cmake --install /home/shiva16/ros2_playground/patrol_bot/build/custome_launches
[0.066s] -- Install configuration: ""
[0.066s] -- Up-to-date: /home/shiva16/ros2_playground/patrol_bot/install/custome_launches/share/custome_launches/launch
[0.066s] -- Up-to-date: /home/shiva16/ros2_playground/patrol_bot/install/custome_launches/share/custome_launches/launch/custome_launch_one.launch.py
[0.067s] -- Up-to-date: /home/shiva16/ros2_playground/patrol_bot/install/custome_launches/share/ament_index/resource_index/package_run_dependencies/custome_launches
[0.067s] -- Up-to-date: /home/shiva16/ros2_playground/patrol_bot/install/custome_launches/share/ament_index/resource_index/parent_prefix_path/custome_launches
[0.067s] -- Up-to-date: /home/shiva16/ros2_playground/patrol_bot/install/custome_launches/share/custome_launches/environment/ament_prefix_path.sh
[0.067s] -- Up-to-date: /home/shiva16/ros2_playground/patrol_bot/install/custome_launches/share/custome_launches/environment/ament_prefix_path.dsv
[0.067s] -- Up-to-date: /home/shiva16/ros2_playground/patrol_bot/install/custome_launches/share/custome_launches/environment/path.sh
[0.067s] -- Up-to-date: /home/shiva16/ros2_playground/patrol_bot/install/custome_launches/share/custome_launches/environment/path.dsv
[0.067s] -- Up-to-date: /home/shiva16/ros2_playground/patrol_bot/install/custome_launches/share/custome_launches/local_setup.bash
[0.067s] -- Up-to-date: /home/shiva16/ros2_playground/patrol_bot/install/custome_launches/share/custome_launches/local_setup.sh
[0.068s] -- Up-to-date: /home/shiva16/ros2_playground/patrol_bot/install/custome_launches/share/custome_launches/local_setup.zsh
[0.068s] -- Up-to-date: /home/shiva16/ros2_playground/patrol_bot/install/custome_launches/share/custome_launches/local_setup.dsv
[0.068s] -- Installing: /home/shiva16/ros2_playground/patrol_bot/install/custome_launches/share/custome_launches/package.dsv
[0.069s] -- Up-to-date: /home/shiva16/ros2_playground/patrol_bot/install/custome_launches/share/ament_index/resource_index/packages/custome_launches
[0.069s] -- Up-to-date: /home/shiva16/ros2_playground/patrol_bot/install/custome_launches/share/custome_launches/cmake/custome_launchesConfig.cmake
[0.069s] -- Up-to-date: /home/shiva16/ros2_playground/patrol_bot/install/custome_launches/share/custome_launches/cmake/custome_launchesConfig-version.cmake
[0.069s] -- Up-to-date: /home/shiva16/ros2_playground/patrol_bot/install/custome_launches/share/custome_launches/package.xml
[0.136s] Invoked command in '/home/shiva16/ros2_playground/patrol_bot/build/custome_launches' returned '0': CMAKE_PREFIX_PATH=/opt/ros/humble /usr/bin/cmake --install /home/shiva16/ros2_playground/patrol_bot/build/custome_launches
