[0.065s] Invoking command in '/home/shiva/ros2_playground/patrol_bot/build/descriptions_package': CMAKE_PREFIX_PATH=/opt/ros/humble /usr/bin/cmake /home/shiva/ros2_playground/patrol_bot/src/descriptions_package -DCMAKE_INSTALL_PREFIX=/home/shiva/ros2_playground/patrol_bot/install/descriptions_package
[0.353s] -- The C compiler identification is GNU 11.4.0
[0.524s] -- The CXX compiler identification is GNU 11.4.0
[0.550s] -- Detecting C compiler ABI info
[0.816s] -- Detecting C compiler ABI info - done
[0.836s] -- Check for working C compiler: /usr/bin/cc - skipped
[0.847s] -- Detecting C compile features
[0.907s] -- Detecting C compile features - done
[0.917s] -- Detecting CXX compiler ABI info
[1.268s] -- Detecting CXX compiler ABI info - done
[1.275s] -- Check for working CXX compiler: /usr/bin/c++ - skipped
[1.276s] -- Detecting CXX compile features
[1.276s] -- Detecting CXX compile features - done
[1.334s] -- Found ament_cmake: 1.3.10 (/opt/ros/humble/share/ament_cmake/cmake)
[1.555s] -- Found Python3: /usr/bin/python3 (found version "3.10.12") found components: Interpreter 
[1.702s] -- Found ament_lint_auto: 0.12.11 (/opt/ros/humble/share/ament_lint_auto/cmake)
[1.812s] -- Added test 'flake8' to check Python code syntax and style conventions
[1.813s] -- Added test 'lint_cmake' to check CMake code style
[1.814s] -- Added test 'pep257' to check Python code against some of the docstring style conventions in PEP 257
[1.817s] -- Added test 'xmllint' to check XML markup files
[1.826s] -- Configuring done
[1.829s] -- Generating done
[1.831s] -- Build files have been written to: /home/shiva/ros2_playground/patrol_bot/build/descriptions_package
[1.839s] Invoked command in '/home/shiva/ros2_playground/patrol_bot/build/descriptions_package' returned '0': CMAKE_PREFIX_PATH=/opt/ros/humble /usr/bin/cmake /home/shiva/ros2_playground/patrol_bot/src/descriptions_package -DCMAKE_INSTALL_PREFIX=/home/shiva/ros2_playground/patrol_bot/install/descriptions_package
[1.846s] Invoking command in '/home/shiva/ros2_playground/patrol_bot/build/descriptions_package': CMAKE_PREFIX_PATH=/opt/ros/humble /usr/bin/cmake --build /home/shiva/ros2_playground/patrol_bot/build/descriptions_package -- -j8 -l8
[1.939s] Invoked command in '/home/shiva/ros2_playground/patrol_bot/build/descriptions_package' returned '0': CMAKE_PREFIX_PATH=/opt/ros/humble /usr/bin/cmake --build /home/shiva/ros2_playground/patrol_bot/build/descriptions_package -- -j8 -l8
[2.129s] Invoking command in '/home/shiva/ros2_playground/patrol_bot/build/descriptions_package': CMAKE_PREFIX_PATH=/opt/ros/humble /usr/bin/cmake --install /home/shiva/ros2_playground/patrol_bot/build/descriptions_package
[2.164s] -- Install configuration: ""
[2.164s] -- Up-to-date: /home/shiva/ros2_playground/patrol_bot/install/descriptions_package/share/descriptions_package/meshes
[2.164s] -- Up-to-date: /home/shiva/ros2_playground/patrol_bot/install/descriptions_package/share/descriptions_package/meshes/base_link.STL
[2.164s] -- Up-to-date: /home/shiva/ros2_playground/patrol_bot/install/descriptions_package/share/descriptions_package/meshes/rear_right_wheel_link.STL
[2.164s] -- Up-to-date: /home/shiva/ros2_playground/patrol_bot/install/descriptions_package/share/descriptions_package/meshes/front_left_wheel_link.STL
[2.164s] -- Up-to-date: /home/shiva/ros2_playground/patrol_bot/install/descriptions_package/share/descriptions_package/meshes/front_right_wheel_link.STL
[2.164s] -- Up-to-date: /home/shiva/ros2_playground/patrol_bot/install/descriptions_package/share/descriptions_package/meshes/rear_left_wheel_link.STL
[2.164s] -- Up-to-date: /home/shiva/ros2_playground/patrol_bot/install/descriptions_package/share/descriptions_package/urdf
[2.164s] -- Up-to-date: /home/shiva/ros2_playground/patrol_bot/install/descriptions_package/share/descriptions_package/urdf/bot3_control.xacro
[2.164s] -- Up-to-date: /home/shiva/ros2_playground/patrol_bot/install/descriptions_package/share/descriptions_package/urdf/bot3.urdf.xacro
[2.164s] -- Up-to-date: /home/shiva/ros2_playground/patrol_bot/install/descriptions_package/share/descriptions_package/urdf/bot3_ext_info.xacro
[2.164s] -- Up-to-date: /home/shiva/ros2_playground/patrol_bot/install/descriptions_package/share/descriptions_package/launch
[2.168s] -- Up-to-date: /home/shiva/ros2_playground/patrol_bot/install/descriptions_package/share/descriptions_package/launch/gazebo.launch.py
[2.171s] -- Up-to-date: /home/shiva/ros2_playground/patrol_bot/install/descriptions_package/share/descriptions_package/launch/display.launch.py
[2.171s] -- Up-to-date: /home/shiva/ros2_playground/patrol_bot/install/descriptions_package/share/descriptions_package/rviz_configs
[2.171s] -- Up-to-date: /home/shiva/ros2_playground/patrol_bot/install/descriptions_package/share/descriptions_package/rviz_configs/display.rviz
[2.186s] -- Up-to-date: /home/shiva/ros2_playground/patrol_bot/install/descriptions_package/share/descriptions_package/models
[2.186s] -- Up-to-date: /home/shiva/ros2_playground/patrol_bot/install/descriptions_package/share/descriptions_package/models/models
[2.186s] -- Up-to-date: /home/shiva/ros2_playground/patrol_bot/install/descriptions_package/share/descriptions_package/models/models/ground_plane
[2.186s] -- Up-to-date: /home/shiva/ros2_playground/patrol_bot/install/descriptions_package/share/descriptions_package/models/models/ground_plane/model.config
[2.186s] -- Up-to-date: /home/shiva/ros2_playground/patrol_bot/install/descriptions_package/share/descriptions_package/models/models/ground_plane/model-1_4.sdf
[2.186s] -- Up-to-date: /home/shiva/ros2_playground/patrol_bot/install/descriptions_package/share/descriptions_package/models/models/ground_plane/model-1_2.sdf
[2.186s] -- Up-to-date: /home/shiva/ros2_playground/patrol_bot/install/descriptions_package/share/descriptions_package/models/models/ground_plane/model.sdf
[2.186s] -- Up-to-date: /home/shiva/ros2_playground/patrol_bot/install/descriptions_package/share/descriptions_package/models/models/ground_plane/model-1_3.sdf
[2.194s] -- Up-to-date: /home/shiva/ros2_playground/patrol_bot/install/descriptions_package/share/descriptions_package/models/models/sun
[2.195s] -- Up-to-date: /home/shiva/ros2_playground/patrol_bot/install/descriptions_package/share/descriptions_package/models/models/sun/model.config
[2.195s] -- Up-to-date: /home/shiva/ros2_playground/patrol_bot/install/descriptions_package/share/descriptions_package/models/models/sun/model-1_4.sdf
[2.195s] -- Up-to-date: /home/shiva/ros2_playground/patrol_bot/install/descriptions_package/share/descriptions_package/models/models/sun/model-1_2.sdf
[2.195s] -- Up-to-date: /home/shiva/ros2_playground/patrol_bot/install/descriptions_package/share/descriptions_package/models/models/sun/model.sdf
[2.195s] -- Up-to-date: /home/shiva/ros2_playground/patrol_bot/install/descriptions_package/share/descriptions_package/models/models/sun/model-1_3.sdf
[2.195s] -- Installing: /home/shiva/ros2_playground/patrol_bot/install/descriptions_package/share/ament_index/resource_index/package_run_dependencies/descriptions_package
[2.195s] -- Installing: /home/shiva/ros2_playground/patrol_bot/install/descriptions_package/share/ament_index/resource_index/parent_prefix_path/descriptions_package
[2.195s] -- Up-to-date: /home/shiva/ros2_playground/patrol_bot/install/descriptions_package/share/descriptions_package/environment/ament_prefix_path.sh
[2.195s] -- Installing: /home/shiva/ros2_playground/patrol_bot/install/descriptions_package/share/descriptions_package/environment/ament_prefix_path.dsv
[2.195s] -- Up-to-date: /home/shiva/ros2_playground/patrol_bot/install/descriptions_package/share/descriptions_package/environment/path.sh
[2.195s] -- Installing: /home/shiva/ros2_playground/patrol_bot/install/descriptions_package/share/descriptions_package/environment/path.dsv
[2.195s] -- Installing: /home/shiva/ros2_playground/patrol_bot/install/descriptions_package/share/descriptions_package/local_setup.bash
[2.195s] -- Installing: /home/shiva/ros2_playground/patrol_bot/install/descriptions_package/share/descriptions_package/local_setup.sh
[2.195s] -- Installing: /home/shiva/ros2_playground/patrol_bot/install/descriptions_package/share/descriptions_package/local_setup.zsh
[2.195s] -- Installing: /home/shiva/ros2_playground/patrol_bot/install/descriptions_package/share/descriptions_package/local_setup.dsv
[2.195s] -- Installing: /home/shiva/ros2_playground/patrol_bot/install/descriptions_package/share/descriptions_package/package.dsv
[2.195s] -- Installing: /home/shiva/ros2_playground/patrol_bot/install/descriptions_package/share/ament_index/resource_index/packages/descriptions_package
[2.195s] -- Installing: /home/shiva/ros2_playground/patrol_bot/install/descriptions_package/share/descriptions_package/cmake/descriptions_packageConfig.cmake
[2.196s] -- Installing: /home/shiva/ros2_playground/patrol_bot/install/descriptions_package/share/descriptions_package/cmake/descriptions_packageConfig-version.cmake
[2.196s] -- Up-to-date: /home/shiva/ros2_playground/patrol_bot/install/descriptions_package/share/descriptions_package/package.xml
[2.222s] Invoked command in '/home/shiva/ros2_playground/patrol_bot/build/descriptions_package' returned '0': CMAKE_PREFIX_PATH=/opt/ros/humble /usr/bin/cmake --install /home/shiva/ros2_playground/patrol_bot/build/descriptions_package
