[0.086s] Invoking command in '/home/shiva/ros2_playground/workspace2/build/descriptions_package': CMAKE_PREFIX_PATH=/opt/ros/humble /usr/bin/cmake --build /home/shiva/ros2_playground/workspace2/build/descriptions_package -- -j8 -l8
[0.690s] Invoked command in '/home/shiva/ros2_playground/workspace2/build/descriptions_package' returned '0': CMAKE_PREFIX_PATH=/opt/ros/humble /usr/bin/cmake --build /home/shiva/ros2_playground/workspace2/build/descriptions_package -- -j8 -l8
[0.918s] Invoking command in '/home/shiva/ros2_playground/workspace2/build/descriptions_package': CMAKE_PREFIX_PATH=/opt/ros/humble /usr/bin/cmake --install /home/shiva/ros2_playground/workspace2/build/descriptions_package
[0.934s] -- Install configuration: ""
[0.934s] -- Up-to-date: /home/shiva/ros2_playground/workspace2/install/descriptions_package/share/descriptions_package/meshes
[0.934s] -- Up-to-date: /home/shiva/ros2_playground/workspace2/install/descriptions_package/share/descriptions_package/meshes/patrolbot_body_v2.OBJ
[0.935s] -- Up-to-date: /home/shiva/ros2_playground/workspace2/install/descriptions_package/share/descriptions_package/meshes/Component18_scaled.stl
[0.935s] -- Up-to-date: /home/shiva/ros2_playground/workspace2/install/descriptions_package/share/descriptions_package/meshes/patrolbot_body_scaled.stl
[0.936s] -- Up-to-date: /home/shiva/ros2_playground/workspace2/install/descriptions_package/share/descriptions_package/meshes/base_link.STL
[0.939s] -- Up-to-date: /home/shiva/ros2_playground/workspace2/install/descriptions_package/share/descriptions_package/meshes/wheel_left_link.STL
[0.939s] -- Up-to-date: /home/shiva/ros2_playground/workspace2/install/descriptions_package/share/descriptions_package/meshes/Component18.OBJ
[0.939s] -- Up-to-date: /home/shiva/ros2_playground/workspace2/install/descriptions_package/share/descriptions_package/urdf
[0.939s] -- Installing: /home/shiva/ros2_playground/workspace2/install/descriptions_package/share/descriptions_package/urdf/bot2_ext_info.xacro
[0.940s] -- Up-to-date: /home/shiva/ros2_playground/workspace2/install/descriptions_package/share/descriptions_package/urdf/bot2.urdf.xacro
[0.940s] -- Up-to-date: /home/shiva/ros2_playground/workspace2/install/descriptions_package/share/descriptions_package/urdf/bot2_control.xacro
[0.940s] -- Up-to-date: /home/shiva/ros2_playground/workspace2/install/descriptions_package/share/descriptions_package/launch
[0.941s] -- Up-to-date: /home/shiva/ros2_playground/workspace2/install/descriptions_package/share/descriptions_package/launch/gazebo.launch.py
[0.941s] -- Up-to-date: /home/shiva/ros2_playground/workspace2/install/descriptions_package/share/descriptions_package/launch/display.launch.py
[0.941s] -- Up-to-date: /home/shiva/ros2_playground/workspace2/install/descriptions_package/share/descriptions_package/rviz_configs
[0.941s] -- Up-to-date: /home/shiva/ros2_playground/workspace2/install/descriptions_package/share/descriptions_package/rviz_configs/display.rviz
[0.941s] -- Up-to-date: /home/shiva/ros2_playground/workspace2/install/descriptions_package/share/descriptions_package/models
[0.941s] -- Up-to-date: /home/shiva/ros2_playground/workspace2/install/descriptions_package/share/descriptions_package/models/models
[0.941s] -- Up-to-date: /home/shiva/ros2_playground/workspace2/install/descriptions_package/share/descriptions_package/models/models/ground_plane
[0.941s] -- Up-to-date: /home/shiva/ros2_playground/workspace2/install/descriptions_package/share/descriptions_package/models/models/ground_plane/model.config
[0.941s] -- Up-to-date: /home/shiva/ros2_playground/workspace2/install/descriptions_package/share/descriptions_package/models/models/ground_plane/model-1_4.sdf
[0.941s] -- Up-to-date: /home/shiva/ros2_playground/workspace2/install/descriptions_package/share/descriptions_package/models/models/ground_plane/model-1_2.sdf
[0.942s] -- Up-to-date: /home/shiva/ros2_playground/workspace2/install/descriptions_package/share/descriptions_package/models/models/ground_plane/model.sdf
[0.947s] -- Up-to-date: /home/shiva/ros2_playground/workspace2/install/descriptions_package/share/descriptions_package/models/models/ground_plane/model-1_3.sdf
[0.948s] -- Up-to-date: /home/shiva/ros2_playground/workspace2/install/descriptions_package/share/descriptions_package/models/models/sun
[0.948s] -- Up-to-date: /home/shiva/ros2_playground/workspace2/install/descriptions_package/share/descriptions_package/models/models/sun/model.config
[0.948s] -- Up-to-date: /home/shiva/ros2_playground/workspace2/install/descriptions_package/share/descriptions_package/models/models/sun/model-1_4.sdf
[0.948s] -- Up-to-date: /home/shiva/ros2_playground/workspace2/install/descriptions_package/share/descriptions_package/models/models/sun/model-1_2.sdf
[0.949s] -- Up-to-date: /home/shiva/ros2_playground/workspace2/install/descriptions_package/share/descriptions_package/models/models/sun/model.sdf
[0.969s] -- Up-to-date: /home/shiva/ros2_playground/workspace2/install/descriptions_package/share/descriptions_package/models/models/sun/model-1_3.sdf
[0.969s] -- Up-to-date: /home/shiva/ros2_playground/workspace2/install/descriptions_package/share/ament_index/resource_index/package_run_dependencies/descriptions_package
[0.969s] -- Up-to-date: /home/shiva/ros2_playground/workspace2/install/descriptions_package/share/ament_index/resource_index/parent_prefix_path/descriptions_package
[0.969s] -- Up-to-date: /home/shiva/ros2_playground/workspace2/install/descriptions_package/share/descriptions_package/environment/ament_prefix_path.sh
[0.969s] -- Up-to-date: /home/shiva/ros2_playground/workspace2/install/descriptions_package/share/descriptions_package/environment/ament_prefix_path.dsv
[0.969s] -- Up-to-date: /home/shiva/ros2_playground/workspace2/install/descriptions_package/share/descriptions_package/environment/path.sh
[0.969s] -- Up-to-date: /home/shiva/ros2_playground/workspace2/install/descriptions_package/share/descriptions_package/environment/path.dsv
[0.970s] -- Up-to-date: /home/shiva/ros2_playground/workspace2/install/descriptions_package/share/descriptions_package/local_setup.bash
[0.971s] -- Up-to-date: /home/shiva/ros2_playground/workspace2/install/descriptions_package/share/descriptions_package/local_setup.sh
[0.971s] -- Up-to-date: /home/shiva/ros2_playground/workspace2/install/descriptions_package/share/descriptions_package/local_setup.zsh
[0.972s] -- Up-to-date: /home/shiva/ros2_playground/workspace2/install/descriptions_package/share/descriptions_package/local_setup.dsv
[0.972s] -- Installing: /home/shiva/ros2_playground/workspace2/install/descriptions_package/share/descriptions_package/package.dsv
[1.027s] -- Up-to-date: /home/shiva/ros2_playground/workspace2/install/descriptions_package/share/ament_index/resource_index/packages/descriptions_package
[1.032s] -- Up-to-date: /home/shiva/ros2_playground/workspace2/install/descriptions_package/share/descriptions_package/cmake/descriptions_packageConfig.cmake
[1.032s] -- Up-to-date: /home/shiva/ros2_playground/workspace2/install/descriptions_package/share/descriptions_package/cmake/descriptions_packageConfig-version.cmake
[1.032s] -- Up-to-date: /home/shiva/ros2_playground/workspace2/install/descriptions_package/share/descriptions_package/package.xml
[1.063s] Invoked command in '/home/shiva/ros2_playground/workspace2/build/descriptions_package' returned '0': CMAKE_PREFIX_PATH=/opt/ros/humble /usr/bin/cmake --install /home/shiva/ros2_playground/workspace2/build/descriptions_package
