[0.222s] Invoking command in '/home/shiva/ros2_playground/workspace2/build/descriptions_package': CMAKE_PREFIX_PATH=${CMAKE_PREFIX_PATH}:/home/shiva/ros2_playground/workspace1/install/python_pkg:/home/shiva/ros2_playground/workspace1/install/bot_one_utils:/opt/ros/humble /usr/bin/cmake /home/shiva/ros2_playground/workspace2/src/descriptions_package -DCMAKE_INSTALL_PREFIX=/home/shiva/ros2_playground/workspace2/install/descriptions_package
[0.824s] -- The C compiler identification is GNU 11.4.0
[1.101s] -- The CXX compiler identification is GNU 11.4.0
[1.349s] -- Detecting C compiler ABI info
[2.193s] -- Detecting C compiler ABI info - done
[2.224s] -- Check for working C compiler: /usr/bin/cc - skipped
[2.253s] -- Detecting C compile features
[2.311s] -- Detecting C compile features - done
[2.435s] -- Detecting CXX compiler ABI info
[3.141s] -- Detecting CXX compiler ABI info - done
[3.185s] -- Check for working CXX compiler: /usr/bin/c++ - skipped
[3.185s] -- Detecting CXX compile features
[3.185s] -- Detecting CXX compile features - done
[3.299s] -- Found ament_cmake: 1.3.10 (/opt/ros/humble/share/ament_cmake/cmake)
[4.046s] -- Found Python3: /usr/bin/python3 (found version "3.10.12") found components: Interpreter 
[5.139s] -- Found ament_lint_auto: 0.12.11 (/opt/ros/humble/share/ament_lint_auto/cmake)
[5.398s] -- Added test 'lint_cmake' to check CMake code style
[5.403s] -- Added test 'xmllint' to check XML markup files
[5.407s] -- Configuring done
[5.411s] -- Generating done
[5.412s] -- Build files have been written to: /home/shiva/ros2_playground/workspace2/build/descriptions_package
[5.422s] Invoked command in '/home/shiva/ros2_playground/workspace2/build/descriptions_package' returned '0': CMAKE_PREFIX_PATH=${CMAKE_PREFIX_PATH}:/home/shiva/ros2_playground/workspace1/install/python_pkg:/home/shiva/ros2_playground/workspace1/install/bot_one_utils:/opt/ros/humble /usr/bin/cmake /home/shiva/ros2_playground/workspace2/src/descriptions_package -DCMAKE_INSTALL_PREFIX=/home/shiva/ros2_playground/workspace2/install/descriptions_package
[5.431s] Invoking command in '/home/shiva/ros2_playground/workspace2/build/descriptions_package': CMAKE_PREFIX_PATH=${CMAKE_PREFIX_PATH}:/home/shiva/ros2_playground/workspace1/install/python_pkg:/home/shiva/ros2_playground/workspace1/install/bot_one_utils:/opt/ros/humble /usr/bin/cmake --build /home/shiva/ros2_playground/workspace2/build/descriptions_package -- -j8 -l8
[5.520s] Invoked command in '/home/shiva/ros2_playground/workspace2/build/descriptions_package' returned '0': CMAKE_PREFIX_PATH=${CMAKE_PREFIX_PATH}:/home/shiva/ros2_playground/workspace1/install/python_pkg:/home/shiva/ros2_playground/workspace1/install/bot_one_utils:/opt/ros/humble /usr/bin/cmake --build /home/shiva/ros2_playground/workspace2/build/descriptions_package -- -j8 -l8
[5.725s] Invoking command in '/home/shiva/ros2_playground/workspace2/build/descriptions_package': CMAKE_PREFIX_PATH=${CMAKE_PREFIX_PATH}:/home/shiva/ros2_playground/workspace1/install/python_pkg:/home/shiva/ros2_playground/workspace1/install/bot_one_utils:/opt/ros/humble /usr/bin/cmake --install /home/shiva/ros2_playground/workspace2/build/descriptions_package
[5.741s] -- Install configuration: ""
[5.741s] -- Installing: /home/shiva/ros2_playground/workspace2/install/descriptions_package/share/ament_index/resource_index/package_run_dependencies/descriptions_package
[5.741s] -- Installing: /home/shiva/ros2_playground/workspace2/install/descriptions_package/share/ament_index/resource_index/parent_prefix_path/descriptions_package
[5.742s] -- Installing: /home/shiva/ros2_playground/workspace2/install/descriptions_package/share/descriptions_package/environment/ament_prefix_path.sh
[5.742s] -- Installing: /home/shiva/ros2_playground/workspace2/install/descriptions_package/share/descriptions_package/environment/ament_prefix_path.dsv
[5.742s] -- Installing: /home/shiva/ros2_playground/workspace2/install/descriptions_package/share/descriptions_package/environment/path.sh
[5.742s] -- Installing: /home/shiva/ros2_playground/workspace2/install/descriptions_package/share/descriptions_package/environment/path.dsv
[5.745s] -- Installing: /home/shiva/ros2_playground/workspace2/install/descriptions_package/share/descriptions_package/local_setup.bash
[5.745s] -- Installing: /home/shiva/ros2_playground/workspace2/install/descriptions_package/share/descriptions_package/local_setup.sh
[5.745s] -- Installing: /home/shiva/ros2_playground/workspace2/install/descriptions_package/share/descriptions_package/local_setup.zsh
[5.745s] -- Installing: /home/shiva/ros2_playground/workspace2/install/descriptions_package/share/descriptions_package/local_setup.dsv
[5.746s] -- Installing: /home/shiva/ros2_playground/workspace2/install/descriptions_package/share/descriptions_package/package.dsv
[5.746s] -- Installing: /home/shiva/ros2_playground/workspace2/install/descriptions_package/share/ament_index/resource_index/packages/descriptions_package
[5.746s] -- Installing: /home/shiva/ros2_playground/workspace2/install/descriptions_package/share/descriptions_package/cmake/descriptions_packageConfig.cmake
[5.747s] -- Installing: /home/shiva/ros2_playground/workspace2/install/descriptions_package/share/descriptions_package/cmake/descriptions_packageConfig-version.cmake
[5.753s] -- Installing: /home/shiva/ros2_playground/workspace2/install/descriptions_package/share/descriptions_package/package.xml
[5.758s] Invoked command in '/home/shiva/ros2_playground/workspace2/build/descriptions_package' returned '0': CMAKE_PREFIX_PATH=${CMAKE_PREFIX_PATH}:/home/shiva/ros2_playground/workspace1/install/python_pkg:/home/shiva/ros2_playground/workspace1/install/bot_one_utils:/opt/ros/humble /usr/bin/cmake --install /home/shiva/ros2_playground/workspace2/build/descriptions_package
