[3.997s] Invoking command in '/home/shiva/ros2_playground/workspace2/src/python_pkgs': PYTHONPATH=/home/shiva/ros2_playground/workspace2/build/python_pkgs/prefix_override:/usr/lib/python3/dist-packages/colcon_core/task/python/colcon_distutils_commands:/home/shiva/ros2_playground/workspace2/install/python_pkgs/lib/python3.10/site-packages:${PYTHONPATH} /usr/bin/python3 -W ignore:setup.py install is deprecated setup.py egg_info --egg-base ../../build/python_pkgs build --build-base /home/shiva/ros2_playground/workspace2/build/python_pkgs/build install --record /home/shiva/ros2_playground/workspace2/build/python_pkgs/install.log --single-version-externally-managed install_data
[4.365s] running egg_info
[4.382s] writing ../../build/python_pkgs/python_pkgs.egg-info/PKG-INFO
[4.382s] writing dependency_links to ../../build/python_pkgs/python_pkgs.egg-info/dependency_links.txt
[4.382s] writing entry points to ../../build/python_pkgs/python_pkgs.egg-info/entry_points.txt
[4.382s] writing requirements to ../../build/python_pkgs/python_pkgs.egg-info/requires.txt
[4.386s] writing top-level names to ../../build/python_pkgs/python_pkgs.egg-info/top_level.txt
[4.387s] reading manifest file '../../build/python_pkgs/python_pkgs.egg-info/SOURCES.txt'
[4.390s] writing manifest file '../../build/python_pkgs/python_pkgs.egg-info/SOURCES.txt'
[4.390s] running build
[4.390s] running build_py
[4.390s] running install
[4.391s] running install_lib
[4.392s] running install_data
[4.392s] running install_egg_info
[4.394s] removing '/home/shiva/ros2_playground/workspace2/install/python_pkgs/lib/python3.10/site-packages/python_pkgs-0.0.0-py3.10.egg-info' (and everything under it)
[4.398s] Copying ../../build/python_pkgs/python_pkgs.egg-info to /home/shiva/ros2_playground/workspace2/install/python_pkgs/lib/python3.10/site-packages/python_pkgs-0.0.0-py3.10.egg-info
[4.404s] running install_scripts
[4.422s] Installing drone_image script to /home/shiva/ros2_playground/workspace2/install/python_pkgs/lib/python_pkgs
[4.423s] writing list of installed files to '/home/shiva/ros2_playground/workspace2/build/python_pkgs/install.log'
