[0.120s] Invoking command in '/home/shiva/ros2_playground/workspace3/build/bot3_controllers': CMAKE_PREFIX_PATH=/opt/ros/humble /usr/bin/cmake --build /home/shiva/ros2_playground/workspace3/build/bot3_controllers -- -j8 -l8
[0.182s] -- Found ament_cmake: 1.3.10 (/opt/ros/humble/share/ament_cmake/cmake)
[0.565s] -- Found ament_lint_auto: 0.12.11 (/opt/ros/humble/share/ament_lint_auto/cmake)
[0.770s] -- Added test 'flake8' to check Python code syntax and style conventions
[0.780s] -- Added test 'lint_cmake' to check CMake code style
[0.785s] -- Added test 'pep257' to check Python code against some of the docstring style conventions in PEP 257
[0.785s] -- Added test 'xmllint' to check XML markup files
[0.785s] -- Configuring done
[0.822s] -- Generating done
[0.844s] -- Build files have been written to: /home/shiva/ros2_playground/workspace3/build/bot3_controllers
[1.025s] Invoked command in '/home/shiva/ros2_playground/workspace3/build/bot3_controllers' returned '0': CMAKE_PREFIX_PATH=/opt/ros/humble /usr/bin/cmake --build /home/shiva/ros2_playground/workspace3/build/bot3_controllers -- -j8 -l8
[1.151s] Invoking command in '/home/shiva/ros2_playground/workspace3/build/bot3_controllers': CMAKE_PREFIX_PATH=/opt/ros/humble /usr/bin/cmake --install /home/shiva/ros2_playground/workspace3/build/bot3_controllers
[1.157s] -- Install configuration: ""
[1.157s] -- Installing: /home/shiva/ros2_playground/workspace3/install/bot3_controllers/share/bot3_controllers/config
[1.157s] -- Installing: /home/shiva/ros2_playground/workspace3/install/bot3_controllers/share/bot3_controllers/config/bot3_controller.yaml
[1.158s] -- Installing: /home/shiva/ros2_playground/workspace3/install/bot3_controllers/share/bot3_controllers/launch
[1.158s] -- Installing: /home/shiva/ros2_playground/workspace3/install/bot3_controllers/share/bot3_controllers/launch/bot3_control.launch.py
[1.158s] -- Installing: /home/shiva/ros2_playground/workspace3/install/bot3_controllers/share/ament_index/resource_index/package_run_dependencies/bot3_controllers
[1.167s] -- Up-to-date: /home/shiva/ros2_playground/workspace3/install/bot3_controllers/share/ament_index/resource_index/parent_prefix_path/bot3_controllers
[1.167s] -- Up-to-date: /home/shiva/ros2_playground/workspace3/install/bot3_controllers/share/bot3_controllers/environment/ament_prefix_path.sh
[1.167s] -- Installing: /home/shiva/ros2_playground/workspace3/install/bot3_controllers/share/bot3_controllers/environment/ament_prefix_path.dsv
[1.167s] -- Up-to-date: /home/shiva/ros2_playground/workspace3/install/bot3_controllers/share/bot3_controllers/environment/path.sh
[1.167s] -- Installing: /home/shiva/ros2_playground/workspace3/install/bot3_controllers/share/bot3_controllers/environment/path.dsv
[1.167s] -- Up-to-date: /home/shiva/ros2_playground/workspace3/install/bot3_controllers/share/bot3_controllers/local_setup.bash
[1.167s] -- Up-to-date: /home/shiva/ros2_playground/workspace3/install/bot3_controllers/share/bot3_controllers/local_setup.sh
[1.167s] -- Up-to-date: /home/shiva/ros2_playground/workspace3/install/bot3_controllers/share/bot3_controllers/local_setup.zsh
[1.209s] -- Installing: /home/shiva/ros2_playground/workspace3/install/bot3_controllers/share/bot3_controllers/local_setup.dsv
[1.209s] -- Installing: /home/shiva/ros2_playground/workspace3/install/bot3_controllers/share/bot3_controllers/package.dsv
[1.209s] -- Up-to-date: /home/shiva/ros2_playground/workspace3/install/bot3_controllers/share/ament_index/resource_index/packages/bot3_controllers
[1.209s] -- Up-to-date: /home/shiva/ros2_playground/workspace3/install/bot3_controllers/share/bot3_controllers/cmake/bot3_controllersConfig.cmake
[1.209s] -- Up-to-date: /home/shiva/ros2_playground/workspace3/install/bot3_controllers/share/bot3_controllers/cmake/bot3_controllersConfig-version.cmake
[1.210s] -- Installing: /home/shiva/ros2_playground/workspace3/install/bot3_controllers/share/bot3_controllers/package.xml
[1.210s] Invoked command in '/home/shiva/ros2_playground/workspace3/build/bot3_controllers' returned '0': CMAKE_PREFIX_PATH=/opt/ros/humble /usr/bin/cmake --install /home/shiva/ros2_playground/workspace3/build/bot3_controllers
