[2.120s] Invoking command in '/home/shiva/ros2_playground/workspace2/src/python_pkgs': PYTHONPATH=/home/shiva/ros2_playground/workspace2/build/python_pkgs/prefix_override:/home/shiva/ros2_playground/workspace2/install/python_pkgs/lib/python3.10/site-packages:${PYTHONPATH} /usr/bin/python3 -W ignore:setup.py install is deprecated setup.py egg_info --egg-base ../../build/python_pkgs build --build-base /home/shiva/ros2_playground/workspace2/build/python_pkgs/build install --record /home/shiva/ros2_playground/workspace2/build/python_pkgs/install.log --single-version-externally-managed install_data
[2.759s] running egg_info
[2.759s] writing ../../build/python_pkgs/python_pkgs.egg-info/PKG-INFO
[2.762s] writing dependency_links to ../../build/python_pkgs/python_pkgs.egg-info/dependency_links.txt
[2.764s] writing entry points to ../../build/python_pkgs/python_pkgs.egg-info/entry_points.txt
[2.764s] writing requirements to ../../build/python_pkgs/python_pkgs.egg-info/requires.txt
[2.773s] writing top-level names to ../../build/python_pkgs/python_pkgs.egg-info/top_level.txt
[2.774s] reading manifest file '../../build/python_pkgs/python_pkgs.egg-info/SOURCES.txt'
[2.783s] writing manifest file '../../build/python_pkgs/python_pkgs.egg-info/SOURCES.txt'
[2.799s] running build
[2.800s] running build_py
[2.813s] copying python_pkgs/drone_image.py -> /home/shiva/ros2_playground/workspace2/build/python_pkgs/build/lib/python_pkgs
[2.814s] running install
[2.822s] running install_lib
[2.825s] copying /home/shiva/ros2_playground/workspace2/build/python_pkgs/build/lib/python_pkgs/drone_image.py -> /home/shiva/ros2_playground/workspace2/install/python_pkgs/lib/python3.10/site-packages/python_pkgs
[2.828s] byte-compiling /home/shiva/ros2_playground/workspace2/install/python_pkgs/lib/python3.10/site-packages/python_pkgs/drone_image.py to drone_image.cpython-310.pyc
[2.838s] running install_data
[2.839s] running install_egg_info
[2.866s] removing '/home/shiva/ros2_playground/workspace2/install/python_pkgs/lib/python3.10/site-packages/python_pkgs-0.0.0-py3.10.egg-info' (and everything under it)
[2.866s] Copying ../../build/python_pkgs/python_pkgs.egg-info to /home/shiva/ros2_playground/workspace2/install/python_pkgs/lib/python3.10/site-packages/python_pkgs-0.0.0-py3.10.egg-info
[2.872s] running install_scripts
[2.933s] Installing drone_image script to /home/shiva/ros2_playground/workspace2/install/python_pkgs/lib/python_pkgs
[2.933s] writing list of installed files to '/home/shiva/ros2_playground/workspace2/build/python_pkgs/install.log'
[3.010s] Invoked command in '/home/shiva/ros2_playground/workspace2/src/python_pkgs' returned '0': PYTHONPATH=/home/shiva/ros2_playground/workspace2/build/python_pkgs/prefix_override:/home/shiva/ros2_playground/workspace2/install/python_pkgs/lib/python3.10/site-packages:${PYTHONPATH} /usr/bin/python3 -W ignore:setup.py install is deprecated setup.py egg_info --egg-base ../../build/python_pkgs build --build-base /home/shiva/ros2_playground/workspace2/build/python_pkgs/build install --record /home/shiva/ros2_playground/workspace2/build/python_pkgs/install.log --single-version-externally-managed install_data
