[0.092s] DEBUG:colcon:Command line arguments: ['/usr/bin/colcon', 'build']
[0.092s] DEBUG:colcon:Parsed command line arguments: Namespace(log_base=None, log_level=None, verb_name='build', build_base='build', install_base='install', merge_install=False, symlink_install=False, test_result_base=None, continue_on_error=False, executor='parallel', parallel_workers=7, event_handlers=None, ignore_user_meta=False, metas=['./colcon.meta'], base_paths=['.'], packages_ignore=None, packages_ignore_regex=None, paths=None, packages_up_to=None, packages_up_to_regex=None, packages_above=None, packages_above_and_dependencies=None, packages_above_depth=None, packages_select_by_dep=None, packages_skip_by_dep=None, packages_skip_up_to=None, packages_select_build_failed=False, packages_skip_build_finished=False, packages_select_test_failures=False, packages_skip_test_passed=False, packages_select=None, packages_skip=None, packages_select_regex=None, packages_skip_regex=None, packages_start=None, packages_end=None, allow_overriding=[], cmake_args=None, cmake_target=None, cmake_target_skip_unavailable=False, cmake_clean_cache=False, cmake_clean_first=False, cmake_force_configure=False, ament_cmake_args=None, catkin_cmake_args=None, catkin_skip_building_tests=False, mixin_files=None, mixin=None, verb_parser=<colcon_mixin.mixin.mixin_argument.MixinArgumentDecorator object at 0x7c806ca4abf0>, verb_extension=<colcon_core.verb.build.BuildVerb object at 0x7c806ca4a560>, main=<bound method BuildVerb.main of <colcon_core.verb.build.BuildVerb object at 0x7c806ca4a560>>, mixin_verb=('build',))
[0.225s] Level 1:colcon.colcon_core.package_discovery:discover_packages(colcon_meta) check parameters
[0.226s] Level 1:colcon.colcon_core.package_discovery:discover_packages(recursive) check parameters
[0.226s] Level 1:colcon.colcon_core.package_discovery:discover_packages(ignore) check parameters
[0.226s] Level 1:colcon.colcon_core.package_discovery:discover_packages(path) check parameters
[0.226s] Level 1:colcon.colcon_core.package_discovery:discover_packages(colcon_meta) discover
[0.226s] Level 1:colcon.colcon_core.package_discovery:discover_packages(recursive) discover
[0.226s] INFO:colcon.colcon_core.package_discovery:Crawling recursively for packages in '/home/shiva/ros2_playground/workspace2'
[0.226s] Level 1:colcon.colcon_core.package_identification:_identify(.) by extensions ['ignore', 'ignore_ament_install']
[0.226s] Level 1:colcon.colcon_core.package_identification:_identify(.) by extension 'ignore'
[0.226s] Level 1:colcon.colcon_core.package_identification:_identify(.) by extension 'ignore_ament_install'
[0.226s] Level 1:colcon.colcon_core.package_identification:_identify(.) by extensions ['colcon_pkg']
[0.226s] Level 1:colcon.colcon_core.package_identification:_identify(.) by extension 'colcon_pkg'
[0.226s] Level 1:colcon.colcon_core.package_identification:_identify(.) by extensions ['colcon_meta']
[0.226s] Level 1:colcon.colcon_core.package_identification:_identify(.) by extension 'colcon_meta'
[0.226s] Level 1:colcon.colcon_core.package_identification:_identify(.) by extensions ['ros']
[0.226s] Level 1:colcon.colcon_core.package_identification:_identify(.) by extension 'ros'
[0.235s] Level 1:colcon.colcon_core.package_identification:_identify(.) by extensions ['cmake', 'python']
[0.236s] Level 1:colcon.colcon_core.package_identification:_identify(.) by extension 'cmake'
[0.236s] Level 1:colcon.colcon_core.package_identification:_identify(.) by extension 'python'
[0.236s] Level 1:colcon.colcon_core.package_identification:_identify(.) by extensions ['python_setup_py']
[0.236s] Level 1:colcon.colcon_core.package_identification:_identify(.) by extension 'python_setup_py'
[0.236s] Level 1:colcon.colcon_core.package_identification:_identify(build) by extensions ['ignore', 'ignore_ament_install']
[0.236s] Level 1:colcon.colcon_core.package_identification:_identify(build) by extension 'ignore'
[0.236s] Level 1:colcon.colcon_core.package_identification:_identify(build) ignored
[0.236s] Level 1:colcon.colcon_core.package_identification:_identify(install) by extensions ['ignore', 'ignore_ament_install']
[0.236s] Level 1:colcon.colcon_core.package_identification:_identify(install) by extension 'ignore'
[0.236s] Level 1:colcon.colcon_core.package_identification:_identify(install) ignored
[0.237s] Level 1:colcon.colcon_core.package_identification:_identify(log) by extensions ['ignore', 'ignore_ament_install']
[0.237s] Level 1:colcon.colcon_core.package_identification:_identify(log) by extension 'ignore'
[0.237s] Level 1:colcon.colcon_core.package_identification:_identify(log) ignored
[0.237s] Level 1:colcon.colcon_core.package_identification:_identify(src) by extensions ['ignore', 'ignore_ament_install']
[0.237s] Level 1:colcon.colcon_core.package_identification:_identify(src) by extension 'ignore'
[0.237s] Level 1:colcon.colcon_core.package_identification:_identify(src) by extension 'ignore_ament_install'
[0.237s] Level 1:colcon.colcon_core.package_identification:_identify(src) by extensions ['colcon_pkg']
[0.237s] Level 1:colcon.colcon_core.package_identification:_identify(src) by extension 'colcon_pkg'
[0.237s] Level 1:colcon.colcon_core.package_identification:_identify(src) by extensions ['colcon_meta']
[0.237s] Level 1:colcon.colcon_core.package_identification:_identify(src) by extension 'colcon_meta'
[0.237s] Level 1:colcon.colcon_core.package_identification:_identify(src) by extensions ['ros']
[0.237s] Level 1:colcon.colcon_core.package_identification:_identify(src) by extension 'ros'
[0.237s] Level 1:colcon.colcon_core.package_identification:_identify(src) by extensions ['cmake', 'python']
[0.237s] Level 1:colcon.colcon_core.package_identification:_identify(src) by extension 'cmake'
[0.237s] Level 1:colcon.colcon_core.package_identification:_identify(src) by extension 'python'
[0.237s] Level 1:colcon.colcon_core.package_identification:_identify(src) by extensions ['python_setup_py']
[0.237s] Level 1:colcon.colcon_core.package_identification:_identify(src) by extension 'python_setup_py'
[0.237s] Level 1:colcon.colcon_core.package_identification:_identify(src/python_pkgs) by extensions ['ignore', 'ignore_ament_install']
[0.237s] Level 1:colcon.colcon_core.package_identification:_identify(src/python_pkgs) by extension 'ignore'
[0.237s] Level 1:colcon.colcon_core.package_identification:_identify(src/python_pkgs) by extension 'ignore_ament_install'
[0.238s] Level 1:colcon.colcon_core.package_identification:_identify(src/python_pkgs) by extensions ['colcon_pkg']
[0.238s] Level 1:colcon.colcon_core.package_identification:_identify(src/python_pkgs) by extension 'colcon_pkg'
[0.238s] Level 1:colcon.colcon_core.package_identification:_identify(src/python_pkgs) by extensions ['colcon_meta']
[0.238s] Level 1:colcon.colcon_core.package_identification:_identify(src/python_pkgs) by extension 'colcon_meta'
[0.238s] Level 1:colcon.colcon_core.package_identification:_identify(src/python_pkgs) by extensions ['ros']
[0.238s] Level 1:colcon.colcon_core.package_identification:_identify(src/python_pkgs) by extension 'ros'
[0.240s] DEBUG:colcon.colcon_core.package_identification:Package 'src/python_pkgs' with type 'ros.ament_python' and name 'python_pkgs'
[0.240s] Level 1:colcon.colcon_core.package_discovery:discover_packages(recursive) using defaults
[0.240s] Level 1:colcon.colcon_core.package_discovery:discover_packages(ignore) discover
[0.240s] Level 1:colcon.colcon_core.package_discovery:discover_packages(ignore) using defaults
[0.240s] Level 1:colcon.colcon_core.package_discovery:discover_packages(path) discover
[0.240s] Level 1:colcon.colcon_core.package_discovery:discover_packages(path) using defaults
[0.268s] Level 1:colcon.colcon_core.package_discovery:discover_packages(prefix_path) check parameters
[0.268s] Level 1:colcon.colcon_core.package_discovery:discover_packages(prefix_path) discover
[0.270s] DEBUG:colcon.colcon_installed_package_information.package_discovery:Found 329 installed packages in /opt/ros/humble
[0.271s] Level 1:colcon.colcon_core.package_discovery:discover_packages(prefix_path) using defaults
[0.303s] Level 5:colcon.colcon_core.verb:set package 'python_pkgs' build argument 'cmake_args' from command line to 'None'
[0.303s] Level 5:colcon.colcon_core.verb:set package 'python_pkgs' build argument 'cmake_target' from command line to 'None'
[0.303s] Level 5:colcon.colcon_core.verb:set package 'python_pkgs' build argument 'cmake_target_skip_unavailable' from command line to 'False'
[0.304s] Level 5:colcon.colcon_core.verb:set package 'python_pkgs' build argument 'cmake_clean_cache' from command line to 'False'
[0.304s] Level 5:colcon.colcon_core.verb:set package 'python_pkgs' build argument 'cmake_clean_first' from command line to 'False'
[0.304s] Level 5:colcon.colcon_core.verb:set package 'python_pkgs' build argument 'cmake_force_configure' from command line to 'False'
[0.304s] Level 5:colcon.colcon_core.verb:set package 'python_pkgs' build argument 'ament_cmake_args' from command line to 'None'
[0.304s] Level 5:colcon.colcon_core.verb:set package 'python_pkgs' build argument 'catkin_cmake_args' from command line to 'None'
[0.304s] Level 5:colcon.colcon_core.verb:set package 'python_pkgs' build argument 'catkin_skip_building_tests' from command line to 'False'
[0.304s] DEBUG:colcon.colcon_core.verb:Building package 'python_pkgs' with the following arguments: {'ament_cmake_args': None, 'build_base': '/home/shiva/ros2_playground/workspace2/build/python_pkgs', 'catkin_cmake_args': None, 'catkin_skip_building_tests': False, 'cmake_args': None, 'cmake_clean_cache': False, 'cmake_clean_first': False, 'cmake_force_configure': False, 'cmake_target': None, 'cmake_target_skip_unavailable': False, 'install_base': '/home/shiva/ros2_playground/workspace2/install/python_pkgs', 'merge_install': False, 'path': '/home/shiva/ros2_playground/workspace2/src/python_pkgs', 'symlink_install': False, 'test_result_base': None}
[0.304s] INFO:colcon.colcon_core.executor:Executing jobs using 'parallel' executor
[0.305s] DEBUG:colcon.colcon_parallel_executor.executor.parallel:run_until_complete
[0.306s] INFO:colcon.colcon_ros.task.ament_python.build:Building ROS package in '/home/shiva/ros2_playground/workspace2/src/python_pkgs' with build type 'ament_python'
[0.306s] Level 1:colcon.colcon_core.shell:create_environment_hook('python_pkgs', 'ament_prefix_path')
[0.314s] INFO:colcon.colcon_core.plugin_system:Skipping extension 'colcon_core.shell.bat': Not used on non-Windows systems
[0.314s] INFO:colcon.colcon_core.shell:Creating environment hook '/home/shiva/ros2_playground/workspace2/install/python_pkgs/share/python_pkgs/hook/ament_prefix_path.ps1'
[0.315s] INFO:colcon.colcon_core.shell:Creating environment descriptor '/home/shiva/ros2_playground/workspace2/install/python_pkgs/share/python_pkgs/hook/ament_prefix_path.dsv'
[0.317s] INFO:colcon.colcon_core.shell:Creating environment hook '/home/shiva/ros2_playground/workspace2/install/python_pkgs/share/python_pkgs/hook/ament_prefix_path.sh'
[0.328s] INFO:colcon.colcon_core.shell:Skip shell extension 'powershell' for command environment: Not usable outside of PowerShell
[0.328s] DEBUG:colcon.colcon_core.shell:Skip shell extension 'dsv' for command environment
[0.586s] INFO:colcon.colcon_core.task.python.build:Building Python package in '/home/shiva/ros2_playground/workspace2/src/python_pkgs'
[0.587s] INFO:colcon.colcon_core.shell:Skip shell extension 'powershell' for command environment: Not usable outside of PowerShell
[0.587s] DEBUG:colcon.colcon_core.shell:Skip shell extension 'dsv' for command environment
[1.081s] DEBUG:colcon.colcon_core.event_handler.log_command:Invoking command in '/home/shiva/ros2_playground/workspace2/src/python_pkgs': PYTHONPATH=/home/shiva/ros2_playground/workspace2/build/python_pkgs/prefix_override:/home/shiva/ros2_playground/workspace2/install/python_pkgs/lib/python3.10/site-packages:${PYTHONPATH} /usr/bin/python3 -W ignore:setup.py install is deprecated setup.py egg_info --egg-base ../../build/python_pkgs build --build-base /home/shiva/ros2_playground/workspace2/build/python_pkgs/build install --record /home/shiva/ros2_playground/workspace2/build/python_pkgs/install.log --single-version-externally-managed install_data
[1.381s] DEBUG:colcon.colcon_core.event_handler.log_command:Invoked command in '/home/shiva/ros2_playground/workspace2/src/python_pkgs' returned '0': PYTHONPATH=/home/shiva/ros2_playground/workspace2/build/python_pkgs/prefix_override:/home/shiva/ros2_playground/workspace2/install/python_pkgs/lib/python3.10/site-packages:${PYTHONPATH} /usr/bin/python3 -W ignore:setup.py install is deprecated setup.py egg_info --egg-base ../../build/python_pkgs build --build-base /home/shiva/ros2_playground/workspace2/build/python_pkgs/build install --record /home/shiva/ros2_playground/workspace2/build/python_pkgs/install.log --single-version-externally-managed install_data
[1.383s] Level 1:colcon.colcon_core.environment:checking '/home/shiva/ros2_playground/workspace2/install/python_pkgs' for CMake module files
[1.384s] Level 1:colcon.colcon_core.environment:checking '/home/shiva/ros2_playground/workspace2/install/python_pkgs' for CMake config files
[1.384s] Level 1:colcon.colcon_core.environment:checking '/home/shiva/ros2_playground/workspace2/install/python_pkgs/lib'
[1.385s] Level 1:colcon.colcon_core.environment:checking '/home/shiva/ros2_playground/workspace2/install/python_pkgs/bin'
[1.385s] Level 1:colcon.colcon_core.environment:checking '/home/shiva/ros2_playground/workspace2/install/python_pkgs/lib/pkgconfig/python_pkgs.pc'
[1.385s] Level 1:colcon.colcon_core.environment:checking '/home/shiva/ros2_playground/workspace2/install/python_pkgs/lib/python3.10/site-packages'
[1.385s] Level 1:colcon.colcon_core.shell:create_environment_hook('python_pkgs', 'pythonpath')
[1.385s] INFO:colcon.colcon_core.shell:Creating environment hook '/home/shiva/ros2_playground/workspace2/install/python_pkgs/share/python_pkgs/hook/pythonpath.ps1'
[1.389s] INFO:colcon.colcon_core.shell:Creating environment descriptor '/home/shiva/ros2_playground/workspace2/install/python_pkgs/share/python_pkgs/hook/pythonpath.dsv'
[1.390s] INFO:colcon.colcon_core.shell:Creating environment hook '/home/shiva/ros2_playground/workspace2/install/python_pkgs/share/python_pkgs/hook/pythonpath.sh'
[1.391s] Level 1:colcon.colcon_core.environment:checking '/home/shiva/ros2_playground/workspace2/install/python_pkgs/bin'
[1.391s] Level 1:colcon.colcon_core.environment:create_environment_scripts_only(python_pkgs)
[1.391s] INFO:colcon.colcon_core.shell:Creating package script '/home/shiva/ros2_playground/workspace2/install/python_pkgs/share/python_pkgs/package.ps1'
[1.392s] INFO:colcon.colcon_core.shell:Creating package descriptor '/home/shiva/ros2_playground/workspace2/install/python_pkgs/share/python_pkgs/package.dsv'
[1.393s] INFO:colcon.colcon_core.shell:Creating package script '/home/shiva/ros2_playground/workspace2/install/python_pkgs/share/python_pkgs/package.sh'
[1.397s] INFO:colcon.colcon_core.shell:Creating package script '/home/shiva/ros2_playground/workspace2/install/python_pkgs/share/python_pkgs/package.bash'
[1.404s] INFO:colcon.colcon_core.shell:Creating package script '/home/shiva/ros2_playground/workspace2/install/python_pkgs/share/python_pkgs/package.zsh'
[1.406s] Level 1:colcon.colcon_core.environment:create_file_with_runtime_dependencies(/home/shiva/ros2_playground/workspace2/install/python_pkgs/share/colcon-core/packages/python_pkgs)
[1.407s] DEBUG:colcon.colcon_parallel_executor.executor.parallel:closing loop
[1.410s] DEBUG:colcon.colcon_parallel_executor.executor.parallel:loop closed
[1.411s] DEBUG:colcon.colcon_parallel_executor.executor.parallel:run_until_complete finished with '0'
[1.411s] DEBUG:colcon.colcon_core.event_reactor:joining thread
[1.444s] INFO:colcon.colcon_core.plugin_system:Skipping extension 'colcon_notification.desktop_notification.terminal_notifier': Not used on non-Darwin systems
[1.445s] INFO:colcon.colcon_core.plugin_system:Skipping extension 'colcon_notification.desktop_notification.win32': Not used on non-Windows systems
[1.445s] INFO:colcon.colcon_notification.desktop_notification:Sending desktop notification using 'notify2'
[1.524s] DEBUG:colcon.colcon_core.event_reactor:joined thread
[1.525s] INFO:colcon.colcon_core.shell:Creating prefix script '/home/shiva/ros2_playground/workspace2/install/local_setup.ps1'
[1.526s] INFO:colcon.colcon_core.shell:Creating prefix util module '/home/shiva/ros2_playground/workspace2/install/_local_setup_util_ps1.py'
[1.527s] INFO:colcon.colcon_core.shell:Creating prefix chain script '/home/shiva/ros2_playground/workspace2/install/setup.ps1'
[1.529s] INFO:colcon.colcon_core.shell:Creating prefix script '/home/shiva/ros2_playground/workspace2/install/local_setup.sh'
[1.529s] INFO:colcon.colcon_core.shell:Creating prefix util module '/home/shiva/ros2_playground/workspace2/install/_local_setup_util_sh.py'
[1.530s] INFO:colcon.colcon_core.shell:Creating prefix chain script '/home/shiva/ros2_playground/workspace2/install/setup.sh'
[1.532s] INFO:colcon.colcon_core.shell:Creating prefix script '/home/shiva/ros2_playground/workspace2/install/local_setup.bash'
[1.534s] INFO:colcon.colcon_core.shell:Creating prefix chain script '/home/shiva/ros2_playground/workspace2/install/setup.bash'
[1.536s] INFO:colcon.colcon_core.shell:Creating prefix script '/home/shiva/ros2_playground/workspace2/install/local_setup.zsh'
[1.536s] INFO:colcon.colcon_core.shell:Creating prefix chain script '/home/shiva/ros2_playground/workspace2/install/setup.zsh'
