[0.096s] Invoking command in '/home/shiva/ros2_playground/workspace2/build/bot2_controllers': CMAKE_PREFIX_PATH=/opt/ros/humble /usr/bin/cmake --build /home/shiva/ros2_playground/workspace2/build/bot2_controllers -- -j8 -l8
[0.520s] Invoked command in '/home/shiva/ros2_playground/workspace2/build/bot2_controllers' returned '0': CMAKE_PREFIX_PATH=/opt/ros/humble /usr/bin/cmake --build /home/shiva/ros2_playground/workspace2/build/bot2_controllers -- -j8 -l8
[0.677s] Invoking command in '/home/shiva/ros2_playground/workspace2/build/bot2_controllers': CMAKE_PREFIX_PATH=/opt/ros/humble /usr/bin/cmake --install /home/shiva/ros2_playground/workspace2/build/bot2_controllers
[0.750s] -- Install configuration: ""
[0.750s] -- Up-to-date: /home/shiva/ros2_playground/workspace2/install/bot2_controllers/share/bot2_controllers/config
[0.751s] -- Up-to-date: /home/shiva/ros2_playground/workspace2/install/bot2_controllers/share/bot2_controllers/config/bot2_controller.yaml
[0.751s] -- Up-to-date: /home/shiva/ros2_playground/workspace2/install/bot2_controllers/share/bot2_controllers/launch
[0.751s] -- Up-to-date: /home/shiva/ros2_playground/workspace2/install/bot2_controllers/share/bot2_controllers/launch/bot2_control.launch.py
[0.751s] -- Up-to-date: /home/shiva/ros2_playground/workspace2/install/bot2_controllers/share/ament_index/resource_index/package_run_dependencies/bot2_controllers
[0.751s] -- Up-to-date: /home/shiva/ros2_playground/workspace2/install/bot2_controllers/share/ament_index/resource_index/parent_prefix_path/bot2_controllers
[0.754s] -- Up-to-date: /home/shiva/ros2_playground/workspace2/install/bot2_controllers/share/bot2_controllers/environment/ament_prefix_path.sh
[0.754s] -- Up-to-date: /home/shiva/ros2_playground/workspace2/install/bot2_controllers/share/bot2_controllers/environment/ament_prefix_path.dsv
[0.755s] -- Up-to-date: /home/shiva/ros2_playground/workspace2/install/bot2_controllers/share/bot2_controllers/environment/path.sh
[0.755s] -- Up-to-date: /home/shiva/ros2_playground/workspace2/install/bot2_controllers/share/bot2_controllers/environment/path.dsv
[0.755s] -- Up-to-date: /home/shiva/ros2_playground/workspace2/install/bot2_controllers/share/bot2_controllers/local_setup.bash
[0.755s] -- Up-to-date: /home/shiva/ros2_playground/workspace2/install/bot2_controllers/share/bot2_controllers/local_setup.sh
[0.755s] -- Up-to-date: /home/shiva/ros2_playground/workspace2/install/bot2_controllers/share/bot2_controllers/local_setup.zsh
[0.755s] -- Up-to-date: /home/shiva/ros2_playground/workspace2/install/bot2_controllers/share/bot2_controllers/local_setup.dsv
[0.755s] -- Installing: /home/shiva/ros2_playground/workspace2/install/bot2_controllers/share/bot2_controllers/package.dsv
[0.755s] -- Up-to-date: /home/shiva/ros2_playground/workspace2/install/bot2_controllers/share/ament_index/resource_index/packages/bot2_controllers
[0.755s] -- Up-to-date: /home/shiva/ros2_playground/workspace2/install/bot2_controllers/share/bot2_controllers/cmake/bot2_controllersConfig.cmake
[0.764s] -- Up-to-date: /home/shiva/ros2_playground/workspace2/install/bot2_controllers/share/bot2_controllers/cmake/bot2_controllersConfig-version.cmake
[0.766s] -- Up-to-date: /home/shiva/ros2_playground/workspace2/install/bot2_controllers/share/bot2_controllers/package.xml
[0.773s] Invoked command in '/home/shiva/ros2_playground/workspace2/build/bot2_controllers' returned '0': CMAKE_PREFIX_PATH=/opt/ros/humble /usr/bin/cmake --install /home/shiva/ros2_playground/workspace2/build/bot2_controllers
