[1.161s] Invoking command in '/home/shiva/ros2_playground/workspace2/src/python_pkgs': PYTHONPATH=/home/shiva/ros2_playground/workspace2/build/python_pkgs/prefix_override:/usr/lib/python3/dist-packages/colcon_core/task/python/colcon_distutils_commands:/home/shiva/ros2_playground/workspace2/install/python_pkgs/lib/python3.10/site-packages:${PYTHONPATH} /usr/bin/python3 -W ignore:setup.py install is deprecated setup.py egg_info --egg-base ../../build/python_pkgs build --build-base /home/shiva/ros2_playground/workspace2/build/python_pkgs/build install --record /home/shiva/ros2_playground/workspace2/build/python_pkgs/install.log --single-version-externally-managed install_data
[1.362s] running egg_info
[1.362s] writing ../../build/python_pkgs/python_pkgs.egg-info/PKG-INFO
[1.369s] writing dependency_links to ../../build/python_pkgs/python_pkgs.egg-info/dependency_links.txt
[1.385s] writing entry points to ../../build/python_pkgs/python_pkgs.egg-info/entry_points.txt
[1.385s] writing requirements to ../../build/python_pkgs/python_pkgs.egg-info/requires.txt
[1.385s] writing top-level names to ../../build/python_pkgs/python_pkgs.egg-info/top_level.txt
[1.391s] reading manifest file '../../build/python_pkgs/python_pkgs.egg-info/SOURCES.txt'
[1.394s] writing manifest file '../../build/python_pkgs/python_pkgs.egg-info/SOURCES.txt'
[1.400s] running build
[1.400s] running build_py
[1.400s] running install
[1.400s] running install_lib
[1.403s] running install_data
[1.415s] running install_egg_info
[1.437s] removing '/home/shiva/ros2_playground/workspace2/install/python_pkgs/lib/python3.10/site-packages/python_pkgs-0.0.0-py3.10.egg-info' (and everything under it)
[1.441s] Copying ../../build/python_pkgs/python_pkgs.egg-info to /home/shiva/ros2_playground/workspace2/install/python_pkgs/lib/python3.10/site-packages/python_pkgs-0.0.0-py3.10.egg-info
[1.443s] running install_scripts
[1.485s] Installing drone_image script to /home/shiva/ros2_playground/workspace2/install/python_pkgs/lib/python_pkgs
[1.486s] writing list of installed files to '/home/shiva/ros2_playground/workspace2/build/python_pkgs/install.log'
[1.510s] Invoked command in '/home/shiva/ros2_playground/workspace2/src/python_pkgs' returned '0': PYTHONPATH=/home/shiva/ros2_playground/workspace2/build/python_pkgs/prefix_override:/usr/lib/python3/dist-packages/colcon_core/task/python/colcon_distutils_commands:/home/shiva/ros2_playground/workspace2/install/python_pkgs/lib/python3.10/site-packages:${PYTHONPATH} /usr/bin/python3 -W ignore:setup.py install is deprecated setup.py egg_info --egg-base ../../build/python_pkgs build --build-base /home/shiva/ros2_playground/workspace2/build/python_pkgs/build install --record /home/shiva/ros2_playground/workspace2/build/python_pkgs/install.log --single-version-externally-managed install_data
