[7.140s] Invoking command in '/home/shiva/ros2_playground/workspace2/src/python_pkgs': PYTHONPATH=/home/shiva/ros2_playground/workspace2/build/python_pkgs/prefix_override:/usr/lib/python3/dist-packages/colcon_core/task/python/colcon_distutils_commands:/home/shiva/ros2_playground/workspace2/install/python_pkgs/lib/python3.10/site-packages:${PYTHONPATH} /usr/bin/python3 -W ignore:setup.py install is deprecated setup.py egg_info --egg-base ../../build/python_pkgs build --build-base /home/shiva/ros2_playground/workspace2/build/python_pkgs/build install --record /home/shiva/ros2_playground/workspace2/build/python_pkgs/install.log --single-version-externally-managed install_data
[7.560s] running egg_info
[7.561s] writing ../../build/python_pkgs/python_pkgs.egg-info/PKG-INFO
[7.567s] writing dependency_links to ../../build/python_pkgs/python_pkgs.egg-info/dependency_links.txt
[7.572s] writing entry points to ../../build/python_pkgs/python_pkgs.egg-info/entry_points.txt
[7.573s] writing requirements to ../../build/python_pkgs/python_pkgs.egg-info/requires.txt
[7.573s] writing top-level names to ../../build/python_pkgs/python_pkgs.egg-info/top_level.txt
[7.577s] reading manifest file '../../build/python_pkgs/python_pkgs.egg-info/SOURCES.txt'
[7.579s] writing manifest file '../../build/python_pkgs/python_pkgs.egg-info/SOURCES.txt'
[7.581s] running build
[7.581s] running build_py
[7.584s] running install
[7.584s] running install_lib
[7.594s] running install_data
[7.597s] running install_egg_info
[7.606s] removing '/home/shiva/ros2_playground/workspace2/install/python_pkgs/lib/python3.10/site-packages/python_pkgs-0.0.0-py3.10.egg-info' (and everything under it)
[7.608s] Copying ../../build/python_pkgs/python_pkgs.egg-info to /home/shiva/ros2_playground/workspace2/install/python_pkgs/lib/python3.10/site-packages/python_pkgs-0.0.0-py3.10.egg-info
[7.611s] running install_scripts
[7.646s] Installing drone_image script to /home/shiva/ros2_playground/workspace2/install/python_pkgs/lib/python_pkgs
[7.647s] writing list of installed files to '/home/shiva/ros2_playground/workspace2/build/python_pkgs/install.log'
[7.694s] Invoked command in '/home/shiva/ros2_playground/workspace2/src/python_pkgs' returned '0': PYTHONPATH=/home/shiva/ros2_playground/workspace2/build/python_pkgs/prefix_override:/usr/lib/python3/dist-packages/colcon_core/task/python/colcon_distutils_commands:/home/shiva/ros2_playground/workspace2/install/python_pkgs/lib/python3.10/site-packages:${PYTHONPATH} /usr/bin/python3 -W ignore:setup.py install is deprecated setup.py egg_info --egg-base ../../build/python_pkgs build --build-base /home/shiva/ros2_playground/workspace2/build/python_pkgs/build install --record /home/shiva/ros2_playground/workspace2/build/python_pkgs/install.log --single-version-externally-managed install_data
