[0.250s] Invoking command in '/home/shiva/ros2_playground/workspace2/build/bot2_controllers': CMAKE_PREFIX_PATH=/opt/ros/humble /usr/bin/cmake --build /home/shiva/ros2_playground/workspace2/build/bot2_controllers -- -j8 -l8
[0.884s] Invoked command in '/home/shiva/ros2_playground/workspace2/build/bot2_controllers' returned '0': CMAKE_PREFIX_PATH=/opt/ros/humble /usr/bin/cmake --build /home/shiva/ros2_playground/workspace2/build/bot2_controllers -- -j8 -l8
[1.201s] Invoking command in '/home/shiva/ros2_playground/workspace2/build/bot2_controllers': CMAKE_PREFIX_PATH=/opt/ros/humble /usr/bin/cmake --install /home/shiva/ros2_playground/workspace2/build/bot2_controllers
[1.267s] -- Install configuration: ""
[1.281s] -- Up-to-date: /home/shiva/ros2_playground/workspace2/install/bot2_controllers/share/bot2_controllers/config
[1.281s] -- Up-to-date: /home/shiva/ros2_playground/workspace2/install/bot2_controllers/share/bot2_controllers/config/bot2_controller.yaml
[1.281s] -- Up-to-date: /home/shiva/ros2_playground/workspace2/install/bot2_controllers/share/bot2_controllers/launch
[1.281s] -- Up-to-date: /home/shiva/ros2_playground/workspace2/install/bot2_controllers/share/bot2_controllers/launch/bot2_control.launch.py
[1.281s] -- Up-to-date: /home/shiva/ros2_playground/workspace2/install/bot2_controllers/share/ament_index/resource_index/package_run_dependencies/bot2_controllers
[1.281s] -- Up-to-date: /home/shiva/ros2_playground/workspace2/install/bot2_controllers/share/ament_index/resource_index/parent_prefix_path/bot2_controllers
[1.281s] -- Up-to-date: /home/shiva/ros2_playground/workspace2/install/bot2_controllers/share/bot2_controllers/environment/ament_prefix_path.sh
[1.281s] -- Up-to-date: /home/shiva/ros2_playground/workspace2/install/bot2_controllers/share/bot2_controllers/environment/ament_prefix_path.dsv
[1.281s] -- Up-to-date: /home/shiva/ros2_playground/workspace2/install/bot2_controllers/share/bot2_controllers/environment/path.sh
[1.287s] -- Up-to-date: /home/shiva/ros2_playground/workspace2/install/bot2_controllers/share/bot2_controllers/environment/path.dsv
[1.291s] -- Up-to-date: /home/shiva/ros2_playground/workspace2/install/bot2_controllers/share/bot2_controllers/local_setup.bash
[1.291s] -- Up-to-date: /home/shiva/ros2_playground/workspace2/install/bot2_controllers/share/bot2_controllers/local_setup.sh
[1.291s] -- Up-to-date: /home/shiva/ros2_playground/workspace2/install/bot2_controllers/share/bot2_controllers/local_setup.zsh
[1.291s] -- Up-to-date: /home/shiva/ros2_playground/workspace2/install/bot2_controllers/share/bot2_controllers/local_setup.dsv
[1.291s] -- Up-to-date: /home/shiva/ros2_playground/workspace2/install/bot2_controllers/share/bot2_controllers/package.dsv
[1.291s] -- Up-to-date: /home/shiva/ros2_playground/workspace2/install/bot2_controllers/share/ament_index/resource_index/packages/bot2_controllers
[1.291s] -- Up-to-date: /home/shiva/ros2_playground/workspace2/install/bot2_controllers/share/bot2_controllers/cmake/bot2_controllersConfig.cmake
[1.291s] -- Up-to-date: /home/shiva/ros2_playground/workspace2/install/bot2_controllers/share/bot2_controllers/cmake/bot2_controllersConfig-version.cmake
[1.291s] -- Up-to-date: /home/shiva/ros2_playground/workspace2/install/bot2_controllers/share/bot2_controllers/package.xml
[1.317s] Invoked command in '/home/shiva/ros2_playground/workspace2/build/bot2_controllers' returned '0': CMAKE_PREFIX_PATH=/opt/ros/humble /usr/bin/cmake --install /home/shiva/ros2_playground/workspace2/build/bot2_controllers
