[0.075s] DEBUG:colcon:Command line arguments: ['/usr/bin/colcon', 'build']
[0.075s] DEBUG:colcon:Parsed command line arguments: Namespace(log_base=None, log_level=None, verb_name='build', build_base='build', install_base='install', merge_install=False, symlink_install=False, test_result_base=None, continue_on_error=False, executor='parallel', parallel_workers=16, event_handlers=None, ignore_user_meta=False, metas=['./colcon.meta'], base_paths=['.'], packages_ignore=None, packages_ignore_regex=None, paths=None, packages_up_to=None, packages_up_to_regex=None, packages_above=None, packages_above_and_dependencies=None, packages_above_depth=None, packages_select_by_dep=None, packages_skip_by_dep=None, packages_skip_up_to=None, packages_select_build_failed=False, packages_skip_build_finished=False, packages_select_test_failures=False, packages_skip_test_passed=False, packages_select=None, packages_skip=None, packages_select_regex=None, packages_skip_regex=None, packages_start=None, packages_end=None, allow_overriding=[], cmake_args=None, cmake_target=None, cmake_target_skip_unavailable=False, cmake_clean_cache=False, cmake_clean_first=False, cmake_force_configure=False, ament_cmake_args=None, catkin_cmake_args=None, catkin_skip_building_tests=False, mixin_files=None, mixin=None, verb_parser=<colcon_mixin.mixin.mixin_argument.MixinArgumentDecorator object at 0x71d34b44b9a0>, verb_extension=<colcon_core.verb.build.BuildVerb object at 0x71d34b44b340>, main=<bound method BuildVerb.main of <colcon_core.verb.build.BuildVerb object at 0x71d34b44b340>>, mixin_verb=('build',))
[0.202s] Level 1:colcon.colcon_core.package_discovery:discover_packages(colcon_meta) check parameters
[0.202s] Level 1:colcon.colcon_core.package_discovery:discover_packages(recursive) check parameters
[0.202s] Level 1:colcon.colcon_core.package_discovery:discover_packages(ignore) check parameters
[0.202s] Level 1:colcon.colcon_core.package_discovery:discover_packages(path) check parameters
[0.202s] Level 1:colcon.colcon_core.package_discovery:discover_packages(colcon_meta) discover
[0.202s] Level 1:colcon.colcon_core.package_discovery:discover_packages(recursive) discover
[0.202s] INFO:colcon.colcon_core.package_discovery:Crawling recursively for packages in '/home/shiva16/ros2_playground/patrol_bot'
[0.202s] Level 1:colcon.colcon_core.package_identification:_identify(.) by extensions ['ignore', 'ignore_ament_install']
[0.202s] Level 1:colcon.colcon_core.package_identification:_identify(.) by extension 'ignore'
[0.202s] Level 1:colcon.colcon_core.package_identification:_identify(.) by extension 'ignore_ament_install'
[0.203s] Level 1:colcon.colcon_core.package_identification:_identify(.) by extensions ['colcon_pkg']
[0.203s] Level 1:colcon.colcon_core.package_identification:_identify(.) by extension 'colcon_pkg'
[0.203s] Level 1:colcon.colcon_core.package_identification:_identify(.) by extensions ['colcon_meta']
[0.203s] Level 1:colcon.colcon_core.package_identification:_identify(.) by extension 'colcon_meta'
[0.203s] Level 1:colcon.colcon_core.package_identification:_identify(.) by extensions ['ros']
[0.203s] Level 1:colcon.colcon_core.package_identification:_identify(.) by extension 'ros'
[0.210s] Level 1:colcon.colcon_core.package_identification:_identify(.) by extensions ['cmake', 'python']
[0.210s] Level 1:colcon.colcon_core.package_identification:_identify(.) by extension 'cmake'
[0.210s] Level 1:colcon.colcon_core.package_identification:_identify(.) by extension 'python'
[0.210s] Level 1:colcon.colcon_core.package_identification:_identify(.) by extensions ['python_setup_py']
[0.210s] Level 1:colcon.colcon_core.package_identification:_identify(.) by extension 'python_setup_py'
[0.210s] Level 1:colcon.colcon_core.package_identification:_identify(build) by extensions ['ignore', 'ignore_ament_install']
[0.210s] Level 1:colcon.colcon_core.package_identification:_identify(build) by extension 'ignore'
[0.210s] Level 1:colcon.colcon_core.package_identification:_identify(build) ignored
[0.210s] Level 1:colcon.colcon_core.package_identification:_identify(install) by extensions ['ignore', 'ignore_ament_install']
[0.210s] Level 1:colcon.colcon_core.package_identification:_identify(install) by extension 'ignore'
[0.210s] Level 1:colcon.colcon_core.package_identification:_identify(install) ignored
[0.210s] Level 1:colcon.colcon_core.package_identification:_identify(log) by extensions ['ignore', 'ignore_ament_install']
[0.211s] Level 1:colcon.colcon_core.package_identification:_identify(log) by extension 'ignore'
[0.211s] Level 1:colcon.colcon_core.package_identification:_identify(log) ignored
[0.211s] Level 1:colcon.colcon_core.package_identification:_identify(src) by extensions ['ignore', 'ignore_ament_install']
[0.211s] Level 1:colcon.colcon_core.package_identification:_identify(src) by extension 'ignore'
[0.211s] Level 1:colcon.colcon_core.package_identification:_identify(src) by extension 'ignore_ament_install'
[0.211s] Level 1:colcon.colcon_core.package_identification:_identify(src) by extensions ['colcon_pkg']
[0.211s] Level 1:colcon.colcon_core.package_identification:_identify(src) by extension 'colcon_pkg'
[0.211s] Level 1:colcon.colcon_core.package_identification:_identify(src) by extensions ['colcon_meta']
[0.211s] Level 1:colcon.colcon_core.package_identification:_identify(src) by extension 'colcon_meta'
[0.211s] Level 1:colcon.colcon_core.package_identification:_identify(src) by extensions ['ros']
[0.211s] Level 1:colcon.colcon_core.package_identification:_identify(src) by extension 'ros'
[0.211s] Level 1:colcon.colcon_core.package_identification:_identify(src) by extensions ['cmake', 'python']
[0.211s] Level 1:colcon.colcon_core.package_identification:_identify(src) by extension 'cmake'
[0.211s] Level 1:colcon.colcon_core.package_identification:_identify(src) by extension 'python'
[0.211s] Level 1:colcon.colcon_core.package_identification:_identify(src) by extensions ['python_setup_py']
[0.211s] Level 1:colcon.colcon_core.package_identification:_identify(src) by extension 'python_setup_py'
[0.211s] Level 1:colcon.colcon_core.package_identification:_identify(src/bot3_controllers) by extensions ['ignore', 'ignore_ament_install']
[0.211s] Level 1:colcon.colcon_core.package_identification:_identify(src/bot3_controllers) by extension 'ignore'
[0.211s] Level 1:colcon.colcon_core.package_identification:_identify(src/bot3_controllers) by extension 'ignore_ament_install'
[0.211s] Level 1:colcon.colcon_core.package_identification:_identify(src/bot3_controllers) by extensions ['colcon_pkg']
[0.211s] Level 1:colcon.colcon_core.package_identification:_identify(src/bot3_controllers) by extension 'colcon_pkg'
[0.211s] Level 1:colcon.colcon_core.package_identification:_identify(src/bot3_controllers) by extensions ['colcon_meta']
[0.211s] Level 1:colcon.colcon_core.package_identification:_identify(src/bot3_controllers) by extension 'colcon_meta'
[0.211s] Level 1:colcon.colcon_core.package_identification:_identify(src/bot3_controllers) by extensions ['ros']
[0.211s] Level 1:colcon.colcon_core.package_identification:_identify(src/bot3_controllers) by extension 'ros'
[0.213s] DEBUG:colcon.colcon_core.package_identification:Package 'src/bot3_controllers' with type 'ros.ament_cmake' and name 'bot3_controllers'
[0.213s] Level 1:colcon.colcon_core.package_identification:_identify(src/custome_launches) by extensions ['ignore', 'ignore_ament_install']
[0.213s] Level 1:colcon.colcon_core.package_identification:_identify(src/custome_launches) by extension 'ignore'
[0.213s] Level 1:colcon.colcon_core.package_identification:_identify(src/custome_launches) by extension 'ignore_ament_install'
[0.213s] Level 1:colcon.colcon_core.package_identification:_identify(src/custome_launches) by extensions ['colcon_pkg']
[0.213s] Level 1:colcon.colcon_core.package_identification:_identify(src/custome_launches) by extension 'colcon_pkg'
[0.213s] Level 1:colcon.colcon_core.package_identification:_identify(src/custome_launches) by extensions ['colcon_meta']
[0.213s] Level 1:colcon.colcon_core.package_identification:_identify(src/custome_launches) by extension 'colcon_meta'
[0.213s] Level 1:colcon.colcon_core.package_identification:_identify(src/custome_launches) by extensions ['ros']
[0.213s] Level 1:colcon.colcon_core.package_identification:_identify(src/custome_launches) by extension 'ros'
[0.213s] DEBUG:colcon.colcon_core.package_identification:Package 'src/custome_launches' with type 'ros.ament_cmake' and name 'custome_launches'
[0.214s] Level 1:colcon.colcon_core.package_identification:_identify(src/descriptions_package) by extensions ['ignore', 'ignore_ament_install']
[0.214s] Level 1:colcon.colcon_core.package_identification:_identify(src/descriptions_package) by extension 'ignore'
[0.214s] Level 1:colcon.colcon_core.package_identification:_identify(src/descriptions_package) by extension 'ignore_ament_install'
[0.214s] Level 1:colcon.colcon_core.package_identification:_identify(src/descriptions_package) by extensions ['colcon_pkg']
[0.214s] Level 1:colcon.colcon_core.package_identification:_identify(src/descriptions_package) by extension 'colcon_pkg'
[0.214s] Level 1:colcon.colcon_core.package_identification:_identify(src/descriptions_package) by extensions ['colcon_meta']
[0.214s] Level 1:colcon.colcon_core.package_identification:_identify(src/descriptions_package) by extension 'colcon_meta'
[0.214s] Level 1:colcon.colcon_core.package_identification:_identify(src/descriptions_package) by extensions ['ros']
[0.214s] Level 1:colcon.colcon_core.package_identification:_identify(src/descriptions_package) by extension 'ros'
[0.215s] DEBUG:colcon.colcon_core.package_identification:Package 'src/descriptions_package' with type 'ros.ament_cmake' and name 'descriptions_package'
[0.215s] Level 1:colcon.colcon_core.package_identification:_identify(src/localization_package) by extensions ['ignore', 'ignore_ament_install']
[0.215s] Level 1:colcon.colcon_core.package_identification:_identify(src/localization_package) by extension 'ignore'
[0.215s] Level 1:colcon.colcon_core.package_identification:_identify(src/localization_package) by extension 'ignore_ament_install'
[0.215s] Level 1:colcon.colcon_core.package_identification:_identify(src/localization_package) by extensions ['colcon_pkg']
[0.215s] Level 1:colcon.colcon_core.package_identification:_identify(src/localization_package) by extension 'colcon_pkg'
[0.215s] Level 1:colcon.colcon_core.package_identification:_identify(src/localization_package) by extensions ['colcon_meta']
[0.215s] Level 1:colcon.colcon_core.package_identification:_identify(src/localization_package) by extension 'colcon_meta'
[0.215s] Level 1:colcon.colcon_core.package_identification:_identify(src/localization_package) by extensions ['ros']
[0.215s] Level 1:colcon.colcon_core.package_identification:_identify(src/localization_package) by extension 'ros'
[0.215s] DEBUG:colcon.colcon_core.package_identification:Package 'src/localization_package' with type 'ros.ament_cmake' and name 'localization_package'
[0.216s] Level 1:colcon.colcon_core.package_identification:_identify(src/mapping_pkg) by extensions ['ignore', 'ignore_ament_install']
[0.216s] Level 1:colcon.colcon_core.package_identification:_identify(src/mapping_pkg) by extension 'ignore'
[0.216s] Level 1:colcon.colcon_core.package_identification:_identify(src/mapping_pkg) by extension 'ignore_ament_install'
[0.216s] Level 1:colcon.colcon_core.package_identification:_identify(src/mapping_pkg) by extensions ['colcon_pkg']
[0.216s] Level 1:colcon.colcon_core.package_identification:_identify(src/mapping_pkg) by extension 'colcon_pkg'
[0.216s] Level 1:colcon.colcon_core.package_identification:_identify(src/mapping_pkg) by extensions ['colcon_meta']
[0.216s] Level 1:colcon.colcon_core.package_identification:_identify(src/mapping_pkg) by extension 'colcon_meta'
[0.216s] Level 1:colcon.colcon_core.package_identification:_identify(src/mapping_pkg) by extensions ['ros']
[0.216s] Level 1:colcon.colcon_core.package_identification:_identify(src/mapping_pkg) by extension 'ros'
[0.216s] DEBUG:colcon.colcon_core.package_identification:Package 'src/mapping_pkg' with type 'ros.ament_cmake' and name 'mapping_pkg'
[0.216s] Level 1:colcon.colcon_core.package_identification:_identify(src/navigation_package) by extensions ['ignore', 'ignore_ament_install']
[0.216s] Level 1:colcon.colcon_core.package_identification:_identify(src/navigation_package) by extension 'ignore'
[0.216s] Level 1:colcon.colcon_core.package_identification:_identify(src/navigation_package) by extension 'ignore_ament_install'
[0.216s] Level 1:colcon.colcon_core.package_identification:_identify(src/navigation_package) by extensions ['colcon_pkg']
[0.216s] Level 1:colcon.colcon_core.package_identification:_identify(src/navigation_package) by extension 'colcon_pkg'
[0.216s] Level 1:colcon.colcon_core.package_identification:_identify(src/navigation_package) by extensions ['colcon_meta']
[0.216s] Level 1:colcon.colcon_core.package_identification:_identify(src/navigation_package) by extension 'colcon_meta'
[0.216s] Level 1:colcon.colcon_core.package_identification:_identify(src/navigation_package) by extensions ['ros']
[0.216s] Level 1:colcon.colcon_core.package_identification:_identify(src/navigation_package) by extension 'ros'
[0.217s] DEBUG:colcon.colcon_core.package_identification:Package 'src/navigation_package' with type 'ros.ament_cmake' and name 'navigation_package'
[0.217s] Level 1:colcon.colcon_core.package_discovery:discover_packages(recursive) using defaults
[0.217s] Level 1:colcon.colcon_core.package_discovery:discover_packages(ignore) discover
[0.217s] Level 1:colcon.colcon_core.package_discovery:discover_packages(ignore) using defaults
[0.217s] Level 1:colcon.colcon_core.package_discovery:discover_packages(path) discover
[0.217s] Level 1:colcon.colcon_core.package_discovery:discover_packages(path) using defaults
[0.239s] Level 1:colcon.colcon_core.package_discovery:discover_packages(prefix_path) check parameters
[0.239s] Level 1:colcon.colcon_core.package_discovery:discover_packages(prefix_path) discover
[0.241s] DEBUG:colcon.colcon_installed_package_information.package_discovery:Found 430 installed packages in /opt/ros/humble
[0.242s] Level 1:colcon.colcon_core.package_discovery:discover_packages(prefix_path) using defaults
[0.277s] Level 5:colcon.colcon_core.verb:set package 'bot3_controllers' build argument 'cmake_args' from command line to 'None'
[0.277s] Level 5:colcon.colcon_core.verb:set package 'bot3_controllers' build argument 'cmake_target' from command line to 'None'
[0.277s] Level 5:colcon.colcon_core.verb:set package 'bot3_controllers' build argument 'cmake_target_skip_unavailable' from command line to 'False'
[0.277s] Level 5:colcon.colcon_core.verb:set package 'bot3_controllers' build argument 'cmake_clean_cache' from command line to 'False'
[0.277s] Level 5:colcon.colcon_core.verb:set package 'bot3_controllers' build argument 'cmake_clean_first' from command line to 'False'
[0.277s] Level 5:colcon.colcon_core.verb:set package 'bot3_controllers' build argument 'cmake_force_configure' from command line to 'False'
[0.277s] Level 5:colcon.colcon_core.verb:set package 'bot3_controllers' build argument 'ament_cmake_args' from command line to 'None'
[0.277s] Level 5:colcon.colcon_core.verb:set package 'bot3_controllers' build argument 'catkin_cmake_args' from command line to 'None'
[0.277s] Level 5:colcon.colcon_core.verb:set package 'bot3_controllers' build argument 'catkin_skip_building_tests' from command line to 'False'
[0.277s] DEBUG:colcon.colcon_core.verb:Building package 'bot3_controllers' with the following arguments: {'ament_cmake_args': None, 'build_base': '/home/shiva16/ros2_playground/patrol_bot/build/bot3_controllers', 'catkin_cmake_args': None, 'catkin_skip_building_tests': False, 'cmake_args': None, 'cmake_clean_cache': False, 'cmake_clean_first': False, 'cmake_force_configure': False, 'cmake_target': None, 'cmake_target_skip_unavailable': False, 'install_base': '/home/shiva16/ros2_playground/patrol_bot/install/bot3_controllers', 'merge_install': False, 'path': '/home/shiva16/ros2_playground/patrol_bot/src/bot3_controllers', 'symlink_install': False, 'test_result_base': None}
[0.277s] Level 5:colcon.colcon_core.verb:set package 'custome_launches' build argument 'cmake_args' from command line to 'None'
[0.277s] Level 5:colcon.colcon_core.verb:set package 'custome_launches' build argument 'cmake_target' from command line to 'None'
[0.277s] Level 5:colcon.colcon_core.verb:set package 'custome_launches' build argument 'cmake_target_skip_unavailable' from command line to 'False'
[0.277s] Level 5:colcon.colcon_core.verb:set package 'custome_launches' build argument 'cmake_clean_cache' from command line to 'False'
[0.277s] Level 5:colcon.colcon_core.verb:set package 'custome_launches' build argument 'cmake_clean_first' from command line to 'False'
[0.278s] Level 5:colcon.colcon_core.verb:set package 'custome_launches' build argument 'cmake_force_configure' from command line to 'False'
[0.278s] Level 5:colcon.colcon_core.verb:set package 'custome_launches' build argument 'ament_cmake_args' from command line to 'None'
[0.278s] Level 5:colcon.colcon_core.verb:set package 'custome_launches' build argument 'catkin_cmake_args' from command line to 'None'
[0.278s] Level 5:colcon.colcon_core.verb:set package 'custome_launches' build argument 'catkin_skip_building_tests' from command line to 'False'
[0.278s] DEBUG:colcon.colcon_core.verb:Building package 'custome_launches' with the following arguments: {'ament_cmake_args': None, 'build_base': '/home/shiva16/ros2_playground/patrol_bot/build/custome_launches', 'catkin_cmake_args': None, 'catkin_skip_building_tests': False, 'cmake_args': None, 'cmake_clean_cache': False, 'cmake_clean_first': False, 'cmake_force_configure': False, 'cmake_target': None, 'cmake_target_skip_unavailable': False, 'install_base': '/home/shiva16/ros2_playground/patrol_bot/install/custome_launches', 'merge_install': False, 'path': '/home/shiva16/ros2_playground/patrol_bot/src/custome_launches', 'symlink_install': False, 'test_result_base': None}
[0.278s] Level 5:colcon.colcon_core.verb:set package 'descriptions_package' build argument 'cmake_args' from command line to 'None'
[0.278s] Level 5:colcon.colcon_core.verb:set package 'descriptions_package' build argument 'cmake_target' from command line to 'None'
[0.278s] Level 5:colcon.colcon_core.verb:set package 'descriptions_package' build argument 'cmake_target_skip_unavailable' from command line to 'False'
[0.278s] Level 5:colcon.colcon_core.verb:set package 'descriptions_package' build argument 'cmake_clean_cache' from command line to 'False'
[0.278s] Level 5:colcon.colcon_core.verb:set package 'descriptions_package' build argument 'cmake_clean_first' from command line to 'False'
[0.278s] Level 5:colcon.colcon_core.verb:set package 'descriptions_package' build argument 'cmake_force_configure' from command line to 'False'
[0.278s] Level 5:colcon.colcon_core.verb:set package 'descriptions_package' build argument 'ament_cmake_args' from command line to 'None'
[0.278s] Level 5:colcon.colcon_core.verb:set package 'descriptions_package' build argument 'catkin_cmake_args' from command line to 'None'
[0.278s] Level 5:colcon.colcon_core.verb:set package 'descriptions_package' build argument 'catkin_skip_building_tests' from command line to 'False'
[0.278s] DEBUG:colcon.colcon_core.verb:Building package 'descriptions_package' with the following arguments: {'ament_cmake_args': None, 'build_base': '/home/shiva16/ros2_playground/patrol_bot/build/descriptions_package', 'catkin_cmake_args': None, 'catkin_skip_building_tests': False, 'cmake_args': None, 'cmake_clean_cache': False, 'cmake_clean_first': False, 'cmake_force_configure': False, 'cmake_target': None, 'cmake_target_skip_unavailable': False, 'install_base': '/home/shiva16/ros2_playground/patrol_bot/install/descriptions_package', 'merge_install': False, 'path': '/home/shiva16/ros2_playground/patrol_bot/src/descriptions_package', 'symlink_install': False, 'test_result_base': None}
[0.278s] Level 5:colcon.colcon_core.verb:set package 'localization_package' build argument 'cmake_args' from command line to 'None'
[0.278s] Level 5:colcon.colcon_core.verb:set package 'localization_package' build argument 'cmake_target' from command line to 'None'
[0.278s] Level 5:colcon.colcon_core.verb:set package 'localization_package' build argument 'cmake_target_skip_unavailable' from command line to 'False'
[0.278s] Level 5:colcon.colcon_core.verb:set package 'localization_package' build argument 'cmake_clean_cache' from command line to 'False'
[0.278s] Level 5:colcon.colcon_core.verb:set package 'localization_package' build argument 'cmake_clean_first' from command line to 'False'
[0.278s] Level 5:colcon.colcon_core.verb:set package 'localization_package' build argument 'cmake_force_configure' from command line to 'False'
[0.278s] Level 5:colcon.colcon_core.verb:set package 'localization_package' build argument 'ament_cmake_args' from command line to 'None'
[0.278s] Level 5:colcon.colcon_core.verb:set package 'localization_package' build argument 'catkin_cmake_args' from command line to 'None'
[0.278s] Level 5:colcon.colcon_core.verb:set package 'localization_package' build argument 'catkin_skip_building_tests' from command line to 'False'
[0.278s] DEBUG:colcon.colcon_core.verb:Building package 'localization_package' with the following arguments: {'ament_cmake_args': None, 'build_base': '/home/shiva16/ros2_playground/patrol_bot/build/localization_package', 'catkin_cmake_args': None, 'catkin_skip_building_tests': False, 'cmake_args': None, 'cmake_clean_cache': False, 'cmake_clean_first': False, 'cmake_force_configure': False, 'cmake_target': None, 'cmake_target_skip_unavailable': False, 'install_base': '/home/shiva16/ros2_playground/patrol_bot/install/localization_package', 'merge_install': False, 'path': '/home/shiva16/ros2_playground/patrol_bot/src/localization_package', 'symlink_install': False, 'test_result_base': None}
[0.279s] Level 5:colcon.colcon_core.verb:set package 'mapping_pkg' build argument 'cmake_args' from command line to 'None'
[0.279s] Level 5:colcon.colcon_core.verb:set package 'mapping_pkg' build argument 'cmake_target' from command line to 'None'
[0.279s] Level 5:colcon.colcon_core.verb:set package 'mapping_pkg' build argument 'cmake_target_skip_unavailable' from command line to 'False'
[0.279s] Level 5:colcon.colcon_core.verb:set package 'mapping_pkg' build argument 'cmake_clean_cache' from command line to 'False'
[0.279s] Level 5:colcon.colcon_core.verb:set package 'mapping_pkg' build argument 'cmake_clean_first' from command line to 'False'
[0.279s] Level 5:colcon.colcon_core.verb:set package 'mapping_pkg' build argument 'cmake_force_configure' from command line to 'False'
[0.279s] Level 5:colcon.colcon_core.verb:set package 'mapping_pkg' build argument 'ament_cmake_args' from command line to 'None'
[0.279s] Level 5:colcon.colcon_core.verb:set package 'mapping_pkg' build argument 'catkin_cmake_args' from command line to 'None'
[0.279s] Level 5:colcon.colcon_core.verb:set package 'mapping_pkg' build argument 'catkin_skip_building_tests' from command line to 'False'
[0.279s] DEBUG:colcon.colcon_core.verb:Building package 'mapping_pkg' with the following arguments: {'ament_cmake_args': None, 'build_base': '/home/shiva16/ros2_playground/patrol_bot/build/mapping_pkg', 'catkin_cmake_args': None, 'catkin_skip_building_tests': False, 'cmake_args': None, 'cmake_clean_cache': False, 'cmake_clean_first': False, 'cmake_force_configure': False, 'cmake_target': None, 'cmake_target_skip_unavailable': False, 'install_base': '/home/shiva16/ros2_playground/patrol_bot/install/mapping_pkg', 'merge_install': False, 'path': '/home/shiva16/ros2_playground/patrol_bot/src/mapping_pkg', 'symlink_install': False, 'test_result_base': None}
[0.279s] Level 5:colcon.colcon_core.verb:set package 'navigation_package' build argument 'cmake_args' from command line to 'None'
[0.279s] Level 5:colcon.colcon_core.verb:set package 'navigation_package' build argument 'cmake_target' from command line to 'None'
[0.279s] Level 5:colcon.colcon_core.verb:set package 'navigation_package' build argument 'cmake_target_skip_unavailable' from command line to 'False'
[0.279s] Level 5:colcon.colcon_core.verb:set package 'navigation_package' build argument 'cmake_clean_cache' from command line to 'False'
[0.279s] Level 5:colcon.colcon_core.verb:set package 'navigation_package' build argument 'cmake_clean_first' from command line to 'False'
[0.279s] Level 5:colcon.colcon_core.verb:set package 'navigation_package' build argument 'cmake_force_configure' from command line to 'False'
[0.279s] Level 5:colcon.colcon_core.verb:set package 'navigation_package' build argument 'ament_cmake_args' from command line to 'None'
[0.279s] Level 5:colcon.colcon_core.verb:set package 'navigation_package' build argument 'catkin_cmake_args' from command line to 'None'
[0.279s] Level 5:colcon.colcon_core.verb:set package 'navigation_package' build argument 'catkin_skip_building_tests' from command line to 'False'
[0.279s] DEBUG:colcon.colcon_core.verb:Building package 'navigation_package' with the following arguments: {'ament_cmake_args': None, 'build_base': '/home/shiva16/ros2_playground/patrol_bot/build/navigation_package', 'catkin_cmake_args': None, 'catkin_skip_building_tests': False, 'cmake_args': None, 'cmake_clean_cache': False, 'cmake_clean_first': False, 'cmake_force_configure': False, 'cmake_target': None, 'cmake_target_skip_unavailable': False, 'install_base': '/home/shiva16/ros2_playground/patrol_bot/install/navigation_package', 'merge_install': False, 'path': '/home/shiva16/ros2_playground/patrol_bot/src/navigation_package', 'symlink_install': False, 'test_result_base': None}
[0.279s] INFO:colcon.colcon_core.executor:Executing jobs using 'parallel' executor
[0.280s] DEBUG:colcon.colcon_parallel_executor.executor.parallel:run_until_complete
[0.280s] INFO:colcon.colcon_ros.task.ament_cmake.build:Building ROS package in '/home/shiva16/ros2_playground/patrol_bot/src/bot3_controllers' with build type 'ament_cmake'
[0.280s] INFO:colcon.colcon_cmake.task.cmake.build:Building CMake package in '/home/shiva16/ros2_playground/patrol_bot/src/bot3_controllers'
[0.282s] INFO:colcon.colcon_core.plugin_system:Skipping extension 'colcon_core.shell.bat': Not used on non-Windows systems
[0.282s] INFO:colcon.colcon_core.shell:Skip shell extension 'powershell' for command environment: Not usable outside of PowerShell
[0.282s] DEBUG:colcon.colcon_core.shell:Skip shell extension 'dsv' for command environment
[0.285s] INFO:colcon.colcon_ros.task.ament_cmake.build:Building ROS package in '/home/shiva16/ros2_playground/patrol_bot/src/custome_launches' with build type 'ament_cmake'
[0.285s] INFO:colcon.colcon_cmake.task.cmake.build:Building CMake package in '/home/shiva16/ros2_playground/patrol_bot/src/custome_launches'
[0.285s] INFO:colcon.colcon_core.shell:Skip shell extension 'powershell' for command environment: Not usable outside of PowerShell
[0.285s] DEBUG:colcon.colcon_core.shell:Skip shell extension 'dsv' for command environment
[0.287s] INFO:colcon.colcon_ros.task.ament_cmake.build:Building ROS package in '/home/shiva16/ros2_playground/patrol_bot/src/descriptions_package' with build type 'ament_cmake'
[0.287s] INFO:colcon.colcon_cmake.task.cmake.build:Building CMake package in '/home/shiva16/ros2_playground/patrol_bot/src/descriptions_package'
[0.287s] INFO:colcon.colcon_core.shell:Skip shell extension 'powershell' for command environment: Not usable outside of PowerShell
[0.287s] DEBUG:colcon.colcon_core.shell:Skip shell extension 'dsv' for command environment
[0.290s] INFO:colcon.colcon_ros.task.ament_cmake.build:Building ROS package in '/home/shiva16/ros2_playground/patrol_bot/src/localization_package' with build type 'ament_cmake'
[0.290s] INFO:colcon.colcon_cmake.task.cmake.build:Building CMake package in '/home/shiva16/ros2_playground/patrol_bot/src/localization_package'
[0.290s] INFO:colcon.colcon_core.shell:Skip shell extension 'powershell' for command environment: Not usable outside of PowerShell
[0.290s] DEBUG:colcon.colcon_core.shell:Skip shell extension 'dsv' for command environment
[0.292s] INFO:colcon.colcon_ros.task.ament_cmake.build:Building ROS package in '/home/shiva16/ros2_playground/patrol_bot/src/mapping_pkg' with build type 'ament_cmake'
[0.292s] INFO:colcon.colcon_cmake.task.cmake.build:Building CMake package in '/home/shiva16/ros2_playground/patrol_bot/src/mapping_pkg'
[0.293s] INFO:colcon.colcon_core.shell:Skip shell extension 'powershell' for command environment: Not usable outside of PowerShell
[0.293s] DEBUG:colcon.colcon_core.shell:Skip shell extension 'dsv' for command environment
[0.295s] INFO:colcon.colcon_ros.task.ament_cmake.build:Building ROS package in '/home/shiva16/ros2_playground/patrol_bot/src/navigation_package' with build type 'ament_cmake'
[0.295s] INFO:colcon.colcon_cmake.task.cmake.build:Building CMake package in '/home/shiva16/ros2_playground/patrol_bot/src/navigation_package'
[0.295s] INFO:colcon.colcon_core.shell:Skip shell extension 'powershell' for command environment: Not usable outside of PowerShell
[0.295s] DEBUG:colcon.colcon_core.shell:Skip shell extension 'dsv' for command environment
[0.302s] DEBUG:colcon.colcon_core.event_handler.log_command:Invoking command in '/home/shiva16/ros2_playground/patrol_bot/build/bot3_controllers': CMAKE_PREFIX_PATH=/opt/ros/humble /usr/bin/cmake --build /home/shiva16/ros2_playground/patrol_bot/build/bot3_controllers -- -j16 -l16
[0.303s] DEBUG:colcon.colcon_core.event_handler.log_command:Invoking command in '/home/shiva16/ros2_playground/patrol_bot/build/custome_launches': CMAKE_PREFIX_PATH=/opt/ros/humble /usr/bin/cmake --build /home/shiva16/ros2_playground/patrol_bot/build/custome_launches -- -j16 -l16
[0.305s] DEBUG:colcon.colcon_core.event_handler.log_command:Invoking command in '/home/shiva16/ros2_playground/patrol_bot/build/descriptions_package': CMAKE_PREFIX_PATH=/opt/ros/humble /usr/bin/cmake --build /home/shiva16/ros2_playground/patrol_bot/build/descriptions_package -- -j16 -l16
[0.307s] DEBUG:colcon.colcon_core.event_handler.log_command:Invoking command in '/home/shiva16/ros2_playground/patrol_bot/build/localization_package': CMAKE_PREFIX_PATH=/opt/ros/humble /usr/bin/cmake --build /home/shiva16/ros2_playground/patrol_bot/build/localization_package -- -j16 -l16
[0.310s] DEBUG:colcon.colcon_core.event_handler.log_command:Invoking command in '/home/shiva16/ros2_playground/patrol_bot/build/mapping_pkg': CMAKE_PREFIX_PATH=/opt/ros/humble /usr/bin/cmake --build /home/shiva16/ros2_playground/patrol_bot/build/mapping_pkg -- -j16 -l16
[0.313s] DEBUG:colcon.colcon_core.event_handler.log_command:Invoking command in '/home/shiva16/ros2_playground/patrol_bot/build/navigation_package': CMAKE_PREFIX_PATH=/opt/ros/humble /usr/bin/cmake --build /home/shiva16/ros2_playground/patrol_bot/build/navigation_package -- -j16 -l16
[0.333s] DEBUG:colcon.colcon_core.event_handler.log_command:Invoked command in '/home/shiva16/ros2_playground/patrol_bot/build/custome_launches' returned '0': CMAKE_PREFIX_PATH=/opt/ros/humble /usr/bin/cmake --build /home/shiva16/ros2_playground/patrol_bot/build/custome_launches -- -j16 -l16
[0.341s] DEBUG:colcon.colcon_core.event_handler.log_command:Invoking command in '/home/shiva16/ros2_playground/patrol_bot/build/custome_launches': CMAKE_PREFIX_PATH=/opt/ros/humble /usr/bin/cmake --install /home/shiva16/ros2_playground/patrol_bot/build/custome_launches
[0.342s] DEBUG:colcon.colcon_core.event_handler.log_command:Invoked command in '/home/shiva16/ros2_playground/patrol_bot/build/descriptions_package' returned '0': CMAKE_PREFIX_PATH=/opt/ros/humble /usr/bin/cmake --build /home/shiva16/ros2_playground/patrol_bot/build/descriptions_package -- -j16 -l16
[0.343s] DEBUG:colcon.colcon_core.event_handler.log_command:Invoking command in '/home/shiva16/ros2_playground/patrol_bot/build/descriptions_package': CMAKE_PREFIX_PATH=/opt/ros/humble /usr/bin/cmake --install /home/shiva16/ros2_playground/patrol_bot/build/descriptions_package
[0.343s] DEBUG:colcon.colcon_core.event_handler.log_command:Invoked command in '/home/shiva16/ros2_playground/patrol_bot/build/bot3_controllers' returned '0': CMAKE_PREFIX_PATH=/opt/ros/humble /usr/bin/cmake --build /home/shiva16/ros2_playground/patrol_bot/build/bot3_controllers -- -j16 -l16
[0.345s] DEBUG:colcon.colcon_core.event_handler.log_command:Invoking command in '/home/shiva16/ros2_playground/patrol_bot/build/bot3_controllers': CMAKE_PREFIX_PATH=/opt/ros/humble /usr/bin/cmake --install /home/shiva16/ros2_playground/patrol_bot/build/bot3_controllers
[0.346s] DEBUG:colcon.colcon_core.event_handler.log_command:Invoked command in '/home/shiva16/ros2_playground/patrol_bot/build/navigation_package' returned '0': CMAKE_PREFIX_PATH=/opt/ros/humble /usr/bin/cmake --build /home/shiva16/ros2_playground/patrol_bot/build/navigation_package -- -j16 -l16
[0.347s] DEBUG:colcon.colcon_core.event_handler.log_command:Invoking command in '/home/shiva16/ros2_playground/patrol_bot/build/navigation_package': CMAKE_PREFIX_PATH=/opt/ros/humble /usr/bin/cmake --install /home/shiva16/ros2_playground/patrol_bot/build/navigation_package
[0.350s] Level 1:colcon.colcon_core.environment:create_environment_scripts_only(custome_launches)
[0.357s] Level 1:colcon.colcon_core.environment:checking '/home/shiva16/ros2_playground/patrol_bot/install/custome_launches' for CMake module files
[0.358s] Level 1:colcon.colcon_core.environment:checking '/home/shiva16/ros2_playground/patrol_bot/install/custome_launches' for CMake config files
[0.359s] DEBUG:colcon.colcon_core.event_handler.log_command:Invoked command in '/home/shiva16/ros2_playground/patrol_bot/build/custome_launches' returned '0': CMAKE_PREFIX_PATH=/opt/ros/humble /usr/bin/cmake --install /home/shiva16/ros2_playground/patrol_bot/build/custome_launches
[0.361s] Level 1:colcon.colcon_core.shell:create_environment_hook('custome_launches', 'cmake_prefix_path')
[0.361s] INFO:colcon.colcon_core.shell:Creating environment hook '/home/shiva16/ros2_playground/patrol_bot/install/custome_launches/share/custome_launches/hook/cmake_prefix_path.ps1'
[0.363s] INFO:colcon.colcon_core.shell:Creating environment descriptor '/home/shiva16/ros2_playground/patrol_bot/install/custome_launches/share/custome_launches/hook/cmake_prefix_path.dsv'
[0.364s] INFO:colcon.colcon_core.shell:Creating environment hook '/home/shiva16/ros2_playground/patrol_bot/install/custome_launches/share/custome_launches/hook/cmake_prefix_path.sh'
[0.365s] Level 1:colcon.colcon_core.environment:checking '/home/shiva16/ros2_playground/patrol_bot/install/custome_launches/bin'
[0.365s] Level 1:colcon.colcon_core.environment:checking '/home/shiva16/ros2_playground/patrol_bot/install/custome_launches/lib/pkgconfig/custome_launches.pc'
[0.365s] Level 1:colcon.colcon_core.environment:checking '/home/shiva16/ros2_playground/patrol_bot/install/custome_launches/lib/python3.10/site-packages'
[0.366s] Level 1:colcon.colcon_core.environment:checking '/home/shiva16/ros2_playground/patrol_bot/install/custome_launches/bin'
[0.366s] INFO:colcon.colcon_core.shell:Creating package script '/home/shiva16/ros2_playground/patrol_bot/install/custome_launches/share/custome_launches/package.ps1'
[0.367s] INFO:colcon.colcon_core.shell:Creating package descriptor '/home/shiva16/ros2_playground/patrol_bot/install/custome_launches/share/custome_launches/package.dsv'
[0.368s] INFO:colcon.colcon_core.shell:Creating package script '/home/shiva16/ros2_playground/patrol_bot/install/custome_launches/share/custome_launches/package.sh'
[0.369s] INFO:colcon.colcon_core.shell:Creating package script '/home/shiva16/ros2_playground/patrol_bot/install/custome_launches/share/custome_launches/package.bash'
[0.371s] INFO:colcon.colcon_core.shell:Creating package script '/home/shiva16/ros2_playground/patrol_bot/install/custome_launches/share/custome_launches/package.zsh'
[0.372s] Level 1:colcon.colcon_core.environment:create_file_with_runtime_dependencies(/home/shiva16/ros2_playground/patrol_bot/install/custome_launches/share/colcon-core/packages/custome_launches)
[0.374s] Level 1:colcon.colcon_core.environment:create_environment_scripts_only(custome_launches)
[0.374s] Level 1:colcon.colcon_core.environment:checking '/home/shiva16/ros2_playground/patrol_bot/install/custome_launches' for CMake module files
[0.376s] Level 1:colcon.colcon_core.environment:checking '/home/shiva16/ros2_playground/patrol_bot/install/custome_launches' for CMake config files
[0.379s] Level 1:colcon.colcon_core.shell:create_environment_hook('custome_launches', 'cmake_prefix_path')
[0.380s] INFO:colcon.colcon_core.shell:Creating environment hook '/home/shiva16/ros2_playground/patrol_bot/install/custome_launches/share/custome_launches/hook/cmake_prefix_path.ps1'
[0.381s] INFO:colcon.colcon_core.shell:Creating environment descriptor '/home/shiva16/ros2_playground/patrol_bot/install/custome_launches/share/custome_launches/hook/cmake_prefix_path.dsv'
[0.382s] INFO:colcon.colcon_core.shell:Creating environment hook '/home/shiva16/ros2_playground/patrol_bot/install/custome_launches/share/custome_launches/hook/cmake_prefix_path.sh'
[0.384s] Level 1:colcon.colcon_core.environment:checking '/home/shiva16/ros2_playground/patrol_bot/install/custome_launches/bin'
[0.384s] Level 1:colcon.colcon_core.environment:checking '/home/shiva16/ros2_playground/patrol_bot/install/custome_launches/lib/pkgconfig/custome_launches.pc'
[0.385s] Level 1:colcon.colcon_core.environment:checking '/home/shiva16/ros2_playground/patrol_bot/install/custome_launches/lib/python3.10/site-packages'
[0.385s] Level 1:colcon.colcon_core.environment:checking '/home/shiva16/ros2_playground/patrol_bot/install/custome_launches/bin'
[0.385s] INFO:colcon.colcon_core.shell:Creating package script '/home/shiva16/ros2_playground/patrol_bot/install/custome_launches/share/custome_launches/package.ps1'
[0.386s] INFO:colcon.colcon_core.shell:Creating package descriptor '/home/shiva16/ros2_playground/patrol_bot/install/custome_launches/share/custome_launches/package.dsv'
[0.387s] INFO:colcon.colcon_core.shell:Creating package script '/home/shiva16/ros2_playground/patrol_bot/install/custome_launches/share/custome_launches/package.sh'
[0.389s] INFO:colcon.colcon_core.shell:Creating package script '/home/shiva16/ros2_playground/patrol_bot/install/custome_launches/share/custome_launches/package.bash'
[0.390s] INFO:colcon.colcon_core.shell:Creating package script '/home/shiva16/ros2_playground/patrol_bot/install/custome_launches/share/custome_launches/package.zsh'
[0.393s] Level 1:colcon.colcon_core.environment:create_file_with_runtime_dependencies(/home/shiva16/ros2_playground/patrol_bot/install/custome_launches/share/colcon-core/packages/custome_launches)
[0.395s] Level 1:colcon.colcon_core.environment:create_environment_scripts_only(bot3_controllers)
[0.395s] Level 1:colcon.colcon_core.environment:checking '/home/shiva16/ros2_playground/patrol_bot/install/bot3_controllers' for CMake module files
[0.396s] Level 1:colcon.colcon_core.environment:checking '/home/shiva16/ros2_playground/patrol_bot/install/bot3_controllers' for CMake config files
[0.399s] Level 1:colcon.colcon_core.shell:create_environment_hook('bot3_controllers', 'cmake_prefix_path')
[0.400s] INFO:colcon.colcon_core.shell:Creating environment hook '/home/shiva16/ros2_playground/patrol_bot/install/bot3_controllers/share/bot3_controllers/hook/cmake_prefix_path.ps1'
[0.401s] INFO:colcon.colcon_core.shell:Creating environment descriptor '/home/shiva16/ros2_playground/patrol_bot/install/bot3_controllers/share/bot3_controllers/hook/cmake_prefix_path.dsv'
[0.402s] INFO:colcon.colcon_core.shell:Creating environment hook '/home/shiva16/ros2_playground/patrol_bot/install/bot3_controllers/share/bot3_controllers/hook/cmake_prefix_path.sh'
[0.403s] Level 1:colcon.colcon_core.environment:checking '/home/shiva16/ros2_playground/patrol_bot/install/bot3_controllers/bin'
[0.403s] Level 1:colcon.colcon_core.environment:checking '/home/shiva16/ros2_playground/patrol_bot/install/bot3_controllers/lib/pkgconfig/bot3_controllers.pc'
[0.404s] Level 1:colcon.colcon_core.environment:checking '/home/shiva16/ros2_playground/patrol_bot/install/bot3_controllers/lib/python3.10/site-packages'
[0.404s] Level 1:colcon.colcon_core.environment:checking '/home/shiva16/ros2_playground/patrol_bot/install/bot3_controllers/bin'
[0.405s] INFO:colcon.colcon_core.shell:Creating package script '/home/shiva16/ros2_playground/patrol_bot/install/bot3_controllers/share/bot3_controllers/package.ps1'
[0.406s] INFO:colcon.colcon_core.shell:Creating package descriptor '/home/shiva16/ros2_playground/patrol_bot/install/bot3_controllers/share/bot3_controllers/package.dsv'
[0.408s] INFO:colcon.colcon_core.shell:Creating package script '/home/shiva16/ros2_playground/patrol_bot/install/bot3_controllers/share/bot3_controllers/package.sh'
[0.409s] INFO:colcon.colcon_core.shell:Creating package script '/home/shiva16/ros2_playground/patrol_bot/install/bot3_controllers/share/bot3_controllers/package.bash'
[0.410s] INFO:colcon.colcon_core.shell:Creating package script '/home/shiva16/ros2_playground/patrol_bot/install/bot3_controllers/share/bot3_controllers/package.zsh'
[0.411s] Level 1:colcon.colcon_core.environment:create_file_with_runtime_dependencies(/home/shiva16/ros2_playground/patrol_bot/install/bot3_controllers/share/colcon-core/packages/bot3_controllers)
[0.413s] Level 1:colcon.colcon_core.environment:create_environment_scripts_only(bot3_controllers)
[0.414s] Level 1:colcon.colcon_core.environment:checking '/home/shiva16/ros2_playground/patrol_bot/install/bot3_controllers' for CMake module files
[0.415s] Level 1:colcon.colcon_core.environment:checking '/home/shiva16/ros2_playground/patrol_bot/install/bot3_controllers' for CMake config files
[0.417s] DEBUG:colcon.colcon_core.event_handler.log_command:Invoked command in '/home/shiva16/ros2_playground/patrol_bot/build/bot3_controllers' returned '0': CMAKE_PREFIX_PATH=/opt/ros/humble /usr/bin/cmake --install /home/shiva16/ros2_playground/patrol_bot/build/bot3_controllers
[0.417s] Level 1:colcon.colcon_core.shell:create_environment_hook('bot3_controllers', 'cmake_prefix_path')
[0.417s] INFO:colcon.colcon_core.shell:Creating environment hook '/home/shiva16/ros2_playground/patrol_bot/install/bot3_controllers/share/bot3_controllers/hook/cmake_prefix_path.ps1'
[0.418s] INFO:colcon.colcon_core.shell:Creating environment descriptor '/home/shiva16/ros2_playground/patrol_bot/install/bot3_controllers/share/bot3_controllers/hook/cmake_prefix_path.dsv'
[0.418s] INFO:colcon.colcon_core.shell:Creating environment hook '/home/shiva16/ros2_playground/patrol_bot/install/bot3_controllers/share/bot3_controllers/hook/cmake_prefix_path.sh'
[0.418s] Level 1:colcon.colcon_core.environment:checking '/home/shiva16/ros2_playground/patrol_bot/install/bot3_controllers/bin'
[0.418s] Level 1:colcon.colcon_core.environment:checking '/home/shiva16/ros2_playground/patrol_bot/install/bot3_controllers/lib/pkgconfig/bot3_controllers.pc'
[0.419s] Level 1:colcon.colcon_core.environment:checking '/home/shiva16/ros2_playground/patrol_bot/install/bot3_controllers/lib/python3.10/site-packages'
[0.419s] Level 1:colcon.colcon_core.environment:checking '/home/shiva16/ros2_playground/patrol_bot/install/bot3_controllers/bin'
[0.419s] INFO:colcon.colcon_core.shell:Creating package script '/home/shiva16/ros2_playground/patrol_bot/install/bot3_controllers/share/bot3_controllers/package.ps1'
[0.419s] INFO:colcon.colcon_core.shell:Creating package descriptor '/home/shiva16/ros2_playground/patrol_bot/install/bot3_controllers/share/bot3_controllers/package.dsv'
[0.420s] INFO:colcon.colcon_core.shell:Creating package script '/home/shiva16/ros2_playground/patrol_bot/install/bot3_controllers/share/bot3_controllers/package.sh'
[0.420s] INFO:colcon.colcon_core.shell:Creating package script '/home/shiva16/ros2_playground/patrol_bot/install/bot3_controllers/share/bot3_controllers/package.bash'
[0.420s] INFO:colcon.colcon_core.shell:Creating package script '/home/shiva16/ros2_playground/patrol_bot/install/bot3_controllers/share/bot3_controllers/package.zsh'
[0.421s] Level 1:colcon.colcon_core.environment:create_file_with_runtime_dependencies(/home/shiva16/ros2_playground/patrol_bot/install/bot3_controllers/share/colcon-core/packages/bot3_controllers)
[0.421s] Level 1:colcon.colcon_core.environment:create_environment_scripts_only(navigation_package)
[0.421s] Level 1:colcon.colcon_core.environment:checking '/home/shiva16/ros2_playground/patrol_bot/install/navigation_package' for CMake module files
[0.422s] Level 1:colcon.colcon_core.environment:checking '/home/shiva16/ros2_playground/patrol_bot/install/navigation_package' for CMake config files
[0.422s] DEBUG:colcon.colcon_core.event_handler.log_command:Invoked command in '/home/shiva16/ros2_playground/patrol_bot/build/navigation_package' returned '0': CMAKE_PREFIX_PATH=/opt/ros/humble /usr/bin/cmake --install /home/shiva16/ros2_playground/patrol_bot/build/navigation_package
[0.422s] Level 1:colcon.colcon_core.shell:create_environment_hook('navigation_package', 'cmake_prefix_path')
[0.422s] INFO:colcon.colcon_core.shell:Creating environment hook '/home/shiva16/ros2_playground/patrol_bot/install/navigation_package/share/navigation_package/hook/cmake_prefix_path.ps1'
[0.423s] INFO:colcon.colcon_core.shell:Creating environment descriptor '/home/shiva16/ros2_playground/patrol_bot/install/navigation_package/share/navigation_package/hook/cmake_prefix_path.dsv'
[0.423s] INFO:colcon.colcon_core.shell:Creating environment hook '/home/shiva16/ros2_playground/patrol_bot/install/navigation_package/share/navigation_package/hook/cmake_prefix_path.sh'
[0.423s] Level 1:colcon.colcon_core.environment:checking '/home/shiva16/ros2_playground/patrol_bot/install/navigation_package/bin'
[0.423s] Level 1:colcon.colcon_core.environment:checking '/home/shiva16/ros2_playground/patrol_bot/install/navigation_package/lib/pkgconfig/navigation_package.pc'
[0.424s] Level 1:colcon.colcon_core.environment:checking '/home/shiva16/ros2_playground/patrol_bot/install/navigation_package/lib/python3.10/site-packages'
[0.424s] Level 1:colcon.colcon_core.environment:checking '/home/shiva16/ros2_playground/patrol_bot/install/navigation_package/bin'
[0.424s] INFO:colcon.colcon_core.shell:Creating package script '/home/shiva16/ros2_playground/patrol_bot/install/navigation_package/share/navigation_package/package.ps1'
[0.424s] INFO:colcon.colcon_core.shell:Creating package descriptor '/home/shiva16/ros2_playground/patrol_bot/install/navigation_package/share/navigation_package/package.dsv'
[0.425s] INFO:colcon.colcon_core.shell:Creating package script '/home/shiva16/ros2_playground/patrol_bot/install/navigation_package/share/navigation_package/package.sh'
[0.425s] INFO:colcon.colcon_core.shell:Creating package script '/home/shiva16/ros2_playground/patrol_bot/install/navigation_package/share/navigation_package/package.bash'
[0.425s] INFO:colcon.colcon_core.shell:Creating package script '/home/shiva16/ros2_playground/patrol_bot/install/navigation_package/share/navigation_package/package.zsh'
[0.425s] Level 1:colcon.colcon_core.environment:create_file_with_runtime_dependencies(/home/shiva16/ros2_playground/patrol_bot/install/navigation_package/share/colcon-core/packages/navigation_package)
[0.426s] Level 1:colcon.colcon_core.environment:create_environment_scripts_only(navigation_package)
[0.426s] Level 1:colcon.colcon_core.environment:checking '/home/shiva16/ros2_playground/patrol_bot/install/navigation_package' for CMake module files
[0.426s] Level 1:colcon.colcon_core.environment:checking '/home/shiva16/ros2_playground/patrol_bot/install/navigation_package' for CMake config files
[0.427s] Level 1:colcon.colcon_core.shell:create_environment_hook('navigation_package', 'cmake_prefix_path')
[0.427s] INFO:colcon.colcon_core.shell:Creating environment hook '/home/shiva16/ros2_playground/patrol_bot/install/navigation_package/share/navigation_package/hook/cmake_prefix_path.ps1'
[0.427s] INFO:colcon.colcon_core.shell:Creating environment descriptor '/home/shiva16/ros2_playground/patrol_bot/install/navigation_package/share/navigation_package/hook/cmake_prefix_path.dsv'
[0.427s] INFO:colcon.colcon_core.shell:Creating environment hook '/home/shiva16/ros2_playground/patrol_bot/install/navigation_package/share/navigation_package/hook/cmake_prefix_path.sh'
[0.428s] Level 1:colcon.colcon_core.environment:checking '/home/shiva16/ros2_playground/patrol_bot/install/navigation_package/bin'
[0.428s] Level 1:colcon.colcon_core.environment:checking '/home/shiva16/ros2_playground/patrol_bot/install/navigation_package/lib/pkgconfig/navigation_package.pc'
[0.428s] Level 1:colcon.colcon_core.environment:checking '/home/shiva16/ros2_playground/patrol_bot/install/navigation_package/lib/python3.10/site-packages'
[0.428s] Level 1:colcon.colcon_core.environment:checking '/home/shiva16/ros2_playground/patrol_bot/install/navigation_package/bin'
[0.428s] INFO:colcon.colcon_core.shell:Creating package script '/home/shiva16/ros2_playground/patrol_bot/install/navigation_package/share/navigation_package/package.ps1'
[0.428s] INFO:colcon.colcon_core.shell:Creating package descriptor '/home/shiva16/ros2_playground/patrol_bot/install/navigation_package/share/navigation_package/package.dsv'
[0.429s] INFO:colcon.colcon_core.shell:Creating package script '/home/shiva16/ros2_playground/patrol_bot/install/navigation_package/share/navigation_package/package.sh'
[0.429s] INFO:colcon.colcon_core.shell:Creating package script '/home/shiva16/ros2_playground/patrol_bot/install/navigation_package/share/navigation_package/package.bash'
[0.429s] INFO:colcon.colcon_core.shell:Creating package script '/home/shiva16/ros2_playground/patrol_bot/install/navigation_package/share/navigation_package/package.zsh'
[0.430s] Level 1:colcon.colcon_core.environment:create_file_with_runtime_dependencies(/home/shiva16/ros2_playground/patrol_bot/install/navigation_package/share/colcon-core/packages/navigation_package)
[0.430s] Level 1:colcon.colcon_core.environment:create_environment_scripts_only(descriptions_package)
[0.430s] Level 1:colcon.colcon_core.environment:checking '/home/shiva16/ros2_playground/patrol_bot/install/descriptions_package' for CMake module files
[0.431s] Level 1:colcon.colcon_core.environment:checking '/home/shiva16/ros2_playground/patrol_bot/install/descriptions_package' for CMake config files
[0.431s] DEBUG:colcon.colcon_core.event_handler.log_command:Invoked command in '/home/shiva16/ros2_playground/patrol_bot/build/descriptions_package' returned '0': CMAKE_PREFIX_PATH=/opt/ros/humble /usr/bin/cmake --install /home/shiva16/ros2_playground/patrol_bot/build/descriptions_package
[0.437s] Level 1:colcon.colcon_core.shell:create_environment_hook('descriptions_package', 'cmake_prefix_path')
[0.437s] INFO:colcon.colcon_core.shell:Creating environment hook '/home/shiva16/ros2_playground/patrol_bot/install/descriptions_package/share/descriptions_package/hook/cmake_prefix_path.ps1'
[0.437s] INFO:colcon.colcon_core.shell:Creating environment descriptor '/home/shiva16/ros2_playground/patrol_bot/install/descriptions_package/share/descriptions_package/hook/cmake_prefix_path.dsv'
[0.437s] INFO:colcon.colcon_core.shell:Creating environment hook '/home/shiva16/ros2_playground/patrol_bot/install/descriptions_package/share/descriptions_package/hook/cmake_prefix_path.sh'
[0.438s] Level 1:colcon.colcon_core.environment:checking '/home/shiva16/ros2_playground/patrol_bot/install/descriptions_package/bin'
[0.438s] Level 1:colcon.colcon_core.environment:checking '/home/shiva16/ros2_playground/patrol_bot/install/descriptions_package/lib/pkgconfig/descriptions_package.pc'
[0.438s] Level 1:colcon.colcon_core.environment:checking '/home/shiva16/ros2_playground/patrol_bot/install/descriptions_package/lib/python3.10/site-packages'
[0.438s] Level 1:colcon.colcon_core.environment:checking '/home/shiva16/ros2_playground/patrol_bot/install/descriptions_package/bin'
[0.438s] INFO:colcon.colcon_core.shell:Creating package script '/home/shiva16/ros2_playground/patrol_bot/install/descriptions_package/share/descriptions_package/package.ps1'
[0.439s] INFO:colcon.colcon_core.shell:Creating package descriptor '/home/shiva16/ros2_playground/patrol_bot/install/descriptions_package/share/descriptions_package/package.dsv'
[0.439s] INFO:colcon.colcon_core.shell:Creating package script '/home/shiva16/ros2_playground/patrol_bot/install/descriptions_package/share/descriptions_package/package.sh'
[0.439s] INFO:colcon.colcon_core.shell:Creating package script '/home/shiva16/ros2_playground/patrol_bot/install/descriptions_package/share/descriptions_package/package.bash'
[0.440s] INFO:colcon.colcon_core.shell:Creating package script '/home/shiva16/ros2_playground/patrol_bot/install/descriptions_package/share/descriptions_package/package.zsh'
[0.440s] Level 1:colcon.colcon_core.environment:create_file_with_runtime_dependencies(/home/shiva16/ros2_playground/patrol_bot/install/descriptions_package/share/colcon-core/packages/descriptions_package)
[0.440s] Level 1:colcon.colcon_core.environment:create_environment_scripts_only(descriptions_package)
[0.440s] Level 1:colcon.colcon_core.environment:checking '/home/shiva16/ros2_playground/patrol_bot/install/descriptions_package' for CMake module files
[0.441s] Level 1:colcon.colcon_core.environment:checking '/home/shiva16/ros2_playground/patrol_bot/install/descriptions_package' for CMake config files
[0.446s] Level 1:colcon.colcon_core.shell:create_environment_hook('descriptions_package', 'cmake_prefix_path')
[0.446s] INFO:colcon.colcon_core.shell:Creating environment hook '/home/shiva16/ros2_playground/patrol_bot/install/descriptions_package/share/descriptions_package/hook/cmake_prefix_path.ps1'
[0.446s] INFO:colcon.colcon_core.shell:Creating environment descriptor '/home/shiva16/ros2_playground/patrol_bot/install/descriptions_package/share/descriptions_package/hook/cmake_prefix_path.dsv'
[0.446s] INFO:colcon.colcon_core.shell:Creating environment hook '/home/shiva16/ros2_playground/patrol_bot/install/descriptions_package/share/descriptions_package/hook/cmake_prefix_path.sh'
[0.447s] Level 1:colcon.colcon_core.environment:checking '/home/shiva16/ros2_playground/patrol_bot/install/descriptions_package/bin'
[0.447s] Level 1:colcon.colcon_core.environment:checking '/home/shiva16/ros2_playground/patrol_bot/install/descriptions_package/lib/pkgconfig/descriptions_package.pc'
[0.447s] Level 1:colcon.colcon_core.environment:checking '/home/shiva16/ros2_playground/patrol_bot/install/descriptions_package/lib/python3.10/site-packages'
[0.447s] Level 1:colcon.colcon_core.environment:checking '/home/shiva16/ros2_playground/patrol_bot/install/descriptions_package/bin'
[0.447s] INFO:colcon.colcon_core.shell:Creating package script '/home/shiva16/ros2_playground/patrol_bot/install/descriptions_package/share/descriptions_package/package.ps1'
[0.448s] INFO:colcon.colcon_core.shell:Creating package descriptor '/home/shiva16/ros2_playground/patrol_bot/install/descriptions_package/share/descriptions_package/package.dsv'
[0.448s] INFO:colcon.colcon_core.shell:Creating package script '/home/shiva16/ros2_playground/patrol_bot/install/descriptions_package/share/descriptions_package/package.sh'
[0.448s] INFO:colcon.colcon_core.shell:Creating package script '/home/shiva16/ros2_playground/patrol_bot/install/descriptions_package/share/descriptions_package/package.bash'
[0.449s] INFO:colcon.colcon_core.shell:Creating package script '/home/shiva16/ros2_playground/patrol_bot/install/descriptions_package/share/descriptions_package/package.zsh'
[0.449s] Level 1:colcon.colcon_core.environment:create_file_with_runtime_dependencies(/home/shiva16/ros2_playground/patrol_bot/install/descriptions_package/share/colcon-core/packages/descriptions_package)
[0.583s] DEBUG:colcon.colcon_core.event_handler.log_command:Invoked command in '/home/shiva16/ros2_playground/patrol_bot/build/mapping_pkg' returned '0': CMAKE_PREFIX_PATH=/opt/ros/humble /usr/bin/cmake --build /home/shiva16/ros2_playground/patrol_bot/build/mapping_pkg -- -j16 -l16
[0.584s] DEBUG:colcon.colcon_core.event_handler.log_command:Invoking command in '/home/shiva16/ros2_playground/patrol_bot/build/mapping_pkg': CMAKE_PREFIX_PATH=/opt/ros/humble /usr/bin/cmake --install /home/shiva16/ros2_playground/patrol_bot/build/mapping_pkg
[0.597s] DEBUG:colcon.colcon_core.event_handler.log_command:Invoked command in '/home/shiva16/ros2_playground/patrol_bot/build/localization_package' returned '0': CMAKE_PREFIX_PATH=/opt/ros/humble /usr/bin/cmake --build /home/shiva16/ros2_playground/patrol_bot/build/localization_package -- -j16 -l16
[0.598s] DEBUG:colcon.colcon_core.event_handler.log_command:Invoking command in '/home/shiva16/ros2_playground/patrol_bot/build/localization_package': CMAKE_PREFIX_PATH=/opt/ros/humble /usr/bin/cmake --install /home/shiva16/ros2_playground/patrol_bot/build/localization_package
[0.621s] Level 1:colcon.colcon_core.environment:create_environment_scripts_only(mapping_pkg)
[0.621s] Level 1:colcon.colcon_core.environment:checking '/home/shiva16/ros2_playground/patrol_bot/install/mapping_pkg' for CMake module files
[0.622s] DEBUG:colcon.colcon_core.event_handler.log_command:Invoked command in '/home/shiva16/ros2_playground/patrol_bot/build/mapping_pkg' returned '0': CMAKE_PREFIX_PATH=/opt/ros/humble /usr/bin/cmake --install /home/shiva16/ros2_playground/patrol_bot/build/mapping_pkg
[0.622s] Level 1:colcon.colcon_core.environment:checking '/home/shiva16/ros2_playground/patrol_bot/install/mapping_pkg' for CMake config files
[0.622s] Level 1:colcon.colcon_core.shell:create_environment_hook('mapping_pkg', 'cmake_prefix_path')
[0.622s] INFO:colcon.colcon_core.shell:Creating environment hook '/home/shiva16/ros2_playground/patrol_bot/install/mapping_pkg/share/mapping_pkg/hook/cmake_prefix_path.ps1'
[0.623s] INFO:colcon.colcon_core.shell:Creating environment descriptor '/home/shiva16/ros2_playground/patrol_bot/install/mapping_pkg/share/mapping_pkg/hook/cmake_prefix_path.dsv'
[0.623s] INFO:colcon.colcon_core.shell:Creating environment hook '/home/shiva16/ros2_playground/patrol_bot/install/mapping_pkg/share/mapping_pkg/hook/cmake_prefix_path.sh'
[0.623s] Level 1:colcon.colcon_core.environment:checking '/home/shiva16/ros2_playground/patrol_bot/install/mapping_pkg/lib'
[0.624s] Level 1:colcon.colcon_core.environment:checking '/home/shiva16/ros2_playground/patrol_bot/install/mapping_pkg/bin'
[0.624s] Level 1:colcon.colcon_core.environment:checking '/home/shiva16/ros2_playground/patrol_bot/install/mapping_pkg/lib/pkgconfig/mapping_pkg.pc'
[0.624s] Level 1:colcon.colcon_core.environment:checking '/home/shiva16/ros2_playground/patrol_bot/install/mapping_pkg/lib/python3.10/site-packages'
[0.624s] Level 1:colcon.colcon_core.environment:checking '/home/shiva16/ros2_playground/patrol_bot/install/mapping_pkg/bin'
[0.624s] INFO:colcon.colcon_core.shell:Creating package script '/home/shiva16/ros2_playground/patrol_bot/install/mapping_pkg/share/mapping_pkg/package.ps1'
[0.624s] INFO:colcon.colcon_core.shell:Creating package descriptor '/home/shiva16/ros2_playground/patrol_bot/install/mapping_pkg/share/mapping_pkg/package.dsv'
[0.625s] INFO:colcon.colcon_core.shell:Creating package script '/home/shiva16/ros2_playground/patrol_bot/install/mapping_pkg/share/mapping_pkg/package.sh'
[0.625s] INFO:colcon.colcon_core.shell:Creating package script '/home/shiva16/ros2_playground/patrol_bot/install/mapping_pkg/share/mapping_pkg/package.bash'
[0.625s] INFO:colcon.colcon_core.shell:Creating package script '/home/shiva16/ros2_playground/patrol_bot/install/mapping_pkg/share/mapping_pkg/package.zsh'
[0.626s] Level 1:colcon.colcon_core.environment:create_file_with_runtime_dependencies(/home/shiva16/ros2_playground/patrol_bot/install/mapping_pkg/share/colcon-core/packages/mapping_pkg)
[0.626s] Level 1:colcon.colcon_core.environment:create_environment_scripts_only(mapping_pkg)
[0.626s] Level 1:colcon.colcon_core.environment:checking '/home/shiva16/ros2_playground/patrol_bot/install/mapping_pkg' for CMake module files
[0.626s] Level 1:colcon.colcon_core.environment:checking '/home/shiva16/ros2_playground/patrol_bot/install/mapping_pkg' for CMake config files
[0.627s] Level 1:colcon.colcon_core.shell:create_environment_hook('mapping_pkg', 'cmake_prefix_path')
[0.627s] INFO:colcon.colcon_core.shell:Creating environment hook '/home/shiva16/ros2_playground/patrol_bot/install/mapping_pkg/share/mapping_pkg/hook/cmake_prefix_path.ps1'
[0.627s] INFO:colcon.colcon_core.shell:Creating environment descriptor '/home/shiva16/ros2_playground/patrol_bot/install/mapping_pkg/share/mapping_pkg/hook/cmake_prefix_path.dsv'
[0.627s] INFO:colcon.colcon_core.shell:Creating environment hook '/home/shiva16/ros2_playground/patrol_bot/install/mapping_pkg/share/mapping_pkg/hook/cmake_prefix_path.sh'
[0.628s] Level 1:colcon.colcon_core.environment:checking '/home/shiva16/ros2_playground/patrol_bot/install/mapping_pkg/lib'
[0.628s] Level 1:colcon.colcon_core.environment:checking '/home/shiva16/ros2_playground/patrol_bot/install/mapping_pkg/bin'
[0.628s] Level 1:colcon.colcon_core.environment:checking '/home/shiva16/ros2_playground/patrol_bot/install/mapping_pkg/lib/pkgconfig/mapping_pkg.pc'
[0.628s] Level 1:colcon.colcon_core.environment:checking '/home/shiva16/ros2_playground/patrol_bot/install/mapping_pkg/lib/python3.10/site-packages'
[0.628s] Level 1:colcon.colcon_core.environment:checking '/home/shiva16/ros2_playground/patrol_bot/install/mapping_pkg/bin'
[0.628s] INFO:colcon.colcon_core.shell:Creating package script '/home/shiva16/ros2_playground/patrol_bot/install/mapping_pkg/share/mapping_pkg/package.ps1'
[0.629s] INFO:colcon.colcon_core.shell:Creating package descriptor '/home/shiva16/ros2_playground/patrol_bot/install/mapping_pkg/share/mapping_pkg/package.dsv'
[0.629s] INFO:colcon.colcon_core.shell:Creating package script '/home/shiva16/ros2_playground/patrol_bot/install/mapping_pkg/share/mapping_pkg/package.sh'
[0.629s] INFO:colcon.colcon_core.shell:Creating package script '/home/shiva16/ros2_playground/patrol_bot/install/mapping_pkg/share/mapping_pkg/package.bash'
[0.630s] INFO:colcon.colcon_core.shell:Creating package script '/home/shiva16/ros2_playground/patrol_bot/install/mapping_pkg/share/mapping_pkg/package.zsh'
[0.630s] Level 1:colcon.colcon_core.environment:create_file_with_runtime_dependencies(/home/shiva16/ros2_playground/patrol_bot/install/mapping_pkg/share/colcon-core/packages/mapping_pkg)
[0.634s] Level 1:colcon.colcon_core.environment:create_environment_scripts_only(localization_package)
[0.634s] Level 1:colcon.colcon_core.environment:checking '/home/shiva16/ros2_playground/patrol_bot/install/localization_package' for CMake module files
[0.635s] DEBUG:colcon.colcon_core.event_handler.log_command:Invoked command in '/home/shiva16/ros2_playground/patrol_bot/build/localization_package' returned '0': CMAKE_PREFIX_PATH=/opt/ros/humble /usr/bin/cmake --install /home/shiva16/ros2_playground/patrol_bot/build/localization_package
[0.635s] Level 1:colcon.colcon_core.environment:checking '/home/shiva16/ros2_playground/patrol_bot/install/localization_package' for CMake config files
[0.635s] Level 1:colcon.colcon_core.shell:create_environment_hook('localization_package', 'cmake_prefix_path')
[0.635s] INFO:colcon.colcon_core.shell:Creating environment hook '/home/shiva16/ros2_playground/patrol_bot/install/localization_package/share/localization_package/hook/cmake_prefix_path.ps1'
[0.636s] INFO:colcon.colcon_core.shell:Creating environment descriptor '/home/shiva16/ros2_playground/patrol_bot/install/localization_package/share/localization_package/hook/cmake_prefix_path.dsv'
[0.636s] INFO:colcon.colcon_core.shell:Creating environment hook '/home/shiva16/ros2_playground/patrol_bot/install/localization_package/share/localization_package/hook/cmake_prefix_path.sh'
[0.636s] Level 1:colcon.colcon_core.environment:checking '/home/shiva16/ros2_playground/patrol_bot/install/localization_package/lib'
[0.637s] Level 1:colcon.colcon_core.environment:checking '/home/shiva16/ros2_playground/patrol_bot/install/localization_package/bin'
[0.637s] Level 1:colcon.colcon_core.environment:checking '/home/shiva16/ros2_playground/patrol_bot/install/localization_package/lib/pkgconfig/localization_package.pc'
[0.637s] Level 1:colcon.colcon_core.environment:checking '/home/shiva16/ros2_playground/patrol_bot/install/localization_package/lib/python3.10/site-packages'
[0.637s] Level 1:colcon.colcon_core.environment:checking '/home/shiva16/ros2_playground/patrol_bot/install/localization_package/bin'
[0.637s] INFO:colcon.colcon_core.shell:Creating package script '/home/shiva16/ros2_playground/patrol_bot/install/localization_package/share/localization_package/package.ps1'
[0.637s] INFO:colcon.colcon_core.shell:Creating package descriptor '/home/shiva16/ros2_playground/patrol_bot/install/localization_package/share/localization_package/package.dsv'
[0.638s] INFO:colcon.colcon_core.shell:Creating package script '/home/shiva16/ros2_playground/patrol_bot/install/localization_package/share/localization_package/package.sh'
[0.638s] INFO:colcon.colcon_core.shell:Creating package script '/home/shiva16/ros2_playground/patrol_bot/install/localization_package/share/localization_package/package.bash'
[0.638s] INFO:colcon.colcon_core.shell:Creating package script '/home/shiva16/ros2_playground/patrol_bot/install/localization_package/share/localization_package/package.zsh'
[0.638s] Level 1:colcon.colcon_core.environment:create_file_with_runtime_dependencies(/home/shiva16/ros2_playground/patrol_bot/install/localization_package/share/colcon-core/packages/localization_package)
[0.639s] Level 1:colcon.colcon_core.environment:create_environment_scripts_only(localization_package)
[0.639s] Level 1:colcon.colcon_core.environment:checking '/home/shiva16/ros2_playground/patrol_bot/install/localization_package' for CMake module files
[0.639s] Level 1:colcon.colcon_core.environment:checking '/home/shiva16/ros2_playground/patrol_bot/install/localization_package' for CMake config files
[0.640s] Level 1:colcon.colcon_core.shell:create_environment_hook('localization_package', 'cmake_prefix_path')
[0.640s] INFO:colcon.colcon_core.shell:Creating environment hook '/home/shiva16/ros2_playground/patrol_bot/install/localization_package/share/localization_package/hook/cmake_prefix_path.ps1'
[0.640s] INFO:colcon.colcon_core.shell:Creating environment descriptor '/home/shiva16/ros2_playground/patrol_bot/install/localization_package/share/localization_package/hook/cmake_prefix_path.dsv'
[0.640s] INFO:colcon.colcon_core.shell:Creating environment hook '/home/shiva16/ros2_playground/patrol_bot/install/localization_package/share/localization_package/hook/cmake_prefix_path.sh'
[0.641s] Level 1:colcon.colcon_core.environment:checking '/home/shiva16/ros2_playground/patrol_bot/install/localization_package/lib'
[0.641s] Level 1:colcon.colcon_core.environment:checking '/home/shiva16/ros2_playground/patrol_bot/install/localization_package/bin'
[0.641s] Level 1:colcon.colcon_core.environment:checking '/home/shiva16/ros2_playground/patrol_bot/install/localization_package/lib/pkgconfig/localization_package.pc'
[0.641s] Level 1:colcon.colcon_core.environment:checking '/home/shiva16/ros2_playground/patrol_bot/install/localization_package/lib/python3.10/site-packages'
[0.641s] Level 1:colcon.colcon_core.environment:checking '/home/shiva16/ros2_playground/patrol_bot/install/localization_package/bin'
[0.641s] INFO:colcon.colcon_core.shell:Creating package script '/home/shiva16/ros2_playground/patrol_bot/install/localization_package/share/localization_package/package.ps1'
[0.642s] INFO:colcon.colcon_core.shell:Creating package descriptor '/home/shiva16/ros2_playground/patrol_bot/install/localization_package/share/localization_package/package.dsv'
[0.642s] INFO:colcon.colcon_core.shell:Creating package script '/home/shiva16/ros2_playground/patrol_bot/install/localization_package/share/localization_package/package.sh'
[0.642s] INFO:colcon.colcon_core.shell:Creating package script '/home/shiva16/ros2_playground/patrol_bot/install/localization_package/share/localization_package/package.bash'
[0.643s] INFO:colcon.colcon_core.shell:Creating package script '/home/shiva16/ros2_playground/patrol_bot/install/localization_package/share/localization_package/package.zsh'
[0.643s] Level 1:colcon.colcon_core.environment:create_file_with_runtime_dependencies(/home/shiva16/ros2_playground/patrol_bot/install/localization_package/share/colcon-core/packages/localization_package)
[0.643s] DEBUG:colcon.colcon_parallel_executor.executor.parallel:closing loop
[0.643s] DEBUG:colcon.colcon_parallel_executor.executor.parallel:loop closed
[0.643s] DEBUG:colcon.colcon_parallel_executor.executor.parallel:run_until_complete finished with '0'
[0.643s] DEBUG:colcon.colcon_core.event_reactor:joining thread
[0.648s] INFO:colcon.colcon_core.plugin_system:Skipping extension 'colcon_notification.desktop_notification.terminal_notifier': Not used on non-Darwin systems
[0.648s] INFO:colcon.colcon_core.plugin_system:Skipping extension 'colcon_notification.desktop_notification.win32': Not used on non-Windows systems
[0.648s] INFO:colcon.colcon_notification.desktop_notification:Sending desktop notification using 'notify2'
[0.655s] DEBUG:colcon.colcon_core.event_reactor:joined thread
[0.656s] INFO:colcon.colcon_core.shell:Creating prefix script '/home/shiva16/ros2_playground/patrol_bot/install/local_setup.ps1'
[0.657s] INFO:colcon.colcon_core.shell:Creating prefix util module '/home/shiva16/ros2_playground/patrol_bot/install/_local_setup_util_ps1.py'
[0.658s] INFO:colcon.colcon_core.shell:Creating prefix chain script '/home/shiva16/ros2_playground/patrol_bot/install/setup.ps1'
[0.658s] INFO:colcon.colcon_core.shell:Creating prefix script '/home/shiva16/ros2_playground/patrol_bot/install/local_setup.sh'
[0.659s] INFO:colcon.colcon_core.shell:Creating prefix util module '/home/shiva16/ros2_playground/patrol_bot/install/_local_setup_util_sh.py'
[0.659s] INFO:colcon.colcon_core.shell:Creating prefix chain script '/home/shiva16/ros2_playground/patrol_bot/install/setup.sh'
[0.660s] INFO:colcon.colcon_core.shell:Creating prefix script '/home/shiva16/ros2_playground/patrol_bot/install/local_setup.bash'
[0.660s] INFO:colcon.colcon_core.shell:Creating prefix chain script '/home/shiva16/ros2_playground/patrol_bot/install/setup.bash'
[0.661s] INFO:colcon.colcon_core.shell:Creating prefix script '/home/shiva16/ros2_playground/patrol_bot/install/local_setup.zsh'
[0.661s] INFO:colcon.colcon_core.shell:Creating prefix chain script '/home/shiva16/ros2_playground/patrol_bot/install/setup.zsh'
