-- Install configuration: ""
-- Installing: /home/shiva/ros2_playground/workspace3/install/descriptions_package/share/descriptions_package/meshes
-- Installing: /home/shiva/ros2_playground/workspace3/install/descriptions_package/share/descriptions_package/meshes/base_link.STL
-- Installing: /home/shiva/ros2_playground/workspace3/install/descriptions_package/share/descriptions_package/meshes/rear_right_wheel_link.STL
-- Installing: /home/shiva/ros2_playground/workspace3/install/descriptions_package/share/descriptions_package/meshes/front_left_wheel_link.STL
-- Installing: /home/shiva/ros2_playground/workspace3/install/descriptions_package/share/descriptions_package/meshes/front_right_wheel_link.STL
-- Installing: /home/shiva/ros2_playground/workspace3/install/descriptions_package/share/descriptions_package/meshes/rear_left_wheel_link.STL
-- Installing: /home/shiva/ros2_playground/workspace3/install/descriptions_package/share/descriptions_package/urdf
-- Installing: /home/shiva/ros2_playground/workspace3/install/descriptions_package/share/descriptions_package/urdf/bot3.urdf.xacro
-- Installing: /home/shiva/ros2_playground/workspace3/install/descriptions_package/share/descriptions_package/launch
-- Installing: /home/shiva/ros2_playground/workspace3/install/descriptions_package/share/descriptions_package/launch/gazebo.launch.py
-- Installing: /home/shiva/ros2_playground/workspace3/install/descriptions_package/share/descriptions_package/launch/display.launch.py
-- Installing: /home/shiva/ros2_playground/workspace3/install/descriptions_package/share/descriptions_package/rviz_configs
-- Installing: /home/shiva/ros2_playground/workspace3/install/descriptions_package/share/descriptions_package/rviz_configs/display.rviz
-- Installing: /home/shiva/ros2_playground/workspace3/install/descriptions_package/share/descriptions_package/models
-- Installing: /home/shiva/ros2_playground/workspace3/install/descriptions_package/share/descriptions_package/models/models
-- Installing: /home/shiva/ros2_playground/workspace3/install/descriptions_package/share/descriptions_package/models/models/ground_plane
-- Installing: /home/shiva/ros2_playground/workspace3/install/descriptions_package/share/descriptions_package/models/models/ground_plane/model.config
-- Installing: /home/shiva/ros2_playground/workspace3/install/descriptions_package/share/descriptions_package/models/models/ground_plane/model-1_4.sdf
-- Installing: /home/shiva/ros2_playground/workspace3/install/descriptions_package/share/descriptions_package/models/models/ground_plane/model-1_2.sdf
-- Installing: /home/shiva/ros2_playground/workspace3/install/descriptions_package/share/descriptions_package/models/models/ground_plane/model.sdf
-- Installing: /home/shiva/ros2_playground/workspace3/install/descriptions_package/share/descriptions_package/models/models/ground_plane/model-1_3.sdf
-- Installing: /home/shiva/ros2_playground/workspace3/install/descriptions_package/share/descriptions_package/models/models/sun
-- Installing: /home/shiva/ros2_playground/workspace3/install/descriptions_package/share/descriptions_package/models/models/sun/model.config
-- Installing: /home/shiva/ros2_playground/workspace3/install/descriptions_package/share/descriptions_package/models/models/sun/model-1_4.sdf
-- Installing: /home/shiva/ros2_playground/workspace3/install/descriptions_package/share/descriptions_package/models/models/sun/model-1_2.sdf
-- Installing: /home/shiva/ros2_playground/workspace3/install/descriptions_package/share/descriptions_package/models/models/sun/model.sdf
-- Installing: /home/shiva/ros2_playground/workspace3/install/descriptions_package/share/descriptions_package/models/models/sun/model-1_3.sdf
-- Installing: /home/shiva/ros2_playground/workspace3/install/descriptions_package/share/ament_index/resource_index/package_run_dependencies/descriptions_package
-- Installing: /home/shiva/ros2_playground/workspace3/install/descriptions_package/share/ament_index/resource_index/parent_prefix_path/descriptions_package
-- Installing: /home/shiva/ros2_playground/workspace3/install/descriptions_package/share/descriptions_package/environment/ament_prefix_path.sh
-- Installing: /home/shiva/ros2_playground/workspace3/install/descriptions_package/share/descriptions_package/environment/ament_prefix_path.dsv
-- Installing: /home/shiva/ros2_playground/workspace3/install/descriptions_package/share/descriptions_package/environment/path.sh
-- Installing: /home/shiva/ros2_playground/workspace3/install/descriptions_package/share/descriptions_package/environment/path.dsv
-- Installing: /home/shiva/ros2_playground/workspace3/install/descriptions_package/share/descriptions_package/local_setup.bash
-- Installing: /home/shiva/ros2_playground/workspace3/install/descriptions_package/share/descriptions_package/local_setup.sh
-- Installing: /home/shiva/ros2_playground/workspace3/install/descriptions_package/share/descriptions_package/local_setup.zsh
-- Installing: /home/shiva/ros2_playground/workspace3/install/descriptions_package/share/descriptions_package/local_setup.dsv
-- Installing: /home/shiva/ros2_playground/workspace3/install/descriptions_package/share/descriptions_package/package.dsv
-- Installing: /home/shiva/ros2_playground/workspace3/install/descriptions_package/share/ament_index/resource_index/packages/descriptions_package
-- Installing: /home/shiva/ros2_playground/workspace3/install/descriptions_package/share/descriptions_package/cmake/descriptions_packageConfig.cmake
-- Installing: /home/shiva/ros2_playground/workspace3/install/descriptions_package/share/descriptions_package/cmake/descriptions_packageConfig-version.cmake
-- Installing: /home/shiva/ros2_playground/workspace3/install/descriptions_package/share/descriptions_package/package.xml
