[0.139s] Invoking command in '/home/shiva/ros2_playground/workspace3/build/descriptions_package': CMAKE_PREFIX_PATH=/opt/ros/humble /usr/bin/cmake --build /home/shiva/ros2_playground/workspace3/build/descriptions_package -- -j8 -l8
[0.686s] Invoked command in '/home/shiva/ros2_playground/workspace3/build/descriptions_package' returned '0': CMAKE_PREFIX_PATH=/opt/ros/humble /usr/bin/cmake --build /home/shiva/ros2_playground/workspace3/build/descriptions_package -- -j8 -l8
[0.828s] Invoking command in '/home/shiva/ros2_playground/workspace3/build/descriptions_package': CMAKE_PREFIX_PATH=/opt/ros/humble /usr/bin/cmake --install /home/shiva/ros2_playground/workspace3/build/descriptions_package
[0.840s] -- Install configuration: ""
[0.841s] -- Installing: /home/shiva/ros2_playground/workspace3/install/descriptions_package/share/descriptions_package/meshes
[0.841s] -- Installing: /home/shiva/ros2_playground/workspace3/install/descriptions_package/share/descriptions_package/meshes/base_link.STL
[0.934s] -- Installing: /home/shiva/ros2_playground/workspace3/install/descriptions_package/share/descriptions_package/meshes/rear_right_wheel_link.STL
[0.934s] -- Installing: /home/shiva/ros2_playground/workspace3/install/descriptions_package/share/descriptions_package/meshes/front_left_wheel_link.STL
[0.939s] -- Installing: /home/shiva/ros2_playground/workspace3/install/descriptions_package/share/descriptions_package/meshes/front_right_wheel_link.STL
[0.964s] -- Installing: /home/shiva/ros2_playground/workspace3/install/descriptions_package/share/descriptions_package/meshes/rear_left_wheel_link.STL
[0.979s] -- Installing: /home/shiva/ros2_playground/workspace3/install/descriptions_package/share/descriptions_package/urdf
[0.979s] -- Installing: /home/shiva/ros2_playground/workspace3/install/descriptions_package/share/descriptions_package/urdf/bot3.urdf.xacro
[0.979s] -- Installing: /home/shiva/ros2_playground/workspace3/install/descriptions_package/share/descriptions_package/launch
[0.979s] -- Installing: /home/shiva/ros2_playground/workspace3/install/descriptions_package/share/descriptions_package/launch/gazebo.launch.py
[0.982s] -- Installing: /home/shiva/ros2_playground/workspace3/install/descriptions_package/share/descriptions_package/launch/display.launch.py
[0.983s] -- Installing: /home/shiva/ros2_playground/workspace3/install/descriptions_package/share/descriptions_package/rviz_configs
[0.983s] -- Installing: /home/shiva/ros2_playground/workspace3/install/descriptions_package/share/descriptions_package/rviz_configs/display.rviz
[0.984s] -- Installing: /home/shiva/ros2_playground/workspace3/install/descriptions_package/share/descriptions_package/models
[0.984s] -- Installing: /home/shiva/ros2_playground/workspace3/install/descriptions_package/share/descriptions_package/models/models
[0.984s] -- Installing: /home/shiva/ros2_playground/workspace3/install/descriptions_package/share/descriptions_package/models/models/ground_plane
[0.984s] -- Installing: /home/shiva/ros2_playground/workspace3/install/descriptions_package/share/descriptions_package/models/models/ground_plane/model.config
[0.986s] -- Installing: /home/shiva/ros2_playground/workspace3/install/descriptions_package/share/descriptions_package/models/models/ground_plane/model-1_4.sdf
[0.993s] -- Installing: /home/shiva/ros2_playground/workspace3/install/descriptions_package/share/descriptions_package/models/models/ground_plane/model-1_2.sdf
[0.994s] -- Installing: /home/shiva/ros2_playground/workspace3/install/descriptions_package/share/descriptions_package/models/models/ground_plane/model.sdf
[0.995s] -- Installing: /home/shiva/ros2_playground/workspace3/install/descriptions_package/share/descriptions_package/models/models/ground_plane/model-1_3.sdf
[0.996s] -- Installing: /home/shiva/ros2_playground/workspace3/install/descriptions_package/share/descriptions_package/models/models/sun
[0.996s] -- Installing: /home/shiva/ros2_playground/workspace3/install/descriptions_package/share/descriptions_package/models/models/sun/model.config
[0.997s] -- Installing: /home/shiva/ros2_playground/workspace3/install/descriptions_package/share/descriptions_package/models/models/sun/model-1_4.sdf
[0.998s] -- Installing: /home/shiva/ros2_playground/workspace3/install/descriptions_package/share/descriptions_package/models/models/sun/model-1_2.sdf
[0.999s] -- Installing: /home/shiva/ros2_playground/workspace3/install/descriptions_package/share/descriptions_package/models/models/sun/model.sdf
[1.000s] -- Installing: /home/shiva/ros2_playground/workspace3/install/descriptions_package/share/descriptions_package/models/models/sun/model-1_3.sdf
[1.002s] -- Installing: /home/shiva/ros2_playground/workspace3/install/descriptions_package/share/ament_index/resource_index/package_run_dependencies/descriptions_package
[1.024s] -- Installing: /home/shiva/ros2_playground/workspace3/install/descriptions_package/share/ament_index/resource_index/parent_prefix_path/descriptions_package
[1.026s] -- Installing: /home/shiva/ros2_playground/workspace3/install/descriptions_package/share/descriptions_package/environment/ament_prefix_path.sh
[1.026s] -- Installing: /home/shiva/ros2_playground/workspace3/install/descriptions_package/share/descriptions_package/environment/ament_prefix_path.dsv
[1.026s] -- Installing: /home/shiva/ros2_playground/workspace3/install/descriptions_package/share/descriptions_package/environment/path.sh
[1.026s] -- Installing: /home/shiva/ros2_playground/workspace3/install/descriptions_package/share/descriptions_package/environment/path.dsv
[1.026s] -- Installing: /home/shiva/ros2_playground/workspace3/install/descriptions_package/share/descriptions_package/local_setup.bash
[1.027s] -- Installing: /home/shiva/ros2_playground/workspace3/install/descriptions_package/share/descriptions_package/local_setup.sh
[1.054s] -- Installing: /home/shiva/ros2_playground/workspace3/install/descriptions_package/share/descriptions_package/local_setup.zsh
[1.054s] -- Installing: /home/shiva/ros2_playground/workspace3/install/descriptions_package/share/descriptions_package/local_setup.dsv
[1.054s] -- Installing: /home/shiva/ros2_playground/workspace3/install/descriptions_package/share/descriptions_package/package.dsv
[1.054s] -- Installing: /home/shiva/ros2_playground/workspace3/install/descriptions_package/share/ament_index/resource_index/packages/descriptions_package
[1.054s] -- Installing: /home/shiva/ros2_playground/workspace3/install/descriptions_package/share/descriptions_package/cmake/descriptions_packageConfig.cmake
[1.066s] -- Installing: /home/shiva/ros2_playground/workspace3/install/descriptions_package/share/descriptions_package/cmake/descriptions_packageConfig-version.cmake
[1.067s] -- Installing: /home/shiva/ros2_playground/workspace3/install/descriptions_package/share/descriptions_package/package.xml
[1.131s] Invoked command in '/home/shiva/ros2_playground/workspace3/build/descriptions_package' returned '0': CMAKE_PREFIX_PATH=/opt/ros/humble /usr/bin/cmake --install /home/shiva/ros2_playground/workspace3/build/descriptions_package
