[0.010s] Invoking command in '/home/shiva16/ros2_playground/patrol_bot/build/custome_launches': CMAKE_PREFIX_PATH=/opt/ros/humble /usr/bin/cmake /home/shiva16/ros2_playground/patrol_bot/src/custome_launches -DCMAKE_INSTALL_PREFIX=/home/shiva16/ros2_playground/patrol_bot/install/custome_launches
[0.060s] -- The C compiler identification is GNU 11.4.0
[0.105s] -- The CXX compiler identification is GNU 11.4.0
[0.112s] -- Detecting C compiler ABI info
[0.172s] -- Detecting C compiler ABI info - done
[0.176s] -- Check for working C compiler: /usr/bin/cc - skipped
[0.177s] -- Detecting C compile features
[0.178s] -- Detecting C compile features - done
[0.179s] -- Detecting CXX compiler ABI info
[0.247s] -- Detecting CXX compiler ABI info - done
[0.253s] -- Check for working CXX compiler: /usr/bin/c++ - skipped
[0.253s] -- Detecting CXX compile features
[0.253s] -- Detecting CXX compile features - done
[0.255s] -- Found ament_cmake: 1.3.11 (/opt/ros/humble/share/ament_cmake/cmake)
[0.365s] -- Found Python3: /usr/bin/python3 (found version "3.10.12") found components: Interpreter 
[0.434s] -- Found ament_lint_auto: 0.12.11 (/opt/ros/humble/share/ament_lint_auto/cmake)
[0.494s] -- Added test 'lint_cmake' to check CMake code style
[0.495s] -- Added test 'xmllint' to check XML markup files
[0.496s] -- Configuring done
[0.498s] -- Generating done
[0.499s] -- Build files have been written to: /home/shiva16/ros2_playground/patrol_bot/build/custome_launches
[0.505s] Invoked command in '/home/shiva16/ros2_playground/patrol_bot/build/custome_launches' returned '0': CMAKE_PREFIX_PATH=/opt/ros/humble /usr/bin/cmake /home/shiva16/ros2_playground/patrol_bot/src/custome_launches -DCMAKE_INSTALL_PREFIX=/home/shiva16/ros2_playground/patrol_bot/install/custome_launches
[0.507s] Invoking command in '/home/shiva16/ros2_playground/patrol_bot/build/custome_launches': CMAKE_PREFIX_PATH=/opt/ros/humble /usr/bin/cmake --build /home/shiva16/ros2_playground/patrol_bot/build/custome_launches -- -j16 -l16
[0.543s] Invoked command in '/home/shiva16/ros2_playground/patrol_bot/build/custome_launches' returned '0': CMAKE_PREFIX_PATH=/opt/ros/humble /usr/bin/cmake --build /home/shiva16/ros2_playground/patrol_bot/build/custome_launches -- -j16 -l16
[0.553s] Invoking command in '/home/shiva16/ros2_playground/patrol_bot/build/custome_launches': CMAKE_PREFIX_PATH=/opt/ros/humble /usr/bin/cmake --install /home/shiva16/ros2_playground/patrol_bot/build/custome_launches
[0.559s] -- Install configuration: ""
[0.559s] -- Installing: /home/shiva16/ros2_playground/patrol_bot/install/custome_launches/share/custome_launches/launch
[0.559s] -- Installing: /home/shiva16/ros2_playground/patrol_bot/install/custome_launches/share/ament_index/resource_index/package_run_dependencies/custome_launches
[0.560s] -- Installing: /home/shiva16/ros2_playground/patrol_bot/install/custome_launches/share/ament_index/resource_index/parent_prefix_path/custome_launches
[0.560s] -- Installing: /home/shiva16/ros2_playground/patrol_bot/install/custome_launches/share/custome_launches/environment/ament_prefix_path.sh
[0.560s] -- Installing: /home/shiva16/ros2_playground/patrol_bot/install/custome_launches/share/custome_launches/environment/ament_prefix_path.dsv
[0.560s] -- Installing: /home/shiva16/ros2_playground/patrol_bot/install/custome_launches/share/custome_launches/environment/path.sh
[0.560s] -- Installing: /home/shiva16/ros2_playground/patrol_bot/install/custome_launches/share/custome_launches/environment/path.dsv
[0.560s] -- Installing: /home/shiva16/ros2_playground/patrol_bot/install/custome_launches/share/custome_launches/local_setup.bash
[0.560s] -- Installing: /home/shiva16/ros2_playground/patrol_bot/install/custome_launches/share/custome_launches/local_setup.sh
[0.560s] -- Installing: /home/shiva16/ros2_playground/patrol_bot/install/custome_launches/share/custome_launches/local_setup.zsh
[0.560s] -- Installing: /home/shiva16/ros2_playground/patrol_bot/install/custome_launches/share/custome_launches/local_setup.dsv
[0.560s] -- Installing: /home/shiva16/ros2_playground/patrol_bot/install/custome_launches/share/custome_launches/package.dsv
[0.561s] -- Installing: /home/shiva16/ros2_playground/patrol_bot/install/custome_launches/share/ament_index/resource_index/packages/custome_launches
[0.561s] -- Installing: /home/shiva16/ros2_playground/patrol_bot/install/custome_launches/share/custome_launches/cmake/custome_launchesConfig.cmake
[0.561s] -- Installing: /home/shiva16/ros2_playground/patrol_bot/install/custome_launches/share/custome_launches/cmake/custome_launchesConfig-version.cmake
[0.561s] -- Installing: /home/shiva16/ros2_playground/patrol_bot/install/custome_launches/share/custome_launches/package.xml
[0.564s] Invoked command in '/home/shiva16/ros2_playground/patrol_bot/build/custome_launches' returned '0': CMAKE_PREFIX_PATH=/opt/ros/humble /usr/bin/cmake --install /home/shiva16/ros2_playground/patrol_bot/build/custome_launches
