[0.048s] Invoking command in '/home/shiva/ros2_playground/workspace2/build/bot2_controllers': CMAKE_PREFIX_PATH=/opt/ros/humble /usr/bin/cmake --build /home/shiva/ros2_playground/workspace2/build/bot2_controllers -- -j8 -l8
[0.677s] Invoked command in '/home/shiva/ros2_playground/workspace2/build/bot2_controllers' returned '0': CMAKE_PREFIX_PATH=/opt/ros/humble /usr/bin/cmake --build /home/shiva/ros2_playground/workspace2/build/bot2_controllers -- -j8 -l8
[0.968s] Invoking command in '/home/shiva/ros2_playground/workspace2/build/bot2_controllers': CMAKE_PREFIX_PATH=/opt/ros/humble /usr/bin/cmake --install /home/shiva/ros2_playground/workspace2/build/bot2_controllers
[1.067s] -- Install configuration: ""
[1.069s] -- Up-to-date: /home/shiva/ros2_playground/workspace2/install/bot2_controllers/share/bot2_controllers/config
[1.069s] -- Up-to-date: /home/shiva/ros2_playground/workspace2/install/bot2_controllers/share/bot2_controllers/config/bot2_controller.yaml
[1.090s] -- Up-to-date: /home/shiva/ros2_playground/workspace2/install/bot2_controllers/share/bot2_controllers/launch
[1.103s] -- Up-to-date: /home/shiva/ros2_playground/workspace2/install/bot2_controllers/share/bot2_controllers/launch/bot2_control.launch.py
[1.103s] -- Up-to-date: /home/shiva/ros2_playground/workspace2/install/bot2_controllers/share/ament_index/resource_index/package_run_dependencies/bot2_controllers
[1.103s] -- Up-to-date: /home/shiva/ros2_playground/workspace2/install/bot2_controllers/share/ament_index/resource_index/parent_prefix_path/bot2_controllers
[1.107s] -- Up-to-date: /home/shiva/ros2_playground/workspace2/install/bot2_controllers/share/bot2_controllers/environment/ament_prefix_path.sh
[1.107s] -- Up-to-date: /home/shiva/ros2_playground/workspace2/install/bot2_controllers/share/bot2_controllers/environment/ament_prefix_path.dsv
[1.107s] -- Up-to-date: /home/shiva/ros2_playground/workspace2/install/bot2_controllers/share/bot2_controllers/environment/path.sh
[1.109s] -- Up-to-date: /home/shiva/ros2_playground/workspace2/install/bot2_controllers/share/bot2_controllers/environment/path.dsv
[1.109s] -- Up-to-date: /home/shiva/ros2_playground/workspace2/install/bot2_controllers/share/bot2_controllers/local_setup.bash
[1.109s] -- Up-to-date: /home/shiva/ros2_playground/workspace2/install/bot2_controllers/share/bot2_controllers/local_setup.sh
[1.109s] -- Up-to-date: /home/shiva/ros2_playground/workspace2/install/bot2_controllers/share/bot2_controllers/local_setup.zsh
[1.109s] -- Up-to-date: /home/shiva/ros2_playground/workspace2/install/bot2_controllers/share/bot2_controllers/local_setup.dsv
[1.141s] -- Installing: /home/shiva/ros2_playground/workspace2/install/bot2_controllers/share/bot2_controllers/package.dsv
[1.142s] -- Up-to-date: /home/shiva/ros2_playground/workspace2/install/bot2_controllers/share/ament_index/resource_index/packages/bot2_controllers
[1.143s] -- Up-to-date: /home/shiva/ros2_playground/workspace2/install/bot2_controllers/share/bot2_controllers/cmake/bot2_controllersConfig.cmake
[1.143s] -- Up-to-date: /home/shiva/ros2_playground/workspace2/install/bot2_controllers/share/bot2_controllers/cmake/bot2_controllersConfig-version.cmake
[1.143s] -- Up-to-date: /home/shiva/ros2_playground/workspace2/install/bot2_controllers/share/bot2_controllers/package.xml
[1.194s] Invoked command in '/home/shiva/ros2_playground/workspace2/build/bot2_controllers' returned '0': CMAKE_PREFIX_PATH=/opt/ros/humble /usr/bin/cmake --install /home/shiva/ros2_playground/workspace2/build/bot2_controllers
