[0.095s] DEBUG:colcon:Command line arguments: ['/usr/bin/colcon', 'build']
[0.095s] DEBUG:colcon:Parsed command line arguments: Namespace(log_base=None, log_level=None, verb_name='build', build_base='build', install_base='install', merge_install=False, symlink_install=False, test_result_base=None, continue_on_error=False, executor='parallel', parallel_workers=8, event_handlers=None, ignore_user_meta=False, metas=['./colcon.meta'], base_paths=['.'], packages_ignore=None, packages_ignore_regex=None, paths=None, packages_up_to=None, packages_up_to_regex=None, packages_above=None, packages_above_and_dependencies=None, packages_above_depth=None, packages_select_by_dep=None, packages_skip_by_dep=None, packages_skip_up_to=None, packages_select_build_failed=False, packages_skip_build_finished=False, packages_select_test_failures=False, packages_skip_test_passed=False, packages_select=None, packages_skip=None, packages_select_regex=None, packages_skip_regex=None, packages_start=None, packages_end=None, allow_overriding=[], cmake_args=None, cmake_target=None, cmake_target_skip_unavailable=False, cmake_clean_cache=False, cmake_clean_first=False, cmake_force_configure=False, ament_cmake_args=None, catkin_cmake_args=None, catkin_skip_building_tests=False, mixin_files=None, mixin=None, verb_parser=<colcon_mixin.mixin.mixin_argument.MixinArgumentDecorator object at 0x7b92963cb7c0>, verb_extension=<colcon_core.verb.build.BuildVerb object at 0x7b92963cb250>, main=<bound method BuildVerb.main of <colcon_core.verb.build.BuildVerb object at 0x7b92963cb250>>, mixin_verb=('build',))
[0.260s] Level 1:colcon.colcon_core.package_discovery:discover_packages(colcon_meta) check parameters
[0.260s] Level 1:colcon.colcon_core.package_discovery:discover_packages(recursive) check parameters
[0.260s] Level 1:colcon.colcon_core.package_discovery:discover_packages(ignore) check parameters
[0.260s] Level 1:colcon.colcon_core.package_discovery:discover_packages(path) check parameters
[0.260s] Level 1:colcon.colcon_core.package_discovery:discover_packages(colcon_meta) discover
[0.260s] Level 1:colcon.colcon_core.package_discovery:discover_packages(recursive) discover
[0.260s] INFO:colcon.colcon_core.package_discovery:Crawling recursively for packages in '/home/shiva/ros2_playground/workspace2'
[0.260s] Level 1:colcon.colcon_core.package_identification:_identify(.) by extensions ['ignore', 'ignore_ament_install']
[0.260s] Level 1:colcon.colcon_core.package_identification:_identify(.) by extension 'ignore'
[0.260s] Level 1:colcon.colcon_core.package_identification:_identify(.) by extension 'ignore_ament_install'
[0.261s] Level 1:colcon.colcon_core.package_identification:_identify(.) by extensions ['colcon_pkg']
[0.261s] Level 1:colcon.colcon_core.package_identification:_identify(.) by extension 'colcon_pkg'
[0.261s] Level 1:colcon.colcon_core.package_identification:_identify(.) by extensions ['colcon_meta']
[0.261s] Level 1:colcon.colcon_core.package_identification:_identify(.) by extension 'colcon_meta'
[0.261s] Level 1:colcon.colcon_core.package_identification:_identify(.) by extensions ['ros']
[0.261s] Level 1:colcon.colcon_core.package_identification:_identify(.) by extension 'ros'
[0.269s] Level 1:colcon.colcon_core.package_identification:_identify(.) by extensions ['cmake', 'python']
[0.269s] Level 1:colcon.colcon_core.package_identification:_identify(.) by extension 'cmake'
[0.270s] Level 1:colcon.colcon_core.package_identification:_identify(.) by extension 'python'
[0.270s] Level 1:colcon.colcon_core.package_identification:_identify(.) by extensions ['python_setup_py']
[0.270s] Level 1:colcon.colcon_core.package_identification:_identify(.) by extension 'python_setup_py'
[0.270s] Level 1:colcon.colcon_core.package_identification:_identify(build) by extensions ['ignore', 'ignore_ament_install']
[0.270s] Level 1:colcon.colcon_core.package_identification:_identify(build) by extension 'ignore'
[0.270s] Level 1:colcon.colcon_core.package_identification:_identify(build) ignored
[0.270s] Level 1:colcon.colcon_core.package_identification:_identify(install) by extensions ['ignore', 'ignore_ament_install']
[0.270s] Level 1:colcon.colcon_core.package_identification:_identify(install) by extension 'ignore'
[0.270s] Level 1:colcon.colcon_core.package_identification:_identify(install) ignored
[0.271s] Level 1:colcon.colcon_core.package_identification:_identify(log) by extensions ['ignore', 'ignore_ament_install']
[0.271s] Level 1:colcon.colcon_core.package_identification:_identify(log) by extension 'ignore'
[0.271s] Level 1:colcon.colcon_core.package_identification:_identify(log) ignored
[0.271s] Level 1:colcon.colcon_core.package_identification:_identify(src) by extensions ['ignore', 'ignore_ament_install']
[0.271s] Level 1:colcon.colcon_core.package_identification:_identify(src) by extension 'ignore'
[0.271s] Level 1:colcon.colcon_core.package_identification:_identify(src) by extension 'ignore_ament_install'
[0.271s] Level 1:colcon.colcon_core.package_identification:_identify(src) by extensions ['colcon_pkg']
[0.272s] Level 1:colcon.colcon_core.package_identification:_identify(src) by extension 'colcon_pkg'
[0.272s] Level 1:colcon.colcon_core.package_identification:_identify(src) by extensions ['colcon_meta']
[0.272s] Level 1:colcon.colcon_core.package_identification:_identify(src) by extension 'colcon_meta'
[0.272s] Level 1:colcon.colcon_core.package_identification:_identify(src) by extensions ['ros']
[0.272s] Level 1:colcon.colcon_core.package_identification:_identify(src) by extension 'ros'
[0.272s] Level 1:colcon.colcon_core.package_identification:_identify(src) by extensions ['cmake', 'python']
[0.272s] Level 1:colcon.colcon_core.package_identification:_identify(src) by extension 'cmake'
[0.272s] Level 1:colcon.colcon_core.package_identification:_identify(src) by extension 'python'
[0.272s] Level 1:colcon.colcon_core.package_identification:_identify(src) by extensions ['python_setup_py']
[0.272s] Level 1:colcon.colcon_core.package_identification:_identify(src) by extension 'python_setup_py'
[0.272s] Level 1:colcon.colcon_core.package_identification:_identify(src/descriptions_package) by extensions ['ignore', 'ignore_ament_install']
[0.272s] Level 1:colcon.colcon_core.package_identification:_identify(src/descriptions_package) by extension 'ignore'
[0.272s] Level 1:colcon.colcon_core.package_identification:_identify(src/descriptions_package) by extension 'ignore_ament_install'
[0.272s] Level 1:colcon.colcon_core.package_identification:_identify(src/descriptions_package) by extensions ['colcon_pkg']
[0.272s] Level 1:colcon.colcon_core.package_identification:_identify(src/descriptions_package) by extension 'colcon_pkg'
[0.272s] Level 1:colcon.colcon_core.package_identification:_identify(src/descriptions_package) by extensions ['colcon_meta']
[0.272s] Level 1:colcon.colcon_core.package_identification:_identify(src/descriptions_package) by extension 'colcon_meta'
[0.272s] Level 1:colcon.colcon_core.package_identification:_identify(src/descriptions_package) by extensions ['ros']
[0.272s] Level 1:colcon.colcon_core.package_identification:_identify(src/descriptions_package) by extension 'ros'
[0.275s] DEBUG:colcon.colcon_core.package_identification:Package 'src/descriptions_package' with type 'ros.ament_cmake' and name 'descriptions_package'
[0.275s] Level 1:colcon.colcon_core.package_identification:_identify(src/python_pkgs) by extensions ['ignore', 'ignore_ament_install']
[0.275s] Level 1:colcon.colcon_core.package_identification:_identify(src/python_pkgs) by extension 'ignore'
[0.275s] Level 1:colcon.colcon_core.package_identification:_identify(src/python_pkgs) by extension 'ignore_ament_install'
[0.275s] Level 1:colcon.colcon_core.package_identification:_identify(src/python_pkgs) by extensions ['colcon_pkg']
[0.275s] Level 1:colcon.colcon_core.package_identification:_identify(src/python_pkgs) by extension 'colcon_pkg'
[0.275s] Level 1:colcon.colcon_core.package_identification:_identify(src/python_pkgs) by extensions ['colcon_meta']
[0.275s] Level 1:colcon.colcon_core.package_identification:_identify(src/python_pkgs) by extension 'colcon_meta'
[0.275s] Level 1:colcon.colcon_core.package_identification:_identify(src/python_pkgs) by extensions ['ros']
[0.275s] Level 1:colcon.colcon_core.package_identification:_identify(src/python_pkgs) by extension 'ros'
[0.276s] DEBUG:colcon.colcon_core.package_identification:Package 'src/python_pkgs' with type 'ros.ament_python' and name 'python_pkgs'
[0.276s] Level 1:colcon.colcon_core.package_discovery:discover_packages(recursive) using defaults
[0.276s] Level 1:colcon.colcon_core.package_discovery:discover_packages(ignore) discover
[0.276s] Level 1:colcon.colcon_core.package_discovery:discover_packages(ignore) using defaults
[0.276s] Level 1:colcon.colcon_core.package_discovery:discover_packages(path) discover
[0.276s] Level 1:colcon.colcon_core.package_discovery:discover_packages(path) using defaults
[0.304s] Level 1:colcon.colcon_core.package_discovery:discover_packages(prefix_path) check parameters
[0.304s] Level 1:colcon.colcon_core.package_discovery:discover_packages(prefix_path) discover
[0.309s] DEBUG:colcon.colcon_installed_package_information.package_discovery:Found 7 installed packages in /home/shiva/ros2_playground/workspace1/install
[0.311s] DEBUG:colcon.colcon_installed_package_information.package_discovery:Found 362 installed packages in /opt/ros/humble
[0.312s] Level 1:colcon.colcon_core.package_discovery:discover_packages(prefix_path) using defaults
[0.357s] Level 5:colcon.colcon_core.verb:set package 'descriptions_package' build argument 'cmake_args' from command line to 'None'
[0.357s] Level 5:colcon.colcon_core.verb:set package 'descriptions_package' build argument 'cmake_target' from command line to 'None'
[0.357s] Level 5:colcon.colcon_core.verb:set package 'descriptions_package' build argument 'cmake_target_skip_unavailable' from command line to 'False'
[0.357s] Level 5:colcon.colcon_core.verb:set package 'descriptions_package' build argument 'cmake_clean_cache' from command line to 'False'
[0.357s] Level 5:colcon.colcon_core.verb:set package 'descriptions_package' build argument 'cmake_clean_first' from command line to 'False'
[0.357s] Level 5:colcon.colcon_core.verb:set package 'descriptions_package' build argument 'cmake_force_configure' from command line to 'False'
[0.357s] Level 5:colcon.colcon_core.verb:set package 'descriptions_package' build argument 'ament_cmake_args' from command line to 'None'
[0.357s] Level 5:colcon.colcon_core.verb:set package 'descriptions_package' build argument 'catkin_cmake_args' from command line to 'None'
[0.357s] Level 5:colcon.colcon_core.verb:set package 'descriptions_package' build argument 'catkin_skip_building_tests' from command line to 'False'
[0.357s] DEBUG:colcon.colcon_core.verb:Building package 'descriptions_package' with the following arguments: {'ament_cmake_args': None, 'build_base': '/home/shiva/ros2_playground/workspace2/build/descriptions_package', 'catkin_cmake_args': None, 'catkin_skip_building_tests': False, 'cmake_args': None, 'cmake_clean_cache': False, 'cmake_clean_first': False, 'cmake_force_configure': False, 'cmake_target': None, 'cmake_target_skip_unavailable': False, 'install_base': '/home/shiva/ros2_playground/workspace2/install/descriptions_package', 'merge_install': False, 'path': '/home/shiva/ros2_playground/workspace2/src/descriptions_package', 'symlink_install': False, 'test_result_base': None}
[0.358s] Level 5:colcon.colcon_core.verb:set package 'python_pkgs' build argument 'cmake_args' from command line to 'None'
[0.358s] Level 5:colcon.colcon_core.verb:set package 'python_pkgs' build argument 'cmake_target' from command line to 'None'
[0.358s] Level 5:colcon.colcon_core.verb:set package 'python_pkgs' build argument 'cmake_target_skip_unavailable' from command line to 'False'
[0.358s] Level 5:colcon.colcon_core.verb:set package 'python_pkgs' build argument 'cmake_clean_cache' from command line to 'False'
[0.358s] Level 5:colcon.colcon_core.verb:set package 'python_pkgs' build argument 'cmake_clean_first' from command line to 'False'
[0.358s] Level 5:colcon.colcon_core.verb:set package 'python_pkgs' build argument 'cmake_force_configure' from command line to 'False'
[0.358s] Level 5:colcon.colcon_core.verb:set package 'python_pkgs' build argument 'ament_cmake_args' from command line to 'None'
[0.358s] Level 5:colcon.colcon_core.verb:set package 'python_pkgs' build argument 'catkin_cmake_args' from command line to 'None'
[0.358s] Level 5:colcon.colcon_core.verb:set package 'python_pkgs' build argument 'catkin_skip_building_tests' from command line to 'False'
[0.358s] DEBUG:colcon.colcon_core.verb:Building package 'python_pkgs' with the following arguments: {'ament_cmake_args': None, 'build_base': '/home/shiva/ros2_playground/workspace2/build/python_pkgs', 'catkin_cmake_args': None, 'catkin_skip_building_tests': False, 'cmake_args': None, 'cmake_clean_cache': False, 'cmake_clean_first': False, 'cmake_force_configure': False, 'cmake_target': None, 'cmake_target_skip_unavailable': False, 'install_base': '/home/shiva/ros2_playground/workspace2/install/python_pkgs', 'merge_install': False, 'path': '/home/shiva/ros2_playground/workspace2/src/python_pkgs', 'symlink_install': False, 'test_result_base': None}
[0.358s] INFO:colcon.colcon_core.executor:Executing jobs using 'parallel' executor
[0.362s] DEBUG:colcon.colcon_parallel_executor.executor.parallel:run_until_complete
[0.362s] INFO:colcon.colcon_ros.task.ament_cmake.build:Building ROS package in '/home/shiva/ros2_playground/workspace2/src/descriptions_package' with build type 'ament_cmake'
[0.363s] INFO:colcon.colcon_cmake.task.cmake.build:Building CMake package in '/home/shiva/ros2_playground/workspace2/src/descriptions_package'
[0.364s] INFO:colcon.colcon_core.plugin_system:Skipping extension 'colcon_core.shell.bat': Not used on non-Windows systems
[0.364s] INFO:colcon.colcon_core.shell:Skip shell extension 'powershell' for command environment: Not usable outside of PowerShell
[0.365s] DEBUG:colcon.colcon_core.shell:Skip shell extension 'dsv' for command environment
[0.369s] INFO:colcon.colcon_ros.task.ament_python.build:Building ROS package in '/home/shiva/ros2_playground/workspace2/src/python_pkgs' with build type 'ament_python'
[0.370s] Level 1:colcon.colcon_core.shell:create_environment_hook('python_pkgs', 'ament_prefix_path')
[0.370s] INFO:colcon.colcon_core.shell:Creating environment hook '/home/shiva/ros2_playground/workspace2/install/python_pkgs/share/python_pkgs/hook/ament_prefix_path.ps1'
[0.371s] INFO:colcon.colcon_core.shell:Creating environment descriptor '/home/shiva/ros2_playground/workspace2/install/python_pkgs/share/python_pkgs/hook/ament_prefix_path.dsv'
[0.373s] INFO:colcon.colcon_core.shell:Creating environment hook '/home/shiva/ros2_playground/workspace2/install/python_pkgs/share/python_pkgs/hook/ament_prefix_path.sh'
[0.374s] INFO:colcon.colcon_core.shell:Skip shell extension 'powershell' for command environment: Not usable outside of PowerShell
[0.374s] DEBUG:colcon.colcon_core.shell:Skip shell extension 'dsv' for command environment
[0.418s] DEBUG:colcon.colcon_core.event_handler.log_command:Invoking command in '/home/shiva/ros2_playground/workspace2/build/descriptions_package': CMAKE_PREFIX_PATH=${CMAKE_PREFIX_PATH}:/home/shiva/ros2_playground/workspace1/install/python_pkg:/home/shiva/ros2_playground/workspace1/install/bot_one_utils:/opt/ros/humble /usr/bin/cmake --build /home/shiva/ros2_playground/workspace2/build/descriptions_package -- -j8 -l8
[0.697s] INFO:colcon.colcon_core.task.python.build:Building Python package in '/home/shiva/ros2_playground/workspace2/src/python_pkgs'
[0.705s] INFO:colcon.colcon_core.shell:Skip shell extension 'powershell' for command environment: Not usable outside of PowerShell
[0.714s] DEBUG:colcon.colcon_core.shell:Skip shell extension 'dsv' for command environment
[0.814s] DEBUG:colcon.colcon_core.event_handler.log_command:Invoked command in '/home/shiva/ros2_playground/workspace2/build/descriptions_package' returned '0': CMAKE_PREFIX_PATH=${CMAKE_PREFIX_PATH}:/home/shiva/ros2_playground/workspace1/install/python_pkg:/home/shiva/ros2_playground/workspace1/install/bot_one_utils:/opt/ros/humble /usr/bin/cmake --build /home/shiva/ros2_playground/workspace2/build/descriptions_package -- -j8 -l8
[0.963s] DEBUG:colcon.colcon_core.event_handler.log_command:Invoking command in '/home/shiva/ros2_playground/workspace2/build/descriptions_package': CMAKE_PREFIX_PATH=${CMAKE_PREFIX_PATH}:/home/shiva/ros2_playground/workspace1/install/python_pkg:/home/shiva/ros2_playground/workspace1/install/bot_one_utils:/opt/ros/humble /usr/bin/cmake --install /home/shiva/ros2_playground/workspace2/build/descriptions_package
[1.005s] Level 1:colcon.colcon_core.environment:create_environment_scripts_only(descriptions_package)
[1.011s] DEBUG:colcon.colcon_core.event_handler.log_command:Invoked command in '/home/shiva/ros2_playground/workspace2/build/descriptions_package' returned '0': CMAKE_PREFIX_PATH=${CMAKE_PREFIX_PATH}:/home/shiva/ros2_playground/workspace1/install/python_pkg:/home/shiva/ros2_playground/workspace1/install/bot_one_utils:/opt/ros/humble /usr/bin/cmake --install /home/shiva/ros2_playground/workspace2/build/descriptions_package
[1.014s] Level 1:colcon.colcon_core.environment:checking '/home/shiva/ros2_playground/workspace2/install/descriptions_package' for CMake module files
[1.015s] Level 1:colcon.colcon_core.environment:checking '/home/shiva/ros2_playground/workspace2/install/descriptions_package' for CMake config files
[1.016s] Level 1:colcon.colcon_core.shell:create_environment_hook('descriptions_package', 'cmake_prefix_path')
[1.016s] INFO:colcon.colcon_core.shell:Creating environment hook '/home/shiva/ros2_playground/workspace2/install/descriptions_package/share/descriptions_package/hook/cmake_prefix_path.ps1'
[1.017s] INFO:colcon.colcon_core.shell:Creating environment descriptor '/home/shiva/ros2_playground/workspace2/install/descriptions_package/share/descriptions_package/hook/cmake_prefix_path.dsv'
[1.018s] INFO:colcon.colcon_core.shell:Creating environment hook '/home/shiva/ros2_playground/workspace2/install/descriptions_package/share/descriptions_package/hook/cmake_prefix_path.sh'
[1.019s] Level 1:colcon.colcon_core.environment:checking '/home/shiva/ros2_playground/workspace2/install/descriptions_package/bin'
[1.019s] Level 1:colcon.colcon_core.environment:checking '/home/shiva/ros2_playground/workspace2/install/descriptions_package/lib/pkgconfig/descriptions_package.pc'
[1.019s] Level 1:colcon.colcon_core.environment:checking '/home/shiva/ros2_playground/workspace2/install/descriptions_package/lib/python3.10/site-packages'
[1.020s] Level 1:colcon.colcon_core.environment:checking '/home/shiva/ros2_playground/workspace2/install/descriptions_package/bin'
[1.020s] INFO:colcon.colcon_core.shell:Creating package script '/home/shiva/ros2_playground/workspace2/install/descriptions_package/share/descriptions_package/package.ps1'
[1.021s] INFO:colcon.colcon_core.shell:Creating package descriptor '/home/shiva/ros2_playground/workspace2/install/descriptions_package/share/descriptions_package/package.dsv'
[1.022s] INFO:colcon.colcon_core.shell:Creating package script '/home/shiva/ros2_playground/workspace2/install/descriptions_package/share/descriptions_package/package.sh'
[1.023s] INFO:colcon.colcon_core.shell:Creating package script '/home/shiva/ros2_playground/workspace2/install/descriptions_package/share/descriptions_package/package.bash'
[1.025s] INFO:colcon.colcon_core.shell:Creating package script '/home/shiva/ros2_playground/workspace2/install/descriptions_package/share/descriptions_package/package.zsh'
[1.027s] Level 1:colcon.colcon_core.environment:create_file_with_runtime_dependencies(/home/shiva/ros2_playground/workspace2/install/descriptions_package/share/colcon-core/packages/descriptions_package)
[1.166s] Level 1:colcon.colcon_core.environment:create_environment_scripts_only(descriptions_package)
[1.167s] Level 1:colcon.colcon_core.environment:checking '/home/shiva/ros2_playground/workspace2/install/descriptions_package' for CMake module files
[1.167s] Level 1:colcon.colcon_core.environment:checking '/home/shiva/ros2_playground/workspace2/install/descriptions_package' for CMake config files
[1.167s] Level 1:colcon.colcon_core.shell:create_environment_hook('descriptions_package', 'cmake_prefix_path')
[1.168s] INFO:colcon.colcon_core.shell:Creating environment hook '/home/shiva/ros2_playground/workspace2/install/descriptions_package/share/descriptions_package/hook/cmake_prefix_path.ps1'
[1.168s] INFO:colcon.colcon_core.shell:Creating environment descriptor '/home/shiva/ros2_playground/workspace2/install/descriptions_package/share/descriptions_package/hook/cmake_prefix_path.dsv'
[1.170s] INFO:colcon.colcon_core.shell:Creating environment hook '/home/shiva/ros2_playground/workspace2/install/descriptions_package/share/descriptions_package/hook/cmake_prefix_path.sh'
[1.172s] Level 1:colcon.colcon_core.environment:checking '/home/shiva/ros2_playground/workspace2/install/descriptions_package/bin'
[1.173s] Level 1:colcon.colcon_core.environment:checking '/home/shiva/ros2_playground/workspace2/install/descriptions_package/lib/pkgconfig/descriptions_package.pc'
[1.173s] Level 1:colcon.colcon_core.environment:checking '/home/shiva/ros2_playground/workspace2/install/descriptions_package/lib/python3.10/site-packages'
[1.173s] Level 1:colcon.colcon_core.environment:checking '/home/shiva/ros2_playground/workspace2/install/descriptions_package/bin'
[1.173s] INFO:colcon.colcon_core.shell:Creating package script '/home/shiva/ros2_playground/workspace2/install/descriptions_package/share/descriptions_package/package.ps1'
[1.174s] INFO:colcon.colcon_core.shell:Creating package descriptor '/home/shiva/ros2_playground/workspace2/install/descriptions_package/share/descriptions_package/package.dsv'
[1.174s] INFO:colcon.colcon_core.shell:Creating package script '/home/shiva/ros2_playground/workspace2/install/descriptions_package/share/descriptions_package/package.sh'
[1.175s] INFO:colcon.colcon_core.shell:Creating package script '/home/shiva/ros2_playground/workspace2/install/descriptions_package/share/descriptions_package/package.bash'
[1.175s] INFO:colcon.colcon_core.shell:Creating package script '/home/shiva/ros2_playground/workspace2/install/descriptions_package/share/descriptions_package/package.zsh'
[1.176s] Level 1:colcon.colcon_core.environment:create_file_with_runtime_dependencies(/home/shiva/ros2_playground/workspace2/install/descriptions_package/share/colcon-core/packages/descriptions_package)
[1.384s] DEBUG:colcon.colcon_core.event_handler.log_command:Invoking command in '/home/shiva/ros2_playground/workspace2/src/python_pkgs': PYTHONPATH=/home/shiva/ros2_playground/workspace2/build/python_pkgs/prefix_override:/usr/lib/python3/dist-packages/colcon_core/task/python/colcon_distutils_commands:/home/shiva/ros2_playground/workspace2/install/python_pkgs/lib/python3.10/site-packages:${PYTHONPATH} /usr/bin/python3 -W ignore:setup.py install is deprecated setup.py egg_info --egg-base ../../build/python_pkgs build --build-base /home/shiva/ros2_playground/workspace2/build/python_pkgs/build install --record /home/shiva/ros2_playground/workspace2/build/python_pkgs/install.log --single-version-externally-managed install_data
[1.732s] Level 1:colcon.colcon_core.environment:checking '/home/shiva/ros2_playground/workspace2/install/python_pkgs' for CMake module files
[1.733s] DEBUG:colcon.colcon_core.event_handler.log_command:Invoked command in '/home/shiva/ros2_playground/workspace2/src/python_pkgs' returned '0': PYTHONPATH=/home/shiva/ros2_playground/workspace2/build/python_pkgs/prefix_override:/usr/lib/python3/dist-packages/colcon_core/task/python/colcon_distutils_commands:/home/shiva/ros2_playground/workspace2/install/python_pkgs/lib/python3.10/site-packages:${PYTHONPATH} /usr/bin/python3 -W ignore:setup.py install is deprecated setup.py egg_info --egg-base ../../build/python_pkgs build --build-base /home/shiva/ros2_playground/workspace2/build/python_pkgs/build install --record /home/shiva/ros2_playground/workspace2/build/python_pkgs/install.log --single-version-externally-managed install_data
[1.734s] Level 1:colcon.colcon_core.environment:checking '/home/shiva/ros2_playground/workspace2/install/python_pkgs' for CMake config files
[1.735s] Level 1:colcon.colcon_core.environment:checking '/home/shiva/ros2_playground/workspace2/install/python_pkgs/lib'
[1.735s] Level 1:colcon.colcon_core.environment:checking '/home/shiva/ros2_playground/workspace2/install/python_pkgs/bin'
[1.735s] Level 1:colcon.colcon_core.environment:checking '/home/shiva/ros2_playground/workspace2/install/python_pkgs/lib/pkgconfig/python_pkgs.pc'
[1.735s] Level 1:colcon.colcon_core.environment:checking '/home/shiva/ros2_playground/workspace2/install/python_pkgs/lib/python3.10/site-packages'
[1.735s] Level 1:colcon.colcon_core.shell:create_environment_hook('python_pkgs', 'pythonpath')
[1.735s] INFO:colcon.colcon_core.shell:Creating environment hook '/home/shiva/ros2_playground/workspace2/install/python_pkgs/share/python_pkgs/hook/pythonpath.ps1'
[1.737s] INFO:colcon.colcon_core.shell:Creating environment descriptor '/home/shiva/ros2_playground/workspace2/install/python_pkgs/share/python_pkgs/hook/pythonpath.dsv'
[1.738s] INFO:colcon.colcon_core.shell:Creating environment hook '/home/shiva/ros2_playground/workspace2/install/python_pkgs/share/python_pkgs/hook/pythonpath.sh'
[1.739s] Level 1:colcon.colcon_core.environment:checking '/home/shiva/ros2_playground/workspace2/install/python_pkgs/bin'
[1.740s] Level 1:colcon.colcon_core.environment:create_environment_scripts_only(python_pkgs)
[1.740s] INFO:colcon.colcon_core.shell:Creating package script '/home/shiva/ros2_playground/workspace2/install/python_pkgs/share/python_pkgs/package.ps1'
[1.741s] INFO:colcon.colcon_core.shell:Creating package descriptor '/home/shiva/ros2_playground/workspace2/install/python_pkgs/share/python_pkgs/package.dsv'
[1.744s] INFO:colcon.colcon_core.shell:Creating package script '/home/shiva/ros2_playground/workspace2/install/python_pkgs/share/python_pkgs/package.sh'
[1.746s] INFO:colcon.colcon_core.shell:Creating package script '/home/shiva/ros2_playground/workspace2/install/python_pkgs/share/python_pkgs/package.bash'
[1.747s] INFO:colcon.colcon_core.shell:Creating package script '/home/shiva/ros2_playground/workspace2/install/python_pkgs/share/python_pkgs/package.zsh'
[1.748s] Level 1:colcon.colcon_core.environment:create_file_with_runtime_dependencies(/home/shiva/ros2_playground/workspace2/install/python_pkgs/share/colcon-core/packages/python_pkgs)
[1.748s] DEBUG:colcon.colcon_parallel_executor.executor.parallel:closing loop
[1.749s] DEBUG:colcon.colcon_parallel_executor.executor.parallel:loop closed
[1.749s] DEBUG:colcon.colcon_parallel_executor.executor.parallel:run_until_complete finished with '0'
[1.749s] DEBUG:colcon.colcon_core.event_reactor:joining thread
[1.759s] INFO:colcon.colcon_core.plugin_system:Skipping extension 'colcon_notification.desktop_notification.terminal_notifier': Not used on non-Darwin systems
[1.760s] INFO:colcon.colcon_core.plugin_system:Skipping extension 'colcon_notification.desktop_notification.win32': Not used on non-Windows systems
[1.760s] INFO:colcon.colcon_notification.desktop_notification:Sending desktop notification using 'notify2'
[1.807s] DEBUG:colcon.colcon_core.event_reactor:joined thread
[1.808s] INFO:colcon.colcon_core.shell:Creating prefix script '/home/shiva/ros2_playground/workspace2/install/local_setup.ps1'
[1.810s] INFO:colcon.colcon_core.shell:Creating prefix util module '/home/shiva/ros2_playground/workspace2/install/_local_setup_util_ps1.py'
[1.811s] INFO:colcon.colcon_core.shell:Creating prefix chain script '/home/shiva/ros2_playground/workspace2/install/setup.ps1'
[1.812s] INFO:colcon.colcon_core.shell:Creating prefix script '/home/shiva/ros2_playground/workspace2/install/local_setup.sh'
[1.813s] INFO:colcon.colcon_core.shell:Creating prefix util module '/home/shiva/ros2_playground/workspace2/install/_local_setup_util_sh.py'
[1.814s] INFO:colcon.colcon_core.shell:Creating prefix chain script '/home/shiva/ros2_playground/workspace2/install/setup.sh'
[1.817s] INFO:colcon.colcon_core.shell:Creating prefix script '/home/shiva/ros2_playground/workspace2/install/local_setup.bash'
[1.818s] INFO:colcon.colcon_core.shell:Creating prefix chain script '/home/shiva/ros2_playground/workspace2/install/setup.bash'
[1.820s] INFO:colcon.colcon_core.shell:Creating prefix script '/home/shiva/ros2_playground/workspace2/install/local_setup.zsh'
[1.828s] INFO:colcon.colcon_core.shell:Creating prefix chain script '/home/shiva/ros2_playground/workspace2/install/setup.zsh'
