-- Found ament_cmake: 1.3.11 (/opt/ros/humble/share/ament_cmake/cmake)
-- Found rclpy: 3.3.15 (/opt/ros/humble/share/rclpy/cmake)
-- Found sensor_msgs: 4.2.4 (/opt/ros/humble/share/sensor_msgs/cmake)
-- Found rosidl_generator_c: 3.1.6 (/opt/ros/humble/share/rosidl_generator_c/cmake)
-- Found rosidl_adapter: 3.1.6 (/opt/ros/humble/share/rosidl_adapter/cmake)
-- Found rosidl_generator_cpp: 3.1.6 (/opt/ros/humble/share/rosidl_generator_cpp/cmake)
-- Using all available rosidl_typesupport_c: rosidl_typesupport_fastrtps_c;rosidl_typesupport_introspection_c
-- Using all available rosidl_typesupport_cpp: rosidl_typesupport_fastrtps_cpp;rosidl_typesupport_introspection_cpp
-- Found nav_msgs: 4.2.4 (/opt/ros/humble/share/nav_msgs/cmake)
-- Found tf2_ros: 0.25.9 (/opt/ros/humble/share/tf2_ros/cmake)
-- Found rmw_implementation_cmake: 6.1.2 (/opt/ros/humble/share/rmw_implementation_cmake/cmake)
-- Found rmw_fastrtps_cpp: 6.2.7 (/opt/ros/humble/share/rmw_fastrtps_cpp/cmake)
-- Using RMW implementation 'rmw_fastrtps_cpp' as default
-- Found ament_lint_auto: 0.12.11 (/opt/ros/humble/share/ament_lint_auto/cmake)
-- Added test 'flake8' to check Python code syntax and style conventions
-- Added test 'lint_cmake' to check CMake code style
-- Added test 'pep257' to check Python code against some of the docstring style conventions in PEP 257
-- Added test 'xmllint' to check XML markup files
-- Configuring done
-- Generating done
-- Build files have been written to: /home/shiva16/ros2_playground/patrol_bot/build/mapping_pkg
Built target ament_cmake_python_copy_mapping_pkg
running egg_info
writing mapping_pkg.egg-info/PKG-INFO
writing dependency_links to mapping_pkg.egg-info/dependency_links.txt
writing top-level names to mapping_pkg.egg-info/top_level.txt
reading manifest file 'mapping_pkg.egg-info/SOURCES.txt'
writing manifest file 'mapping_pkg.egg-info/SOURCES.txt'
Built target ament_cmake_python_build_mapping_pkg_egg
-- Install configuration: ""
-- Up-to-date: /home/shiva16/ros2_playground/patrol_bot/install/mapping_pkg/share/mapping_pkg/environment/pythonpath.sh
-- Installing: /home/shiva16/ros2_playground/patrol_bot/install/mapping_pkg/share/mapping_pkg/environment/pythonpath.dsv
-- Up-to-date: /home/shiva16/ros2_playground/patrol_bot/install/mapping_pkg/local/lib/python3.10/dist-packages/mapping_pkg-0.0.0-py3.10.egg-info
-- Installing: /home/shiva16/ros2_playground/patrol_bot/install/mapping_pkg/local/lib/python3.10/dist-packages/mapping_pkg-0.0.0-py3.10.egg-info/dependency_links.txt
-- Installing: /home/shiva16/ros2_playground/patrol_bot/install/mapping_pkg/local/lib/python3.10/dist-packages/mapping_pkg-0.0.0-py3.10.egg-info/top_level.txt
-- Installing: /home/shiva16/ros2_playground/patrol_bot/install/mapping_pkg/local/lib/python3.10/dist-packages/mapping_pkg-0.0.0-py3.10.egg-info/SOURCES.txt
-- Installing: /home/shiva16/ros2_playground/patrol_bot/install/mapping_pkg/local/lib/python3.10/dist-packages/mapping_pkg-0.0.0-py3.10.egg-info/PKG-INFO
-- Up-to-date: /home/shiva16/ros2_playground/patrol_bot/install/mapping_pkg/local/lib/python3.10/dist-packages/mapping_pkg
-- Up-to-date: /home/shiva16/ros2_playground/patrol_bot/install/mapping_pkg/local/lib/python3.10/dist-packages/mapping_pkg/__init__.py
Listing '/home/shiva16/ros2_playground/patrol_bot/install/mapping_pkg/local/lib/python3.10/dist-packages/mapping_pkg'...
-- Up-to-date: /home/shiva16/ros2_playground/patrol_bot/install/mapping_pkg/share/mapping_pkg/maps
-- Up-to-date: /home/shiva16/ros2_playground/patrol_bot/install/mapping_pkg/share/mapping_pkg/maps/small_house
-- Up-to-date: /home/shiva16/ros2_playground/patrol_bot/install/mapping_pkg/share/mapping_pkg/maps/small_house/map.yaml
-- Up-to-date: /home/shiva16/ros2_playground/patrol_bot/install/mapping_pkg/share/mapping_pkg/maps/small_house/map.pgm
-- Installing: /home/shiva16/ros2_playground/patrol_bot/install/mapping_pkg/share/mapping_pkg/launch
-- Installing: /home/shiva16/ros2_playground/patrol_bot/install/mapping_pkg/share/mapping_pkg/launch/slam.launch.py
-- Installing: /home/shiva16/ros2_playground/patrol_bot/install/mapping_pkg/share/mapping_pkg/config
-- Installing: /home/shiva16/ros2_playground/patrol_bot/install/mapping_pkg/share/mapping_pkg/config/slam_toolbox.yaml
-- Up-to-date: /home/shiva16/ros2_playground/patrol_bot/install/mapping_pkg/share/ament_index/resource_index/package_run_dependencies/mapping_pkg
-- Up-to-date: /home/shiva16/ros2_playground/patrol_bot/install/mapping_pkg/share/ament_index/resource_index/parent_prefix_path/mapping_pkg
-- Up-to-date: /home/shiva16/ros2_playground/patrol_bot/install/mapping_pkg/share/mapping_pkg/environment/ament_prefix_path.sh
-- Installing: /home/shiva16/ros2_playground/patrol_bot/install/mapping_pkg/share/mapping_pkg/environment/ament_prefix_path.dsv
-- Up-to-date: /home/shiva16/ros2_playground/patrol_bot/install/mapping_pkg/share/mapping_pkg/environment/path.sh
-- Installing: /home/shiva16/ros2_playground/patrol_bot/install/mapping_pkg/share/mapping_pkg/environment/path.dsv
-- Up-to-date: /home/shiva16/ros2_playground/patrol_bot/install/mapping_pkg/share/mapping_pkg/local_setup.bash
-- Up-to-date: /home/shiva16/ros2_playground/patrol_bot/install/mapping_pkg/share/mapping_pkg/local_setup.sh
-- Up-to-date: /home/shiva16/ros2_playground/patrol_bot/install/mapping_pkg/share/mapping_pkg/local_setup.zsh
-- Installing: /home/shiva16/ros2_playground/patrol_bot/install/mapping_pkg/share/mapping_pkg/local_setup.dsv
-- Installing: /home/shiva16/ros2_playground/patrol_bot/install/mapping_pkg/share/mapping_pkg/package.dsv
-- Up-to-date: /home/shiva16/ros2_playground/patrol_bot/install/mapping_pkg/share/ament_index/resource_index/packages/mapping_pkg
-- Up-to-date: /home/shiva16/ros2_playground/patrol_bot/install/mapping_pkg/share/mapping_pkg/cmake/mapping_pkgConfig.cmake
-- Up-to-date: /home/shiva16/ros2_playground/patrol_bot/install/mapping_pkg/share/mapping_pkg/cmake/mapping_pkgConfig-version.cmake
-- Up-to-date: /home/shiva16/ros2_playground/patrol_bot/install/mapping_pkg/share/mapping_pkg/package.xml
