[0.017s] Invoking command in '/home/shiva16/ros2_playground/patrol_bot/build/mapping_pkg': CMAKE_PREFIX_PATH=/opt/ros/humble /usr/bin/cmake --build /home/shiva16/ros2_playground/patrol_bot/build/mapping_pkg -- -j16 -l16
[0.043s] -- Found ament_cmake: 1.3.11 (/opt/ros/humble/share/ament_cmake/cmake)
[0.139s] -- Found rclpy: 3.3.15 (/opt/ros/humble/share/rclpy/cmake)
[0.139s] -- Found sensor_msgs: 4.2.4 (/opt/ros/humble/share/sensor_msgs/cmake)
[0.162s] -- Found rosidl_generator_c: 3.1.6 (/opt/ros/humble/share/rosidl_generator_c/cmake)
[0.164s] -- Found rosidl_adapter: 3.1.6 (/opt/ros/humble/share/rosidl_adapter/cmake)
[0.169s] -- Found rosidl_generator_cpp: 3.1.6 (/opt/ros/humble/share/rosidl_generator_cpp/cmake)
[0.176s] -- Using all available rosidl_typesupport_c: rosidl_typesupport_fastrtps_c;rosidl_typesupport_introspection_c
[0.186s] -- Using all available rosidl_typesupport_cpp: rosidl_typesupport_fastrtps_cpp;rosidl_typesupport_introspection_cpp
[0.229s] -- Found nav_msgs: 4.2.4 (/opt/ros/humble/share/nav_msgs/cmake)
[0.241s] -- Found tf2_ros: 0.25.9 (/opt/ros/humble/share/tf2_ros/cmake)
[0.280s] -- Found rmw_implementation_cmake: 6.1.2 (/opt/ros/humble/share/rmw_implementation_cmake/cmake)
[0.281s] -- Found rmw_fastrtps_cpp: 6.2.7 (/opt/ros/humble/share/rmw_fastrtps_cpp/cmake)
[0.374s] -- Using RMW implementation 'rmw_fastrtps_cpp' as default
[0.492s] -- Found ament_lint_auto: 0.12.11 (/opt/ros/humble/share/ament_lint_auto/cmake)
[0.539s] -- Added test 'flake8' to check Python code syntax and style conventions
[0.540s] -- Added test 'lint_cmake' to check CMake code style
[0.540s] -- Added test 'pep257' to check Python code against some of the docstring style conventions in PEP 257
[0.541s] -- Added test 'xmllint' to check XML markup files
[0.542s] -- Configuring done
[0.547s] -- Generating done
[0.550s] -- Build files have been written to: /home/shiva16/ros2_playground/patrol_bot/build/mapping_pkg
[0.586s] Built target ament_cmake_python_copy_mapping_pkg
[0.754s] running egg_info
[0.754s] writing mapping_pkg.egg-info/PKG-INFO
[0.754s] writing dependency_links to mapping_pkg.egg-info/dependency_links.txt
[0.754s] writing top-level names to mapping_pkg.egg-info/top_level.txt
[0.755s] reading manifest file 'mapping_pkg.egg-info/SOURCES.txt'
[0.756s] writing manifest file 'mapping_pkg.egg-info/SOURCES.txt'
[0.774s] Built target ament_cmake_python_build_mapping_pkg_egg
[0.784s] Invoked command in '/home/shiva16/ros2_playground/patrol_bot/build/mapping_pkg' returned '0': CMAKE_PREFIX_PATH=/opt/ros/humble /usr/bin/cmake --build /home/shiva16/ros2_playground/patrol_bot/build/mapping_pkg -- -j16 -l16
[0.786s] Invoking command in '/home/shiva16/ros2_playground/patrol_bot/build/mapping_pkg': CMAKE_PREFIX_PATH=/opt/ros/humble /usr/bin/cmake --install /home/shiva16/ros2_playground/patrol_bot/build/mapping_pkg
[0.791s] -- Install configuration: ""
[0.791s] -- Up-to-date: /home/shiva16/ros2_playground/patrol_bot/install/mapping_pkg/share/mapping_pkg/environment/pythonpath.sh
[0.791s] -- Installing: /home/shiva16/ros2_playground/patrol_bot/install/mapping_pkg/share/mapping_pkg/environment/pythonpath.dsv
[0.791s] -- Up-to-date: /home/shiva16/ros2_playground/patrol_bot/install/mapping_pkg/local/lib/python3.10/dist-packages/mapping_pkg-0.0.0-py3.10.egg-info
[0.791s] -- Installing: /home/shiva16/ros2_playground/patrol_bot/install/mapping_pkg/local/lib/python3.10/dist-packages/mapping_pkg-0.0.0-py3.10.egg-info/dependency_links.txt
[0.792s] -- Installing: /home/shiva16/ros2_playground/patrol_bot/install/mapping_pkg/local/lib/python3.10/dist-packages/mapping_pkg-0.0.0-py3.10.egg-info/top_level.txt
[0.792s] -- Installing: /home/shiva16/ros2_playground/patrol_bot/install/mapping_pkg/local/lib/python3.10/dist-packages/mapping_pkg-0.0.0-py3.10.egg-info/SOURCES.txt
[0.792s] -- Installing: /home/shiva16/ros2_playground/patrol_bot/install/mapping_pkg/local/lib/python3.10/dist-packages/mapping_pkg-0.0.0-py3.10.egg-info/PKG-INFO
[0.792s] -- Up-to-date: /home/shiva16/ros2_playground/patrol_bot/install/mapping_pkg/local/lib/python3.10/dist-packages/mapping_pkg
[0.792s] -- Up-to-date: /home/shiva16/ros2_playground/patrol_bot/install/mapping_pkg/local/lib/python3.10/dist-packages/mapping_pkg/__init__.py
[0.812s] Listing '/home/shiva16/ros2_playground/patrol_bot/install/mapping_pkg/local/lib/python3.10/dist-packages/mapping_pkg'...
[0.815s] -- Up-to-date: /home/shiva16/ros2_playground/patrol_bot/install/mapping_pkg/share/mapping_pkg/maps
[0.815s] -- Up-to-date: /home/shiva16/ros2_playground/patrol_bot/install/mapping_pkg/share/mapping_pkg/maps/small_house
[0.815s] -- Up-to-date: /home/shiva16/ros2_playground/patrol_bot/install/mapping_pkg/share/mapping_pkg/maps/small_house/map.yaml
[0.815s] -- Up-to-date: /home/shiva16/ros2_playground/patrol_bot/install/mapping_pkg/share/mapping_pkg/maps/small_house/map.pgm
[0.815s] -- Installing: /home/shiva16/ros2_playground/patrol_bot/install/mapping_pkg/share/mapping_pkg/launch
[0.815s] -- Installing: /home/shiva16/ros2_playground/patrol_bot/install/mapping_pkg/share/mapping_pkg/launch/slam.launch.py
[0.816s] -- Installing: /home/shiva16/ros2_playground/patrol_bot/install/mapping_pkg/share/mapping_pkg/config
[0.816s] -- Installing: /home/shiva16/ros2_playground/patrol_bot/install/mapping_pkg/share/mapping_pkg/config/slam_toolbox.yaml
[0.816s] -- Up-to-date: /home/shiva16/ros2_playground/patrol_bot/install/mapping_pkg/share/ament_index/resource_index/package_run_dependencies/mapping_pkg
[0.816s] -- Up-to-date: /home/shiva16/ros2_playground/patrol_bot/install/mapping_pkg/share/ament_index/resource_index/parent_prefix_path/mapping_pkg
[0.816s] -- Up-to-date: /home/shiva16/ros2_playground/patrol_bot/install/mapping_pkg/share/mapping_pkg/environment/ament_prefix_path.sh
[0.816s] -- Installing: /home/shiva16/ros2_playground/patrol_bot/install/mapping_pkg/share/mapping_pkg/environment/ament_prefix_path.dsv
[0.816s] -- Up-to-date: /home/shiva16/ros2_playground/patrol_bot/install/mapping_pkg/share/mapping_pkg/environment/path.sh
[0.816s] -- Installing: /home/shiva16/ros2_playground/patrol_bot/install/mapping_pkg/share/mapping_pkg/environment/path.dsv
[0.816s] -- Up-to-date: /home/shiva16/ros2_playground/patrol_bot/install/mapping_pkg/share/mapping_pkg/local_setup.bash
[0.816s] -- Up-to-date: /home/shiva16/ros2_playground/patrol_bot/install/mapping_pkg/share/mapping_pkg/local_setup.sh
[0.816s] -- Up-to-date: /home/shiva16/ros2_playground/patrol_bot/install/mapping_pkg/share/mapping_pkg/local_setup.zsh
[0.816s] -- Installing: /home/shiva16/ros2_playground/patrol_bot/install/mapping_pkg/share/mapping_pkg/local_setup.dsv
[0.817s] -- Installing: /home/shiva16/ros2_playground/patrol_bot/install/mapping_pkg/share/mapping_pkg/package.dsv
[0.817s] -- Up-to-date: /home/shiva16/ros2_playground/patrol_bot/install/mapping_pkg/share/ament_index/resource_index/packages/mapping_pkg
[0.817s] -- Up-to-date: /home/shiva16/ros2_playground/patrol_bot/install/mapping_pkg/share/mapping_pkg/cmake/mapping_pkgConfig.cmake
[0.817s] -- Up-to-date: /home/shiva16/ros2_playground/patrol_bot/install/mapping_pkg/share/mapping_pkg/cmake/mapping_pkgConfig-version.cmake
[0.817s] -- Up-to-date: /home/shiva16/ros2_playground/patrol_bot/install/mapping_pkg/share/mapping_pkg/package.xml
[0.819s] Invoked command in '/home/shiva16/ros2_playground/patrol_bot/build/mapping_pkg' returned '0': CMAKE_PREFIX_PATH=/opt/ros/humble /usr/bin/cmake --install /home/shiva16/ros2_playground/patrol_bot/build/mapping_pkg
