[0.737s] DEBUG:colcon:Command line arguments: ['/usr/bin/colcon', 'list', '-p', '--base-paths', '/home/shiva/ros2_playground/workspace2']
[0.737s] DEBUG:colcon:Parsed command line arguments: Namespace(log_base=None, log_level=None, verb_name='list', build_base='build', ignore_user_meta=False, metas=['./colcon.meta'], base_paths=['/home/shiva/ros2_playground/workspace2'], packages_ignore=None, packages_ignore_regex=None, paths=None, packages_up_to=None, packages_up_to_regex=None, packages_above=None, packages_above_and_dependencies=None, packages_above_depth=None, packages_select_by_dep=None, packages_skip_by_dep=None, packages_skip_up_to=None, packages_select_build_failed=False, packages_skip_build_finished=False, packages_select_test_failures=False, packages_skip_test_passed=False, packages_select=None, packages_skip=None, packages_select_regex=None, packages_skip_regex=None, packages_start=None, packages_end=None, allow_overriding=[], topological_order=False, names_only=False, paths_only=True, topological_graph=False, topological_graph_dot=False, topological_graph_density=False, topological_graph_legend=False, topological_graph_dot_cluster=False, topological_graph_dot_include_skipped=False, mixin_files=None, mixin=None, verb_parser=<colcon_mixin.mixin.mixin_argument.MixinArgumentDecorator object at 0x747ad9043b20>, verb_extension=<colcon_package_information.verb.list.ListVerb object at 0x747ad9042b00>, main=<bound method ListVerb.main of <colcon_package_information.verb.list.ListVerb object at 0x747ad9042b00>>, mixin_verb=('list',))
[2.434s] Level 1:colcon.colcon_core.package_discovery:discover_packages(colcon_meta) check parameters
[2.437s] Level 1:colcon.colcon_core.package_discovery:discover_packages(recursive) check parameters
[2.437s] Level 1:colcon.colcon_core.package_discovery:discover_packages(ignore) check parameters
[2.437s] Level 1:colcon.colcon_core.package_discovery:discover_packages(path) check parameters
[2.437s] Level 1:colcon.colcon_core.package_discovery:discover_packages(recursive) discover
[2.437s] INFO:colcon.colcon_core.package_discovery:Crawling recursively for packages in '/home/shiva/ros2_playground/workspace2'
[2.437s] Level 1:colcon.colcon_core.package_identification:_identify(/home/shiva/ros2_playground/workspace2) by extensions ['ignore', 'ignore_ament_install']
[2.440s] Level 1:colcon.colcon_core.package_identification:_identify(/home/shiva/ros2_playground/workspace2) by extension 'ignore'
[2.440s] Level 1:colcon.colcon_core.package_identification:_identify(/home/shiva/ros2_playground/workspace2) by extension 'ignore_ament_install'
[2.440s] Level 1:colcon.colcon_core.package_identification:_identify(/home/shiva/ros2_playground/workspace2) by extensions ['colcon_pkg']
[2.440s] Level 1:colcon.colcon_core.package_identification:_identify(/home/shiva/ros2_playground/workspace2) by extension 'colcon_pkg'
[2.440s] Level 1:colcon.colcon_core.package_identification:_identify(/home/shiva/ros2_playground/workspace2) by extensions ['colcon_meta']
[2.440s] Level 1:colcon.colcon_core.package_identification:_identify(/home/shiva/ros2_playground/workspace2) by extension 'colcon_meta'
[2.440s] Level 1:colcon.colcon_core.package_identification:_identify(/home/shiva/ros2_playground/workspace2) by extensions ['ros']
[2.440s] Level 1:colcon.colcon_core.package_identification:_identify(/home/shiva/ros2_playground/workspace2) by extension 'ros'
[2.516s] Level 1:colcon.colcon_core.package_identification:_identify(/home/shiva/ros2_playground/workspace2) by extensions ['cmake', 'python']
[2.516s] Level 1:colcon.colcon_core.package_identification:_identify(/home/shiva/ros2_playground/workspace2) by extension 'cmake'
[2.516s] Level 1:colcon.colcon_core.package_identification:_identify(/home/shiva/ros2_playground/workspace2) by extension 'python'
[2.516s] Level 1:colcon.colcon_core.package_identification:_identify(/home/shiva/ros2_playground/workspace2) by extensions ['python_setup_py']
[2.516s] Level 1:colcon.colcon_core.package_identification:_identify(/home/shiva/ros2_playground/workspace2) by extension 'python_setup_py'
[2.518s] Level 1:colcon.colcon_core.package_identification:_identify(/home/shiva/ros2_playground/workspace2/build) by extensions ['ignore', 'ignore_ament_install']
[2.518s] Level 1:colcon.colcon_core.package_identification:_identify(/home/shiva/ros2_playground/workspace2/build) by extension 'ignore'
[2.520s] Level 1:colcon.colcon_core.package_identification:_identify(/home/shiva/ros2_playground/workspace2/build) ignored
[2.520s] Level 1:colcon.colcon_core.package_identification:_identify(/home/shiva/ros2_playground/workspace2/install) by extensions ['ignore', 'ignore_ament_install']
[2.520s] Level 1:colcon.colcon_core.package_identification:_identify(/home/shiva/ros2_playground/workspace2/install) by extension 'ignore'
[2.520s] Level 1:colcon.colcon_core.package_identification:_identify(/home/shiva/ros2_playground/workspace2/install) ignored
[2.522s] Level 1:colcon.colcon_core.package_identification:_identify(/home/shiva/ros2_playground/workspace2/log) by extensions ['ignore', 'ignore_ament_install']
[2.523s] Level 1:colcon.colcon_core.package_identification:_identify(/home/shiva/ros2_playground/workspace2/log) by extension 'ignore'
[2.523s] Level 1:colcon.colcon_core.package_identification:_identify(/home/shiva/ros2_playground/workspace2/log) ignored
[2.523s] Level 1:colcon.colcon_core.package_identification:_identify(/home/shiva/ros2_playground/workspace2/src) by extensions ['ignore', 'ignore_ament_install']
[2.523s] Level 1:colcon.colcon_core.package_identification:_identify(/home/shiva/ros2_playground/workspace2/src) by extension 'ignore'
[2.523s] Level 1:colcon.colcon_core.package_identification:_identify(/home/shiva/ros2_playground/workspace2/src) by extension 'ignore_ament_install'
[2.523s] Level 1:colcon.colcon_core.package_identification:_identify(/home/shiva/ros2_playground/workspace2/src) by extensions ['colcon_pkg']
[2.523s] Level 1:colcon.colcon_core.package_identification:_identify(/home/shiva/ros2_playground/workspace2/src) by extension 'colcon_pkg'
[2.523s] Level 1:colcon.colcon_core.package_identification:_identify(/home/shiva/ros2_playground/workspace2/src) by extensions ['colcon_meta']
[2.523s] Level 1:colcon.colcon_core.package_identification:_identify(/home/shiva/ros2_playground/workspace2/src) by extension 'colcon_meta'
[2.523s] Level 1:colcon.colcon_core.package_identification:_identify(/home/shiva/ros2_playground/workspace2/src) by extensions ['ros']
[2.523s] Level 1:colcon.colcon_core.package_identification:_identify(/home/shiva/ros2_playground/workspace2/src) by extension 'ros'
[2.529s] Level 1:colcon.colcon_core.package_identification:_identify(/home/shiva/ros2_playground/workspace2/src) by extensions ['cmake', 'python']
[2.529s] Level 1:colcon.colcon_core.package_identification:_identify(/home/shiva/ros2_playground/workspace2/src) by extension 'cmake'
[2.529s] Level 1:colcon.colcon_core.package_identification:_identify(/home/shiva/ros2_playground/workspace2/src) by extension 'python'
[2.529s] Level 1:colcon.colcon_core.package_identification:_identify(/home/shiva/ros2_playground/workspace2/src) by extensions ['python_setup_py']
[2.529s] Level 1:colcon.colcon_core.package_identification:_identify(/home/shiva/ros2_playground/workspace2/src) by extension 'python_setup_py'
[2.529s] Level 1:colcon.colcon_core.package_identification:_identify(/home/shiva/ros2_playground/workspace2/src/python_pkgs) by extensions ['ignore', 'ignore_ament_install']
[2.529s] Level 1:colcon.colcon_core.package_identification:_identify(/home/shiva/ros2_playground/workspace2/src/python_pkgs) by extension 'ignore'
[2.529s] Level 1:colcon.colcon_core.package_identification:_identify(/home/shiva/ros2_playground/workspace2/src/python_pkgs) by extension 'ignore_ament_install'
[2.529s] Level 1:colcon.colcon_core.package_identification:_identify(/home/shiva/ros2_playground/workspace2/src/python_pkgs) by extensions ['colcon_pkg']
[2.529s] Level 1:colcon.colcon_core.package_identification:_identify(/home/shiva/ros2_playground/workspace2/src/python_pkgs) by extension 'colcon_pkg'
[2.531s] Level 1:colcon.colcon_core.package_identification:_identify(/home/shiva/ros2_playground/workspace2/src/python_pkgs) by extensions ['colcon_meta']
[2.531s] Level 1:colcon.colcon_core.package_identification:_identify(/home/shiva/ros2_playground/workspace2/src/python_pkgs) by extension 'colcon_meta'
[2.531s] Level 1:colcon.colcon_core.package_identification:_identify(/home/shiva/ros2_playground/workspace2/src/python_pkgs) by extensions ['ros']
[2.532s] Level 1:colcon.colcon_core.package_identification:_identify(/home/shiva/ros2_playground/workspace2/src/python_pkgs) by extension 'ros'
[2.545s] DEBUG:colcon.colcon_core.package_identification:Package '/home/shiva/ros2_playground/workspace2/src/python_pkgs' with type 'ros.ament_python' and name 'python_pkgs'
[2.545s] Level 1:colcon.colcon_core.package_discovery:discover_packages(recursive) using defaults
