-- Install configuration: ""
-- Up-to-date: /home/shiva16/ros2_playground/patrol_bot/install/navigation_package/share/navigation_package/launch
-- Up-to-date: /home/shiva16/ros2_playground/patrol_bot/install/navigation_package/share/navigation_package/launch/navigation2.launch.py
-- Up-to-date: /home/shiva16/ros2_playground/patrol_bot/install/navigation_package/share/navigation_package/config
-- Up-to-date: /home/shiva16/ros2_playground/patrol_bot/install/navigation_package/share/navigation_package/config/nav2_params.yaml
-- Up-to-date: /home/shiva16/ros2_playground/patrol_bot/install/navigation_package/share/ament_index/resource_index/package_run_dependencies/navigation_package
-- Up-to-date: /home/shiva16/ros2_playground/patrol_bot/install/navigation_package/share/ament_index/resource_index/parent_prefix_path/navigation_package
-- Up-to-date: /home/shiva16/ros2_playground/patrol_bot/install/navigation_package/share/navigation_package/environment/ament_prefix_path.sh
-- Up-to-date: /home/shiva16/ros2_playground/patrol_bot/install/navigation_package/share/navigation_package/environment/ament_prefix_path.dsv
-- Up-to-date: /home/shiva16/ros2_playground/patrol_bot/install/navigation_package/share/navigation_package/environment/path.sh
-- Up-to-date: /home/shiva16/ros2_playground/patrol_bot/install/navigation_package/share/navigation_package/environment/path.dsv
-- Up-to-date: /home/shiva16/ros2_playground/patrol_bot/install/navigation_package/share/navigation_package/local_setup.bash
-- Up-to-date: /home/shiva16/ros2_playground/patrol_bot/install/navigation_package/share/navigation_package/local_setup.sh
-- Up-to-date: /home/shiva16/ros2_playground/patrol_bot/install/navigation_package/share/navigation_package/local_setup.zsh
-- Up-to-date: /home/shiva16/ros2_playground/patrol_bot/install/navigation_package/share/navigation_package/local_setup.dsv
-- Installing: /home/shiva16/ros2_playground/patrol_bot/install/navigation_package/share/navigation_package/package.dsv
-- Up-to-date: /home/shiva16/ros2_playground/patrol_bot/install/navigation_package/share/ament_index/resource_index/packages/navigation_package
-- Up-to-date: /home/shiva16/ros2_playground/patrol_bot/install/navigation_package/share/navigation_package/cmake/navigation_packageConfig.cmake
-- Up-to-date: /home/shiva16/ros2_playground/patrol_bot/install/navigation_package/share/navigation_package/cmake/navigation_packageConfig-version.cmake
-- Up-to-date: /home/shiva16/ros2_playground/patrol_bot/install/navigation_package/share/navigation_package/package.xml
