Built target ament_cmake_python_copy_localization_package
running egg_info
writing localization_package.egg-info/PKG-INFO
writing dependency_links to localization_package.egg-info/dependency_links.txt
writing top-level names to localization_package.egg-info/top_level.txt
reading manifest file 'localization_package.egg-info/SOURCES.txt'
writing manifest file 'localization_package.egg-info/SOURCES.txt'
Built target ament_cmake_python_build_localization_package_egg
-- Install configuration: ""
-- Up-to-date: /home/shiva16/ros2_playground/patrol_bot/install/localization_package/share/localization_package/environment/pythonpath.sh
-- Up-to-date: /home/shiva16/ros2_playground/patrol_bot/install/localization_package/share/localization_package/environment/pythonpath.dsv
-- Up-to-date: /home/shiva16/ros2_playground/patrol_bot/install/localization_package/local/lib/python3.10/dist-packages/localization_package-0.0.0-py3.10.egg-info
-- Installing: /home/shiva16/ros2_playground/patrol_bot/install/localization_package/local/lib/python3.10/dist-packages/localization_package-0.0.0-py3.10.egg-info/dependency_links.txt
-- Installing: /home/shiva16/ros2_playground/patrol_bot/install/localization_package/local/lib/python3.10/dist-packages/localization_package-0.0.0-py3.10.egg-info/top_level.txt
-- Installing: /home/shiva16/ros2_playground/patrol_bot/install/localization_package/local/lib/python3.10/dist-packages/localization_package-0.0.0-py3.10.egg-info/SOURCES.txt
-- Installing: /home/shiva16/ros2_playground/patrol_bot/install/localization_package/local/lib/python3.10/dist-packages/localization_package-0.0.0-py3.10.egg-info/PKG-INFO
-- Up-to-date: /home/shiva16/ros2_playground/patrol_bot/install/localization_package/local/lib/python3.10/dist-packages/localization_package
-- Up-to-date: /home/shiva16/ros2_playground/patrol_bot/install/localization_package/local/lib/python3.10/dist-packages/localization_package/__init__.py
Listing '/home/shiva16/ros2_playground/patrol_bot/install/localization_package/local/lib/python3.10/dist-packages/localization_package'...
-- Up-to-date: /home/shiva16/ros2_playground/patrol_bot/install/localization_package/share/localization_package/launch
-- Up-to-date: /home/shiva16/ros2_playground/patrol_bot/install/localization_package/share/localization_package/launch/global_localization.launch.py
-- Up-to-date: /home/shiva16/ros2_playground/patrol_bot/install/localization_package/share/localization_package/config
-- Up-to-date: /home/shiva16/ros2_playground/patrol_bot/install/localization_package/share/localization_package/config/amcl.yaml
-- Up-to-date: /home/shiva16/ros2_playground/patrol_bot/install/localization_package/share/ament_index/resource_index/package_run_dependencies/localization_package
-- Up-to-date: /home/shiva16/ros2_playground/patrol_bot/install/localization_package/share/ament_index/resource_index/parent_prefix_path/localization_package
-- Up-to-date: /home/shiva16/ros2_playground/patrol_bot/install/localization_package/share/localization_package/environment/ament_prefix_path.sh
-- Up-to-date: /home/shiva16/ros2_playground/patrol_bot/install/localization_package/share/localization_package/environment/ament_prefix_path.dsv
-- Up-to-date: /home/shiva16/ros2_playground/patrol_bot/install/localization_package/share/localization_package/environment/path.sh
-- Up-to-date: /home/shiva16/ros2_playground/patrol_bot/install/localization_package/share/localization_package/environment/path.dsv
-- Up-to-date: /home/shiva16/ros2_playground/patrol_bot/install/localization_package/share/localization_package/local_setup.bash
-- Up-to-date: /home/shiva16/ros2_playground/patrol_bot/install/localization_package/share/localization_package/local_setup.sh
-- Up-to-date: /home/shiva16/ros2_playground/patrol_bot/install/localization_package/share/localization_package/local_setup.zsh
-- Up-to-date: /home/shiva16/ros2_playground/patrol_bot/install/localization_package/share/localization_package/local_setup.dsv
-- Installing: /home/shiva16/ros2_playground/patrol_bot/install/localization_package/share/localization_package/package.dsv
-- Up-to-date: /home/shiva16/ros2_playground/patrol_bot/install/localization_package/share/ament_index/resource_index/packages/localization_package
-- Up-to-date: /home/shiva16/ros2_playground/patrol_bot/install/localization_package/share/localization_package/cmake/localization_packageConfig.cmake
-- Up-to-date: /home/shiva16/ros2_playground/patrol_bot/install/localization_package/share/localization_package/cmake/localization_packageConfig-version.cmake
-- Up-to-date: /home/shiva16/ros2_playground/patrol_bot/install/localization_package/share/localization_package/package.xml
