[0.093s] DEBUG:colcon:Command line arguments: ['/usr/bin/colcon', 'build']
[0.093s] DEBUG:colcon:Parsed command line arguments: Namespace(log_base=None, log_level=None, verb_name='build', build_base='build', install_base='install', merge_install=False, symlink_install=False, test_result_base=None, continue_on_error=False, executor='parallel', parallel_workers=8, event_handlers=None, ignore_user_meta=False, metas=['./colcon.meta'], base_paths=['.'], packages_ignore=None, packages_ignore_regex=None, paths=None, packages_up_to=None, packages_up_to_regex=None, packages_above=None, packages_above_and_dependencies=None, packages_above_depth=None, packages_select_by_dep=None, packages_skip_by_dep=None, packages_skip_up_to=None, packages_select_build_failed=False, packages_skip_build_finished=False, packages_select_test_failures=False, packages_skip_test_passed=False, packages_select=None, packages_skip=None, packages_select_regex=None, packages_skip_regex=None, packages_start=None, packages_end=None, allow_overriding=[], cmake_args=None, cmake_target=None, cmake_target_skip_unavailable=False, cmake_clean_cache=False, cmake_clean_first=False, cmake_force_configure=False, ament_cmake_args=None, catkin_cmake_args=None, catkin_skip_building_tests=False, mixin_files=None, mixin=None, verb_parser=<colcon_mixin.mixin.mixin_argument.MixinArgumentDecorator object at 0x74fdb52df0a0>, verb_extension=<colcon_core.verb.build.BuildVerb object at 0x74fdb52deb30>, main=<bound method BuildVerb.main of <colcon_core.verb.build.BuildVerb object at 0x74fdb52deb30>>, mixin_verb=('build',))
[0.236s] Level 1:colcon.colcon_core.package_discovery:discover_packages(colcon_meta) check parameters
[0.236s] Level 1:colcon.colcon_core.package_discovery:discover_packages(recursive) check parameters
[0.236s] Level 1:colcon.colcon_core.package_discovery:discover_packages(ignore) check parameters
[0.236s] Level 1:colcon.colcon_core.package_discovery:discover_packages(path) check parameters
[0.236s] Level 1:colcon.colcon_core.package_discovery:discover_packages(colcon_meta) discover
[0.236s] Level 1:colcon.colcon_core.package_discovery:discover_packages(recursive) discover
[0.236s] INFO:colcon.colcon_core.package_discovery:Crawling recursively for packages in '/home/shiva/ros2_playground/workspace2'
[0.236s] Level 1:colcon.colcon_core.package_identification:_identify(.) by extensions ['ignore', 'ignore_ament_install']
[0.237s] Level 1:colcon.colcon_core.package_identification:_identify(.) by extension 'ignore'
[0.237s] Level 1:colcon.colcon_core.package_identification:_identify(.) by extension 'ignore_ament_install'
[0.237s] Level 1:colcon.colcon_core.package_identification:_identify(.) by extensions ['colcon_pkg']
[0.237s] Level 1:colcon.colcon_core.package_identification:_identify(.) by extension 'colcon_pkg'
[0.237s] Level 1:colcon.colcon_core.package_identification:_identify(.) by extensions ['colcon_meta']
[0.237s] Level 1:colcon.colcon_core.package_identification:_identify(.) by extension 'colcon_meta'
[0.237s] Level 1:colcon.colcon_core.package_identification:_identify(.) by extensions ['ros']
[0.237s] Level 1:colcon.colcon_core.package_identification:_identify(.) by extension 'ros'
[0.248s] Level 1:colcon.colcon_core.package_identification:_identify(.) by extensions ['cmake', 'python']
[0.248s] Level 1:colcon.colcon_core.package_identification:_identify(.) by extension 'cmake'
[0.248s] Level 1:colcon.colcon_core.package_identification:_identify(.) by extension 'python'
[0.248s] Level 1:colcon.colcon_core.package_identification:_identify(.) by extensions ['python_setup_py']
[0.248s] Level 1:colcon.colcon_core.package_identification:_identify(.) by extension 'python_setup_py'
[0.248s] Level 1:colcon.colcon_core.package_identification:_identify(build) by extensions ['ignore', 'ignore_ament_install']
[0.248s] Level 1:colcon.colcon_core.package_identification:_identify(build) by extension 'ignore'
[0.248s] Level 1:colcon.colcon_core.package_identification:_identify(build) ignored
[0.248s] Level 1:colcon.colcon_core.package_identification:_identify(install) by extensions ['ignore', 'ignore_ament_install']
[0.248s] Level 1:colcon.colcon_core.package_identification:_identify(install) by extension 'ignore'
[0.249s] Level 1:colcon.colcon_core.package_identification:_identify(install) ignored
[0.249s] Level 1:colcon.colcon_core.package_identification:_identify(log) by extensions ['ignore', 'ignore_ament_install']
[0.249s] Level 1:colcon.colcon_core.package_identification:_identify(log) by extension 'ignore'
[0.249s] Level 1:colcon.colcon_core.package_identification:_identify(log) ignored
[0.249s] Level 1:colcon.colcon_core.package_identification:_identify(src) by extensions ['ignore', 'ignore_ament_install']
[0.249s] Level 1:colcon.colcon_core.package_identification:_identify(src) by extension 'ignore'
[0.249s] Level 1:colcon.colcon_core.package_identification:_identify(src) by extension 'ignore_ament_install'
[0.249s] Level 1:colcon.colcon_core.package_identification:_identify(src) by extensions ['colcon_pkg']
[0.249s] Level 1:colcon.colcon_core.package_identification:_identify(src) by extension 'colcon_pkg'
[0.249s] Level 1:colcon.colcon_core.package_identification:_identify(src) by extensions ['colcon_meta']
[0.249s] Level 1:colcon.colcon_core.package_identification:_identify(src) by extension 'colcon_meta'
[0.249s] Level 1:colcon.colcon_core.package_identification:_identify(src) by extensions ['ros']
[0.249s] Level 1:colcon.colcon_core.package_identification:_identify(src) by extension 'ros'
[0.250s] Level 1:colcon.colcon_core.package_identification:_identify(src) by extensions ['cmake', 'python']
[0.250s] Level 1:colcon.colcon_core.package_identification:_identify(src) by extension 'cmake'
[0.250s] Level 1:colcon.colcon_core.package_identification:_identify(src) by extension 'python'
[0.250s] Level 1:colcon.colcon_core.package_identification:_identify(src) by extensions ['python_setup_py']
[0.250s] Level 1:colcon.colcon_core.package_identification:_identify(src) by extension 'python_setup_py'
[0.250s] Level 1:colcon.colcon_core.package_identification:_identify(src/descriptions_package) by extensions ['ignore', 'ignore_ament_install']
[0.250s] Level 1:colcon.colcon_core.package_identification:_identify(src/descriptions_package) by extension 'ignore'
[0.250s] Level 1:colcon.colcon_core.package_identification:_identify(src/descriptions_package) by extension 'ignore_ament_install'
[0.250s] Level 1:colcon.colcon_core.package_identification:_identify(src/descriptions_package) by extensions ['colcon_pkg']
[0.250s] Level 1:colcon.colcon_core.package_identification:_identify(src/descriptions_package) by extension 'colcon_pkg'
[0.250s] Level 1:colcon.colcon_core.package_identification:_identify(src/descriptions_package) by extensions ['colcon_meta']
[0.250s] Level 1:colcon.colcon_core.package_identification:_identify(src/descriptions_package) by extension 'colcon_meta'
[0.250s] Level 1:colcon.colcon_core.package_identification:_identify(src/descriptions_package) by extensions ['ros']
[0.250s] Level 1:colcon.colcon_core.package_identification:_identify(src/descriptions_package) by extension 'ros'
[0.253s] DEBUG:colcon.colcon_core.package_identification:Package 'src/descriptions_package' with type 'ros.ament_cmake' and name 'descriptions_package'
[0.253s] Level 1:colcon.colcon_core.package_identification:_identify(src/python_pkgs) by extensions ['ignore', 'ignore_ament_install']
[0.253s] Level 1:colcon.colcon_core.package_identification:_identify(src/python_pkgs) by extension 'ignore'
[0.253s] Level 1:colcon.colcon_core.package_identification:_identify(src/python_pkgs) by extension 'ignore_ament_install'
[0.253s] Level 1:colcon.colcon_core.package_identification:_identify(src/python_pkgs) by extensions ['colcon_pkg']
[0.253s] Level 1:colcon.colcon_core.package_identification:_identify(src/python_pkgs) by extension 'colcon_pkg'
[0.253s] Level 1:colcon.colcon_core.package_identification:_identify(src/python_pkgs) by extensions ['colcon_meta']
[0.253s] Level 1:colcon.colcon_core.package_identification:_identify(src/python_pkgs) by extension 'colcon_meta'
[0.253s] Level 1:colcon.colcon_core.package_identification:_identify(src/python_pkgs) by extensions ['ros']
[0.254s] Level 1:colcon.colcon_core.package_identification:_identify(src/python_pkgs) by extension 'ros'
[0.254s] DEBUG:colcon.colcon_core.package_identification:Package 'src/python_pkgs' with type 'ros.ament_python' and name 'python_pkgs'
[0.254s] Level 1:colcon.colcon_core.package_discovery:discover_packages(recursive) using defaults
[0.254s] Level 1:colcon.colcon_core.package_discovery:discover_packages(ignore) discover
[0.254s] Level 1:colcon.colcon_core.package_discovery:discover_packages(ignore) using defaults
[0.254s] Level 1:colcon.colcon_core.package_discovery:discover_packages(path) discover
[0.255s] Level 1:colcon.colcon_core.package_discovery:discover_packages(path) using defaults
[0.286s] Level 1:colcon.colcon_core.package_discovery:discover_packages(prefix_path) check parameters
[0.286s] Level 1:colcon.colcon_core.package_discovery:discover_packages(prefix_path) discover
[0.289s] DEBUG:colcon.colcon_installed_package_information.package_discovery:Found 362 installed packages in /opt/ros/humble
[0.290s] Level 1:colcon.colcon_core.package_discovery:discover_packages(prefix_path) using defaults
[0.326s] Level 5:colcon.colcon_core.verb:set package 'descriptions_package' build argument 'cmake_args' from command line to 'None'
[0.326s] Level 5:colcon.colcon_core.verb:set package 'descriptions_package' build argument 'cmake_target' from command line to 'None'
[0.326s] Level 5:colcon.colcon_core.verb:set package 'descriptions_package' build argument 'cmake_target_skip_unavailable' from command line to 'False'
[0.326s] Level 5:colcon.colcon_core.verb:set package 'descriptions_package' build argument 'cmake_clean_cache' from command line to 'False'
[0.326s] Level 5:colcon.colcon_core.verb:set package 'descriptions_package' build argument 'cmake_clean_first' from command line to 'False'
[0.326s] Level 5:colcon.colcon_core.verb:set package 'descriptions_package' build argument 'cmake_force_configure' from command line to 'False'
[0.326s] Level 5:colcon.colcon_core.verb:set package 'descriptions_package' build argument 'ament_cmake_args' from command line to 'None'
[0.326s] Level 5:colcon.colcon_core.verb:set package 'descriptions_package' build argument 'catkin_cmake_args' from command line to 'None'
[0.326s] Level 5:colcon.colcon_core.verb:set package 'descriptions_package' build argument 'catkin_skip_building_tests' from command line to 'False'
[0.327s] DEBUG:colcon.colcon_core.verb:Building package 'descriptions_package' with the following arguments: {'ament_cmake_args': None, 'build_base': '/home/shiva/ros2_playground/workspace2/build/descriptions_package', 'catkin_cmake_args': None, 'catkin_skip_building_tests': False, 'cmake_args': None, 'cmake_clean_cache': False, 'cmake_clean_first': False, 'cmake_force_configure': False, 'cmake_target': None, 'cmake_target_skip_unavailable': False, 'install_base': '/home/shiva/ros2_playground/workspace2/install/descriptions_package', 'merge_install': False, 'path': '/home/shiva/ros2_playground/workspace2/src/descriptions_package', 'symlink_install': False, 'test_result_base': None}
[0.327s] Level 5:colcon.colcon_core.verb:set package 'python_pkgs' build argument 'cmake_args' from command line to 'None'
[0.327s] Level 5:colcon.colcon_core.verb:set package 'python_pkgs' build argument 'cmake_target' from command line to 'None'
[0.327s] Level 5:colcon.colcon_core.verb:set package 'python_pkgs' build argument 'cmake_target_skip_unavailable' from command line to 'False'
[0.327s] Level 5:colcon.colcon_core.verb:set package 'python_pkgs' build argument 'cmake_clean_cache' from command line to 'False'
[0.327s] Level 5:colcon.colcon_core.verb:set package 'python_pkgs' build argument 'cmake_clean_first' from command line to 'False'
[0.327s] Level 5:colcon.colcon_core.verb:set package 'python_pkgs' build argument 'cmake_force_configure' from command line to 'False'
[0.327s] Level 5:colcon.colcon_core.verb:set package 'python_pkgs' build argument 'ament_cmake_args' from command line to 'None'
[0.327s] Level 5:colcon.colcon_core.verb:set package 'python_pkgs' build argument 'catkin_cmake_args' from command line to 'None'
[0.327s] Level 5:colcon.colcon_core.verb:set package 'python_pkgs' build argument 'catkin_skip_building_tests' from command line to 'False'
[0.327s] DEBUG:colcon.colcon_core.verb:Building package 'python_pkgs' with the following arguments: {'ament_cmake_args': None, 'build_base': '/home/shiva/ros2_playground/workspace2/build/python_pkgs', 'catkin_cmake_args': None, 'catkin_skip_building_tests': False, 'cmake_args': None, 'cmake_clean_cache': False, 'cmake_clean_first': False, 'cmake_force_configure': False, 'cmake_target': None, 'cmake_target_skip_unavailable': False, 'install_base': '/home/shiva/ros2_playground/workspace2/install/python_pkgs', 'merge_install': False, 'path': '/home/shiva/ros2_playground/workspace2/src/python_pkgs', 'symlink_install': False, 'test_result_base': None}
[0.327s] INFO:colcon.colcon_core.executor:Executing jobs using 'parallel' executor
[0.329s] DEBUG:colcon.colcon_parallel_executor.executor.parallel:run_until_complete
[0.340s] INFO:colcon.colcon_ros.task.ament_cmake.build:Building ROS package in '/home/shiva/ros2_playground/workspace2/src/descriptions_package' with build type 'ament_cmake'
[0.343s] INFO:colcon.colcon_cmake.task.cmake.build:Building CMake package in '/home/shiva/ros2_playground/workspace2/src/descriptions_package'
[0.345s] INFO:colcon.colcon_core.plugin_system:Skipping extension 'colcon_core.shell.bat': Not used on non-Windows systems
[0.345s] INFO:colcon.colcon_core.shell:Skip shell extension 'powershell' for command environment: Not usable outside of PowerShell
[0.345s] DEBUG:colcon.colcon_core.shell:Skip shell extension 'dsv' for command environment
[0.349s] INFO:colcon.colcon_ros.task.ament_python.build:Building ROS package in '/home/shiva/ros2_playground/workspace2/src/python_pkgs' with build type 'ament_python'
[0.349s] Level 1:colcon.colcon_core.shell:create_environment_hook('python_pkgs', 'ament_prefix_path')
[0.349s] INFO:colcon.colcon_core.shell:Creating environment hook '/home/shiva/ros2_playground/workspace2/install/python_pkgs/share/python_pkgs/hook/ament_prefix_path.ps1'
[0.350s] INFO:colcon.colcon_core.shell:Creating environment descriptor '/home/shiva/ros2_playground/workspace2/install/python_pkgs/share/python_pkgs/hook/ament_prefix_path.dsv'
[0.351s] INFO:colcon.colcon_core.shell:Creating environment hook '/home/shiva/ros2_playground/workspace2/install/python_pkgs/share/python_pkgs/hook/ament_prefix_path.sh'
[0.353s] INFO:colcon.colcon_core.shell:Skip shell extension 'powershell' for command environment: Not usable outside of PowerShell
[0.353s] DEBUG:colcon.colcon_core.shell:Skip shell extension 'dsv' for command environment
[0.413s] DEBUG:colcon.colcon_core.event_handler.log_command:Invoking command in '/home/shiva/ros2_playground/workspace2/build/descriptions_package': CMAKE_PREFIX_PATH=/opt/ros/humble /usr/bin/cmake --build /home/shiva/ros2_playground/workspace2/build/descriptions_package -- -j8 -l8
[0.678s] INFO:colcon.colcon_core.task.python.build:Building Python package in '/home/shiva/ros2_playground/workspace2/src/python_pkgs'
[0.681s] INFO:colcon.colcon_core.shell:Skip shell extension 'powershell' for command environment: Not usable outside of PowerShell
[0.681s] DEBUG:colcon.colcon_core.shell:Skip shell extension 'dsv' for command environment
[0.721s] DEBUG:colcon.colcon_core.event_handler.log_command:Invoked command in '/home/shiva/ros2_playground/workspace2/build/descriptions_package' returned '0': CMAKE_PREFIX_PATH=/opt/ros/humble /usr/bin/cmake --build /home/shiva/ros2_playground/workspace2/build/descriptions_package -- -j8 -l8
[0.900s] DEBUG:colcon.colcon_core.event_handler.log_command:Invoking command in '/home/shiva/ros2_playground/workspace2/build/descriptions_package': CMAKE_PREFIX_PATH=/opt/ros/humble /usr/bin/cmake --install /home/shiva/ros2_playground/workspace2/build/descriptions_package
[0.922s] Level 1:colcon.colcon_core.environment:create_environment_scripts_only(descriptions_package)
[0.926s] DEBUG:colcon.colcon_core.event_handler.log_command:Invoked command in '/home/shiva/ros2_playground/workspace2/build/descriptions_package' returned '0': CMAKE_PREFIX_PATH=/opt/ros/humble /usr/bin/cmake --install /home/shiva/ros2_playground/workspace2/build/descriptions_package
[0.928s] Level 1:colcon.colcon_core.environment:checking '/home/shiva/ros2_playground/workspace2/install/descriptions_package' for CMake module files
[0.929s] Level 1:colcon.colcon_core.environment:checking '/home/shiva/ros2_playground/workspace2/install/descriptions_package' for CMake config files
[0.929s] Level 1:colcon.colcon_core.shell:create_environment_hook('descriptions_package', 'cmake_prefix_path')
[0.929s] INFO:colcon.colcon_core.shell:Creating environment hook '/home/shiva/ros2_playground/workspace2/install/descriptions_package/share/descriptions_package/hook/cmake_prefix_path.ps1'
[0.930s] INFO:colcon.colcon_core.shell:Creating environment descriptor '/home/shiva/ros2_playground/workspace2/install/descriptions_package/share/descriptions_package/hook/cmake_prefix_path.dsv'
[0.937s] INFO:colcon.colcon_core.shell:Creating environment hook '/home/shiva/ros2_playground/workspace2/install/descriptions_package/share/descriptions_package/hook/cmake_prefix_path.sh'
[0.944s] Level 1:colcon.colcon_core.environment:checking '/home/shiva/ros2_playground/workspace2/install/descriptions_package/bin'
[0.944s] Level 1:colcon.colcon_core.environment:checking '/home/shiva/ros2_playground/workspace2/install/descriptions_package/lib/pkgconfig/descriptions_package.pc'
[0.946s] Level 1:colcon.colcon_core.environment:checking '/home/shiva/ros2_playground/workspace2/install/descriptions_package/lib/python3.10/site-packages'
[0.946s] Level 1:colcon.colcon_core.environment:checking '/home/shiva/ros2_playground/workspace2/install/descriptions_package/bin'
[0.947s] INFO:colcon.colcon_core.shell:Creating package script '/home/shiva/ros2_playground/workspace2/install/descriptions_package/share/descriptions_package/package.ps1'
[0.951s] INFO:colcon.colcon_core.shell:Creating package descriptor '/home/shiva/ros2_playground/workspace2/install/descriptions_package/share/descriptions_package/package.dsv'
[0.956s] INFO:colcon.colcon_core.shell:Creating package script '/home/shiva/ros2_playground/workspace2/install/descriptions_package/share/descriptions_package/package.sh'
[0.964s] INFO:colcon.colcon_core.shell:Creating package script '/home/shiva/ros2_playground/workspace2/install/descriptions_package/share/descriptions_package/package.bash'
[0.968s] INFO:colcon.colcon_core.shell:Creating package script '/home/shiva/ros2_playground/workspace2/install/descriptions_package/share/descriptions_package/package.zsh'
[0.979s] Level 1:colcon.colcon_core.environment:create_file_with_runtime_dependencies(/home/shiva/ros2_playground/workspace2/install/descriptions_package/share/colcon-core/packages/descriptions_package)
[1.060s] Level 1:colcon.colcon_core.environment:create_environment_scripts_only(descriptions_package)
[1.060s] Level 1:colcon.colcon_core.environment:checking '/home/shiva/ros2_playground/workspace2/install/descriptions_package' for CMake module files
[1.061s] Level 1:colcon.colcon_core.environment:checking '/home/shiva/ros2_playground/workspace2/install/descriptions_package' for CMake config files
[1.061s] Level 1:colcon.colcon_core.shell:create_environment_hook('descriptions_package', 'cmake_prefix_path')
[1.061s] INFO:colcon.colcon_core.shell:Creating environment hook '/home/shiva/ros2_playground/workspace2/install/descriptions_package/share/descriptions_package/hook/cmake_prefix_path.ps1'
[1.062s] INFO:colcon.colcon_core.shell:Creating environment descriptor '/home/shiva/ros2_playground/workspace2/install/descriptions_package/share/descriptions_package/hook/cmake_prefix_path.dsv'
[1.062s] INFO:colcon.colcon_core.shell:Creating environment hook '/home/shiva/ros2_playground/workspace2/install/descriptions_package/share/descriptions_package/hook/cmake_prefix_path.sh'
[1.063s] Level 1:colcon.colcon_core.environment:checking '/home/shiva/ros2_playground/workspace2/install/descriptions_package/bin'
[1.063s] Level 1:colcon.colcon_core.environment:checking '/home/shiva/ros2_playground/workspace2/install/descriptions_package/lib/pkgconfig/descriptions_package.pc'
[1.063s] Level 1:colcon.colcon_core.environment:checking '/home/shiva/ros2_playground/workspace2/install/descriptions_package/lib/python3.10/site-packages'
[1.063s] Level 1:colcon.colcon_core.environment:checking '/home/shiva/ros2_playground/workspace2/install/descriptions_package/bin'
[1.063s] INFO:colcon.colcon_core.shell:Creating package script '/home/shiva/ros2_playground/workspace2/install/descriptions_package/share/descriptions_package/package.ps1'
[1.065s] INFO:colcon.colcon_core.shell:Creating package descriptor '/home/shiva/ros2_playground/workspace2/install/descriptions_package/share/descriptions_package/package.dsv'
[1.065s] INFO:colcon.colcon_core.shell:Creating package script '/home/shiva/ros2_playground/workspace2/install/descriptions_package/share/descriptions_package/package.sh'
[1.066s] INFO:colcon.colcon_core.shell:Creating package script '/home/shiva/ros2_playground/workspace2/install/descriptions_package/share/descriptions_package/package.bash'
[1.074s] INFO:colcon.colcon_core.shell:Creating package script '/home/shiva/ros2_playground/workspace2/install/descriptions_package/share/descriptions_package/package.zsh'
[1.075s] Level 1:colcon.colcon_core.environment:create_file_with_runtime_dependencies(/home/shiva/ros2_playground/workspace2/install/descriptions_package/share/colcon-core/packages/descriptions_package)
[1.284s] DEBUG:colcon.colcon_core.event_handler.log_command:Invoking command in '/home/shiva/ros2_playground/workspace2/src/python_pkgs': PYTHONPATH=/home/shiva/ros2_playground/workspace2/build/python_pkgs/prefix_override:/usr/lib/python3/dist-packages/colcon_core/task/python/colcon_distutils_commands:/home/shiva/ros2_playground/workspace2/install/python_pkgs/lib/python3.10/site-packages:${PYTHONPATH} /usr/bin/python3 -W ignore:setup.py install is deprecated setup.py egg_info --egg-base ../../build/python_pkgs build --build-base /home/shiva/ros2_playground/workspace2/build/python_pkgs/build install --record /home/shiva/ros2_playground/workspace2/build/python_pkgs/install.log --single-version-externally-managed install_data
[1.578s] Level 1:colcon.colcon_core.environment:checking '/home/shiva/ros2_playground/workspace2/install/python_pkgs' for CMake module files
[1.579s] DEBUG:colcon.colcon_core.event_handler.log_command:Invoked command in '/home/shiva/ros2_playground/workspace2/src/python_pkgs' returned '0': PYTHONPATH=/home/shiva/ros2_playground/workspace2/build/python_pkgs/prefix_override:/usr/lib/python3/dist-packages/colcon_core/task/python/colcon_distutils_commands:/home/shiva/ros2_playground/workspace2/install/python_pkgs/lib/python3.10/site-packages:${PYTHONPATH} /usr/bin/python3 -W ignore:setup.py install is deprecated setup.py egg_info --egg-base ../../build/python_pkgs build --build-base /home/shiva/ros2_playground/workspace2/build/python_pkgs/build install --record /home/shiva/ros2_playground/workspace2/build/python_pkgs/install.log --single-version-externally-managed install_data
[1.579s] Level 1:colcon.colcon_core.environment:checking '/home/shiva/ros2_playground/workspace2/install/python_pkgs' for CMake config files
[1.584s] Level 1:colcon.colcon_core.environment:checking '/home/shiva/ros2_playground/workspace2/install/python_pkgs/lib'
[1.585s] Level 1:colcon.colcon_core.environment:checking '/home/shiva/ros2_playground/workspace2/install/python_pkgs/bin'
[1.585s] Level 1:colcon.colcon_core.environment:checking '/home/shiva/ros2_playground/workspace2/install/python_pkgs/lib/pkgconfig/python_pkgs.pc'
[1.585s] Level 1:colcon.colcon_core.environment:checking '/home/shiva/ros2_playground/workspace2/install/python_pkgs/lib/python3.10/site-packages'
[1.585s] Level 1:colcon.colcon_core.shell:create_environment_hook('python_pkgs', 'pythonpath')
[1.586s] INFO:colcon.colcon_core.shell:Creating environment hook '/home/shiva/ros2_playground/workspace2/install/python_pkgs/share/python_pkgs/hook/pythonpath.ps1'
[1.586s] INFO:colcon.colcon_core.shell:Creating environment descriptor '/home/shiva/ros2_playground/workspace2/install/python_pkgs/share/python_pkgs/hook/pythonpath.dsv'
[1.587s] INFO:colcon.colcon_core.shell:Creating environment hook '/home/shiva/ros2_playground/workspace2/install/python_pkgs/share/python_pkgs/hook/pythonpath.sh'
[1.588s] Level 1:colcon.colcon_core.environment:checking '/home/shiva/ros2_playground/workspace2/install/python_pkgs/bin'
[1.590s] Level 1:colcon.colcon_core.environment:create_environment_scripts_only(python_pkgs)
[1.591s] INFO:colcon.colcon_core.shell:Creating package script '/home/shiva/ros2_playground/workspace2/install/python_pkgs/share/python_pkgs/package.ps1'
[1.595s] INFO:colcon.colcon_core.shell:Creating package descriptor '/home/shiva/ros2_playground/workspace2/install/python_pkgs/share/python_pkgs/package.dsv'
[1.598s] INFO:colcon.colcon_core.shell:Creating package script '/home/shiva/ros2_playground/workspace2/install/python_pkgs/share/python_pkgs/package.sh'
[1.600s] INFO:colcon.colcon_core.shell:Creating package script '/home/shiva/ros2_playground/workspace2/install/python_pkgs/share/python_pkgs/package.bash'
[1.602s] INFO:colcon.colcon_core.shell:Creating package script '/home/shiva/ros2_playground/workspace2/install/python_pkgs/share/python_pkgs/package.zsh'
[1.605s] Level 1:colcon.colcon_core.environment:create_file_with_runtime_dependencies(/home/shiva/ros2_playground/workspace2/install/python_pkgs/share/colcon-core/packages/python_pkgs)
[1.609s] DEBUG:colcon.colcon_parallel_executor.executor.parallel:closing loop
[1.611s] DEBUG:colcon.colcon_parallel_executor.executor.parallel:loop closed
[1.612s] DEBUG:colcon.colcon_parallel_executor.executor.parallel:run_until_complete finished with '0'
[1.624s] DEBUG:colcon.colcon_core.event_reactor:joining thread
[1.666s] INFO:colcon.colcon_core.plugin_system:Skipping extension 'colcon_notification.desktop_notification.terminal_notifier': Not used on non-Darwin systems
[1.666s] INFO:colcon.colcon_core.plugin_system:Skipping extension 'colcon_notification.desktop_notification.win32': Not used on non-Windows systems
[1.666s] INFO:colcon.colcon_notification.desktop_notification:Sending desktop notification using 'notify2'
[1.726s] DEBUG:colcon.colcon_core.event_reactor:joined thread
[1.726s] INFO:colcon.colcon_core.shell:Creating prefix script '/home/shiva/ros2_playground/workspace2/install/local_setup.ps1'
[1.730s] INFO:colcon.colcon_core.shell:Creating prefix util module '/home/shiva/ros2_playground/workspace2/install/_local_setup_util_ps1.py'
[1.731s] INFO:colcon.colcon_core.shell:Creating prefix chain script '/home/shiva/ros2_playground/workspace2/install/setup.ps1'
[1.733s] INFO:colcon.colcon_core.shell:Creating prefix script '/home/shiva/ros2_playground/workspace2/install/local_setup.sh'
[1.734s] INFO:colcon.colcon_core.shell:Creating prefix util module '/home/shiva/ros2_playground/workspace2/install/_local_setup_util_sh.py'
[1.735s] INFO:colcon.colcon_core.shell:Creating prefix chain script '/home/shiva/ros2_playground/workspace2/install/setup.sh'
[1.737s] INFO:colcon.colcon_core.shell:Creating prefix script '/home/shiva/ros2_playground/workspace2/install/local_setup.bash'
[1.737s] INFO:colcon.colcon_core.shell:Creating prefix chain script '/home/shiva/ros2_playground/workspace2/install/setup.bash'
[1.739s] INFO:colcon.colcon_core.shell:Creating prefix script '/home/shiva/ros2_playground/workspace2/install/local_setup.zsh'
[1.744s] INFO:colcon.colcon_core.shell:Creating prefix chain script '/home/shiva/ros2_playground/workspace2/install/setup.zsh'
