[0.611s] Invoking command in '/home/shiva/ros2_playground/workspace3/build/urdf_071124': /usr/bin/cmake /home/shiva/ros2_playground/workspace3/src/urdf_071124 -DCATKIN_INSTALL_INTO_PREFIX_ROOT=0 -DCMAKE_INSTALL_PREFIX=/home/shiva/ros2_playground/workspace3/install/urdf_071124
[0.633s] [0mCMake Deprecation Warning at CMakeLists.txt:1 (cmake_minimum_required):
[0.633s]   Compatibility with CMake < 2.8.12 will be removed from a future version of
[0.635s]   CMake.
[0.635s] 
[0.635s]   Update the VERSION argument <min> value or use a ...<max> suffix to tell
[0.635s]   CMake that the project does not need compatibility with older versions.
[0.635s] 
[0.635s] [0m
[1.217s] -- The C compiler identification is GNU 11.4.0
[1.734s] -- The CXX compiler identification is GNU 11.4.0
[1.834s] -- Detecting C compiler ABI info
[2.592s] -- Detecting C compiler ABI info - done
[2.689s] -- Check for working C compiler: /usr/bin/cc - skipped
[2.689s] -- Detecting C compile features
[2.692s] -- Detecting C compile features - done
[2.712s] -- Detecting CXX compiler ABI info
[3.451s] -- Detecting CXX compiler ABI info - done
[3.513s] -- Check for working CXX compiler: /usr/bin/c++ - skipped
[3.514s] -- Detecting CXX compile features
[3.527s] -- Detecting CXX compile features - done
[3.622s] [31mCMake Error at CMakeLists.txt:5 (find_package):
[3.622s]   By not providing "Findcatkin.cmake" in CMAKE_MODULE_PATH this project has
[3.622s]   asked CMake to find a package configuration file provided by "catkin", but
[3.622s]   CMake did not find one.
[3.622s] 
[3.622s]   Could not find a package configuration file provided by "catkin" with any
[3.622s]   of the following names:
[3.622s] 
[3.622s]     catkinConfig.cmake
[3.622s]     catkin-config.cmake
[3.622s] 
[3.623s]   Add the installation prefix of "catkin" to CMAKE_PREFIX_PATH or set
[3.627s]   "catkin_DIR" to a directory containing one of the above files.  If "catkin"
[3.682s]   provides a separate development package or SDK, be sure it has been
[3.721s]   installed.
[3.722s] 
[3.722s] [0m
[3.722s] -- Configuring incomplete, errors occurred!
[3.722s] See also "/home/shiva/ros2_playground/workspace3/build/urdf_071124/CMakeFiles/CMakeOutput.log".
[3.722s] Invoked command in '/home/shiva/ros2_playground/workspace3/build/urdf_071124' returned '1': /usr/bin/cmake /home/shiva/ros2_playground/workspace3/src/urdf_071124 -DCATKIN_INSTALL_INTO_PREFIX_ROOT=0 -DCMAKE_INSTALL_PREFIX=/home/shiva/ros2_playground/workspace3/install/urdf_071124
