[0.705s] Invoking command in '/home/shiva/ros2_playground/workspace2/src/python_pkgs': PYTHONPATH=/home/shiva/ros2_playground/workspace2/build/python_pkgs/prefix_override:/home/shiva/ros2_playground/workspace2/install/python_pkgs/lib/python3.10/site-packages:${PYTHONPATH} /usr/bin/python3 -W ignore:setup.py install is deprecated setup.py egg_info --egg-base ../../build/python_pkgs build --build-base /home/shiva/ros2_playground/workspace2/build/python_pkgs/build install --record /home/shiva/ros2_playground/workspace2/build/python_pkgs/install.log --single-version-externally-managed install_data
[0.955s] running egg_info
[0.956s] writing ../../build/python_pkgs/python_pkgs.egg-info/PKG-INFO
[0.956s] writing dependency_links to ../../build/python_pkgs/python_pkgs.egg-info/dependency_links.txt
[0.956s] writing entry points to ../../build/python_pkgs/python_pkgs.egg-info/entry_points.txt
[0.956s] writing requirements to ../../build/python_pkgs/python_pkgs.egg-info/requires.txt
[0.956s] writing top-level names to ../../build/python_pkgs/python_pkgs.egg-info/top_level.txt
[0.956s] reading manifest file '../../build/python_pkgs/python_pkgs.egg-info/SOURCES.txt'
[0.956s] writing manifest file '../../build/python_pkgs/python_pkgs.egg-info/SOURCES.txt'
[0.959s] running build
[0.959s] running build_py
[0.959s] running install
[0.960s] running install_lib
[0.961s] running install_data
[0.961s] running install_egg_info
[0.964s] removing '/home/shiva/ros2_playground/workspace2/install/python_pkgs/lib/python3.10/site-packages/python_pkgs-0.0.0-py3.10.egg-info' (and everything under it)
[0.964s] Copying ../../build/python_pkgs/python_pkgs.egg-info to /home/shiva/ros2_playground/workspace2/install/python_pkgs/lib/python3.10/site-packages/python_pkgs-0.0.0-py3.10.egg-info
[0.965s] running install_scripts
[0.991s] Installing drone_image script to /home/shiva/ros2_playground/workspace2/install/python_pkgs/lib/python_pkgs
[1.008s] writing list of installed files to '/home/shiva/ros2_playground/workspace2/build/python_pkgs/install.log'
[1.040s] Invoked command in '/home/shiva/ros2_playground/workspace2/src/python_pkgs' returned '0': PYTHONPATH=/home/shiva/ros2_playground/workspace2/build/python_pkgs/prefix_override:/home/shiva/ros2_playground/workspace2/install/python_pkgs/lib/python3.10/site-packages:${PYTHONPATH} /usr/bin/python3 -W ignore:setup.py install is deprecated setup.py egg_info --egg-base ../../build/python_pkgs build --build-base /home/shiva/ros2_playground/workspace2/build/python_pkgs/build install --record /home/shiva/ros2_playground/workspace2/build/python_pkgs/install.log --single-version-externally-managed install_data
