[4.596s] Invoking command in '/home/shiva/ros2_playground/workspace2/src/python_pkgs': PYTHONPATH=/home/shiva/ros2_playground/workspace2/build/python_pkgs/prefix_override:/home/shiva/ros2_playground/workspace2/install/python_pkgs/lib/python3.10/site-packages:${PYTHONPATH} /usr/bin/python3 -W ignore:setup.py install is deprecated setup.py egg_info --egg-base ../../build/python_pkgs build --build-base /home/shiva/ros2_playground/workspace2/build/python_pkgs/build install --record /home/shiva/ros2_playground/workspace2/build/python_pkgs/install.log --single-version-externally-managed install_data
[5.454s] running egg_info
[5.467s] writing ../../build/python_pkgs/python_pkgs.egg-info/PKG-INFO
[5.467s] writing dependency_links to ../../build/python_pkgs/python_pkgs.egg-info/dependency_links.txt
[5.501s] writing entry points to ../../build/python_pkgs/python_pkgs.egg-info/entry_points.txt
[5.501s] writing requirements to ../../build/python_pkgs/python_pkgs.egg-info/requires.txt
[5.506s] writing top-level names to ../../build/python_pkgs/python_pkgs.egg-info/top_level.txt
[5.506s] reading manifest file '../../build/python_pkgs/python_pkgs.egg-info/SOURCES.txt'
[5.529s] writing manifest file '../../build/python_pkgs/python_pkgs.egg-info/SOURCES.txt'
[5.578s] running build
[5.578s] running build_py
[5.587s] copying python_pkgs/drone_image.py -> /home/shiva/ros2_playground/workspace2/build/python_pkgs/build/lib/python_pkgs
[5.588s] running install
[5.588s] running install_lib
[5.595s] copying /home/shiva/ros2_playground/workspace2/build/python_pkgs/build/lib/python_pkgs/drone_image.py -> /home/shiva/ros2_playground/workspace2/install/python_pkgs/lib/python3.10/site-packages/python_pkgs
[5.599s] byte-compiling /home/shiva/ros2_playground/workspace2/install/python_pkgs/lib/python3.10/site-packages/python_pkgs/drone_image.py to drone_image.cpython-310.pyc
[5.725s] running install_data
[5.725s] running install_egg_info
[5.744s] removing '/home/shiva/ros2_playground/workspace2/install/python_pkgs/lib/python3.10/site-packages/python_pkgs-0.0.0-py3.10.egg-info' (and everything under it)
[5.744s] Copying ../../build/python_pkgs/python_pkgs.egg-info to /home/shiva/ros2_playground/workspace2/install/python_pkgs/lib/python3.10/site-packages/python_pkgs-0.0.0-py3.10.egg-info
[5.744s] running install_scripts
[5.824s] Installing drone_image script to /home/shiva/ros2_playground/workspace2/install/python_pkgs/lib/python_pkgs
[5.833s] writing list of installed files to '/home/shiva/ros2_playground/workspace2/build/python_pkgs/install.log'
[5.906s] Invoked command in '/home/shiva/ros2_playground/workspace2/src/python_pkgs' returned '0': PYTHONPATH=/home/shiva/ros2_playground/workspace2/build/python_pkgs/prefix_override:/home/shiva/ros2_playground/workspace2/install/python_pkgs/lib/python3.10/site-packages:${PYTHONPATH} /usr/bin/python3 -W ignore:setup.py install is deprecated setup.py egg_info --egg-base ../../build/python_pkgs build --build-base /home/shiva/ros2_playground/workspace2/build/python_pkgs/build install --record /home/shiva/ros2_playground/workspace2/build/python_pkgs/install.log --single-version-externally-managed install_data
