[0.077s] Invoking command in '/home/shiva/ros2_playground/workspace2/build/descriptions_package': CMAKE_PREFIX_PATH=/opt/ros/humble /usr/bin/cmake --build /home/shiva/ros2_playground/workspace2/build/descriptions_package -- -j8 -l8
[0.561s] Invoked command in '/home/shiva/ros2_playground/workspace2/build/descriptions_package' returned '0': CMAKE_PREFIX_PATH=/opt/ros/humble /usr/bin/cmake --build /home/shiva/ros2_playground/workspace2/build/descriptions_package -- -j8 -l8
[0.679s] Invoking command in '/home/shiva/ros2_playground/workspace2/build/descriptions_package': CMAKE_PREFIX_PATH=/opt/ros/humble /usr/bin/cmake --install /home/shiva/ros2_playground/workspace2/build/descriptions_package
[0.687s] -- Install configuration: ""
[0.688s] -- Up-to-date: /home/shiva/ros2_playground/workspace2/install/descriptions_package/share/descriptions_package/meshes
[0.688s] -- Installing: /home/shiva/ros2_playground/workspace2/install/descriptions_package/share/descriptions_package/meshes/patrolbot_body_v2.OBJ
[0.755s] -- Installing: /home/shiva/ros2_playground/workspace2/install/descriptions_package/share/descriptions_package/meshes/Component18.OBJ
[0.769s] -- Up-to-date: /home/shiva/ros2_playground/workspace2/install/descriptions_package/share/descriptions_package/urdf
[0.769s] -- Installing: /home/shiva/ros2_playground/workspace2/install/descriptions_package/share/descriptions_package/urdf/bot2.urdf.xacro
[0.769s] -- Up-to-date: /home/shiva/ros2_playground/workspace2/install/descriptions_package/share/ament_index/resource_index/package_run_dependencies/descriptions_package
[0.778s] -- Up-to-date: /home/shiva/ros2_playground/workspace2/install/descriptions_package/share/ament_index/resource_index/parent_prefix_path/descriptions_package
[0.778s] -- Up-to-date: /home/shiva/ros2_playground/workspace2/install/descriptions_package/share/descriptions_package/environment/ament_prefix_path.sh
[0.783s] -- Up-to-date: /home/shiva/ros2_playground/workspace2/install/descriptions_package/share/descriptions_package/environment/ament_prefix_path.dsv
[0.784s] -- Up-to-date: /home/shiva/ros2_playground/workspace2/install/descriptions_package/share/descriptions_package/environment/path.sh
[0.784s] -- Up-to-date: /home/shiva/ros2_playground/workspace2/install/descriptions_package/share/descriptions_package/environment/path.dsv
[0.784s] -- Up-to-date: /home/shiva/ros2_playground/workspace2/install/descriptions_package/share/descriptions_package/local_setup.bash
[0.784s] -- Up-to-date: /home/shiva/ros2_playground/workspace2/install/descriptions_package/share/descriptions_package/local_setup.sh
[0.784s] -- Up-to-date: /home/shiva/ros2_playground/workspace2/install/descriptions_package/share/descriptions_package/local_setup.zsh
[0.784s] -- Up-to-date: /home/shiva/ros2_playground/workspace2/install/descriptions_package/share/descriptions_package/local_setup.dsv
[0.784s] -- Installing: /home/shiva/ros2_playground/workspace2/install/descriptions_package/share/descriptions_package/package.dsv
[0.784s] -- Up-to-date: /home/shiva/ros2_playground/workspace2/install/descriptions_package/share/ament_index/resource_index/packages/descriptions_package
[0.784s] -- Up-to-date: /home/shiva/ros2_playground/workspace2/install/descriptions_package/share/descriptions_package/cmake/descriptions_packageConfig.cmake
[0.784s] -- Up-to-date: /home/shiva/ros2_playground/workspace2/install/descriptions_package/share/descriptions_package/cmake/descriptions_packageConfig-version.cmake
[0.784s] -- Up-to-date: /home/shiva/ros2_playground/workspace2/install/descriptions_package/share/descriptions_package/package.xml
[0.796s] Invoked command in '/home/shiva/ros2_playground/workspace2/build/descriptions_package' returned '0': CMAKE_PREFIX_PATH=/opt/ros/humble /usr/bin/cmake --install /home/shiva/ros2_playground/workspace2/build/descriptions_package
