[0.243s] Invoking command in '/home/shiva/ros2_playground/workspace2/build/descriptions_package': CMAKE_PREFIX_PATH=/opt/ros/humble /usr/bin/cmake --build /home/shiva/ros2_playground/workspace2/build/descriptions_package -- -j8 -l8
[1.922s] Invoked command in '/home/shiva/ros2_playground/workspace2/build/descriptions_package' returned '0': CMAKE_PREFIX_PATH=/opt/ros/humble /usr/bin/cmake --build /home/shiva/ros2_playground/workspace2/build/descriptions_package -- -j8 -l8
[2.356s] Invoking command in '/home/shiva/ros2_playground/workspace2/build/descriptions_package': CMAKE_PREFIX_PATH=/opt/ros/humble /usr/bin/cmake --install /home/shiva/ros2_playground/workspace2/build/descriptions_package
[2.417s] -- Install configuration: ""
[2.419s] -- Up-to-date: /home/shiva/ros2_playground/workspace2/install/descriptions_package/share/descriptions_package/meshes
[2.419s] -- Up-to-date: /home/shiva/ros2_playground/workspace2/install/descriptions_package/share/descriptions_package/meshes/patrolbot_body_v2.OBJ
[2.453s] -- Up-to-date: /home/shiva/ros2_playground/workspace2/install/descriptions_package/share/descriptions_package/meshes/Component18_scaled.stl
[2.454s] -- Up-to-date: /home/shiva/ros2_playground/workspace2/install/descriptions_package/share/descriptions_package/meshes/patrolbot_body_scaled.stl
[2.454s] -- Up-to-date: /home/shiva/ros2_playground/workspace2/install/descriptions_package/share/descriptions_package/meshes/base_link.STL
[2.462s] -- Up-to-date: /home/shiva/ros2_playground/workspace2/install/descriptions_package/share/descriptions_package/meshes/wheel_left_link.STL
[2.462s] -- Up-to-date: /home/shiva/ros2_playground/workspace2/install/descriptions_package/share/descriptions_package/meshes/Component18.OBJ
[2.462s] -- Up-to-date: /home/shiva/ros2_playground/workspace2/install/descriptions_package/share/descriptions_package/urdf
[2.462s] -- Installing: /home/shiva/ros2_playground/workspace2/install/descriptions_package/share/descriptions_package/urdf/bot2_ext_info.xacro
[2.462s] -- Up-to-date: /home/shiva/ros2_playground/workspace2/install/descriptions_package/share/descriptions_package/urdf/bot2.urdf.xacro
[2.464s] -- Up-to-date: /home/shiva/ros2_playground/workspace2/install/descriptions_package/share/descriptions_package/urdf/bot2_control.xacro
[2.464s] -- Up-to-date: /home/shiva/ros2_playground/workspace2/install/descriptions_package/share/descriptions_package/launch
[2.464s] -- Up-to-date: /home/shiva/ros2_playground/workspace2/install/descriptions_package/share/descriptions_package/launch/gazebo.launch.py
[2.464s] -- Up-to-date: /home/shiva/ros2_playground/workspace2/install/descriptions_package/share/descriptions_package/launch/display.launch.py
[2.464s] -- Up-to-date: /home/shiva/ros2_playground/workspace2/install/descriptions_package/share/descriptions_package/rviz_configs
[2.464s] -- Up-to-date: /home/shiva/ros2_playground/workspace2/install/descriptions_package/share/descriptions_package/rviz_configs/display.rviz
[2.464s] -- Up-to-date: /home/shiva/ros2_playground/workspace2/install/descriptions_package/share/descriptions_package/models
[2.464s] -- Up-to-date: /home/shiva/ros2_playground/workspace2/install/descriptions_package/share/descriptions_package/models/models
[2.464s] -- Up-to-date: /home/shiva/ros2_playground/workspace2/install/descriptions_package/share/descriptions_package/models/models/ground_plane
[2.471s] -- Up-to-date: /home/shiva/ros2_playground/workspace2/install/descriptions_package/share/descriptions_package/models/models/ground_plane/model.config
[2.471s] -- Up-to-date: /home/shiva/ros2_playground/workspace2/install/descriptions_package/share/descriptions_package/models/models/ground_plane/model-1_4.sdf
[2.471s] -- Up-to-date: /home/shiva/ros2_playground/workspace2/install/descriptions_package/share/descriptions_package/models/models/ground_plane/model-1_2.sdf
[2.479s] -- Up-to-date: /home/shiva/ros2_playground/workspace2/install/descriptions_package/share/descriptions_package/models/models/ground_plane/model.sdf
[2.479s] -- Up-to-date: /home/shiva/ros2_playground/workspace2/install/descriptions_package/share/descriptions_package/models/models/ground_plane/model-1_3.sdf
[2.479s] -- Up-to-date: /home/shiva/ros2_playground/workspace2/install/descriptions_package/share/descriptions_package/models/models/sun
[2.479s] -- Up-to-date: /home/shiva/ros2_playground/workspace2/install/descriptions_package/share/descriptions_package/models/models/sun/model.config
[2.483s] -- Up-to-date: /home/shiva/ros2_playground/workspace2/install/descriptions_package/share/descriptions_package/models/models/sun/model-1_4.sdf
[2.484s] -- Up-to-date: /home/shiva/ros2_playground/workspace2/install/descriptions_package/share/descriptions_package/models/models/sun/model-1_2.sdf
[2.484s] -- Up-to-date: /home/shiva/ros2_playground/workspace2/install/descriptions_package/share/descriptions_package/models/models/sun/model.sdf
[2.484s] -- Up-to-date: /home/shiva/ros2_playground/workspace2/install/descriptions_package/share/descriptions_package/models/models/sun/model-1_3.sdf
[2.484s] -- Up-to-date: /home/shiva/ros2_playground/workspace2/install/descriptions_package/share/ament_index/resource_index/package_run_dependencies/descriptions_package
[2.484s] -- Up-to-date: /home/shiva/ros2_playground/workspace2/install/descriptions_package/share/ament_index/resource_index/parent_prefix_path/descriptions_package
[2.484s] -- Up-to-date: /home/shiva/ros2_playground/workspace2/install/descriptions_package/share/descriptions_package/environment/ament_prefix_path.sh
[2.484s] -- Up-to-date: /home/shiva/ros2_playground/workspace2/install/descriptions_package/share/descriptions_package/environment/ament_prefix_path.dsv
[2.484s] -- Up-to-date: /home/shiva/ros2_playground/workspace2/install/descriptions_package/share/descriptions_package/environment/path.sh
[2.484s] -- Up-to-date: /home/shiva/ros2_playground/workspace2/install/descriptions_package/share/descriptions_package/environment/path.dsv
[2.484s] -- Up-to-date: /home/shiva/ros2_playground/workspace2/install/descriptions_package/share/descriptions_package/local_setup.bash
[2.484s] -- Up-to-date: /home/shiva/ros2_playground/workspace2/install/descriptions_package/share/descriptions_package/local_setup.sh
[2.487s] -- Up-to-date: /home/shiva/ros2_playground/workspace2/install/descriptions_package/share/descriptions_package/local_setup.zsh
[2.487s] -- Up-to-date: /home/shiva/ros2_playground/workspace2/install/descriptions_package/share/descriptions_package/local_setup.dsv
[2.487s] -- Installing: /home/shiva/ros2_playground/workspace2/install/descriptions_package/share/descriptions_package/package.dsv
[2.487s] -- Up-to-date: /home/shiva/ros2_playground/workspace2/install/descriptions_package/share/ament_index/resource_index/packages/descriptions_package
[2.487s] -- Up-to-date: /home/shiva/ros2_playground/workspace2/install/descriptions_package/share/descriptions_package/cmake/descriptions_packageConfig.cmake
[2.487s] -- Up-to-date: /home/shiva/ros2_playground/workspace2/install/descriptions_package/share/descriptions_package/cmake/descriptions_packageConfig-version.cmake
[2.487s] -- Up-to-date: /home/shiva/ros2_playground/workspace2/install/descriptions_package/share/descriptions_package/package.xml
[2.744s] Invoked command in '/home/shiva/ros2_playground/workspace2/build/descriptions_package' returned '0': CMAKE_PREFIX_PATH=/opt/ros/humble /usr/bin/cmake --install /home/shiva/ros2_playground/workspace2/build/descriptions_package
