[0.015s] Invoking command in '/home/shiva16/ros2_playground/patrol_bot/build/mapping_pkg': CMAKE_PREFIX_PATH=/opt/ros/humble /usr/bin/cmake --build /home/shiva16/ros2_playground/patrol_bot/build/mapping_pkg -- -j16 -l16
[0.069s] Built target ament_cmake_python_copy_mapping_pkg
[0.231s] running egg_info
[0.231s] writing mapping_pkg.egg-info/PKG-INFO
[0.232s] writing dependency_links to mapping_pkg.egg-info/dependency_links.txt
[0.232s] writing top-level names to mapping_pkg.egg-info/top_level.txt
[0.233s] reading manifest file 'mapping_pkg.egg-info/SOURCES.txt'
[0.233s] writing manifest file 'mapping_pkg.egg-info/SOURCES.txt'
[0.255s] Built target ament_cmake_python_build_mapping_pkg_egg
[0.264s] Invoked command in '/home/shiva16/ros2_playground/patrol_bot/build/mapping_pkg' returned '0': CMAKE_PREFIX_PATH=/opt/ros/humble /usr/bin/cmake --build /home/shiva16/ros2_playground/patrol_bot/build/mapping_pkg -- -j16 -l16
[0.266s] Invoking command in '/home/shiva16/ros2_playground/patrol_bot/build/mapping_pkg': CMAKE_PREFIX_PATH=/opt/ros/humble /usr/bin/cmake --install /home/shiva16/ros2_playground/patrol_bot/build/mapping_pkg
[0.270s] -- Install configuration: ""
[0.271s] -- Up-to-date: /home/shiva16/ros2_playground/patrol_bot/install/mapping_pkg/share/mapping_pkg/environment/pythonpath.sh
[0.271s] -- Up-to-date: /home/shiva16/ros2_playground/patrol_bot/install/mapping_pkg/share/mapping_pkg/environment/pythonpath.dsv
[0.271s] -- Up-to-date: /home/shiva16/ros2_playground/patrol_bot/install/mapping_pkg/local/lib/python3.10/dist-packages/mapping_pkg-0.0.0-py3.10.egg-info
[0.271s] -- Installing: /home/shiva16/ros2_playground/patrol_bot/install/mapping_pkg/local/lib/python3.10/dist-packages/mapping_pkg-0.0.0-py3.10.egg-info/dependency_links.txt
[0.271s] -- Installing: /home/shiva16/ros2_playground/patrol_bot/install/mapping_pkg/local/lib/python3.10/dist-packages/mapping_pkg-0.0.0-py3.10.egg-info/top_level.txt
[0.271s] -- Installing: /home/shiva16/ros2_playground/patrol_bot/install/mapping_pkg/local/lib/python3.10/dist-packages/mapping_pkg-0.0.0-py3.10.egg-info/SOURCES.txt
[0.271s] -- Installing: /home/shiva16/ros2_playground/patrol_bot/install/mapping_pkg/local/lib/python3.10/dist-packages/mapping_pkg-0.0.0-py3.10.egg-info/PKG-INFO
[0.271s] -- Up-to-date: /home/shiva16/ros2_playground/patrol_bot/install/mapping_pkg/local/lib/python3.10/dist-packages/mapping_pkg
[0.271s] -- Up-to-date: /home/shiva16/ros2_playground/patrol_bot/install/mapping_pkg/local/lib/python3.10/dist-packages/mapping_pkg/__init__.py
[0.291s] Listing '/home/shiva16/ros2_playground/patrol_bot/install/mapping_pkg/local/lib/python3.10/dist-packages/mapping_pkg'...
[0.294s] -- Installing: /home/shiva16/ros2_playground/patrol_bot/install/mapping_pkg/share/mapping_pkg/maps
[0.294s] -- Installing: /home/shiva16/ros2_playground/patrol_bot/install/mapping_pkg/share/mapping_pkg/maps/small_house
[0.294s] -- Installing: /home/shiva16/ros2_playground/patrol_bot/install/mapping_pkg/share/mapping_pkg/maps/small_house/map.yaml
[0.294s] -- Installing: /home/shiva16/ros2_playground/patrol_bot/install/mapping_pkg/share/mapping_pkg/maps/small_house/map.pgm
[0.295s] -- Up-to-date: /home/shiva16/ros2_playground/patrol_bot/install/mapping_pkg/share/ament_index/resource_index/package_run_dependencies/mapping_pkg
[0.295s] -- Up-to-date: /home/shiva16/ros2_playground/patrol_bot/install/mapping_pkg/share/ament_index/resource_index/parent_prefix_path/mapping_pkg
[0.295s] -- Up-to-date: /home/shiva16/ros2_playground/patrol_bot/install/mapping_pkg/share/mapping_pkg/environment/ament_prefix_path.sh
[0.295s] -- Installing: /home/shiva16/ros2_playground/patrol_bot/install/mapping_pkg/share/mapping_pkg/environment/ament_prefix_path.dsv
[0.295s] -- Up-to-date: /home/shiva16/ros2_playground/patrol_bot/install/mapping_pkg/share/mapping_pkg/environment/path.sh
[0.295s] -- Installing: /home/shiva16/ros2_playground/patrol_bot/install/mapping_pkg/share/mapping_pkg/environment/path.dsv
[0.295s] -- Up-to-date: /home/shiva16/ros2_playground/patrol_bot/install/mapping_pkg/share/mapping_pkg/local_setup.bash
[0.295s] -- Installing: /home/shiva16/ros2_playground/patrol_bot/install/mapping_pkg/share/mapping_pkg/local_setup.sh
[0.295s] -- Up-to-date: /home/shiva16/ros2_playground/patrol_bot/install/mapping_pkg/share/mapping_pkg/local_setup.zsh
[0.295s] -- Installing: /home/shiva16/ros2_playground/patrol_bot/install/mapping_pkg/share/mapping_pkg/local_setup.dsv
[0.295s] -- Up-to-date: /home/shiva16/ros2_playground/patrol_bot/install/mapping_pkg/share/mapping_pkg/package.dsv
[0.295s] -- Up-to-date: /home/shiva16/ros2_playground/patrol_bot/install/mapping_pkg/share/ament_index/resource_index/packages/mapping_pkg
[0.295s] -- Up-to-date: /home/shiva16/ros2_playground/patrol_bot/install/mapping_pkg/share/mapping_pkg/cmake/mapping_pkgConfig.cmake
[0.295s] -- Up-to-date: /home/shiva16/ros2_playground/patrol_bot/install/mapping_pkg/share/mapping_pkg/cmake/mapping_pkgConfig-version.cmake
[0.296s] -- Up-to-date: /home/shiva16/ros2_playground/patrol_bot/install/mapping_pkg/share/mapping_pkg/package.xml
[0.297s] Invoked command in '/home/shiva16/ros2_playground/patrol_bot/build/mapping_pkg' returned '0': CMAKE_PREFIX_PATH=/opt/ros/humble /usr/bin/cmake --install /home/shiva16/ros2_playground/patrol_bot/build/mapping_pkg
