[0.015s] Invoking command in '/home/shiva16/ros2_playground/patrol_bot/build/mapping_pkg': CMAKE_PREFIX_PATH=/opt/ros/humble /usr/bin/cmake --build /home/shiva16/ros2_playground/patrol_bot/build/mapping_pkg -- -j16 -l16
[0.048s] Invoked command in '/home/shiva16/ros2_playground/patrol_bot/build/mapping_pkg' returned '0': CMAKE_PREFIX_PATH=/opt/ros/humble /usr/bin/cmake --build /home/shiva16/ros2_playground/patrol_bot/build/mapping_pkg -- -j16 -l16
[0.049s] Invoking command in '/home/shiva16/ros2_playground/patrol_bot/build/mapping_pkg': CMAKE_PREFIX_PATH=/opt/ros/humble /usr/bin/cmake --install /home/shiva16/ros2_playground/patrol_bot/build/mapping_pkg
[0.061s] -- Install configuration: ""
[0.062s] -- Up-to-date: /home/shiva16/ros2_playground/patrol_bot/install/mapping_pkg/share/ament_index/resource_index/package_run_dependencies/mapping_pkg
[0.062s] -- Up-to-date: /home/shiva16/ros2_playground/patrol_bot/install/mapping_pkg/share/ament_index/resource_index/parent_prefix_path/mapping_pkg
[0.062s] -- Up-to-date: /home/shiva16/ros2_playground/patrol_bot/install/mapping_pkg/share/mapping_pkg/environment/ament_prefix_path.sh
[0.062s] -- Up-to-date: /home/shiva16/ros2_playground/patrol_bot/install/mapping_pkg/share/mapping_pkg/environment/ament_prefix_path.dsv
[0.062s] -- Up-to-date: /home/shiva16/ros2_playground/patrol_bot/install/mapping_pkg/share/mapping_pkg/environment/path.sh
[0.062s] -- Up-to-date: /home/shiva16/ros2_playground/patrol_bot/install/mapping_pkg/share/mapping_pkg/environment/path.dsv
[0.062s] -- Up-to-date: /home/shiva16/ros2_playground/patrol_bot/install/mapping_pkg/share/mapping_pkg/local_setup.bash
[0.062s] -- Up-to-date: /home/shiva16/ros2_playground/patrol_bot/install/mapping_pkg/share/mapping_pkg/local_setup.sh
[0.063s] -- Up-to-date: /home/shiva16/ros2_playground/patrol_bot/install/mapping_pkg/share/mapping_pkg/local_setup.zsh
[0.064s] -- Up-to-date: /home/shiva16/ros2_playground/patrol_bot/install/mapping_pkg/share/mapping_pkg/local_setup.dsv
[0.064s] -- Installing: /home/shiva16/ros2_playground/patrol_bot/install/mapping_pkg/share/mapping_pkg/package.dsv
[0.064s] -- Up-to-date: /home/shiva16/ros2_playground/patrol_bot/install/mapping_pkg/share/ament_index/resource_index/packages/mapping_pkg
[0.064s] -- Up-to-date: /home/shiva16/ros2_playground/patrol_bot/install/mapping_pkg/share/mapping_pkg/cmake/mapping_pkgConfig.cmake
[0.064s] -- Up-to-date: /home/shiva16/ros2_playground/patrol_bot/install/mapping_pkg/share/mapping_pkg/cmake/mapping_pkgConfig-version.cmake
[0.064s] -- Up-to-date: /home/shiva16/ros2_playground/patrol_bot/install/mapping_pkg/share/mapping_pkg/package.xml
[0.116s] Invoked command in '/home/shiva16/ros2_playground/patrol_bot/build/mapping_pkg' returned '0': CMAKE_PREFIX_PATH=/opt/ros/humble /usr/bin/cmake --install /home/shiva16/ros2_playground/patrol_bot/build/mapping_pkg
