[0.064s] Invoking command in '/home/shiva/ros2_playground/patrol_bot/build/bot3_controllers': CMAKE_PREFIX_PATH=/opt/ros/humble /usr/bin/cmake /home/shiva/ros2_playground/patrol_bot/src/bot3_controllers -DCMAKE_INSTALL_PREFIX=/home/shiva/ros2_playground/patrol_bot/install/bot3_controllers
[0.427s] -- The C compiler identification is GNU 11.4.0
[0.681s] -- The CXX compiler identification is GNU 11.4.0
[0.708s] -- Detecting C compiler ABI info
[0.902s] -- Detecting C compiler ABI info - done
[0.932s] -- Check for working C compiler: /usr/bin/cc - skipped
[0.936s] -- Detecting C compile features
[0.947s] -- Detecting C compile features - done
[0.953s] -- Detecting CXX compiler ABI info
[1.223s] -- Detecting CXX compiler ABI info - done
[1.223s] -- Check for working CXX compiler: /usr/bin/c++ - skipped
[1.223s] -- Detecting CXX compile features
[1.228s] -- Detecting CXX compile features - done
[1.250s] -- Found ament_cmake: 1.3.10 (/opt/ros/humble/share/ament_cmake/cmake)
[1.469s] -- Found Python3: /usr/bin/python3 (found version "3.10.12") found components: Interpreter 
[1.634s] -- Found ament_lint_auto: 0.12.11 (/opt/ros/humble/share/ament_lint_auto/cmake)
[1.769s] -- Added test 'flake8' to check Python code syntax and style conventions
[1.771s] -- Added test 'lint_cmake' to check CMake code style
[1.772s] -- Added test 'pep257' to check Python code against some of the docstring style conventions in PEP 257
[1.774s] -- Added test 'xmllint' to check XML markup files
[1.778s] -- Configuring done
[1.789s] -- Generating done
[1.794s] -- Build files have been written to: /home/shiva/ros2_playground/patrol_bot/build/bot3_controllers
[1.799s] Invoked command in '/home/shiva/ros2_playground/patrol_bot/build/bot3_controllers' returned '0': CMAKE_PREFIX_PATH=/opt/ros/humble /usr/bin/cmake /home/shiva/ros2_playground/patrol_bot/src/bot3_controllers -DCMAKE_INSTALL_PREFIX=/home/shiva/ros2_playground/patrol_bot/install/bot3_controllers
[1.803s] Invoking command in '/home/shiva/ros2_playground/patrol_bot/build/bot3_controllers': CMAKE_PREFIX_PATH=/opt/ros/humble /usr/bin/cmake --build /home/shiva/ros2_playground/patrol_bot/build/bot3_controllers -- -j8 -l8
[1.887s] Invoked command in '/home/shiva/ros2_playground/patrol_bot/build/bot3_controllers' returned '0': CMAKE_PREFIX_PATH=/opt/ros/humble /usr/bin/cmake --build /home/shiva/ros2_playground/patrol_bot/build/bot3_controllers -- -j8 -l8
[2.012s] Invoking command in '/home/shiva/ros2_playground/patrol_bot/build/bot3_controllers': CMAKE_PREFIX_PATH=/opt/ros/humble /usr/bin/cmake --install /home/shiva/ros2_playground/patrol_bot/build/bot3_controllers
[2.046s] -- Install configuration: ""
[2.046s] -- Installing: /home/shiva/ros2_playground/patrol_bot/install/bot3_controllers/share/bot3_controllers/config
[2.046s] -- Installing: /home/shiva/ros2_playground/patrol_bot/install/bot3_controllers/share/bot3_controllers/config/joystick_config_bot3.yaml
[2.046s] -- Installing: /home/shiva/ros2_playground/patrol_bot/install/bot3_controllers/share/bot3_controllers/config/joystick_teleop_config_bot3.yaml
[2.046s] -- Installing: /home/shiva/ros2_playground/patrol_bot/install/bot3_controllers/share/bot3_controllers/config/bot3_controller.yaml
[2.046s] -- Installing: /home/shiva/ros2_playground/patrol_bot/install/bot3_controllers/share/bot3_controllers/launch
[2.046s] -- Installing: /home/shiva/ros2_playground/patrol_bot/install/bot3_controllers/share/bot3_controllers/launch/joystick_teleop_bot3.launch.py
[2.046s] -- Installing: /home/shiva/ros2_playground/patrol_bot/install/bot3_controllers/share/bot3_controllers/launch/bot3_control.launch.py
[2.046s] -- Installing: /home/shiva/ros2_playground/patrol_bot/install/bot3_controllers/share/ament_index/resource_index/package_run_dependencies/bot3_controllers
[2.046s] -- Installing: /home/shiva/ros2_playground/patrol_bot/install/bot3_controllers/share/ament_index/resource_index/parent_prefix_path/bot3_controllers
[2.053s] -- Installing: /home/shiva/ros2_playground/patrol_bot/install/bot3_controllers/share/bot3_controllers/environment/ament_prefix_path.sh
[2.053s] -- Installing: /home/shiva/ros2_playground/patrol_bot/install/bot3_controllers/share/bot3_controllers/environment/ament_prefix_path.dsv
[2.053s] -- Installing: /home/shiva/ros2_playground/patrol_bot/install/bot3_controllers/share/bot3_controllers/environment/path.sh
[2.053s] -- Installing: /home/shiva/ros2_playground/patrol_bot/install/bot3_controllers/share/bot3_controllers/environment/path.dsv
[2.053s] -- Installing: /home/shiva/ros2_playground/patrol_bot/install/bot3_controllers/share/bot3_controllers/local_setup.bash
[2.053s] -- Installing: /home/shiva/ros2_playground/patrol_bot/install/bot3_controllers/share/bot3_controllers/local_setup.sh
[2.053s] -- Installing: /home/shiva/ros2_playground/patrol_bot/install/bot3_controllers/share/bot3_controllers/local_setup.zsh
[2.053s] -- Installing: /home/shiva/ros2_playground/patrol_bot/install/bot3_controllers/share/bot3_controllers/local_setup.dsv
[2.053s] -- Installing: /home/shiva/ros2_playground/patrol_bot/install/bot3_controllers/share/bot3_controllers/package.dsv
[2.053s] -- Installing: /home/shiva/ros2_playground/patrol_bot/install/bot3_controllers/share/ament_index/resource_index/packages/bot3_controllers
[2.053s] -- Installing: /home/shiva/ros2_playground/patrol_bot/install/bot3_controllers/share/bot3_controllers/cmake/bot3_controllersConfig.cmake
[2.053s] -- Installing: /home/shiva/ros2_playground/patrol_bot/install/bot3_controllers/share/bot3_controllers/cmake/bot3_controllersConfig-version.cmake
[2.053s] -- Installing: /home/shiva/ros2_playground/patrol_bot/install/bot3_controllers/share/bot3_controllers/package.xml
[2.062s] Invoked command in '/home/shiva/ros2_playground/patrol_bot/build/bot3_controllers' returned '0': CMAKE_PREFIX_PATH=/opt/ros/humble /usr/bin/cmake --install /home/shiva/ros2_playground/patrol_bot/build/bot3_controllers
