[1.060s] DEBUG:colcon:Command line arguments: ['/usr/bin/colcon', 'build']
[1.061s] DEBUG:colcon:Parsed command line arguments: Namespace(log_base=None, log_level=None, verb_name='build', build_base='build', install_base='install', merge_install=False, symlink_install=False, test_result_base=None, continue_on_error=False, executor='parallel', parallel_workers=8, event_handlers=None, ignore_user_meta=False, metas=['./colcon.meta'], base_paths=['.'], packages_ignore=None, packages_ignore_regex=None, paths=None, packages_up_to=None, packages_up_to_regex=None, packages_above=None, packages_above_and_dependencies=None, packages_above_depth=None, packages_select_by_dep=None, packages_skip_by_dep=None, packages_skip_up_to=None, packages_select_build_failed=False, packages_skip_build_finished=False, packages_select_test_failures=False, packages_skip_test_passed=False, packages_select=None, packages_skip=None, packages_select_regex=None, packages_skip_regex=None, packages_start=None, packages_end=None, allow_overriding=[], cmake_args=None, cmake_target=None, cmake_target_skip_unavailable=False, cmake_clean_cache=False, cmake_clean_first=False, cmake_force_configure=False, ament_cmake_args=None, catkin_cmake_args=None, catkin_skip_building_tests=False, mixin_files=None, mixin=None, verb_parser=<colcon_mixin.mixin.mixin_argument.MixinArgumentDecorator object at 0x79bfca043310>, verb_extension=<colcon_core.verb.build.BuildVerb object at 0x79bfca042da0>, main=<bound method BuildVerb.main of <colcon_core.verb.build.BuildVerb object at 0x79bfca042da0>>, mixin_verb=('build',))
[3.546s] Level 1:colcon.colcon_core.package_discovery:discover_packages(colcon_meta) check parameters
[3.549s] Level 1:colcon.colcon_core.package_discovery:discover_packages(recursive) check parameters
[3.549s] Level 1:colcon.colcon_core.package_discovery:discover_packages(ignore) check parameters
[3.549s] Level 1:colcon.colcon_core.package_discovery:discover_packages(path) check parameters
[3.549s] Level 1:colcon.colcon_core.package_discovery:discover_packages(colcon_meta) discover
[3.549s] Level 1:colcon.colcon_core.package_discovery:discover_packages(recursive) discover
[3.549s] INFO:colcon.colcon_core.package_discovery:Crawling recursively for packages in '/home/shiva/ros2_playground/workspace2'
[3.551s] Level 1:colcon.colcon_core.package_identification:_identify(.) by extensions ['ignore', 'ignore_ament_install']
[3.552s] Level 1:colcon.colcon_core.package_identification:_identify(.) by extension 'ignore'
[3.552s] Level 1:colcon.colcon_core.package_identification:_identify(.) by extension 'ignore_ament_install'
[3.554s] Level 1:colcon.colcon_core.package_identification:_identify(.) by extensions ['colcon_pkg']
[3.554s] Level 1:colcon.colcon_core.package_identification:_identify(.) by extension 'colcon_pkg'
[3.554s] Level 1:colcon.colcon_core.package_identification:_identify(.) by extensions ['colcon_meta']
[3.554s] Level 1:colcon.colcon_core.package_identification:_identify(.) by extension 'colcon_meta'
[3.554s] Level 1:colcon.colcon_core.package_identification:_identify(.) by extensions ['ros']
[3.554s] Level 1:colcon.colcon_core.package_identification:_identify(.) by extension 'ros'
[3.622s] Level 1:colcon.colcon_core.package_identification:_identify(.) by extensions ['cmake', 'python']
[3.622s] Level 1:colcon.colcon_core.package_identification:_identify(.) by extension 'cmake'
[3.622s] Level 1:colcon.colcon_core.package_identification:_identify(.) by extension 'python'
[3.622s] Level 1:colcon.colcon_core.package_identification:_identify(.) by extensions ['python_setup_py']
[3.622s] Level 1:colcon.colcon_core.package_identification:_identify(.) by extension 'python_setup_py'
[3.623s] Level 1:colcon.colcon_core.package_identification:_identify(build) by extensions ['ignore', 'ignore_ament_install']
[3.623s] Level 1:colcon.colcon_core.package_identification:_identify(build) by extension 'ignore'
[3.629s] Level 1:colcon.colcon_core.package_identification:_identify(build) ignored
[3.630s] Level 1:colcon.colcon_core.package_identification:_identify(install) by extensions ['ignore', 'ignore_ament_install']
[3.630s] Level 1:colcon.colcon_core.package_identification:_identify(install) by extension 'ignore'
[3.630s] Level 1:colcon.colcon_core.package_identification:_identify(install) ignored
[3.685s] Level 1:colcon.colcon_core.package_identification:_identify(log) by extensions ['ignore', 'ignore_ament_install']
[3.685s] Level 1:colcon.colcon_core.package_identification:_identify(log) by extension 'ignore'
[3.685s] Level 1:colcon.colcon_core.package_identification:_identify(log) ignored
[3.686s] Level 1:colcon.colcon_core.package_identification:_identify(src) by extensions ['ignore', 'ignore_ament_install']
[3.686s] Level 1:colcon.colcon_core.package_identification:_identify(src) by extension 'ignore'
[3.687s] Level 1:colcon.colcon_core.package_identification:_identify(src) by extension 'ignore_ament_install'
[3.687s] Level 1:colcon.colcon_core.package_identification:_identify(src) by extensions ['colcon_pkg']
[3.687s] Level 1:colcon.colcon_core.package_identification:_identify(src) by extension 'colcon_pkg'
[3.687s] Level 1:colcon.colcon_core.package_identification:_identify(src) by extensions ['colcon_meta']
[3.687s] Level 1:colcon.colcon_core.package_identification:_identify(src) by extension 'colcon_meta'
[3.687s] Level 1:colcon.colcon_core.package_identification:_identify(src) by extensions ['ros']
[3.687s] Level 1:colcon.colcon_core.package_identification:_identify(src) by extension 'ros'
[3.687s] Level 1:colcon.colcon_core.package_identification:_identify(src) by extensions ['cmake', 'python']
[3.687s] Level 1:colcon.colcon_core.package_identification:_identify(src) by extension 'cmake'
[3.687s] Level 1:colcon.colcon_core.package_identification:_identify(src) by extension 'python'
[3.688s] Level 1:colcon.colcon_core.package_identification:_identify(src) by extensions ['python_setup_py']
[3.689s] Level 1:colcon.colcon_core.package_identification:_identify(src) by extension 'python_setup_py'
[3.692s] Level 1:colcon.colcon_core.package_identification:_identify(src/bot2_controllers) by extensions ['ignore', 'ignore_ament_install']
[3.692s] Level 1:colcon.colcon_core.package_identification:_identify(src/bot2_controllers) by extension 'ignore'
[3.692s] Level 1:colcon.colcon_core.package_identification:_identify(src/bot2_controllers) by extension 'ignore_ament_install'
[3.692s] Level 1:colcon.colcon_core.package_identification:_identify(src/bot2_controllers) by extensions ['colcon_pkg']
[3.692s] Level 1:colcon.colcon_core.package_identification:_identify(src/bot2_controllers) by extension 'colcon_pkg'
[3.692s] Level 1:colcon.colcon_core.package_identification:_identify(src/bot2_controllers) by extensions ['colcon_meta']
[3.693s] Level 1:colcon.colcon_core.package_identification:_identify(src/bot2_controllers) by extension 'colcon_meta'
[3.693s] Level 1:colcon.colcon_core.package_identification:_identify(src/bot2_controllers) by extensions ['ros']
[3.693s] Level 1:colcon.colcon_core.package_identification:_identify(src/bot2_controllers) by extension 'ros'
[3.701s] DEBUG:colcon.colcon_core.package_identification:Package 'src/bot2_controllers' with type 'ros.ament_cmake' and name 'bot2_controllers'
[3.706s] Level 1:colcon.colcon_core.package_identification:_identify(src/descriptions_package) by extensions ['ignore', 'ignore_ament_install']
[3.706s] Level 1:colcon.colcon_core.package_identification:_identify(src/descriptions_package) by extension 'ignore'
[3.706s] Level 1:colcon.colcon_core.package_identification:_identify(src/descriptions_package) by extension 'ignore_ament_install'
[3.706s] Level 1:colcon.colcon_core.package_identification:_identify(src/descriptions_package) by extensions ['colcon_pkg']
[3.706s] Level 1:colcon.colcon_core.package_identification:_identify(src/descriptions_package) by extension 'colcon_pkg'
[3.706s] Level 1:colcon.colcon_core.package_identification:_identify(src/descriptions_package) by extensions ['colcon_meta']
[3.706s] Level 1:colcon.colcon_core.package_identification:_identify(src/descriptions_package) by extension 'colcon_meta'
[3.706s] Level 1:colcon.colcon_core.package_identification:_identify(src/descriptions_package) by extensions ['ros']
[3.706s] Level 1:colcon.colcon_core.package_identification:_identify(src/descriptions_package) by extension 'ros'
[3.708s] DEBUG:colcon.colcon_core.package_identification:Package 'src/descriptions_package' with type 'ros.ament_cmake' and name 'descriptions_package'
[3.709s] Level 1:colcon.colcon_core.package_identification:_identify(src/python_pkgs) by extensions ['ignore', 'ignore_ament_install']
[3.709s] Level 1:colcon.colcon_core.package_identification:_identify(src/python_pkgs) by extension 'ignore'
[3.709s] Level 1:colcon.colcon_core.package_identification:_identify(src/python_pkgs) by extension 'ignore_ament_install'
[3.709s] Level 1:colcon.colcon_core.package_identification:_identify(src/python_pkgs) by extensions ['colcon_pkg']
[3.710s] Level 1:colcon.colcon_core.package_identification:_identify(src/python_pkgs) by extension 'colcon_pkg'
[3.710s] Level 1:colcon.colcon_core.package_identification:_identify(src/python_pkgs) by extensions ['colcon_meta']
[3.710s] Level 1:colcon.colcon_core.package_identification:_identify(src/python_pkgs) by extension 'colcon_meta'
[3.710s] Level 1:colcon.colcon_core.package_identification:_identify(src/python_pkgs) by extensions ['ros']
[3.710s] Level 1:colcon.colcon_core.package_identification:_identify(src/python_pkgs) by extension 'ros'
[3.711s] DEBUG:colcon.colcon_core.package_identification:Package 'src/python_pkgs' with type 'ros.ament_python' and name 'python_pkgs'
[3.711s] Level 1:colcon.colcon_core.package_discovery:discover_packages(recursive) using defaults
[3.712s] Level 1:colcon.colcon_core.package_discovery:discover_packages(ignore) discover
[3.712s] Level 1:colcon.colcon_core.package_discovery:discover_packages(ignore) using defaults
[3.712s] Level 1:colcon.colcon_core.package_discovery:discover_packages(path) discover
[3.712s] Level 1:colcon.colcon_core.package_discovery:discover_packages(path) using defaults
[3.803s] Level 1:colcon.colcon_core.package_discovery:discover_packages(prefix_path) check parameters
[3.803s] Level 1:colcon.colcon_core.package_discovery:discover_packages(prefix_path) discover
[3.815s] DEBUG:colcon.colcon_installed_package_information.package_discovery:Found 362 installed packages in /opt/ros/humble
[3.817s] Level 1:colcon.colcon_core.package_discovery:discover_packages(prefix_path) using defaults
[3.887s] Level 5:colcon.colcon_core.verb:set package 'bot2_controllers' build argument 'cmake_args' from command line to 'None'
[3.887s] Level 5:colcon.colcon_core.verb:set package 'bot2_controllers' build argument 'cmake_target' from command line to 'None'
[3.887s] Level 5:colcon.colcon_core.verb:set package 'bot2_controllers' build argument 'cmake_target_skip_unavailable' from command line to 'False'
[3.888s] Level 5:colcon.colcon_core.verb:set package 'bot2_controllers' build argument 'cmake_clean_cache' from command line to 'False'
[3.888s] Level 5:colcon.colcon_core.verb:set package 'bot2_controllers' build argument 'cmake_clean_first' from command line to 'False'
[3.888s] Level 5:colcon.colcon_core.verb:set package 'bot2_controllers' build argument 'cmake_force_configure' from command line to 'False'
[3.888s] Level 5:colcon.colcon_core.verb:set package 'bot2_controllers' build argument 'ament_cmake_args' from command line to 'None'
[3.888s] Level 5:colcon.colcon_core.verb:set package 'bot2_controllers' build argument 'catkin_cmake_args' from command line to 'None'
[3.888s] Level 5:colcon.colcon_core.verb:set package 'bot2_controllers' build argument 'catkin_skip_building_tests' from command line to 'False'
[3.888s] DEBUG:colcon.colcon_core.verb:Building package 'bot2_controllers' with the following arguments: {'ament_cmake_args': None, 'build_base': '/home/shiva/ros2_playground/workspace2/build/bot2_controllers', 'catkin_cmake_args': None, 'catkin_skip_building_tests': False, 'cmake_args': None, 'cmake_clean_cache': False, 'cmake_clean_first': False, 'cmake_force_configure': False, 'cmake_target': None, 'cmake_target_skip_unavailable': False, 'install_base': '/home/shiva/ros2_playground/workspace2/install/bot2_controllers', 'merge_install': False, 'path': '/home/shiva/ros2_playground/workspace2/src/bot2_controllers', 'symlink_install': False, 'test_result_base': None}
[3.888s] Level 5:colcon.colcon_core.verb:set package 'descriptions_package' build argument 'cmake_args' from command line to 'None'
[3.888s] Level 5:colcon.colcon_core.verb:set package 'descriptions_package' build argument 'cmake_target' from command line to 'None'
[3.888s] Level 5:colcon.colcon_core.verb:set package 'descriptions_package' build argument 'cmake_target_skip_unavailable' from command line to 'False'
[3.888s] Level 5:colcon.colcon_core.verb:set package 'descriptions_package' build argument 'cmake_clean_cache' from command line to 'False'
[3.888s] Level 5:colcon.colcon_core.verb:set package 'descriptions_package' build argument 'cmake_clean_first' from command line to 'False'
[3.888s] Level 5:colcon.colcon_core.verb:set package 'descriptions_package' build argument 'cmake_force_configure' from command line to 'False'
[3.888s] Level 5:colcon.colcon_core.verb:set package 'descriptions_package' build argument 'ament_cmake_args' from command line to 'None'
[3.888s] Level 5:colcon.colcon_core.verb:set package 'descriptions_package' build argument 'catkin_cmake_args' from command line to 'None'
[3.888s] Level 5:colcon.colcon_core.verb:set package 'descriptions_package' build argument 'catkin_skip_building_tests' from command line to 'False'
[3.888s] DEBUG:colcon.colcon_core.verb:Building package 'descriptions_package' with the following arguments: {'ament_cmake_args': None, 'build_base': '/home/shiva/ros2_playground/workspace2/build/descriptions_package', 'catkin_cmake_args': None, 'catkin_skip_building_tests': False, 'cmake_args': None, 'cmake_clean_cache': False, 'cmake_clean_first': False, 'cmake_force_configure': False, 'cmake_target': None, 'cmake_target_skip_unavailable': False, 'install_base': '/home/shiva/ros2_playground/workspace2/install/descriptions_package', 'merge_install': False, 'path': '/home/shiva/ros2_playground/workspace2/src/descriptions_package', 'symlink_install': False, 'test_result_base': None}
[3.888s] Level 5:colcon.colcon_core.verb:set package 'python_pkgs' build argument 'cmake_args' from command line to 'None'
[3.888s] Level 5:colcon.colcon_core.verb:set package 'python_pkgs' build argument 'cmake_target' from command line to 'None'
[3.888s] Level 5:colcon.colcon_core.verb:set package 'python_pkgs' build argument 'cmake_target_skip_unavailable' from command line to 'False'
[3.888s] Level 5:colcon.colcon_core.verb:set package 'python_pkgs' build argument 'cmake_clean_cache' from command line to 'False'
[3.889s] Level 5:colcon.colcon_core.verb:set package 'python_pkgs' build argument 'cmake_clean_first' from command line to 'False'
[3.889s] Level 5:colcon.colcon_core.verb:set package 'python_pkgs' build argument 'cmake_force_configure' from command line to 'False'
[3.889s] Level 5:colcon.colcon_core.verb:set package 'python_pkgs' build argument 'ament_cmake_args' from command line to 'None'
[3.889s] Level 5:colcon.colcon_core.verb:set package 'python_pkgs' build argument 'catkin_cmake_args' from command line to 'None'
[3.889s] Level 5:colcon.colcon_core.verb:set package 'python_pkgs' build argument 'catkin_skip_building_tests' from command line to 'False'
[3.889s] DEBUG:colcon.colcon_core.verb:Building package 'python_pkgs' with the following arguments: {'ament_cmake_args': None, 'build_base': '/home/shiva/ros2_playground/workspace2/build/python_pkgs', 'catkin_cmake_args': None, 'catkin_skip_building_tests': False, 'cmake_args': None, 'cmake_clean_cache': False, 'cmake_clean_first': False, 'cmake_force_configure': False, 'cmake_target': None, 'cmake_target_skip_unavailable': False, 'install_base': '/home/shiva/ros2_playground/workspace2/install/python_pkgs', 'merge_install': False, 'path': '/home/shiva/ros2_playground/workspace2/src/python_pkgs', 'symlink_install': False, 'test_result_base': None}
[3.889s] INFO:colcon.colcon_core.executor:Executing jobs using 'parallel' executor
[3.892s] DEBUG:colcon.colcon_parallel_executor.executor.parallel:run_until_complete
[3.893s] INFO:colcon.colcon_ros.task.ament_cmake.build:Building ROS package in '/home/shiva/ros2_playground/workspace2/src/bot2_controllers' with build type 'ament_cmake'
[3.893s] INFO:colcon.colcon_cmake.task.cmake.build:Building CMake package in '/home/shiva/ros2_playground/workspace2/src/bot2_controllers'
[3.914s] INFO:colcon.colcon_core.plugin_system:Skipping extension 'colcon_core.shell.bat': Not used on non-Windows systems
[3.914s] INFO:colcon.colcon_core.shell:Skip shell extension 'powershell' for command environment: Not usable outside of PowerShell
[3.914s] DEBUG:colcon.colcon_core.shell:Skip shell extension 'dsv' for command environment
[3.922s] INFO:colcon.colcon_ros.task.ament_cmake.build:Building ROS package in '/home/shiva/ros2_playground/workspace2/src/descriptions_package' with build type 'ament_cmake'
[3.922s] INFO:colcon.colcon_cmake.task.cmake.build:Building CMake package in '/home/shiva/ros2_playground/workspace2/src/descriptions_package'
[3.923s] INFO:colcon.colcon_core.shell:Skip shell extension 'powershell' for command environment: Not usable outside of PowerShell
[3.927s] DEBUG:colcon.colcon_core.shell:Skip shell extension 'dsv' for command environment
[4.032s] INFO:colcon.colcon_ros.task.ament_python.build:Building ROS package in '/home/shiva/ros2_playground/workspace2/src/python_pkgs' with build type 'ament_python'
[4.053s] Level 1:colcon.colcon_core.shell:create_environment_hook('python_pkgs', 'ament_prefix_path')
[4.056s] INFO:colcon.colcon_core.shell:Creating environment hook '/home/shiva/ros2_playground/workspace2/install/python_pkgs/share/python_pkgs/hook/ament_prefix_path.ps1'
[4.143s] INFO:colcon.colcon_core.shell:Creating environment descriptor '/home/shiva/ros2_playground/workspace2/install/python_pkgs/share/python_pkgs/hook/ament_prefix_path.dsv'
[4.183s] INFO:colcon.colcon_core.shell:Creating environment hook '/home/shiva/ros2_playground/workspace2/install/python_pkgs/share/python_pkgs/hook/ament_prefix_path.sh'
[4.214s] INFO:colcon.colcon_core.shell:Skip shell extension 'powershell' for command environment: Not usable outside of PowerShell
[4.214s] DEBUG:colcon.colcon_core.shell:Skip shell extension 'dsv' for command environment
[4.360s] DEBUG:colcon.colcon_core.event_handler.log_command:Invoking command in '/home/shiva/ros2_playground/workspace2/build/bot2_controllers': CMAKE_PREFIX_PATH=/opt/ros/humble /usr/bin/cmake --build /home/shiva/ros2_playground/workspace2/build/bot2_controllers -- -j8 -l8
[4.548s] DEBUG:colcon.colcon_core.event_handler.log_command:Invoking command in '/home/shiva/ros2_playground/workspace2/build/descriptions_package': CMAKE_PREFIX_PATH=/opt/ros/humble /usr/bin/cmake --build /home/shiva/ros2_playground/workspace2/build/descriptions_package -- -j8 -l8
[7.427s] INFO:colcon.colcon_core.task.python.build:Building Python package in '/home/shiva/ros2_playground/workspace2/src/python_pkgs'
[7.427s] INFO:colcon.colcon_core.shell:Skip shell extension 'powershell' for command environment: Not usable outside of PowerShell
[7.428s] DEBUG:colcon.colcon_core.shell:Skip shell extension 'dsv' for command environment
[8.115s] DEBUG:colcon.colcon_core.event_handler.log_command:Invoked command in '/home/shiva/ros2_playground/workspace2/build/descriptions_package' returned '0': CMAKE_PREFIX_PATH=/opt/ros/humble /usr/bin/cmake --build /home/shiva/ros2_playground/workspace2/build/descriptions_package -- -j8 -l8
[8.158s] DEBUG:colcon.colcon_core.event_handler.log_command:Invoked command in '/home/shiva/ros2_playground/workspace2/build/bot2_controllers' returned '0': CMAKE_PREFIX_PATH=/opt/ros/humble /usr/bin/cmake --build /home/shiva/ros2_playground/workspace2/build/bot2_controllers -- -j8 -l8
[8.802s] DEBUG:colcon.colcon_core.event_handler.log_command:Invoking command in '/home/shiva/ros2_playground/workspace2/build/descriptions_package': CMAKE_PREFIX_PATH=/opt/ros/humble /usr/bin/cmake --install /home/shiva/ros2_playground/workspace2/build/descriptions_package
[8.869s] DEBUG:colcon.colcon_core.event_handler.log_command:Invoking command in '/home/shiva/ros2_playground/workspace2/build/bot2_controllers': CMAKE_PREFIX_PATH=/opt/ros/humble /usr/bin/cmake --install /home/shiva/ros2_playground/workspace2/build/bot2_controllers
[9.244s] Level 1:colcon.colcon_core.environment:create_environment_scripts_only(bot2_controllers)
[9.259s] DEBUG:colcon.colcon_core.event_handler.log_command:Invoked command in '/home/shiva/ros2_playground/workspace2/build/bot2_controllers' returned '0': CMAKE_PREFIX_PATH=/opt/ros/humble /usr/bin/cmake --install /home/shiva/ros2_playground/workspace2/build/bot2_controllers
[9.436s] Level 1:colcon.colcon_core.environment:checking '/home/shiva/ros2_playground/workspace2/install/bot2_controllers' for CMake module files
[9.437s] Level 1:colcon.colcon_core.environment:checking '/home/shiva/ros2_playground/workspace2/install/bot2_controllers' for CMake config files
[9.442s] Level 1:colcon.colcon_core.shell:create_environment_hook('bot2_controllers', 'cmake_prefix_path')
[9.442s] INFO:colcon.colcon_core.shell:Creating environment hook '/home/shiva/ros2_playground/workspace2/install/bot2_controllers/share/bot2_controllers/hook/cmake_prefix_path.ps1'
[9.443s] INFO:colcon.colcon_core.shell:Creating environment descriptor '/home/shiva/ros2_playground/workspace2/install/bot2_controllers/share/bot2_controllers/hook/cmake_prefix_path.dsv'
[9.444s] INFO:colcon.colcon_core.shell:Creating environment hook '/home/shiva/ros2_playground/workspace2/install/bot2_controllers/share/bot2_controllers/hook/cmake_prefix_path.sh'
[9.444s] Level 1:colcon.colcon_core.environment:checking '/home/shiva/ros2_playground/workspace2/install/bot2_controllers/bin'
[9.445s] Level 1:colcon.colcon_core.environment:checking '/home/shiva/ros2_playground/workspace2/install/bot2_controllers/lib/pkgconfig/bot2_controllers.pc'
[9.445s] Level 1:colcon.colcon_core.environment:checking '/home/shiva/ros2_playground/workspace2/install/bot2_controllers/lib/python3.10/site-packages'
[9.445s] Level 1:colcon.colcon_core.environment:checking '/home/shiva/ros2_playground/workspace2/install/bot2_controllers/bin'
[9.445s] INFO:colcon.colcon_core.shell:Creating package script '/home/shiva/ros2_playground/workspace2/install/bot2_controllers/share/bot2_controllers/package.ps1'
[9.448s] INFO:colcon.colcon_core.shell:Creating package descriptor '/home/shiva/ros2_playground/workspace2/install/bot2_controllers/share/bot2_controllers/package.dsv'
[9.450s] INFO:colcon.colcon_core.shell:Creating package script '/home/shiva/ros2_playground/workspace2/install/bot2_controllers/share/bot2_controllers/package.sh'
[9.466s] INFO:colcon.colcon_core.shell:Creating package script '/home/shiva/ros2_playground/workspace2/install/bot2_controllers/share/bot2_controllers/package.bash'
[9.472s] INFO:colcon.colcon_core.shell:Creating package script '/home/shiva/ros2_playground/workspace2/install/bot2_controllers/share/bot2_controllers/package.zsh'
[9.476s] Level 1:colcon.colcon_core.environment:create_file_with_runtime_dependencies(/home/shiva/ros2_playground/workspace2/install/bot2_controllers/share/colcon-core/packages/bot2_controllers)
[9.487s] Level 1:colcon.colcon_core.environment:create_environment_scripts_only(descriptions_package)
[9.488s] Level 1:colcon.colcon_core.environment:checking '/home/shiva/ros2_playground/workspace2/install/descriptions_package' for CMake module files
[9.494s] Level 1:colcon.colcon_core.environment:checking '/home/shiva/ros2_playground/workspace2/install/descriptions_package' for CMake config files
[9.496s] DEBUG:colcon.colcon_core.event_handler.log_command:Invoked command in '/home/shiva/ros2_playground/workspace2/build/descriptions_package' returned '0': CMAKE_PREFIX_PATH=/opt/ros/humble /usr/bin/cmake --install /home/shiva/ros2_playground/workspace2/build/descriptions_package
[10.147s] Level 1:colcon.colcon_core.shell:create_environment_hook('descriptions_package', 'cmake_prefix_path')
[10.147s] INFO:colcon.colcon_core.shell:Creating environment hook '/home/shiva/ros2_playground/workspace2/install/descriptions_package/share/descriptions_package/hook/cmake_prefix_path.ps1'
[10.148s] INFO:colcon.colcon_core.shell:Creating environment descriptor '/home/shiva/ros2_playground/workspace2/install/descriptions_package/share/descriptions_package/hook/cmake_prefix_path.dsv'
[10.149s] INFO:colcon.colcon_core.shell:Creating environment hook '/home/shiva/ros2_playground/workspace2/install/descriptions_package/share/descriptions_package/hook/cmake_prefix_path.sh'
[10.150s] Level 1:colcon.colcon_core.environment:checking '/home/shiva/ros2_playground/workspace2/install/descriptions_package/bin'
[10.151s] Level 1:colcon.colcon_core.environment:checking '/home/shiva/ros2_playground/workspace2/install/descriptions_package/lib/pkgconfig/descriptions_package.pc'
[10.151s] Level 1:colcon.colcon_core.environment:checking '/home/shiva/ros2_playground/workspace2/install/descriptions_package/lib/python3.10/site-packages'
[10.151s] Level 1:colcon.colcon_core.environment:checking '/home/shiva/ros2_playground/workspace2/install/descriptions_package/bin'
[10.152s] INFO:colcon.colcon_core.shell:Creating package script '/home/shiva/ros2_playground/workspace2/install/descriptions_package/share/descriptions_package/package.ps1'
[10.152s] INFO:colcon.colcon_core.shell:Creating package descriptor '/home/shiva/ros2_playground/workspace2/install/descriptions_package/share/descriptions_package/package.dsv'
[10.153s] INFO:colcon.colcon_core.shell:Creating package script '/home/shiva/ros2_playground/workspace2/install/descriptions_package/share/descriptions_package/package.sh'
[10.154s] INFO:colcon.colcon_core.shell:Creating package script '/home/shiva/ros2_playground/workspace2/install/descriptions_package/share/descriptions_package/package.bash'
[10.155s] INFO:colcon.colcon_core.shell:Creating package script '/home/shiva/ros2_playground/workspace2/install/descriptions_package/share/descriptions_package/package.zsh'
[10.155s] Level 1:colcon.colcon_core.environment:create_file_with_runtime_dependencies(/home/shiva/ros2_playground/workspace2/install/descriptions_package/share/colcon-core/packages/descriptions_package)
[10.159s] Level 1:colcon.colcon_core.environment:create_environment_scripts_only(bot2_controllers)
[10.160s] Level 1:colcon.colcon_core.environment:checking '/home/shiva/ros2_playground/workspace2/install/bot2_controllers' for CMake module files
[10.161s] Level 1:colcon.colcon_core.environment:checking '/home/shiva/ros2_playground/workspace2/install/bot2_controllers' for CMake config files
[10.161s] Level 1:colcon.colcon_core.shell:create_environment_hook('bot2_controllers', 'cmake_prefix_path')
[10.162s] INFO:colcon.colcon_core.shell:Creating environment hook '/home/shiva/ros2_playground/workspace2/install/bot2_controllers/share/bot2_controllers/hook/cmake_prefix_path.ps1'
[10.163s] INFO:colcon.colcon_core.shell:Creating environment descriptor '/home/shiva/ros2_playground/workspace2/install/bot2_controllers/share/bot2_controllers/hook/cmake_prefix_path.dsv'
[10.163s] INFO:colcon.colcon_core.shell:Creating environment hook '/home/shiva/ros2_playground/workspace2/install/bot2_controllers/share/bot2_controllers/hook/cmake_prefix_path.sh'
[10.164s] Level 1:colcon.colcon_core.environment:checking '/home/shiva/ros2_playground/workspace2/install/bot2_controllers/bin'
[10.164s] Level 1:colcon.colcon_core.environment:checking '/home/shiva/ros2_playground/workspace2/install/bot2_controllers/lib/pkgconfig/bot2_controllers.pc'
[10.165s] Level 1:colcon.colcon_core.environment:checking '/home/shiva/ros2_playground/workspace2/install/bot2_controllers/lib/python3.10/site-packages'
[10.165s] Level 1:colcon.colcon_core.environment:checking '/home/shiva/ros2_playground/workspace2/install/bot2_controllers/bin'
[10.165s] INFO:colcon.colcon_core.shell:Creating package script '/home/shiva/ros2_playground/workspace2/install/bot2_controllers/share/bot2_controllers/package.ps1'
[10.166s] INFO:colcon.colcon_core.shell:Creating package descriptor '/home/shiva/ros2_playground/workspace2/install/bot2_controllers/share/bot2_controllers/package.dsv'
[10.167s] INFO:colcon.colcon_core.shell:Creating package script '/home/shiva/ros2_playground/workspace2/install/bot2_controllers/share/bot2_controllers/package.sh'
[10.170s] INFO:colcon.colcon_core.shell:Creating package script '/home/shiva/ros2_playground/workspace2/install/bot2_controllers/share/bot2_controllers/package.bash'
[10.172s] INFO:colcon.colcon_core.shell:Creating package script '/home/shiva/ros2_playground/workspace2/install/bot2_controllers/share/bot2_controllers/package.zsh'
[10.177s] Level 1:colcon.colcon_core.environment:create_file_with_runtime_dependencies(/home/shiva/ros2_playground/workspace2/install/bot2_controllers/share/colcon-core/packages/bot2_controllers)
[10.594s] Level 1:colcon.colcon_core.environment:create_environment_scripts_only(descriptions_package)
[10.598s] Level 1:colcon.colcon_core.environment:checking '/home/shiva/ros2_playground/workspace2/install/descriptions_package' for CMake module files
[10.599s] Level 1:colcon.colcon_core.environment:checking '/home/shiva/ros2_playground/workspace2/install/descriptions_package' for CMake config files
[10.612s] Level 1:colcon.colcon_core.shell:create_environment_hook('descriptions_package', 'cmake_prefix_path')
[10.613s] INFO:colcon.colcon_core.shell:Creating environment hook '/home/shiva/ros2_playground/workspace2/install/descriptions_package/share/descriptions_package/hook/cmake_prefix_path.ps1'
[10.615s] INFO:colcon.colcon_core.shell:Creating environment descriptor '/home/shiva/ros2_playground/workspace2/install/descriptions_package/share/descriptions_package/hook/cmake_prefix_path.dsv'
[10.618s] INFO:colcon.colcon_core.shell:Creating environment hook '/home/shiva/ros2_playground/workspace2/install/descriptions_package/share/descriptions_package/hook/cmake_prefix_path.sh'
[10.619s] Level 1:colcon.colcon_core.environment:checking '/home/shiva/ros2_playground/workspace2/install/descriptions_package/bin'
[10.619s] Level 1:colcon.colcon_core.environment:checking '/home/shiva/ros2_playground/workspace2/install/descriptions_package/lib/pkgconfig/descriptions_package.pc'
[10.619s] Level 1:colcon.colcon_core.environment:checking '/home/shiva/ros2_playground/workspace2/install/descriptions_package/lib/python3.10/site-packages'
[10.622s] Level 1:colcon.colcon_core.environment:checking '/home/shiva/ros2_playground/workspace2/install/descriptions_package/bin'
[10.622s] INFO:colcon.colcon_core.shell:Creating package script '/home/shiva/ros2_playground/workspace2/install/descriptions_package/share/descriptions_package/package.ps1'
[10.624s] INFO:colcon.colcon_core.shell:Creating package descriptor '/home/shiva/ros2_playground/workspace2/install/descriptions_package/share/descriptions_package/package.dsv'
[10.626s] INFO:colcon.colcon_core.shell:Creating package script '/home/shiva/ros2_playground/workspace2/install/descriptions_package/share/descriptions_package/package.sh'
[10.627s] INFO:colcon.colcon_core.shell:Creating package script '/home/shiva/ros2_playground/workspace2/install/descriptions_package/share/descriptions_package/package.bash'
[10.627s] INFO:colcon.colcon_core.shell:Creating package script '/home/shiva/ros2_playground/workspace2/install/descriptions_package/share/descriptions_package/package.zsh'
[10.633s] Level 1:colcon.colcon_core.environment:create_file_with_runtime_dependencies(/home/shiva/ros2_playground/workspace2/install/descriptions_package/share/colcon-core/packages/descriptions_package)
[11.191s] DEBUG:colcon.colcon_core.event_handler.log_command:Invoking command in '/home/shiva/ros2_playground/workspace2/src/python_pkgs': PYTHONPATH=/home/shiva/ros2_playground/workspace2/build/python_pkgs/prefix_override:/usr/lib/python3/dist-packages/colcon_core/task/python/colcon_distutils_commands:/home/shiva/ros2_playground/workspace2/install/python_pkgs/lib/python3.10/site-packages:${PYTHONPATH} /usr/bin/python3 -W ignore:setup.py install is deprecated setup.py egg_info --egg-base ../../build/python_pkgs build --build-base /home/shiva/ros2_playground/workspace2/build/python_pkgs/build install --record /home/shiva/ros2_playground/workspace2/build/python_pkgs/install.log --single-version-externally-managed install_data
[11.742s] Level 1:colcon.colcon_core.environment:checking '/home/shiva/ros2_playground/workspace2/install/python_pkgs' for CMake module files
[11.745s] DEBUG:colcon.colcon_core.event_handler.log_command:Invoked command in '/home/shiva/ros2_playground/workspace2/src/python_pkgs' returned '0': PYTHONPATH=/home/shiva/ros2_playground/workspace2/build/python_pkgs/prefix_override:/usr/lib/python3/dist-packages/colcon_core/task/python/colcon_distutils_commands:/home/shiva/ros2_playground/workspace2/install/python_pkgs/lib/python3.10/site-packages:${PYTHONPATH} /usr/bin/python3 -W ignore:setup.py install is deprecated setup.py egg_info --egg-base ../../build/python_pkgs build --build-base /home/shiva/ros2_playground/workspace2/build/python_pkgs/build install --record /home/shiva/ros2_playground/workspace2/build/python_pkgs/install.log --single-version-externally-managed install_data
[11.746s] Level 1:colcon.colcon_core.environment:checking '/home/shiva/ros2_playground/workspace2/install/python_pkgs' for CMake config files
[11.751s] Level 1:colcon.colcon_core.environment:checking '/home/shiva/ros2_playground/workspace2/install/python_pkgs/lib'
[11.751s] Level 1:colcon.colcon_core.environment:checking '/home/shiva/ros2_playground/workspace2/install/python_pkgs/bin'
[11.751s] Level 1:colcon.colcon_core.environment:checking '/home/shiva/ros2_playground/workspace2/install/python_pkgs/lib/pkgconfig/python_pkgs.pc'
[11.751s] Level 1:colcon.colcon_core.environment:checking '/home/shiva/ros2_playground/workspace2/install/python_pkgs/lib/python3.10/site-packages'
[11.752s] Level 1:colcon.colcon_core.shell:create_environment_hook('python_pkgs', 'pythonpath')
[11.752s] INFO:colcon.colcon_core.shell:Creating environment hook '/home/shiva/ros2_playground/workspace2/install/python_pkgs/share/python_pkgs/hook/pythonpath.ps1'
[11.757s] INFO:colcon.colcon_core.shell:Creating environment descriptor '/home/shiva/ros2_playground/workspace2/install/python_pkgs/share/python_pkgs/hook/pythonpath.dsv'
[11.758s] INFO:colcon.colcon_core.shell:Creating environment hook '/home/shiva/ros2_playground/workspace2/install/python_pkgs/share/python_pkgs/hook/pythonpath.sh'
[11.759s] Level 1:colcon.colcon_core.environment:checking '/home/shiva/ros2_playground/workspace2/install/python_pkgs/bin'
[11.759s] Level 1:colcon.colcon_core.environment:create_environment_scripts_only(python_pkgs)
[11.760s] INFO:colcon.colcon_core.shell:Creating package script '/home/shiva/ros2_playground/workspace2/install/python_pkgs/share/python_pkgs/package.ps1'
[11.760s] INFO:colcon.colcon_core.shell:Creating package descriptor '/home/shiva/ros2_playground/workspace2/install/python_pkgs/share/python_pkgs/package.dsv'
[11.761s] INFO:colcon.colcon_core.shell:Creating package script '/home/shiva/ros2_playground/workspace2/install/python_pkgs/share/python_pkgs/package.sh'
[11.762s] INFO:colcon.colcon_core.shell:Creating package script '/home/shiva/ros2_playground/workspace2/install/python_pkgs/share/python_pkgs/package.bash'
[11.762s] INFO:colcon.colcon_core.shell:Creating package script '/home/shiva/ros2_playground/workspace2/install/python_pkgs/share/python_pkgs/package.zsh'
[11.763s] Level 1:colcon.colcon_core.environment:create_file_with_runtime_dependencies(/home/shiva/ros2_playground/workspace2/install/python_pkgs/share/colcon-core/packages/python_pkgs)
[11.764s] DEBUG:colcon.colcon_parallel_executor.executor.parallel:closing loop
[11.765s] DEBUG:colcon.colcon_parallel_executor.executor.parallel:loop closed
[11.768s] DEBUG:colcon.colcon_parallel_executor.executor.parallel:run_until_complete finished with '0'
[11.769s] DEBUG:colcon.colcon_core.event_reactor:joining thread
[11.833s] INFO:colcon.colcon_core.plugin_system:Skipping extension 'colcon_notification.desktop_notification.terminal_notifier': Not used on non-Darwin systems
[11.834s] INFO:colcon.colcon_core.plugin_system:Skipping extension 'colcon_notification.desktop_notification.win32': Not used on non-Windows systems
[11.834s] INFO:colcon.colcon_notification.desktop_notification:Sending desktop notification using 'notify2'
[11.909s] DEBUG:colcon.colcon_core.event_reactor:joined thread
[11.911s] INFO:colcon.colcon_core.shell:Creating prefix script '/home/shiva/ros2_playground/workspace2/install/local_setup.ps1'
[11.926s] INFO:colcon.colcon_core.shell:Creating prefix util module '/home/shiva/ros2_playground/workspace2/install/_local_setup_util_ps1.py'
[11.928s] INFO:colcon.colcon_core.shell:Creating prefix chain script '/home/shiva/ros2_playground/workspace2/install/setup.ps1'
[11.930s] INFO:colcon.colcon_core.shell:Creating prefix script '/home/shiva/ros2_playground/workspace2/install/local_setup.sh'
[11.935s] INFO:colcon.colcon_core.shell:Creating prefix util module '/home/shiva/ros2_playground/workspace2/install/_local_setup_util_sh.py'
[11.936s] INFO:colcon.colcon_core.shell:Creating prefix chain script '/home/shiva/ros2_playground/workspace2/install/setup.sh'
[11.938s] INFO:colcon.colcon_core.shell:Creating prefix script '/home/shiva/ros2_playground/workspace2/install/local_setup.bash'
[11.940s] INFO:colcon.colcon_core.shell:Creating prefix chain script '/home/shiva/ros2_playground/workspace2/install/setup.bash'
[11.943s] INFO:colcon.colcon_core.shell:Creating prefix script '/home/shiva/ros2_playground/workspace2/install/local_setup.zsh'
[11.949s] INFO:colcon.colcon_core.shell:Creating prefix chain script '/home/shiva/ros2_playground/workspace2/install/setup.zsh'
