[0.017s] Invoking command in '/home/shiva16/ros2_playground/patrol_bot/build/navigation_package': CMAKE_PREFIX_PATH=/opt/ros/humble /usr/bin/cmake --build /home/shiva16/ros2_playground/patrol_bot/build/navigation_package -- -j16 -l16
[0.033s] -- Found ament_cmake: 1.3.11 (/opt/ros/humble/share/ament_cmake/cmake)
[0.124s] -- Found ament_lint_auto: 0.12.11 (/opt/ros/humble/share/ament_lint_auto/cmake)
[0.199s] -- Added test 'flake8' to check Python code syntax and style conventions
[0.200s] -- Added test 'lint_cmake' to check CMake code style
[0.200s] -- Added test 'pep257' to check Python code against some of the docstring style conventions in PEP 257
[0.202s] -- Added test 'xmllint' to check XML markup files
[0.203s] -- Configuring done
[0.205s] -- Generating done
[0.207s] -- Build files have been written to: /home/shiva16/ros2_playground/patrol_bot/build/navigation_package
[0.228s] Invoked command in '/home/shiva16/ros2_playground/patrol_bot/build/navigation_package' returned '0': CMAKE_PREFIX_PATH=/opt/ros/humble /usr/bin/cmake --build /home/shiva16/ros2_playground/patrol_bot/build/navigation_package -- -j16 -l16
[0.229s] Invoking command in '/home/shiva16/ros2_playground/patrol_bot/build/navigation_package': CMAKE_PREFIX_PATH=/opt/ros/humble /usr/bin/cmake --install /home/shiva16/ros2_playground/patrol_bot/build/navigation_package
[0.236s] -- Install configuration: ""
[0.236s] -- Up-to-date: /home/shiva16/ros2_playground/patrol_bot/install/navigation_package/share/navigation_package/launch
[0.236s] -- Up-to-date: /home/shiva16/ros2_playground/patrol_bot/install/navigation_package/share/navigation_package/launch/navigation2.launch.py
[0.237s] -- Up-to-date: /home/shiva16/ros2_playground/patrol_bot/install/navigation_package/share/navigation_package/config
[0.237s] -- Installing: /home/shiva16/ros2_playground/patrol_bot/install/navigation_package/share/navigation_package/config/nav2_params.yaml
[0.237s] -- Up-to-date: /home/shiva16/ros2_playground/patrol_bot/install/navigation_package/share/ament_index/resource_index/package_run_dependencies/navigation_package
[0.237s] -- Up-to-date: /home/shiva16/ros2_playground/patrol_bot/install/navigation_package/share/ament_index/resource_index/parent_prefix_path/navigation_package
[0.237s] -- Up-to-date: /home/shiva16/ros2_playground/patrol_bot/install/navigation_package/share/navigation_package/environment/ament_prefix_path.sh
[0.237s] -- Installing: /home/shiva16/ros2_playground/patrol_bot/install/navigation_package/share/navigation_package/environment/ament_prefix_path.dsv
[0.237s] -- Up-to-date: /home/shiva16/ros2_playground/patrol_bot/install/navigation_package/share/navigation_package/environment/path.sh
[0.237s] -- Installing: /home/shiva16/ros2_playground/patrol_bot/install/navigation_package/share/navigation_package/environment/path.dsv
[0.237s] -- Up-to-date: /home/shiva16/ros2_playground/patrol_bot/install/navigation_package/share/navigation_package/local_setup.bash
[0.237s] -- Up-to-date: /home/shiva16/ros2_playground/patrol_bot/install/navigation_package/share/navigation_package/local_setup.sh
[0.237s] -- Up-to-date: /home/shiva16/ros2_playground/patrol_bot/install/navigation_package/share/navigation_package/local_setup.zsh
[0.238s] -- Installing: /home/shiva16/ros2_playground/patrol_bot/install/navigation_package/share/navigation_package/local_setup.dsv
[0.238s] -- Installing: /home/shiva16/ros2_playground/patrol_bot/install/navigation_package/share/navigation_package/package.dsv
[0.238s] -- Up-to-date: /home/shiva16/ros2_playground/patrol_bot/install/navigation_package/share/ament_index/resource_index/packages/navigation_package
[0.238s] -- Up-to-date: /home/shiva16/ros2_playground/patrol_bot/install/navigation_package/share/navigation_package/cmake/navigation_packageConfig.cmake
[0.238s] -- Up-to-date: /home/shiva16/ros2_playground/patrol_bot/install/navigation_package/share/navigation_package/cmake/navigation_packageConfig-version.cmake
[0.238s] -- Up-to-date: /home/shiva16/ros2_playground/patrol_bot/install/navigation_package/share/navigation_package/package.xml
[0.239s] Invoked command in '/home/shiva16/ros2_playground/patrol_bot/build/navigation_package' returned '0': CMAKE_PREFIX_PATH=/opt/ros/humble /usr/bin/cmake --install /home/shiva16/ros2_playground/patrol_bot/build/navigation_package
