[0.102s] DEBUG:colcon:Command line arguments: ['/usr/bin/colcon', 'build']
[0.103s] DEBUG:colcon:Parsed command line arguments: Namespace(log_base=None, log_level=None, verb_name='build', build_base='build', install_base='install', merge_install=False, symlink_install=False, test_result_base=None, continue_on_error=False, executor='parallel', parallel_workers=8, event_handlers=None, ignore_user_meta=False, metas=['./colcon.meta'], base_paths=['.'], packages_ignore=None, packages_ignore_regex=None, paths=None, packages_up_to=None, packages_up_to_regex=None, packages_above=None, packages_above_and_dependencies=None, packages_above_depth=None, packages_select_by_dep=None, packages_skip_by_dep=None, packages_skip_up_to=None, packages_select_build_failed=False, packages_skip_build_finished=False, packages_select_test_failures=False, packages_skip_test_passed=False, packages_select=None, packages_skip=None, packages_select_regex=None, packages_skip_regex=None, packages_start=None, packages_end=None, allow_overriding=[], cmake_args=None, cmake_target=None, cmake_target_skip_unavailable=False, cmake_clean_cache=False, cmake_clean_first=False, cmake_force_configure=False, ament_cmake_args=None, catkin_cmake_args=None, catkin_skip_building_tests=False, mixin_files=None, mixin=None, verb_parser=<colcon_mixin.mixin.mixin_argument.MixinArgumentDecorator object at 0x75d06b7ff070>, verb_extension=<colcon_core.verb.build.BuildVerb object at 0x75d06b7feb00>, main=<bound method BuildVerb.main of <colcon_core.verb.build.BuildVerb object at 0x75d06b7feb00>>, mixin_verb=('build',))
[0.283s] Level 1:colcon.colcon_core.package_discovery:discover_packages(colcon_meta) check parameters
[0.283s] Level 1:colcon.colcon_core.package_discovery:discover_packages(recursive) check parameters
[0.284s] Level 1:colcon.colcon_core.package_discovery:discover_packages(ignore) check parameters
[0.284s] Level 1:colcon.colcon_core.package_discovery:discover_packages(path) check parameters
[0.284s] Level 1:colcon.colcon_core.package_discovery:discover_packages(colcon_meta) discover
[0.284s] Level 1:colcon.colcon_core.package_discovery:discover_packages(recursive) discover
[0.284s] INFO:colcon.colcon_core.package_discovery:Crawling recursively for packages in '/home/shiva/ros2_playground/workspace2'
[0.284s] Level 1:colcon.colcon_core.package_identification:_identify(.) by extensions ['ignore', 'ignore_ament_install']
[0.284s] Level 1:colcon.colcon_core.package_identification:_identify(.) by extension 'ignore'
[0.285s] Level 1:colcon.colcon_core.package_identification:_identify(.) by extension 'ignore_ament_install'
[0.285s] Level 1:colcon.colcon_core.package_identification:_identify(.) by extensions ['colcon_pkg']
[0.285s] Level 1:colcon.colcon_core.package_identification:_identify(.) by extension 'colcon_pkg'
[0.285s] Level 1:colcon.colcon_core.package_identification:_identify(.) by extensions ['colcon_meta']
[0.285s] Level 1:colcon.colcon_core.package_identification:_identify(.) by extension 'colcon_meta'
[0.285s] Level 1:colcon.colcon_core.package_identification:_identify(.) by extensions ['ros']
[0.285s] Level 1:colcon.colcon_core.package_identification:_identify(.) by extension 'ros'
[0.299s] Level 1:colcon.colcon_core.package_identification:_identify(.) by extensions ['cmake', 'python']
[0.299s] Level 1:colcon.colcon_core.package_identification:_identify(.) by extension 'cmake'
[0.299s] Level 1:colcon.colcon_core.package_identification:_identify(.) by extension 'python'
[0.299s] Level 1:colcon.colcon_core.package_identification:_identify(.) by extensions ['python_setup_py']
[0.299s] Level 1:colcon.colcon_core.package_identification:_identify(.) by extension 'python_setup_py'
[0.300s] Level 1:colcon.colcon_core.package_identification:_identify(build) by extensions ['ignore', 'ignore_ament_install']
[0.300s] Level 1:colcon.colcon_core.package_identification:_identify(build) by extension 'ignore'
[0.300s] Level 1:colcon.colcon_core.package_identification:_identify(build) ignored
[0.300s] Level 1:colcon.colcon_core.package_identification:_identify(install) by extensions ['ignore', 'ignore_ament_install']
[0.300s] Level 1:colcon.colcon_core.package_identification:_identify(install) by extension 'ignore'
[0.300s] Level 1:colcon.colcon_core.package_identification:_identify(install) ignored
[0.301s] Level 1:colcon.colcon_core.package_identification:_identify(log) by extensions ['ignore', 'ignore_ament_install']
[0.301s] Level 1:colcon.colcon_core.package_identification:_identify(log) by extension 'ignore'
[0.301s] Level 1:colcon.colcon_core.package_identification:_identify(log) ignored
[0.301s] Level 1:colcon.colcon_core.package_identification:_identify(src) by extensions ['ignore', 'ignore_ament_install']
[0.301s] Level 1:colcon.colcon_core.package_identification:_identify(src) by extension 'ignore'
[0.301s] Level 1:colcon.colcon_core.package_identification:_identify(src) by extension 'ignore_ament_install'
[0.301s] Level 1:colcon.colcon_core.package_identification:_identify(src) by extensions ['colcon_pkg']
[0.301s] Level 1:colcon.colcon_core.package_identification:_identify(src) by extension 'colcon_pkg'
[0.301s] Level 1:colcon.colcon_core.package_identification:_identify(src) by extensions ['colcon_meta']
[0.301s] Level 1:colcon.colcon_core.package_identification:_identify(src) by extension 'colcon_meta'
[0.301s] Level 1:colcon.colcon_core.package_identification:_identify(src) by extensions ['ros']
[0.301s] Level 1:colcon.colcon_core.package_identification:_identify(src) by extension 'ros'
[0.302s] Level 1:colcon.colcon_core.package_identification:_identify(src) by extensions ['cmake', 'python']
[0.302s] Level 1:colcon.colcon_core.package_identification:_identify(src) by extension 'cmake'
[0.302s] Level 1:colcon.colcon_core.package_identification:_identify(src) by extension 'python'
[0.302s] Level 1:colcon.colcon_core.package_identification:_identify(src) by extensions ['python_setup_py']
[0.302s] Level 1:colcon.colcon_core.package_identification:_identify(src) by extension 'python_setup_py'
[0.302s] Level 1:colcon.colcon_core.package_identification:_identify(src/descriptions_package) by extensions ['ignore', 'ignore_ament_install']
[0.302s] Level 1:colcon.colcon_core.package_identification:_identify(src/descriptions_package) by extension 'ignore'
[0.302s] Level 1:colcon.colcon_core.package_identification:_identify(src/descriptions_package) by extension 'ignore_ament_install'
[0.302s] Level 1:colcon.colcon_core.package_identification:_identify(src/descriptions_package) by extensions ['colcon_pkg']
[0.302s] Level 1:colcon.colcon_core.package_identification:_identify(src/descriptions_package) by extension 'colcon_pkg'
[0.302s] Level 1:colcon.colcon_core.package_identification:_identify(src/descriptions_package) by extensions ['colcon_meta']
[0.302s] Level 1:colcon.colcon_core.package_identification:_identify(src/descriptions_package) by extension 'colcon_meta'
[0.302s] Level 1:colcon.colcon_core.package_identification:_identify(src/descriptions_package) by extensions ['ros']
[0.302s] Level 1:colcon.colcon_core.package_identification:_identify(src/descriptions_package) by extension 'ros'
[0.304s] DEBUG:colcon.colcon_core.package_identification:Package 'src/descriptions_package' with type 'ros.ament_cmake' and name 'descriptions_package'
[0.305s] Level 1:colcon.colcon_core.package_identification:_identify(src/python_pkgs) by extensions ['ignore', 'ignore_ament_install']
[0.305s] Level 1:colcon.colcon_core.package_identification:_identify(src/python_pkgs) by extension 'ignore'
[0.305s] Level 1:colcon.colcon_core.package_identification:_identify(src/python_pkgs) by extension 'ignore_ament_install'
[0.305s] Level 1:colcon.colcon_core.package_identification:_identify(src/python_pkgs) by extensions ['colcon_pkg']
[0.305s] Level 1:colcon.colcon_core.package_identification:_identify(src/python_pkgs) by extension 'colcon_pkg'
[0.305s] Level 1:colcon.colcon_core.package_identification:_identify(src/python_pkgs) by extensions ['colcon_meta']
[0.305s] Level 1:colcon.colcon_core.package_identification:_identify(src/python_pkgs) by extension 'colcon_meta'
[0.305s] Level 1:colcon.colcon_core.package_identification:_identify(src/python_pkgs) by extensions ['ros']
[0.305s] Level 1:colcon.colcon_core.package_identification:_identify(src/python_pkgs) by extension 'ros'
[0.306s] DEBUG:colcon.colcon_core.package_identification:Package 'src/python_pkgs' with type 'ros.ament_python' and name 'python_pkgs'
[0.306s] Level 1:colcon.colcon_core.package_discovery:discover_packages(recursive) using defaults
[0.306s] Level 1:colcon.colcon_core.package_discovery:discover_packages(ignore) discover
[0.306s] Level 1:colcon.colcon_core.package_discovery:discover_packages(ignore) using defaults
[0.306s] Level 1:colcon.colcon_core.package_discovery:discover_packages(path) discover
[0.306s] Level 1:colcon.colcon_core.package_discovery:discover_packages(path) using defaults
[0.337s] Level 1:colcon.colcon_core.package_discovery:discover_packages(prefix_path) check parameters
[0.337s] Level 1:colcon.colcon_core.package_discovery:discover_packages(prefix_path) discover
[0.340s] DEBUG:colcon.colcon_installed_package_information.package_discovery:Found 362 installed packages in /opt/ros/humble
[0.341s] Level 1:colcon.colcon_core.package_discovery:discover_packages(prefix_path) using defaults
[0.379s] Level 5:colcon.colcon_core.verb:set package 'descriptions_package' build argument 'cmake_args' from command line to 'None'
[0.379s] Level 5:colcon.colcon_core.verb:set package 'descriptions_package' build argument 'cmake_target' from command line to 'None'
[0.379s] Level 5:colcon.colcon_core.verb:set package 'descriptions_package' build argument 'cmake_target_skip_unavailable' from command line to 'False'
[0.379s] Level 5:colcon.colcon_core.verb:set package 'descriptions_package' build argument 'cmake_clean_cache' from command line to 'False'
[0.379s] Level 5:colcon.colcon_core.verb:set package 'descriptions_package' build argument 'cmake_clean_first' from command line to 'False'
[0.379s] Level 5:colcon.colcon_core.verb:set package 'descriptions_package' build argument 'cmake_force_configure' from command line to 'False'
[0.380s] Level 5:colcon.colcon_core.verb:set package 'descriptions_package' build argument 'ament_cmake_args' from command line to 'None'
[0.380s] Level 5:colcon.colcon_core.verb:set package 'descriptions_package' build argument 'catkin_cmake_args' from command line to 'None'
[0.380s] Level 5:colcon.colcon_core.verb:set package 'descriptions_package' build argument 'catkin_skip_building_tests' from command line to 'False'
[0.380s] DEBUG:colcon.colcon_core.verb:Building package 'descriptions_package' with the following arguments: {'ament_cmake_args': None, 'build_base': '/home/shiva/ros2_playground/workspace2/build/descriptions_package', 'catkin_cmake_args': None, 'catkin_skip_building_tests': False, 'cmake_args': None, 'cmake_clean_cache': False, 'cmake_clean_first': False, 'cmake_force_configure': False, 'cmake_target': None, 'cmake_target_skip_unavailable': False, 'install_base': '/home/shiva/ros2_playground/workspace2/install/descriptions_package', 'merge_install': False, 'path': '/home/shiva/ros2_playground/workspace2/src/descriptions_package', 'symlink_install': False, 'test_result_base': None}
[0.382s] Level 5:colcon.colcon_core.verb:set package 'python_pkgs' build argument 'cmake_args' from command line to 'None'
[0.382s] Level 5:colcon.colcon_core.verb:set package 'python_pkgs' build argument 'cmake_target' from command line to 'None'
[0.382s] Level 5:colcon.colcon_core.verb:set package 'python_pkgs' build argument 'cmake_target_skip_unavailable' from command line to 'False'
[0.382s] Level 5:colcon.colcon_core.verb:set package 'python_pkgs' build argument 'cmake_clean_cache' from command line to 'False'
[0.382s] Level 5:colcon.colcon_core.verb:set package 'python_pkgs' build argument 'cmake_clean_first' from command line to 'False'
[0.382s] Level 5:colcon.colcon_core.verb:set package 'python_pkgs' build argument 'cmake_force_configure' from command line to 'False'
[0.382s] Level 5:colcon.colcon_core.verb:set package 'python_pkgs' build argument 'ament_cmake_args' from command line to 'None'
[0.382s] Level 5:colcon.colcon_core.verb:set package 'python_pkgs' build argument 'catkin_cmake_args' from command line to 'None'
[0.382s] Level 5:colcon.colcon_core.verb:set package 'python_pkgs' build argument 'catkin_skip_building_tests' from command line to 'False'
[0.382s] DEBUG:colcon.colcon_core.verb:Building package 'python_pkgs' with the following arguments: {'ament_cmake_args': None, 'build_base': '/home/shiva/ros2_playground/workspace2/build/python_pkgs', 'catkin_cmake_args': None, 'catkin_skip_building_tests': False, 'cmake_args': None, 'cmake_clean_cache': False, 'cmake_clean_first': False, 'cmake_force_configure': False, 'cmake_target': None, 'cmake_target_skip_unavailable': False, 'install_base': '/home/shiva/ros2_playground/workspace2/install/python_pkgs', 'merge_install': False, 'path': '/home/shiva/ros2_playground/workspace2/src/python_pkgs', 'symlink_install': False, 'test_result_base': None}
[0.382s] INFO:colcon.colcon_core.executor:Executing jobs using 'parallel' executor
[0.384s] DEBUG:colcon.colcon_parallel_executor.executor.parallel:run_until_complete
[0.384s] INFO:colcon.colcon_ros.task.ament_cmake.build:Building ROS package in '/home/shiva/ros2_playground/workspace2/src/descriptions_package' with build type 'ament_cmake'
[0.385s] INFO:colcon.colcon_cmake.task.cmake.build:Building CMake package in '/home/shiva/ros2_playground/workspace2/src/descriptions_package'
[0.387s] INFO:colcon.colcon_core.plugin_system:Skipping extension 'colcon_core.shell.bat': Not used on non-Windows systems
[0.387s] INFO:colcon.colcon_core.shell:Skip shell extension 'powershell' for command environment: Not usable outside of PowerShell
[0.387s] DEBUG:colcon.colcon_core.shell:Skip shell extension 'dsv' for command environment
[0.391s] INFO:colcon.colcon_ros.task.ament_python.build:Building ROS package in '/home/shiva/ros2_playground/workspace2/src/python_pkgs' with build type 'ament_python'
[0.391s] Level 1:colcon.colcon_core.shell:create_environment_hook('python_pkgs', 'ament_prefix_path')
[0.391s] INFO:colcon.colcon_core.shell:Creating environment hook '/home/shiva/ros2_playground/workspace2/install/python_pkgs/share/python_pkgs/hook/ament_prefix_path.ps1'
[0.414s] INFO:colcon.colcon_core.shell:Creating environment descriptor '/home/shiva/ros2_playground/workspace2/install/python_pkgs/share/python_pkgs/hook/ament_prefix_path.dsv'
[0.424s] INFO:colcon.colcon_core.shell:Creating environment hook '/home/shiva/ros2_playground/workspace2/install/python_pkgs/share/python_pkgs/hook/ament_prefix_path.sh'
[0.426s] INFO:colcon.colcon_core.shell:Skip shell extension 'powershell' for command environment: Not usable outside of PowerShell
[0.426s] DEBUG:colcon.colcon_core.shell:Skip shell extension 'dsv' for command environment
[0.530s] DEBUG:colcon.colcon_core.event_handler.log_command:Invoking command in '/home/shiva/ros2_playground/workspace2/build/descriptions_package': CMAKE_PREFIX_PATH=/opt/ros/humble /usr/bin/cmake --build /home/shiva/ros2_playground/workspace2/build/descriptions_package -- -j8 -l8
[0.895s] INFO:colcon.colcon_core.task.python.build:Building Python package in '/home/shiva/ros2_playground/workspace2/src/python_pkgs'
[0.896s] INFO:colcon.colcon_core.shell:Skip shell extension 'powershell' for command environment: Not usable outside of PowerShell
[0.896s] DEBUG:colcon.colcon_core.shell:Skip shell extension 'dsv' for command environment
[0.914s] DEBUG:colcon.colcon_core.event_handler.log_command:Invoked command in '/home/shiva/ros2_playground/workspace2/build/descriptions_package' returned '0': CMAKE_PREFIX_PATH=/opt/ros/humble /usr/bin/cmake --build /home/shiva/ros2_playground/workspace2/build/descriptions_package -- -j8 -l8
[1.033s] DEBUG:colcon.colcon_core.event_handler.log_command:Invoking command in '/home/shiva/ros2_playground/workspace2/build/descriptions_package': CMAKE_PREFIX_PATH=/opt/ros/humble /usr/bin/cmake --install /home/shiva/ros2_playground/workspace2/build/descriptions_package
[1.044s] Level 1:colcon.colcon_core.environment:create_environment_scripts_only(descriptions_package)
[1.045s] DEBUG:colcon.colcon_core.event_handler.log_command:Invoked command in '/home/shiva/ros2_playground/workspace2/build/descriptions_package' returned '0': CMAKE_PREFIX_PATH=/opt/ros/humble /usr/bin/cmake --install /home/shiva/ros2_playground/workspace2/build/descriptions_package
[1.046s] Level 1:colcon.colcon_core.environment:checking '/home/shiva/ros2_playground/workspace2/install/descriptions_package' for CMake module files
[1.047s] Level 1:colcon.colcon_core.environment:checking '/home/shiva/ros2_playground/workspace2/install/descriptions_package' for CMake config files
[1.047s] Level 1:colcon.colcon_core.shell:create_environment_hook('descriptions_package', 'cmake_prefix_path')
[1.047s] INFO:colcon.colcon_core.shell:Creating environment hook '/home/shiva/ros2_playground/workspace2/install/descriptions_package/share/descriptions_package/hook/cmake_prefix_path.ps1'
[1.048s] INFO:colcon.colcon_core.shell:Creating environment descriptor '/home/shiva/ros2_playground/workspace2/install/descriptions_package/share/descriptions_package/hook/cmake_prefix_path.dsv'
[1.048s] INFO:colcon.colcon_core.shell:Creating environment hook '/home/shiva/ros2_playground/workspace2/install/descriptions_package/share/descriptions_package/hook/cmake_prefix_path.sh'
[1.049s] Level 1:colcon.colcon_core.environment:checking '/home/shiva/ros2_playground/workspace2/install/descriptions_package/bin'
[1.049s] Level 1:colcon.colcon_core.environment:checking '/home/shiva/ros2_playground/workspace2/install/descriptions_package/lib/pkgconfig/descriptions_package.pc'
[1.049s] Level 1:colcon.colcon_core.environment:checking '/home/shiva/ros2_playground/workspace2/install/descriptions_package/lib/python3.10/site-packages'
[1.049s] Level 1:colcon.colcon_core.environment:checking '/home/shiva/ros2_playground/workspace2/install/descriptions_package/bin'
[1.050s] INFO:colcon.colcon_core.shell:Creating package script '/home/shiva/ros2_playground/workspace2/install/descriptions_package/share/descriptions_package/package.ps1'
[1.050s] INFO:colcon.colcon_core.shell:Creating package descriptor '/home/shiva/ros2_playground/workspace2/install/descriptions_package/share/descriptions_package/package.dsv'
[1.051s] INFO:colcon.colcon_core.shell:Creating package script '/home/shiva/ros2_playground/workspace2/install/descriptions_package/share/descriptions_package/package.sh'
[1.051s] INFO:colcon.colcon_core.shell:Creating package script '/home/shiva/ros2_playground/workspace2/install/descriptions_package/share/descriptions_package/package.bash'
[1.052s] INFO:colcon.colcon_core.shell:Creating package script '/home/shiva/ros2_playground/workspace2/install/descriptions_package/share/descriptions_package/package.zsh'
[1.053s] Level 1:colcon.colcon_core.environment:create_file_with_runtime_dependencies(/home/shiva/ros2_playground/workspace2/install/descriptions_package/share/colcon-core/packages/descriptions_package)
[1.086s] Level 1:colcon.colcon_core.environment:create_environment_scripts_only(descriptions_package)
[1.086s] Level 1:colcon.colcon_core.environment:checking '/home/shiva/ros2_playground/workspace2/install/descriptions_package' for CMake module files
[1.087s] Level 1:colcon.colcon_core.environment:checking '/home/shiva/ros2_playground/workspace2/install/descriptions_package' for CMake config files
[1.087s] Level 1:colcon.colcon_core.shell:create_environment_hook('descriptions_package', 'cmake_prefix_path')
[1.087s] INFO:colcon.colcon_core.shell:Creating environment hook '/home/shiva/ros2_playground/workspace2/install/descriptions_package/share/descriptions_package/hook/cmake_prefix_path.ps1'
[1.088s] INFO:colcon.colcon_core.shell:Creating environment descriptor '/home/shiva/ros2_playground/workspace2/install/descriptions_package/share/descriptions_package/hook/cmake_prefix_path.dsv'
[1.088s] INFO:colcon.colcon_core.shell:Creating environment hook '/home/shiva/ros2_playground/workspace2/install/descriptions_package/share/descriptions_package/hook/cmake_prefix_path.sh'
[1.089s] Level 1:colcon.colcon_core.environment:checking '/home/shiva/ros2_playground/workspace2/install/descriptions_package/bin'
[1.089s] Level 1:colcon.colcon_core.environment:checking '/home/shiva/ros2_playground/workspace2/install/descriptions_package/lib/pkgconfig/descriptions_package.pc'
[1.090s] Level 1:colcon.colcon_core.environment:checking '/home/shiva/ros2_playground/workspace2/install/descriptions_package/lib/python3.10/site-packages'
[1.090s] Level 1:colcon.colcon_core.environment:checking '/home/shiva/ros2_playground/workspace2/install/descriptions_package/bin'
[1.090s] INFO:colcon.colcon_core.shell:Creating package script '/home/shiva/ros2_playground/workspace2/install/descriptions_package/share/descriptions_package/package.ps1'
[1.091s] INFO:colcon.colcon_core.shell:Creating package descriptor '/home/shiva/ros2_playground/workspace2/install/descriptions_package/share/descriptions_package/package.dsv'
[1.091s] INFO:colcon.colcon_core.shell:Creating package script '/home/shiva/ros2_playground/workspace2/install/descriptions_package/share/descriptions_package/package.sh'
[1.092s] INFO:colcon.colcon_core.shell:Creating package script '/home/shiva/ros2_playground/workspace2/install/descriptions_package/share/descriptions_package/package.bash'
[1.093s] INFO:colcon.colcon_core.shell:Creating package script '/home/shiva/ros2_playground/workspace2/install/descriptions_package/share/descriptions_package/package.zsh'
[1.093s] Level 1:colcon.colcon_core.environment:create_file_with_runtime_dependencies(/home/shiva/ros2_playground/workspace2/install/descriptions_package/share/colcon-core/packages/descriptions_package)
[1.384s] DEBUG:colcon.colcon_core.event_handler.log_command:Invoking command in '/home/shiva/ros2_playground/workspace2/src/python_pkgs': PYTHONPATH=/home/shiva/ros2_playground/workspace2/build/python_pkgs/prefix_override:/usr/lib/python3/dist-packages/colcon_core/task/python/colcon_distutils_commands:/home/shiva/ros2_playground/workspace2/install/python_pkgs/lib/python3.10/site-packages:${PYTHONPATH} /usr/bin/python3 -W ignore:setup.py install is deprecated setup.py egg_info --egg-base ../../build/python_pkgs build --build-base /home/shiva/ros2_playground/workspace2/build/python_pkgs/build install --record /home/shiva/ros2_playground/workspace2/build/python_pkgs/install.log --single-version-externally-managed install_data
[1.712s] Level 1:colcon.colcon_core.environment:checking '/home/shiva/ros2_playground/workspace2/install/python_pkgs' for CMake module files
[1.713s] Level 1:colcon.colcon_core.environment:checking '/home/shiva/ros2_playground/workspace2/install/python_pkgs' for CMake config files
[1.715s] Level 1:colcon.colcon_core.environment:checking '/home/shiva/ros2_playground/workspace2/install/python_pkgs/lib'
[1.715s] Level 1:colcon.colcon_core.environment:checking '/home/shiva/ros2_playground/workspace2/install/python_pkgs/bin'
[1.715s] Level 1:colcon.colcon_core.environment:checking '/home/shiva/ros2_playground/workspace2/install/python_pkgs/lib/pkgconfig/python_pkgs.pc'
[1.716s] Level 1:colcon.colcon_core.environment:checking '/home/shiva/ros2_playground/workspace2/install/python_pkgs/lib/python3.10/site-packages'
[1.716s] Level 1:colcon.colcon_core.shell:create_environment_hook('python_pkgs', 'pythonpath')
[1.716s] INFO:colcon.colcon_core.shell:Creating environment hook '/home/shiva/ros2_playground/workspace2/install/python_pkgs/share/python_pkgs/hook/pythonpath.ps1'
[1.719s] DEBUG:colcon.colcon_core.event_handler.log_command:Invoked command in '/home/shiva/ros2_playground/workspace2/src/python_pkgs' returned '0': PYTHONPATH=/home/shiva/ros2_playground/workspace2/build/python_pkgs/prefix_override:/usr/lib/python3/dist-packages/colcon_core/task/python/colcon_distutils_commands:/home/shiva/ros2_playground/workspace2/install/python_pkgs/lib/python3.10/site-packages:${PYTHONPATH} /usr/bin/python3 -W ignore:setup.py install is deprecated setup.py egg_info --egg-base ../../build/python_pkgs build --build-base /home/shiva/ros2_playground/workspace2/build/python_pkgs/build install --record /home/shiva/ros2_playground/workspace2/build/python_pkgs/install.log --single-version-externally-managed install_data
[1.726s] INFO:colcon.colcon_core.shell:Creating environment descriptor '/home/shiva/ros2_playground/workspace2/install/python_pkgs/share/python_pkgs/hook/pythonpath.dsv'
[1.729s] INFO:colcon.colcon_core.shell:Creating environment hook '/home/shiva/ros2_playground/workspace2/install/python_pkgs/share/python_pkgs/hook/pythonpath.sh'
[1.730s] Level 1:colcon.colcon_core.environment:checking '/home/shiva/ros2_playground/workspace2/install/python_pkgs/bin'
[1.730s] Level 1:colcon.colcon_core.environment:create_environment_scripts_only(python_pkgs)
[1.731s] INFO:colcon.colcon_core.shell:Creating package script '/home/shiva/ros2_playground/workspace2/install/python_pkgs/share/python_pkgs/package.ps1'
[1.732s] INFO:colcon.colcon_core.shell:Creating package descriptor '/home/shiva/ros2_playground/workspace2/install/python_pkgs/share/python_pkgs/package.dsv'
[1.733s] INFO:colcon.colcon_core.shell:Creating package script '/home/shiva/ros2_playground/workspace2/install/python_pkgs/share/python_pkgs/package.sh'
[1.734s] INFO:colcon.colcon_core.shell:Creating package script '/home/shiva/ros2_playground/workspace2/install/python_pkgs/share/python_pkgs/package.bash'
[1.736s] INFO:colcon.colcon_core.shell:Creating package script '/home/shiva/ros2_playground/workspace2/install/python_pkgs/share/python_pkgs/package.zsh'
[1.737s] Level 1:colcon.colcon_core.environment:create_file_with_runtime_dependencies(/home/shiva/ros2_playground/workspace2/install/python_pkgs/share/colcon-core/packages/python_pkgs)
[1.737s] DEBUG:colcon.colcon_parallel_executor.executor.parallel:closing loop
[1.738s] DEBUG:colcon.colcon_parallel_executor.executor.parallel:loop closed
[1.738s] DEBUG:colcon.colcon_parallel_executor.executor.parallel:run_until_complete finished with '0'
[1.738s] DEBUG:colcon.colcon_core.event_reactor:joining thread
[1.746s] INFO:colcon.colcon_core.plugin_system:Skipping extension 'colcon_notification.desktop_notification.terminal_notifier': Not used on non-Darwin systems
[1.746s] INFO:colcon.colcon_core.plugin_system:Skipping extension 'colcon_notification.desktop_notification.win32': Not used on non-Windows systems
[1.746s] INFO:colcon.colcon_notification.desktop_notification:Sending desktop notification using 'notify2'
[1.771s] DEBUG:colcon.colcon_core.event_reactor:joined thread
[1.773s] INFO:colcon.colcon_core.shell:Creating prefix script '/home/shiva/ros2_playground/workspace2/install/local_setup.ps1'
[1.776s] INFO:colcon.colcon_core.shell:Creating prefix util module '/home/shiva/ros2_playground/workspace2/install/_local_setup_util_ps1.py'
[1.784s] INFO:colcon.colcon_core.shell:Creating prefix chain script '/home/shiva/ros2_playground/workspace2/install/setup.ps1'
[1.788s] INFO:colcon.colcon_core.shell:Creating prefix script '/home/shiva/ros2_playground/workspace2/install/local_setup.sh'
[1.790s] INFO:colcon.colcon_core.shell:Creating prefix util module '/home/shiva/ros2_playground/workspace2/install/_local_setup_util_sh.py'
[1.797s] INFO:colcon.colcon_core.shell:Creating prefix chain script '/home/shiva/ros2_playground/workspace2/install/setup.sh'
[1.802s] INFO:colcon.colcon_core.shell:Creating prefix script '/home/shiva/ros2_playground/workspace2/install/local_setup.bash'
[1.805s] INFO:colcon.colcon_core.shell:Creating prefix chain script '/home/shiva/ros2_playground/workspace2/install/setup.bash'
[1.808s] INFO:colcon.colcon_core.shell:Creating prefix script '/home/shiva/ros2_playground/workspace2/install/local_setup.zsh'
[1.812s] INFO:colcon.colcon_core.shell:Creating prefix chain script '/home/shiva/ros2_playground/workspace2/install/setup.zsh'
