[0.019s] Invoking command in '/home/shiva16/ros2_playground/patrol_bot/build/custome_launches': CMAKE_PREFIX_PATH=/opt/ros/humble /usr/bin/cmake --build /home/shiva16/ros2_playground/patrol_bot/build/custome_launches -- -j16 -l16
[0.039s] -- Found ament_cmake: 1.3.11 (/opt/ros/humble/share/ament_cmake/cmake)
[0.145s] -- Found ament_lint_auto: 0.12.11 (/opt/ros/humble/share/ament_lint_auto/cmake)
[0.191s] -- Added test 'flake8' to check Python code syntax and style conventions
[0.191s] -- Added test 'lint_cmake' to check CMake code style
[0.192s] -- Added test 'pep257' to check Python code against some of the docstring style conventions in PEP 257
[0.193s] -- Added test 'xmllint' to check XML markup files
[0.193s] -- Configuring done
[0.197s] -- Generating done
[0.198s] -- Build files have been written to: /home/shiva16/ros2_playground/patrol_bot/build/custome_launches
[0.222s] Invoked command in '/home/shiva16/ros2_playground/patrol_bot/build/custome_launches' returned '0': CMAKE_PREFIX_PATH=/opt/ros/humble /usr/bin/cmake --build /home/shiva16/ros2_playground/patrol_bot/build/custome_launches -- -j16 -l16
[0.223s] Invoking command in '/home/shiva16/ros2_playground/patrol_bot/build/custome_launches': CMAKE_PREFIX_PATH=/opt/ros/humble /usr/bin/cmake --install /home/shiva16/ros2_playground/patrol_bot/build/custome_launches
[0.232s] -- Install configuration: ""
[0.232s] -- Up-to-date: /home/shiva16/ros2_playground/patrol_bot/install/custome_launches/share/custome_launches/launch
[0.232s] -- Installing: /home/shiva16/ros2_playground/patrol_bot/install/custome_launches/share/custome_launches/launch/custome_launch_two.launch.py
[0.232s] -- Up-to-date: /home/shiva16/ros2_playground/patrol_bot/install/custome_launches/share/custome_launches/launch/custome_launch_one.launch.py
[0.232s] -- Installing: /home/shiva16/ros2_playground/patrol_bot/install/custome_launches/share/custome_launches/rviz_configs
[0.233s] -- Installing: /home/shiva16/ros2_playground/patrol_bot/install/custome_launches/share/custome_launches/rviz_configs/navigation_mode.rviz
[0.233s] -- Up-to-date: /home/shiva16/ros2_playground/patrol_bot/install/custome_launches/share/ament_index/resource_index/package_run_dependencies/custome_launches
[0.233s] -- Up-to-date: /home/shiva16/ros2_playground/patrol_bot/install/custome_launches/share/ament_index/resource_index/parent_prefix_path/custome_launches
[0.233s] -- Up-to-date: /home/shiva16/ros2_playground/patrol_bot/install/custome_launches/share/custome_launches/environment/ament_prefix_path.sh
[0.233s] -- Installing: /home/shiva16/ros2_playground/patrol_bot/install/custome_launches/share/custome_launches/environment/ament_prefix_path.dsv
[0.233s] -- Up-to-date: /home/shiva16/ros2_playground/patrol_bot/install/custome_launches/share/custome_launches/environment/path.sh
[0.233s] -- Installing: /home/shiva16/ros2_playground/patrol_bot/install/custome_launches/share/custome_launches/environment/path.dsv
[0.233s] -- Up-to-date: /home/shiva16/ros2_playground/patrol_bot/install/custome_launches/share/custome_launches/local_setup.bash
[0.233s] -- Up-to-date: /home/shiva16/ros2_playground/patrol_bot/install/custome_launches/share/custome_launches/local_setup.sh
[0.233s] -- Up-to-date: /home/shiva16/ros2_playground/patrol_bot/install/custome_launches/share/custome_launches/local_setup.zsh
[0.233s] -- Installing: /home/shiva16/ros2_playground/patrol_bot/install/custome_launches/share/custome_launches/local_setup.dsv
[0.233s] -- Installing: /home/shiva16/ros2_playground/patrol_bot/install/custome_launches/share/custome_launches/package.dsv
[0.233s] -- Up-to-date: /home/shiva16/ros2_playground/patrol_bot/install/custome_launches/share/ament_index/resource_index/packages/custome_launches
[0.233s] -- Up-to-date: /home/shiva16/ros2_playground/patrol_bot/install/custome_launches/share/custome_launches/cmake/custome_launchesConfig.cmake
[0.233s] -- Up-to-date: /home/shiva16/ros2_playground/patrol_bot/install/custome_launches/share/custome_launches/cmake/custome_launchesConfig-version.cmake
[0.233s] -- Up-to-date: /home/shiva16/ros2_playground/patrol_bot/install/custome_launches/share/custome_launches/package.xml
[0.235s] Invoked command in '/home/shiva16/ros2_playground/patrol_bot/build/custome_launches' returned '0': CMAKE_PREFIX_PATH=/opt/ros/humble /usr/bin/cmake --install /home/shiva16/ros2_playground/patrol_bot/build/custome_launches
