[0.012s] Invoking command in '/home/shiva16/ros2_playground/patrol_bot/build/bot3_controllers': CMAKE_PREFIX_PATH=/opt/ros/humble /usr/bin/cmake /home/shiva16/ros2_playground/patrol_bot/src/bot3_controllers -DCMAKE_INSTALL_PREFIX=/home/shiva16/ros2_playground/patrol_bot/install/bot3_controllers
[0.065s] -- The C compiler identification is GNU 11.4.0
[0.110s] -- The CXX compiler identification is GNU 11.4.0
[0.117s] -- Detecting C compiler ABI info
[0.177s] -- Detecting C compiler ABI info - done
[0.182s] -- Check for working C compiler: /usr/bin/cc - skipped
[0.182s] -- Detecting C compile features
[0.182s] -- Detecting C compile features - done
[0.184s] -- Detecting CXX compiler ABI info
[0.252s] -- Detecting CXX compiler ABI info - done
[0.257s] -- Check for working CXX compiler: /usr/bin/c++ - skipped
[0.257s] -- Detecting CXX compile features
[0.257s] -- Detecting CXX compile features - done
[0.259s] -- Found ament_cmake: 1.3.11 (/opt/ros/humble/share/ament_cmake/cmake)
[0.370s] -- Found Python3: /usr/bin/python3 (found version "3.10.12") found components: Interpreter 
[0.439s] -- Found ament_lint_auto: 0.12.11 (/opt/ros/humble/share/ament_lint_auto/cmake)
[0.499s] -- Added test 'flake8' to check Python code syntax and style conventions
[0.499s] -- Added test 'lint_cmake' to check CMake code style
[0.499s] -- Added test 'pep257' to check Python code against some of the docstring style conventions in PEP 257
[0.500s] -- Added test 'xmllint' to check XML markup files
[0.501s] -- Configuring done
[0.503s] -- Generating done
[0.504s] -- Build files have been written to: /home/shiva16/ros2_playground/patrol_bot/build/bot3_controllers
[0.512s] Invoked command in '/home/shiva16/ros2_playground/patrol_bot/build/bot3_controllers' returned '0': CMAKE_PREFIX_PATH=/opt/ros/humble /usr/bin/cmake /home/shiva16/ros2_playground/patrol_bot/src/bot3_controllers -DCMAKE_INSTALL_PREFIX=/home/shiva16/ros2_playground/patrol_bot/install/bot3_controllers
[0.513s] Invoking command in '/home/shiva16/ros2_playground/patrol_bot/build/bot3_controllers': CMAKE_PREFIX_PATH=/opt/ros/humble /usr/bin/cmake --build /home/shiva16/ros2_playground/patrol_bot/build/bot3_controllers -- -j16 -l16
[0.558s] Invoked command in '/home/shiva16/ros2_playground/patrol_bot/build/bot3_controllers' returned '0': CMAKE_PREFIX_PATH=/opt/ros/humble /usr/bin/cmake --build /home/shiva16/ros2_playground/patrol_bot/build/bot3_controllers -- -j16 -l16
[0.559s] Invoking command in '/home/shiva16/ros2_playground/patrol_bot/build/bot3_controllers': CMAKE_PREFIX_PATH=/opt/ros/humble /usr/bin/cmake --install /home/shiva16/ros2_playground/patrol_bot/build/bot3_controllers
[0.565s] -- Install configuration: ""
[0.565s] -- Installing: /home/shiva16/ros2_playground/patrol_bot/install/bot3_controllers/share/bot3_controllers/config
[0.565s] -- Installing: /home/shiva16/ros2_playground/patrol_bot/install/bot3_controllers/share/bot3_controllers/config/joystick_config_bot3.yaml
[0.566s] -- Installing: /home/shiva16/ros2_playground/patrol_bot/install/bot3_controllers/share/bot3_controllers/config/joystick_teleop_config_bot3.yaml
[0.566s] -- Installing: /home/shiva16/ros2_playground/patrol_bot/install/bot3_controllers/share/bot3_controllers/config/bot3_controller.yaml
[0.566s] -- Installing: /home/shiva16/ros2_playground/patrol_bot/install/bot3_controllers/share/bot3_controllers/launch
[0.566s] -- Installing: /home/shiva16/ros2_playground/patrol_bot/install/bot3_controllers/share/bot3_controllers/launch/joystick_teleop_bot3.launch.py
[0.566s] -- Installing: /home/shiva16/ros2_playground/patrol_bot/install/bot3_controllers/share/bot3_controllers/launch/bot3_control.launch.py
[0.566s] -- Installing: /home/shiva16/ros2_playground/patrol_bot/install/bot3_controllers/share/ament_index/resource_index/package_run_dependencies/bot3_controllers
[0.566s] -- Installing: /home/shiva16/ros2_playground/patrol_bot/install/bot3_controllers/share/ament_index/resource_index/parent_prefix_path/bot3_controllers
[0.566s] -- Installing: /home/shiva16/ros2_playground/patrol_bot/install/bot3_controllers/share/bot3_controllers/environment/ament_prefix_path.sh
[0.566s] -- Installing: /home/shiva16/ros2_playground/patrol_bot/install/bot3_controllers/share/bot3_controllers/environment/ament_prefix_path.dsv
[0.567s] -- Installing: /home/shiva16/ros2_playground/patrol_bot/install/bot3_controllers/share/bot3_controllers/environment/path.sh
[0.567s] -- Installing: /home/shiva16/ros2_playground/patrol_bot/install/bot3_controllers/share/bot3_controllers/environment/path.dsv
[0.567s] -- Installing: /home/shiva16/ros2_playground/patrol_bot/install/bot3_controllers/share/bot3_controllers/local_setup.bash
[0.567s] -- Installing: /home/shiva16/ros2_playground/patrol_bot/install/bot3_controllers/share/bot3_controllers/local_setup.sh
[0.567s] -- Installing: /home/shiva16/ros2_playground/patrol_bot/install/bot3_controllers/share/bot3_controllers/local_setup.zsh
[0.567s] -- Installing: /home/shiva16/ros2_playground/patrol_bot/install/bot3_controllers/share/bot3_controllers/local_setup.dsv
[0.568s] -- Installing: /home/shiva16/ros2_playground/patrol_bot/install/bot3_controllers/share/bot3_controllers/package.dsv
[0.568s] -- Installing: /home/shiva16/ros2_playground/patrol_bot/install/bot3_controllers/share/ament_index/resource_index/packages/bot3_controllers
[0.568s] -- Installing: /home/shiva16/ros2_playground/patrol_bot/install/bot3_controllers/share/bot3_controllers/cmake/bot3_controllersConfig.cmake
[0.568s] -- Installing: /home/shiva16/ros2_playground/patrol_bot/install/bot3_controllers/share/bot3_controllers/cmake/bot3_controllersConfig-version.cmake
[0.569s] -- Installing: /home/shiva16/ros2_playground/patrol_bot/install/bot3_controllers/share/bot3_controllers/package.xml
[0.580s] Invoked command in '/home/shiva16/ros2_playground/patrol_bot/build/bot3_controllers' returned '0': CMAKE_PREFIX_PATH=/opt/ros/humble /usr/bin/cmake --install /home/shiva16/ros2_playground/patrol_bot/build/bot3_controllers
