[0.510s] DEBUG:colcon:Command line arguments: ['/usr/bin/colcon', 'list', '-p', '--base-paths', '/home/shiva/ros2_playground/patrol_bot']
[0.510s] DEBUG:colcon:Parsed command line arguments: Namespace(log_base=None, log_level=None, verb_name='list', build_base='build', ignore_user_meta=False, metas=['./colcon.meta'], base_paths=['/home/shiva/ros2_playground/patrol_bot'], packages_ignore=None, packages_ignore_regex=None, paths=None, packages_up_to=None, packages_up_to_regex=None, packages_above=None, packages_above_and_dependencies=None, packages_above_depth=None, packages_select_by_dep=None, packages_skip_by_dep=None, packages_skip_up_to=None, packages_select_build_failed=False, packages_skip_build_finished=False, packages_select_test_failures=False, packages_skip_test_passed=False, packages_select=None, packages_skip=None, packages_select_regex=None, packages_skip_regex=None, packages_start=None, packages_end=None, allow_overriding=[], topological_order=False, names_only=False, paths_only=True, topological_graph=False, topological_graph_dot=False, topological_graph_density=False, topological_graph_legend=False, topological_graph_dot_cluster=False, topological_graph_dot_include_skipped=False, mixin_files=None, mixin=None, verb_parser=<colcon_mixin.mixin.mixin_argument.MixinArgumentDecorator object at 0x781e7160c040>, verb_extension=<colcon_package_information.verb.list.ListVerb object at 0x781e715df2b0>, main=<bound method ListVerb.main of <colcon_package_information.verb.list.ListVerb object at 0x781e715df2b0>>, mixin_verb=('list',))
[0.722s] Level 1:colcon.colcon_core.package_discovery:discover_packages(colcon_meta) check parameters
[0.731s] Level 1:colcon.colcon_core.package_discovery:discover_packages(recursive) check parameters
[0.731s] Level 1:colcon.colcon_core.package_discovery:discover_packages(ignore) check parameters
[0.731s] Level 1:colcon.colcon_core.package_discovery:discover_packages(path) check parameters
[0.731s] Level 1:colcon.colcon_core.package_discovery:discover_packages(recursive) discover
[0.737s] INFO:colcon.colcon_core.package_discovery:Crawling recursively for packages in '/home/shiva/ros2_playground/patrol_bot'
[0.738s] Level 1:colcon.colcon_core.package_identification:_identify(/home/shiva/ros2_playground/patrol_bot) by extensions ['ignore', 'ignore_ament_install']
[0.741s] Level 1:colcon.colcon_core.package_identification:_identify(/home/shiva/ros2_playground/patrol_bot) by extension 'ignore'
[0.741s] Level 1:colcon.colcon_core.package_identification:_identify(/home/shiva/ros2_playground/patrol_bot) by extension 'ignore_ament_install'
[0.741s] Level 1:colcon.colcon_core.package_identification:_identify(/home/shiva/ros2_playground/patrol_bot) by extensions ['colcon_pkg']
[0.741s] Level 1:colcon.colcon_core.package_identification:_identify(/home/shiva/ros2_playground/patrol_bot) by extension 'colcon_pkg'
[0.741s] Level 1:colcon.colcon_core.package_identification:_identify(/home/shiva/ros2_playground/patrol_bot) by extensions ['colcon_meta']
[0.742s] Level 1:colcon.colcon_core.package_identification:_identify(/home/shiva/ros2_playground/patrol_bot) by extension 'colcon_meta'
[0.743s] Level 1:colcon.colcon_core.package_identification:_identify(/home/shiva/ros2_playground/patrol_bot) by extensions ['ros']
[0.743s] Level 1:colcon.colcon_core.package_identification:_identify(/home/shiva/ros2_playground/patrol_bot) by extension 'ros'
[0.806s] Level 1:colcon.colcon_core.package_identification:_identify(/home/shiva/ros2_playground/patrol_bot) by extensions ['cmake', 'python']
[0.806s] Level 1:colcon.colcon_core.package_identification:_identify(/home/shiva/ros2_playground/patrol_bot) by extension 'cmake'
[0.807s] Level 1:colcon.colcon_core.package_identification:_identify(/home/shiva/ros2_playground/patrol_bot) by extension 'python'
[0.809s] Level 1:colcon.colcon_core.package_identification:_identify(/home/shiva/ros2_playground/patrol_bot) by extensions ['python_setup_py']
[0.809s] Level 1:colcon.colcon_core.package_identification:_identify(/home/shiva/ros2_playground/patrol_bot) by extension 'python_setup_py'
[0.809s] Level 1:colcon.colcon_core.package_identification:_identify(/home/shiva/ros2_playground/patrol_bot/build) by extensions ['ignore', 'ignore_ament_install']
[0.809s] Level 1:colcon.colcon_core.package_identification:_identify(/home/shiva/ros2_playground/patrol_bot/build) by extension 'ignore'
[0.810s] Level 1:colcon.colcon_core.package_identification:_identify(/home/shiva/ros2_playground/patrol_bot/build) ignored
[0.810s] Level 1:colcon.colcon_core.package_identification:_identify(/home/shiva/ros2_playground/patrol_bot/install) by extensions ['ignore', 'ignore_ament_install']
[0.811s] Level 1:colcon.colcon_core.package_identification:_identify(/home/shiva/ros2_playground/patrol_bot/install) by extension 'ignore'
[0.813s] Level 1:colcon.colcon_core.package_identification:_identify(/home/shiva/ros2_playground/patrol_bot/install) ignored
[0.819s] Level 1:colcon.colcon_core.package_identification:_identify(/home/shiva/ros2_playground/patrol_bot/log) by extensions ['ignore', 'ignore_ament_install']
[0.819s] Level 1:colcon.colcon_core.package_identification:_identify(/home/shiva/ros2_playground/patrol_bot/log) by extension 'ignore'
[0.819s] Level 1:colcon.colcon_core.package_identification:_identify(/home/shiva/ros2_playground/patrol_bot/log) ignored
[0.819s] Level 1:colcon.colcon_core.package_identification:_identify(/home/shiva/ros2_playground/patrol_bot/src) by extensions ['ignore', 'ignore_ament_install']
[0.819s] Level 1:colcon.colcon_core.package_identification:_identify(/home/shiva/ros2_playground/patrol_bot/src) by extension 'ignore'
[0.819s] Level 1:colcon.colcon_core.package_identification:_identify(/home/shiva/ros2_playground/patrol_bot/src) by extension 'ignore_ament_install'
[0.821s] Level 1:colcon.colcon_core.package_identification:_identify(/home/shiva/ros2_playground/patrol_bot/src) by extensions ['colcon_pkg']
[0.823s] Level 1:colcon.colcon_core.package_identification:_identify(/home/shiva/ros2_playground/patrol_bot/src) by extension 'colcon_pkg'
[0.823s] Level 1:colcon.colcon_core.package_identification:_identify(/home/shiva/ros2_playground/patrol_bot/src) by extensions ['colcon_meta']
[0.823s] Level 1:colcon.colcon_core.package_identification:_identify(/home/shiva/ros2_playground/patrol_bot/src) by extension 'colcon_meta'
[0.823s] Level 1:colcon.colcon_core.package_identification:_identify(/home/shiva/ros2_playground/patrol_bot/src) by extensions ['ros']
[0.823s] Level 1:colcon.colcon_core.package_identification:_identify(/home/shiva/ros2_playground/patrol_bot/src) by extension 'ros'
[0.823s] Level 1:colcon.colcon_core.package_identification:_identify(/home/shiva/ros2_playground/patrol_bot/src) by extensions ['cmake', 'python']
[0.823s] Level 1:colcon.colcon_core.package_identification:_identify(/home/shiva/ros2_playground/patrol_bot/src) by extension 'cmake'
[0.823s] Level 1:colcon.colcon_core.package_identification:_identify(/home/shiva/ros2_playground/patrol_bot/src) by extension 'python'
[0.823s] Level 1:colcon.colcon_core.package_identification:_identify(/home/shiva/ros2_playground/patrol_bot/src) by extensions ['python_setup_py']
[0.823s] Level 1:colcon.colcon_core.package_identification:_identify(/home/shiva/ros2_playground/patrol_bot/src) by extension 'python_setup_py'
[0.824s] Level 1:colcon.colcon_core.package_identification:_identify(/home/shiva/ros2_playground/patrol_bot/src/bot3_controllers) by extensions ['ignore', 'ignore_ament_install']
[0.824s] Level 1:colcon.colcon_core.package_identification:_identify(/home/shiva/ros2_playground/patrol_bot/src/bot3_controllers) by extension 'ignore'
[0.824s] Level 1:colcon.colcon_core.package_identification:_identify(/home/shiva/ros2_playground/patrol_bot/src/bot3_controllers) by extension 'ignore_ament_install'
[0.824s] Level 1:colcon.colcon_core.package_identification:_identify(/home/shiva/ros2_playground/patrol_bot/src/bot3_controllers) by extensions ['colcon_pkg']
[0.824s] Level 1:colcon.colcon_core.package_identification:_identify(/home/shiva/ros2_playground/patrol_bot/src/bot3_controllers) by extension 'colcon_pkg'
[0.824s] Level 1:colcon.colcon_core.package_identification:_identify(/home/shiva/ros2_playground/patrol_bot/src/bot3_controllers) by extensions ['colcon_meta']
[0.824s] Level 1:colcon.colcon_core.package_identification:_identify(/home/shiva/ros2_playground/patrol_bot/src/bot3_controllers) by extension 'colcon_meta'
[0.824s] Level 1:colcon.colcon_core.package_identification:_identify(/home/shiva/ros2_playground/patrol_bot/src/bot3_controllers) by extensions ['ros']
[0.825s] Level 1:colcon.colcon_core.package_identification:_identify(/home/shiva/ros2_playground/patrol_bot/src/bot3_controllers) by extension 'ros'
[0.830s] DEBUG:colcon.colcon_core.package_identification:Package '/home/shiva/ros2_playground/patrol_bot/src/bot3_controllers' with type 'ros.ament_cmake' and name 'bot3_controllers'
[0.831s] Level 1:colcon.colcon_core.package_identification:_identify(/home/shiva/ros2_playground/patrol_bot/src/descriptions_package) by extensions ['ignore', 'ignore_ament_install']
[0.831s] Level 1:colcon.colcon_core.package_identification:_identify(/home/shiva/ros2_playground/patrol_bot/src/descriptions_package) by extension 'ignore'
[0.831s] Level 1:colcon.colcon_core.package_identification:_identify(/home/shiva/ros2_playground/patrol_bot/src/descriptions_package) by extension 'ignore_ament_install'
[0.831s] Level 1:colcon.colcon_core.package_identification:_identify(/home/shiva/ros2_playground/patrol_bot/src/descriptions_package) by extensions ['colcon_pkg']
[0.832s] Level 1:colcon.colcon_core.package_identification:_identify(/home/shiva/ros2_playground/patrol_bot/src/descriptions_package) by extension 'colcon_pkg'
[0.832s] Level 1:colcon.colcon_core.package_identification:_identify(/home/shiva/ros2_playground/patrol_bot/src/descriptions_package) by extensions ['colcon_meta']
[0.832s] Level 1:colcon.colcon_core.package_identification:_identify(/home/shiva/ros2_playground/patrol_bot/src/descriptions_package) by extension 'colcon_meta'
[0.832s] Level 1:colcon.colcon_core.package_identification:_identify(/home/shiva/ros2_playground/patrol_bot/src/descriptions_package) by extensions ['ros']
[0.833s] Level 1:colcon.colcon_core.package_identification:_identify(/home/shiva/ros2_playground/patrol_bot/src/descriptions_package) by extension 'ros'
[0.835s] DEBUG:colcon.colcon_core.package_identification:Package '/home/shiva/ros2_playground/patrol_bot/src/descriptions_package' with type 'ros.ament_cmake' and name 'descriptions_package'
[0.835s] Level 1:colcon.colcon_core.package_discovery:discover_packages(recursive) using defaults
